<?xml version="1.0" ?>
<!DOCTYPE coverage SYSTEM "http://cobertura.sourceforge.net/xml/coverage-04.dtd">
<coverage lines-valid="938"  lines-covered="455"  line-rate="0.4851"  branches-valid="523"  branches-covered="172"  branch-rate="0.3289"  timestamp="1405551472881" complexity="0" version="0.1">
<sources>
	<source>/home/void/workspace/twyn/vissense</source>
</sources>
<packages>
	<package name="dist"  line-rate="0.4851"  branch-rate="0.3289" >
	<classes>
		<class name="vissense.client.js"  filename="dist/vissense.client.js"  line-rate="0.4851"  branch-rate="0.3289" >
		<methods>
			<method name="(anonymous_1)"  hits="1"  signature="()V" >
				<lines><line number="3"  hits="1" /></lines>
			</method>
			<method name="(anonymous_2)"  hits="1"  signature="()V" >
				<lines><line number="3"  hits="1" /></lines>
			</method>
			<method name="(anonymous_3)"  hits="3"  signature="()V" >
				<lines><line number="3"  hits="3" /></lines>
			</method>
			<method name="(anonymous_4)"  hits="3"  signature="()V" >
				<lines><line number="3"  hits="3" /></lines>
			</method>
			<method name="(anonymous_5)"  hits="0"  signature="()V" >
				<lines><line number="3"  hits="0" /></lines>
			</method>
			<method name="(anonymous_6)"  hits="0"  signature="()V" >
				<lines><line number="3"  hits="0" /></lines>
			</method>
			<method name="(anonymous_7)"  hits="0"  signature="()V" >
				<lines><line number="3"  hits="0" /></lines>
			</method>
			<method name="(anonymous_8)"  hits="0"  signature="()V" >
				<lines><line number="3"  hits="0" /></lines>
			</method>
			<method name="(anonymous_9)"  hits="0"  signature="()V" >
				<lines><line number="3"  hits="0" /></lines>
			</method>
			<method name="(anonymous_10)"  hits="0"  signature="()V" >
				<lines><line number="3"  hits="0" /></lines>
			</method>
			<method name="(anonymous_11)"  hits="1"  signature="()V" >
				<lines><line number="5"  hits="1" /></lines>
			</method>
			<method name="(anonymous_12)"  hits="1"  signature="()V" >
				<lines><line number="5"  hits="1" /></lines>
			</method>
			<method name="e"  hits="1"  signature="()V" >
				<lines><line number="5"  hits="1" /></lines>
			</method>
			<method name="s"  hits="19"  signature="()V" >
				<lines><line number="5"  hits="19" /></lines>
			</method>
			<method name="(anonymous_15)"  hits="17"  signature="()V" >
				<lines><line number="5"  hits="17" /></lines>
			</method>
			<method name="(anonymous_16)"  hits="1"  signature="()V" >
				<lines><line number="5"  hits="1" /></lines>
			</method>
			<method name="(anonymous_17)"  hits="1"  signature="()V" >
				<lines><line number="15"  hits="1" /></lines>
			</method>
			<method name="BinaryHeap"  hits="0"  signature="()V" >
				<lines><line number="22"  hits="0" /></lines>
			</method>
			<method name="(anonymous_19)"  hits="0"  signature="()V" >
				<lines><line number="29"  hits="0" /></lines>
			</method>
			<method name="(anonymous_20)"  hits="0"  signature="()V" >
				<lines><line number="36"  hits="0" /></lines>
			</method>
			<method name="(anonymous_21)"  hits="0"  signature="()V" >
				<lines><line number="43"  hits="0" /></lines>
			</method>
			<method name="(anonymous_22)"  hits="0"  signature="()V" >
				<lines><line number="47"  hits="0" /></lines>
			</method>
			<method name="(anonymous_23)"  hits="0"  signature="()V" >
				<lines><line number="61"  hits="0" /></lines>
			</method>
			<method name="(anonymous_24)"  hits="0"  signature="()V" >
				<lines><line number="83"  hits="0" /></lines>
			</method>
			<method name="(anonymous_25)"  hits="0"  signature="()V" >
				<lines><line number="87"  hits="0" /></lines>
			</method>
			<method name="(anonymous_26)"  hits="0"  signature="()V" >
				<lines><line number="109"  hits="0" /></lines>
			</method>
			<method name="(anonymous_27)"  hits="1"  signature="()V" >
				<lines><line number="153"  hits="1" /></lines>
			</method>
			<method name="(anonymous_28)"  hits="1"  signature="()V" >
				<lines><line number="161"  hits="1" /></lines>
			</method>
			<method name="(anonymous_29)"  hits="0"  signature="()V" >
				<lines><line number="162"  hits="0" /></lines>
			</method>
			<method name="(anonymous_30)"  hits="0"  signature="()V" >
				<lines><line number="187"  hits="0" /></lines>
			</method>
			<method name="(anonymous_31)"  hits="1"  signature="()V" >
				<lines><line number="206"  hits="1" /></lines>
			</method>
			<method name="Counter"  hits="0"  signature="()V" >
				<lines><line number="216"  hits="0" /></lines>
			</method>
			<method name="(anonymous_33)"  hits="0"  signature="()V" >
				<lines><line number="221"  hits="0" /></lines>
			</method>
			<method name="(anonymous_34)"  hits="0"  signature="()V" >
				<lines><line number="230"  hits="0" /></lines>
			</method>
			<method name="(anonymous_35)"  hits="0"  signature="()V" >
				<lines><line number="239"  hits="0" /></lines>
			</method>
			<method name="(anonymous_36)"  hits="0"  signature="()V" >
				<lines><line number="243"  hits="0" /></lines>
			</method>
			<method name="(anonymous_37)"  hits="1"  signature="()V" >
				<lines><line number="247"  hits="1" /></lines>
			</method>
			<method name="Histogram"  hits="0"  signature="()V" >
				<lines><line number="256"  hits="0" /></lines>
			</method>
			<method name="(anonymous_39)"  hits="0"  signature="()V" >
				<lines><line number="269"  hits="0" /></lines>
			</method>
			<method name="(anonymous_40)"  hits="0"  signature="()V" >
				<lines><line number="280"  hits="0" /></lines>
			</method>
			<method name="(anonymous_41)"  hits="0"  signature="()V" >
				<lines><line number="297"  hits="0" /></lines>
			</method>
			<method name="(anonymous_42)"  hits="0"  signature="()V" >
				<lines><line number="309"  hits="0" /></lines>
			</method>
			<method name="(anonymous_43)"  hits="0"  signature="()V" >
				<lines><line number="313"  hits="0" /></lines>
			</method>
			<method name="(anonymous_44)"  hits="0"  signature="()V" >
				<lines><line number="313"  hits="0" /></lines>
			</method>
			<method name="(anonymous_45)"  hits="0"  signature="()V" >
				<lines><line number="333"  hits="0" /></lines>
			</method>
			<method name="(anonymous_46)"  hits="0"  signature="()V" >
				<lines><line number="337"  hits="0" /></lines>
			</method>
			<method name="(anonymous_47)"  hits="0"  signature="()V" >
				<lines><line number="341"  hits="0" /></lines>
			</method>
			<method name="(anonymous_48)"  hits="0"  signature="()V" >
				<lines><line number="345"  hits="0" /></lines>
			</method>
			<method name="(anonymous_49)"  hits="0"  signature="()V" >
				<lines><line number="349"  hits="0" /></lines>
			</method>
			<method name="(anonymous_50)"  hits="0"  signature="()V" >
				<lines><line number="367"  hits="0" /></lines>
			</method>
			<method name="(anonymous_51)"  hits="0"  signature="()V" >
				<lines><line number="368"  hits="0" /></lines>
			</method>
			<method name="(anonymous_52)"  hits="1"  signature="()V" >
				<lines><line number="371"  hits="1" /></lines>
			</method>
			<method name="(anonymous_53)"  hits="1"  signature="()V" >
				<lines><line number="379"  hits="1" /></lines>
			</method>
			<method name="Meter"  hits="0"  signature="()V" >
				<lines><line number="384"  hits="0" /></lines>
			</method>
			<method name="(anonymous_55)"  hits="0"  signature="()V" >
				<lines><line number="394"  hits="0" /></lines>
			</method>
			<method name="(anonymous_56)"  hits="0"  signature="()V" >
				<lines><line number="402"  hits="0" /></lines>
			</method>
			<method name="(anonymous_57)"  hits="0"  signature="()V" >
				<lines><line number="410"  hits="0" /></lines>
			</method>
			<method name="(anonymous_58)"  hits="0"  signature="()V" >
				<lines><line number="414"  hits="0" /></lines>
			</method>
			<method name="(anonymous_59)"  hits="0"  signature="()V" >
				<lines><line number="418"  hits="0" /></lines>
			</method>
			<method name="(anonymous_60)"  hits="0"  signature="()V" >
				<lines><line number="422"  hits="0" /></lines>
			</method>
			<method name="(anonymous_61)"  hits="0"  signature="()V" >
				<lines><line number="426"  hits="0" /></lines>
			</method>
			<method name="(anonymous_62)"  hits="0"  signature="()V" >
				<lines><line number="436"  hits="0" /></lines>
			</method>
			<method name="(anonymous_63)"  hits="1"  signature="()V" >
				<lines><line number="442"  hits="1" /></lines>
			</method>
			<method name="Timer"  hits="0"  signature="()V" >
				<lines><line number="449"  hits="0" /></lines>
			</method>
			<method name="(anonymous_65)"  hits="0"  signature="()V" >
				<lines><line number="456"  hits="0" /></lines>
			</method>
			<method name="(anonymous_66)"  hits="0"  signature="()V" >
				<lines><line number="462"  hits="0" /></lines>
			</method>
			<method name="(anonymous_67)"  hits="0"  signature="()V" >
				<lines><line number="463"  hits="0" /></lines>
			</method>
			<method name="(anonymous_68)"  hits="0"  signature="()V" >
				<lines><line number="464"  hits="0" /></lines>
			</method>
			<method name="(anonymous_69)"  hits="0"  signature="()V" >
				<lines><line number="465"  hits="0" /></lines>
			</method>
			<method name="(anonymous_70)"  hits="0"  signature="()V" >
				<lines><line number="466"  hits="0" /></lines>
			</method>
			<method name="(anonymous_71)"  hits="0"  signature="()V" >
				<lines><line number="467"  hits="0" /></lines>
			</method>
			<method name="(anonymous_72)"  hits="0"  signature="()V" >
				<lines><line number="468"  hits="0" /></lines>
			</method>
			<method name="(anonymous_73)"  hits="0"  signature="()V" >
				<lines><line number="469"  hits="0" /></lines>
			</method>
			<method name="(anonymous_74)"  hits="0"  signature="()V" >
				<lines><line number="472"  hits="0" /></lines>
			</method>
			<method name="(anonymous_75)"  hits="0"  signature="()V" >
				<lines><line number="473"  hits="0" /></lines>
			</method>
			<method name="(anonymous_76)"  hits="0"  signature="()V" >
				<lines><line number="474"  hits="0" /></lines>
			</method>
			<method name="(anonymous_77)"  hits="0"  signature="()V" >
				<lines><line number="475"  hits="0" /></lines>
			</method>
			<method name="(anonymous_78)"  hits="0"  signature="()V" >
				<lines><line number="476"  hits="0" /></lines>
			</method>
			<method name="(anonymous_79)"  hits="0"  signature="()V" >
				<lines><line number="478"  hits="0" /></lines>
			</method>
			<method name="(anonymous_80)"  hits="1"  signature="()V" >
				<lines><line number="485"  hits="1" /></lines>
			</method>
			<method name="(anonymous_81)"  hits="0"  signature="()V" >
				<lines><line number="490"  hits="0" /></lines>
			</method>
			<method name="(anonymous_82)"  hits="0"  signature="()V" >
				<lines><line number="501"  hits="0" /></lines>
			</method>
			<method name="(anonymous_83)"  hits="0"  signature="()V" >
				<lines><line number="505"  hits="0" /></lines>
			</method>
			<method name="(anonymous_84)"  hits="0"  signature="()V" >
				<lines><line number="516"  hits="0" /></lines>
			</method>
			<method name="(anonymous_85)"  hits="0"  signature="()V" >
				<lines><line number="522"  hits="0" /></lines>
			</method>
			<method name="(anonymous_86)"  hits="1"  signature="()V" >
				<lines><line number="533"  hits="1" /></lines>
			</method>
			<method name="ExponentiallyDecayingSample"  hits="0"  signature="()V" >
				<lines><line number="542"  hits="0" /></lines>
			</method>
			<method name="(anonymous_88)"  hits="0"  signature="()V" >
				<lines><line number="551"  hits="0" /></lines>
			</method>
			<method name="(anonymous_89)"  hits="0"  signature="()V" >
				<lines><line number="560"  hits="0" /></lines>
			</method>
			<method name="(anonymous_90)"  hits="0"  signature="()V" >
				<lines><line number="564"  hits="0" /></lines>
			</method>
			<method name="(anonymous_91)"  hits="0"  signature="()V" >
				<lines><line number="565"  hits="0" /></lines>
			</method>
			<method name="(anonymous_92)"  hits="0"  signature="()V" >
				<lines><line number="568"  hits="0" /></lines>
			</method>
			<method name="(anonymous_93)"  hits="0"  signature="()V" >
				<lines><line number="572"  hits="0" /></lines>
			</method>
			<method name="(anonymous_94)"  hits="0"  signature="()V" >
				<lines><line number="576"  hits="0" /></lines>
			</method>
			<method name="(anonymous_95)"  hits="0"  signature="()V" >
				<lines><line number="586"  hits="0" /></lines>
			</method>
			<method name="(anonymous_96)"  hits="0"  signature="()V" >
				<lines><line number="611"  hits="0" /></lines>
			</method>
			<method name="(anonymous_97)"  hits="0"  signature="()V" >
				<lines><line number="616"  hits="0" /></lines>
			</method>
			<method name="(anonymous_98)"  hits="1"  signature="()V" >
				<lines><line number="630"  hits="1" /></lines>
			</method>
			<method name="ExponentiallyWeightedMovingAverage"  hits="0"  signature="()V" >
				<lines><line number="642"  hits="0" /></lines>
			</method>
			<method name="(anonymous_100)"  hits="0"  signature="()V" >
				<lines><line number="650"  hits="0" /></lines>
			</method>
			<method name="(anonymous_101)"  hits="0"  signature="()V" >
				<lines><line number="659"  hits="0" /></lines>
			</method>
			<method name="(anonymous_102)"  hits="0"  signature="()V" >
				<lines><line number="666"  hits="0" /></lines>
			</method>
			<method name="(anonymous_103)"  hits="0"  signature="()V" >
				<lines><line number="681"  hits="0" /></lines>
			</method>
			<method name="(anonymous_104)"  hits="0"  signature="()V" >
				<lines><line number="685"  hits="0" /></lines>
			</method>
			<method name="(anonymous_105)"  hits="0"  signature="()V" >
				<lines><line number="689"  hits="0" /></lines>
			</method>
			<method name="(anonymous_106)"  hits="0"  signature="()V" >
				<lines><line number="690"  hits="0" /></lines>
			</method>
			<method name="(anonymous_107)"  hits="0"  signature="()V" >
				<lines><line number="691"  hits="0" /></lines>
			</method>
			<method name="(anonymous_108)"  hits="1"  signature="()V" >
				<lines><line number="693"  hits="1" /></lines>
			</method>
			<method name="Sample"  hits="0"  signature="()V" >
				<lines><line number="694"  hits="0" /></lines>
			</method>
			<method name="Sample"  hits="2"  signature="()V" >
				<lines><line number="698"  hits="2" /></lines>
			</method>
			<method name="(anonymous_111)"  hits="0"  signature="()V" >
				<lines><line number="699"  hits="0" /></lines>
			</method>
			<method name="(anonymous_112)"  hits="0"  signature="()V" >
				<lines><line number="700"  hits="0" /></lines>
			</method>
			<method name="(anonymous_113)"  hits="0"  signature="()V" >
				<lines><line number="701"  hits="0" /></lines>
			</method>
			<method name="(anonymous_114)"  hits="0"  signature="()V" >
				<lines><line number="702"  hits="0" /></lines>
			</method>
			<method name="(anonymous_115)"  hits="0"  signature="()V" >
				<lines><line number="703"  hits="0" /></lines>
			</method>
			<method name="(anonymous_116)"  hits="0"  signature="()V" >
				<lines><line number="704"  hits="0" /></lines>
			</method>
			<method name="(anonymous_117)"  hits="1"  signature="()V" >
				<lines><line number="707"  hits="1" /></lines>
			</method>
			<method name="UniformSample"  hits="0"  signature="()V" >
				<lines><line number="714"  hits="0" /></lines>
			</method>
			<method name="(anonymous_119)"  hits="0"  signature="()V" >
				<lines><line number="722"  hits="0" /></lines>
			</method>
			<method name="(anonymous_120)"  hits="1"  signature="()V" >
				<lines><line number="738"  hits="1" /></lines>
			</method>
			<method name="(anonymous_121)"  hits="1"  signature="()V" >
				<lines><line number="738"  hits="1" /></lines>
			</method>
			<method name="(anonymous_122)"  hits="0"  signature="()V" >
				<lines><line number="738"  hits="0" /></lines>
			</method>
			<method name="(anonymous_123)"  hits="1"  signature="()V" >
				<lines><line number="738"  hits="1" /></lines>
			</method>
			<method name="Counter"  hits="0"  signature="()V" >
				<lines><line number="738"  hits="0" /></lines>
			</method>
			<method name="(anonymous_125)"  hits="0"  signature="()V" >
				<lines><line number="738"  hits="0" /></lines>
			</method>
			<method name="(anonymous_126)"  hits="0"  signature="()V" >
				<lines><line number="738"  hits="0" /></lines>
			</method>
			<method name="(anonymous_127)"  hits="0"  signature="()V" >
				<lines><line number="738"  hits="0" /></lines>
			</method>
			<method name="(anonymous_128)"  hits="0"  signature="()V" >
				<lines><line number="738"  hits="0" /></lines>
			</method>
			<method name="(anonymous_129)"  hits="0"  signature="()V" >
				<lines><line number="738"  hits="0" /></lines>
			</method>
			<method name="(anonymous_130)"  hits="0"  signature="()V" >
				<lines><line number="738"  hits="0" /></lines>
			</method>
			<method name="(anonymous_131)"  hits="1"  signature="()V" >
				<lines><line number="738"  hits="1" /></lines>
			</method>
			<method name="StopWatch"  hits="0"  signature="()V" >
				<lines><line number="738"  hits="0" /></lines>
			</method>
			<method name="(anonymous_133)"  hits="0"  signature="()V" >
				<lines><line number="738"  hits="0" /></lines>
			</method>
			<method name="(anonymous_134)"  hits="0"  signature="()V" >
				<lines><line number="738"  hits="0" /></lines>
			</method>
			<method name="(anonymous_135)"  hits="0"  signature="()V" >
				<lines><line number="738"  hits="0" /></lines>
			</method>
			<method name="(anonymous_136)"  hits="0"  signature="()V" >
				<lines><line number="738"  hits="0" /></lines>
			</method>
			<method name="(anonymous_137)"  hits="0"  signature="()V" >
				<lines><line number="738"  hits="0" /></lines>
			</method>
			<method name="(anonymous_138)"  hits="0"  signature="()V" >
				<lines><line number="738"  hits="0" /></lines>
			</method>
			<method name="(anonymous_139)"  hits="0"  signature="()V" >
				<lines><line number="738"  hits="0" /></lines>
			</method>
			<method name="(anonymous_140)"  hits="0"  signature="()V" >
				<lines><line number="738"  hits="0" /></lines>
			</method>
			<method name="(anonymous_141)"  hits="0"  signature="()V" >
				<lines><line number="738"  hits="0" /></lines>
			</method>
			<method name="(anonymous_142)"  hits="0"  signature="()V" >
				<lines><line number="738"  hits="0" /></lines>
			</method>
			<method name="(anonymous_143)"  hits="0"  signature="()V" >
				<lines><line number="738"  hits="0" /></lines>
			</method>
			<method name="(anonymous_144)"  hits="0"  signature="()V" >
				<lines><line number="738"  hits="0" /></lines>
			</method>
			<method name="(anonymous_145)"  hits="0"  signature="()V" >
				<lines><line number="738"  hits="0" /></lines>
			</method>
			<method name="(anonymous_146)"  hits="1"  signature="()V" >
				<lines><line number="742"  hits="1" /></lines>
			</method>
			<method name="(anonymous_147)"  hits="0"  signature="()V" >
				<lines><line number="764"  hits="0" /></lines>
			</method>
			<method name="(anonymous_148)"  hits="0"  signature="()V" >
				<lines><line number="771"  hits="0" /></lines>
			</method>
			<method name="(anonymous_149)"  hits="0"  signature="()V" >
				<lines><line number="794"  hits="0" /></lines>
			</method>
			<method name="(anonymous_150)"  hits="0"  signature="()V" >
				<lines><line number="811"  hits="0" /></lines>
			</method>
			<method name="(anonymous_151)"  hits="0"  signature="()V" >
				<lines><line number="827"  hits="0" /></lines>
			</method>
			<method name="(anonymous_152)"  hits="0"  signature="()V" >
				<lines><line number="836"  hits="0" /></lines>
			</method>
			<method name="(anonymous_153)"  hits="0"  signature="()V" >
				<lines><line number="852"  hits="0" /></lines>
			</method>
			<method name="(anonymous_154)"  hits="0"  signature="()V" >
				<lines><line number="868"  hits="0" /></lines>
			</method>
			<method name="(anonymous_155)"  hits="1"  signature="()V" >
				<lines><line number="882"  hits="1" /></lines>
			</method>
			<method name="(anonymous_156)"  hits="0"  signature="()V" >
				<lines><line number="894"  hits="0" /></lines>
			</method>
			<method name="(anonymous_157)"  hits="0"  signature="()V" >
				<lines><line number="903"  hits="0" /></lines>
			</method>
			<method name="(anonymous_158)"  hits="0"  signature="()V" >
				<lines><line number="913"  hits="0" /></lines>
			</method>
			<method name="(anonymous_159)"  hits="1"  signature="()V" >
				<lines><line number="934"  hits="1" /></lines>
			</method>
			<method name="(anonymous_160)"  hits="0"  signature="()V" >
				<lines><line number="940"  hits="0" /></lines>
			</method>
			<method name="(anonymous_161)"  hits="0"  signature="()V" >
				<lines><line number="954"  hits="0" /></lines>
			</method>
			<method name="(anonymous_162)"  hits="1"  signature="()V" >
				<lines><line number="980"  hits="1" /></lines>
			</method>
			<method name="_window"  hits="34"  signature="()V" >
				<lines><line number="983"  hits="34" /></lines>
			</method>
			<method name="fireIf"  hits="20"  signature="()V" >
				<lines><line number="991"  hits="20" /></lines>
			</method>
			<method name="(anonymous_165)"  hits="20030"  signature="()V" >
				<lines><line number="992"  hits="20030" /></lines>
			</method>
			<method name="(anonymous_166)"  hits="1"  signature="()V" >
				<lines><line number="1006"  hits="1" /></lines>
			</method>
			<method name="extend"  hits="1"  signature="()V" >
				<lines><line number="1011"  hits="1" /></lines>
			</method>
			<method name="noop"  hits="0"  signature="()V" >
				<lines><line number="1024"  hits="0" /></lines>
			</method>
			<method name="identity"  hits="0"  signature="()V" >
				<lines><line number="1027"  hits="0" /></lines>
			</method>
			<method name="now"  hits="1"  signature="()V" >
				<lines><line number="1031"  hits="1" /></lines>
			</method>
			<method name="defer"  hits="6"  signature="()V" >
				<lines><line number="1035"  hits="6" /></lines>
			</method>
			<method name="(anonymous_172)"  hits="4"  signature="()V" >
				<lines><line number="1036"  hits="4" /></lines>
			</method>
			<method name="isObject"  hits="0"  signature="()V" >
				<lines><line number="1041"  hits="0" /></lines>
			</method>
			<method name="defaults"  hits="0"  signature="()V" >
				<lines><line number="1045"  hits="0" /></lines>
			</method>
			<method name="(anonymous_175)"  hits="1"  signature="()V" >
				<lines><line number="1069"  hits="1" /></lines>
			</method>
			<method name="isPageVisibilityAPIAvailable"  hits="1"  signature="()V" >
				<lines><line number="1075"  hits="1" /></lines>
			</method>
			<method name="isPageVisible"  hits="13"  signature="()V" >
				<lines><line number="1079"  hits="13" /></lines>
			</method>
			<method name="onPageVisibilityChange"  hits="4"  signature="()V" >
				<lines><line number="1083"  hits="4" /></lines>
			</method>
			<method name="(anonymous_179)"  hits="1"  signature="()V" >
				<lines><line number="1101"  hits="1" /></lines>
			</method>
			<method name="_isVisibleByOffsetParentCheck"  hits="4"  signature="()V" >
				<lines><line number="1104"  hits="4" /></lines>
			</method>
			<method name="_findEffectiveStyle"  hits="25"  signature="()V" >
				<lines><line number="1115"  hits="25" /></lines>
			</method>
			<method name="_findEffectiveStyleProperty"  hits="24"  signature="()V" >
				<lines><line number="1136"  hits="24" /></lines>
			</method>
			<method name="_isDisplayed"  hits="12"  signature="()V" >
				<lines><line number="1148"  hits="12" /></lines>
			</method>
			<method name="isVisibleByStyling"  hits="4"  signature="()V" >
				<lines><line number="1159"  hits="4" /></lines>
			</method>
			<method name="(anonymous_185)"  hits="1"  signature="()V" >
				<lines><line number="1204"  hits="1" /></lines>
			</method>
			<method name="_getBoundingClientRect"  hits="10024"  signature="()V" >
				<lines><line number="1207"  hits="10024" /></lines>
			</method>
			<method name="viewport"  hits="5"  signature="()V" >
				<lines><line number="1224"  hits="5" /></lines>
			</method>
			<method name="isFullyInViewport"  hits="2"  signature="()V" >
				<lines><line number="1232"  hits="2" /></lines>
			</method>
			<method name="isInViewport"  hits="10021"  signature="()V" >
				<lines><line number="1247"  hits="10021" /></lines>
			</method>
			<method name="(anonymous_190)"  hits="1"  signature="()V" >
				<lines><line number="1274"  hits="1" /></lines>
			</method>
			<method name="percentage"  hits="10011"  signature="()V" >
				<lines><line number="1277"  hits="10011" /></lines>
			</method>
			<method name="isFullyVisible"  hits="2"  signature="()V" >
				<lines><line number="1308"  hits="2" /></lines>
			</method>
			<method name="isVisible"  hits="10"  signature="()V" >
				<lines><line number="1314"  hits="10" /></lines>
			</method>
			<method name="isHidden"  hits="8"  signature="()V" >
				<lines><line number="1320"  hits="8" /></lines>
			</method>
			<method name="(anonymous_195)"  hits="1"  signature="()V" >
				<lines><line number="1330"  hits="1" /></lines>
			</method>
			<method name="(anonymous_196)"  hits="1"  signature="()V" >
				<lines><line number="1336"  hits="1" /></lines>
			</method>
			<method name="getIEVersion"  hits="1"  signature="()V" >
				<lines><line number="1340"  hits="1" /></lines>
			</method>
			<method name="isDomPresent"  hits="1"  signature="()V" >
				<lines><line number="1361"  hits="1" /></lines>
			</method>
			<method name="canReadStyle"  hits="1"  signature="()V" >
				<lines><line number="1368"  hits="1" /></lines>
			</method>
			<method name="(anonymous_200)"  hits="0"  signature="()V" >
				<lines><line number="1388"  hits="0" /></lines>
			</method>
			<method name="(anonymous_201)"  hits="1"  signature="()V" >
				<lines><line number="1393"  hits="1" /></lines>
			</method>
			<method name="VisSense"  hits="12"  signature="()V" >
				<lines><line number="1411"  hits="12" /></lines>
			</method>
			<method name="(anonymous_203)"  hits="10011"  signature="()V" >
				<lines><line number="1426"  hits="10011" /></lines>
			</method>
			<method name="(anonymous_204)"  hits="2"  signature="()V" >
				<lines><line number="1430"  hits="2" /></lines>
			</method>
			<method name="(anonymous_205)"  hits="2"  signature="()V" >
				<lines><line number="1434"  hits="2" /></lines>
			</method>
			<method name="(anonymous_206)"  hits="8"  signature="()V" >
				<lines><line number="1438"  hits="8" /></lines>
			</method>
			<method name="(anonymous_207)"  hits="0"  signature="()V" >
				<lines><line number="1447"  hits="0" /></lines>
			</method>
			<method name="(anonymous_208)"  hits="0"  signature="()V" >
				<lines><line number="1449"  hits="0" /></lines>
			</method>
			<method name="(anonymous_209)"  hits="0"  signature="()V" >
				<lines><line number="1457"  hits="0" /></lines>
			</method>
			<method name="(anonymous_210)"  hits="0"  signature="()V" >
				<lines><line number="1459"  hits="0" /></lines>
			</method>
			<method name="(anonymous_211)"  hits="0"  signature="()V" >
				<lines><line number="1467"  hits="0" /></lines>
			</method>
			<method name="(anonymous_212)"  hits="0"  signature="()V" >
				<lines><line number="1469"  hits="0" /></lines>
			</method>
			<method name="(anonymous_213)"  hits="1"  signature="()V" >
				<lines><line number="1509"  hits="1" /></lines>
			</method>
			<method name="VisState"  hits="9"  signature="()V" >
				<lines><line number="1518"  hits="9" /></lines>
			</method>
			<method name="(anonymous_215)"  hits="4"  signature="()V" >
				<lines><line number="1524"  hits="4" /></lines>
			</method>
			<method name="(anonymous_216)"  hits="4"  signature="()V" >
				<lines><line number="1528"  hits="4" /></lines>
			</method>
			<method name="(anonymous_217)"  hits="10"  signature="()V" >
				<lines><line number="1532"  hits="10" /></lines>
			</method>
			<method name="(anonymous_218)"  hits="0"  signature="()V" >
				<lines><line number="1536"  hits="0" /></lines>
			</method>
			<method name="(anonymous_219)"  hits="0"  signature="()V" >
				<lines><line number="1540"  hits="0" /></lines>
			</method>
			<method name="(anonymous_220)"  hits="0"  signature="()V" >
				<lines><line number="1544"  hits="0" /></lines>
			</method>
			<method name="(anonymous_221)"  hits="6"  signature="()V" >
				<lines><line number="1548"  hits="6" /></lines>
			</method>
			<method name="(anonymous_222)"  hits="20018"  signature="()V" >
				<lines><line number="1552"  hits="20018" /></lines>
			</method>
			<method name="(anonymous_223)"  hits="10"  signature="()V" >
				<lines><line number="1556"  hits="10" /></lines>
			</method>
			<method name="(anonymous_224)"  hits="10005"  signature="()V" >
				<lines><line number="1560"  hits="10005" /></lines>
			</method>
			<method name="(anonymous_225)"  hits="10005"  signature="()V" >
				<lines><line number="1564"  hits="10005" /></lines>
			</method>
			<method name="state"  hits="9"  signature="()V" >
				<lines><line number="1568"  hits="9" /></lines>
			</method>
			<method name="(anonymous_227)"  hits="7"  signature="()V" >
				<lines><line number="1579"  hits="7" /></lines>
			</method>
			<method name="(anonymous_228)"  hits="1"  signature="()V" >
				<lines><line number="1582"  hits="1" /></lines>
			</method>
			<method name="(anonymous_229)"  hits="1"  signature="()V" >
				<lines><line number="1585"  hits="1" /></lines>
			</method>
			<method name="(anonymous_230)"  hits="1"  signature="()V" >
				<lines><line number="1613"  hits="1" /></lines>
			</method>
			<method name="nextState"  hits="10009"  signature="()V" >
				<lines><line number="1616"  hits="10009" /></lines>
			</method>
			<method name="fireListeners"  hits="10009"  signature="()V" >
				<lines><line number="1641"  hits="10009" /></lines>
			</method>
			<method name="VisMon"  hits="5"  signature="()V" >
				<lines><line number="1650"  hits="5" /></lines>
			</method>
			<method name="(anonymous_234)"  hits="0"  signature="()V" >
				<lines><line number="1660"  hits="0" /></lines>
			</method>
			<method name="(anonymous_235)"  hits="20048"  signature="()V" >
				<lines><line number="1667"  hits="20048" /></lines>
			</method>
			<method name="(anonymous_236)"  hits="0"  signature="()V" >
				<lines><line number="1671"  hits="0" /></lines>
			</method>
			<method name="(anonymous_237)"  hits="0"  signature="()V" >
				<lines><line number="1677"  hits="0" /></lines>
			</method>
			<method name="(anonymous_238)"  hits="8"  signature="()V" >
				<lines><line number="1686"  hits="8" /></lines>
			</method>
			<method name="(anonymous_239)"  hits="0"  signature="()V" >
				<lines><line number="1692"  hits="0" /></lines>
			</method>
			<method name="(anonymous_240)"  hits="10009"  signature="()V" >
				<lines><line number="1700"  hits="10009" /></lines>
			</method>
			<method name="(anonymous_241)"  hits="8"  signature="()V" >
				<lines><line number="1717"  hits="8" /></lines>
			</method>
			<method name="(anonymous_242)"  hits="20018"  signature="()V" >
				<lines><line number="1720"  hits="20018" /></lines>
			</method>
			<method name="(anonymous_243)"  hits="0"  signature="()V" >
				<lines><line number="1732"  hits="0" /></lines>
			</method>
			<method name="(anonymous_244)"  hits="0"  signature="()V" >
				<lines><line number="1735"  hits="0" /></lines>
			</method>
			<method name="(anonymous_245)"  hits="0"  signature="()V" >
				<lines><line number="1743"  hits="0" /></lines>
			</method>
			<method name="(anonymous_246)"  hits="0"  signature="()V" >
				<lines><line number="1750"  hits="0" /></lines>
			</method>
			<method name="(anonymous_247)"  hits="0"  signature="()V" >
				<lines><line number="1752"  hits="0" /></lines>
			</method>
			<method name="(anonymous_248)"  hits="4"  signature="()V" >
				<lines><line number="1770"  hits="4" /></lines>
			</method>
			<method name="(anonymous_249)"  hits="4"  signature="()V" >
				<lines><line number="1773"  hits="4" /></lines>
			</method>
			<method name="(anonymous_250)"  hits="4"  signature="()V" >
				<lines><line number="1778"  hits="4" /></lines>
			</method>
			<method name="(anonymous_251)"  hits="0"  signature="()V" >
				<lines><line number="1787"  hits="0" /></lines>
			</method>
			<method name="(anonymous_252)"  hits="0"  signature="()V" >
				<lines><line number="1790"  hits="0" /></lines>
			</method>
			<method name="(anonymous_253)"  hits="4"  signature="()V" >
				<lines><line number="1801"  hits="4" /></lines>
			</method>
			<method name="(anonymous_254)"  hits="4"  signature="()V" >
				<lines><line number="1804"  hits="4" /></lines>
			</method>
			<method name="(anonymous_255)"  hits="0"  signature="()V" >
				<lines><line number="1812"  hits="0" /></lines>
			</method>
			<method name="(anonymous_256)"  hits="5"  signature="()V" >
				<lines><line number="1828"  hits="5" /></lines>
			</method>
			<method name="(anonymous_257)"  hits="1"  signature="()V" >
				<lines><line number="1845"  hits="1" /></lines>
			</method>
			<method name="cancel"  hits="6"  signature="()V" >
				<lines><line number="1845"  hits="6" /></lines>
			</method>
			<method name="run"  hits="10"  signature="()V" >
				<lines><line number="1845"  hits="10" /></lines>
			</method>
			<method name="(anonymous_260)"  hits="110004"  signature="()V" >
				<lines><line number="1845"  hits="110004" /></lines>
			</method>
			<method name="(anonymous_261)"  hits="0"  signature="()V" >
				<lines><line number="1845"  hits="0" /></lines>
			</method>
			<method name="(anonymous_262)"  hits="2"  signature="()V" >
				<lines><line number="1845"  hits="2" /></lines>
			</method>
			<method name="Again"  hits="8"  signature="()V" >
				<lines><line number="1845"  hits="8" /></lines>
			</method>
			<method name="(anonymous_264)"  hits="0"  signature="()V" >
				<lines><line number="1845"  hits="0" /></lines>
			</method>
			<method name="(anonymous_265)"  hits="0"  signature="()V" >
				<lines><line number="1845"  hits="0" /></lines>
			</method>
			<method name="(anonymous_266)"  hits="6"  signature="()V" >
				<lines><line number="1845"  hits="6" /></lines>
			</method>
			<method name="(anonymous_267)"  hits="7"  signature="()V" >
				<lines><line number="1845"  hits="7" /></lines>
			</method>
			<method name="(anonymous_268)"  hits="2"  signature="()V" >
				<lines><line number="1845"  hits="2" /></lines>
			</method>
			<method name="(anonymous_269)"  hits="0"  signature="()V" >
				<lines><line number="1845"  hits="0" /></lines>
			</method>
			<method name="(anonymous_270)"  hits="11"  signature="()V" >
				<lines><line number="1845"  hits="11" /></lines>
			</method>
			<method name="(anonymous_271)"  hits="6"  signature="()V" >
				<lines><line number="1845"  hits="6" /></lines>
			</method>
			<method name="(anonymous_272)"  hits="1"  signature="()V" >
				<lines><line number="1849"  hits="1" /></lines>
			</method>
			<method name="VisTimer"  hits="4"  signature="()V" >
				<lines><line number="1852"  hits="4" /></lines>
			</method>
			<method name="(anonymous_274)"  hits="4"  signature="()V" >
				<lines><line number="1872"  hits="4" /></lines>
			</method>
			<method name="init"  hits="4"  signature="()V" >
				<lines><line number="1877"  hits="4" /></lines>
			</method>
			<method name="(anonymous_276)"  hits="10009"  signature="()V" >
				<lines><line number="1881"  hits="10009" /></lines>
			</method>
			<method name="(anonymous_277)"  hits="6"  signature="()V" >
				<lines><line number="1885"  hits="6" /></lines>
			</method>
			<method name="(anonymous_278)"  hits="2"  signature="()V" >
				<lines><line number="1903"  hits="2" /></lines>
			</method>
			<method name="(anonymous_279)"  hits="0"  signature="()V" >
				<lines><line number="1917"  hits="0" /></lines>
			</method>
			<method name="(anonymous_280)"  hits="7"  signature="()V" >
				<lines><line number="1925"  hits="7" /></lines>
			</method>
			<method name="(anonymous_281)"  hits="110004"  signature="()V" >
				<lines><line number="1931"  hits="110004" /></lines>
			</method>
			<method name="(anonymous_282)"  hits="2"  signature="()V" >
				<lines><line number="1939"  hits="2" /></lines>
			</method>
			<method name="(anonymous_283)"  hits="0"  signature="()V" >
				<lines><line number="1948"  hits="0" /></lines>
			</method>
			<method name="(anonymous_284)"  hits="4"  signature="()V" >
				<lines><line number="1952"  hits="4" /></lines>
			</method>
			<method name="(anonymous_285)"  hits="1"  signature="()V" >
				<lines><line number="1973"  hits="1" /></lines>
			</method>
			<method name="(anonymous_286)"  hits="0"  signature="()V" >
				<lines><line number="1982"  hits="0" /></lines>
			</method>
			<method name="fireIfPositive"  hits="0"  signature="()V" >
				<lines><line number="1992"  hits="0" /></lines>
			</method>
			<method name="VisMetrics"  hits="0"  signature="()V" >
				<lines><line number="2001"  hits="0" /></lines>
			</method>
			<method name="(anonymous_289)"  hits="0"  signature="()V" >
				<lines><line number="2028"  hits="0" /></lines>
			</method>
			<method name="(anonymous_290)"  hits="0"  signature="()V" >
				<lines><line number="2037"  hits="0" /></lines>
			</method>
			<method name="(anonymous_291)"  hits="0"  signature="()V" >
				<lines><line number="2045"  hits="0" /></lines>
			</method>
			<method name="(anonymous_292)"  hits="0"  signature="()V" >
				<lines><line number="2054"  hits="0" /></lines>
			</method>
			<method name="(anonymous_293)"  hits="0"  signature="()V" >
				<lines><line number="2058"  hits="0" /></lines>
			</method>
			<method name="(anonymous_294)"  hits="0"  signature="()V" >
				<lines><line number="2062"  hits="0" /></lines>
			</method>
			<method name="(anonymous_295)"  hits="0"  signature="()V" >
				<lines><line number="2066"  hits="0" /></lines>
			</method>
			<method name="updatePercentage"  hits="0"  signature="()V" >
				<lines><line number="2083"  hits="0" /></lines>
			</method>
			<method name="updateVisibilityChanges"  hits="0"  signature="()V" >
				<lines><line number="2092"  hits="0" /></lines>
			</method>
			<method name="stopAndUpdateTimers"  hits="0"  signature="()V" >
				<lines><line number="2098"  hits="0" /></lines>
			</method>
			<method name="(anonymous_299)"  hits="0"  signature="()V" >
				<lines><line number="2101"  hits="0" /></lines>
			</method>
			<method name="(anonymous_300)"  hits="0"  signature="()V" >
				<lines><line number="2105"  hits="0" /></lines>
			</method>
			<method name="(anonymous_301)"  hits="0"  signature="()V" >
				<lines><line number="2108"  hits="0" /></lines>
			</method>
			<method name="(anonymous_302)"  hits="0"  signature="()V" >
				<lines><line number="2112"  hits="0" /></lines>
			</method>
			<method name="(anonymous_303)"  hits="0"  signature="()V" >
				<lines><line number="2122"  hits="0" /></lines>
			</method>
			<method name="(anonymous_304)"  hits="1"  signature="()V" >
				<lines><line number="2142"  hits="1" /></lines>
			</method>
			<method name="(anonymous_305)"  hits="0"  signature="()V" >
				<lines><line number="2159"  hits="0" /></lines>
			</method>
			<method name="(anonymous_306)"  hits="0"  signature="()V" >
				<lines><line number="2169"  hits="0" /></lines>
			</method>
			<method name="(anonymous_307)"  hits="0"  signature="()V" >
				<lines><line number="2180"  hits="0" /></lines>
			</method>
			<method name="(anonymous_308)"  hits="1"  signature="()V" >
				<lines><line number="2190"  hits="1" /></lines>
			</method>
			<method name="(anonymous_309)"  hits="0"  signature="()V" >
				<lines><line number="2198"  hits="0" /></lines>
			</method>
			<method name="(anonymous_310)"  hits="1"  signature="()V" >
				<lines><line number="2203"  hits="1" /></lines>
			</method>
			<method name="(anonymous_311)"  hits="1"  signature="()V" >
				<lines><line number="2206"  hits="1" /></lines>
			</method>
			<method name="(anonymous_312)"  hits="0"  signature="()V" >
				<lines><line number="2209"  hits="0" /></lines>
			</method>
			<method name="(anonymous_313)"  hits="0"  signature="()V" >
				<lines><line number="2218"  hits="0" /></lines>
			</method>
			<method name="successHandler"  hits="0"  signature="()V" >
				<lines><line number="2223"  hits="0" /></lines>
			</method>
			<method name="VisClient"  hits="1"  signature="()V" >
				<lines><line number="2240"  hits="1" /></lines>
			</method>
			<method name="(anonymous_316)"  hits="0"  signature="()V" >
				<lines><line number="2247"  hits="0" /></lines>
			</method>
			<method name="(anonymous_317)"  hits="0"  signature="()V" >
				<lines><line number="2261"  hits="0" /></lines>
			</method>
			<method name="newVisClient"  hits="1"  signature="()V" >
				<lines><line number="2269"  hits="1" /></lines>
			</method>
			<method name="(anonymous_319)"  hits="0"  signature="()V" >
				<lines><line number="2273"  hits="0" /></lines>
			</method>
		</methods>
		<lines>
			<line number="3"  hits="3"  branch="true"  condition-coverage="5.263157894736842% (1/19)" />
			<line number="5"  hits="19"  branch="true"  condition-coverage="32.142857142857146% (9/28)" />
			<line number="6"  hits="1"  branch="false" />
			<line number="9"  hits="1"  branch="false" />
			<line number="10"  hits="1"  branch="false" />
			<line number="11"  hits="1"  branch="false" />
			<line number="12"  hits="1"  branch="false" />
			<line number="13"  hits="1"  branch="false" />
			<line number="19"  hits="1"  branch="false" />
			<line number="22"  hits="1"  branch="false" />
			<line number="23"  hits="0"  branch="false" />
			<line number="24"  hits="0"  branch="false" />
			<line number="27"  hits="1"  branch="false" />
			<line number="30"  hits="0"  branch="false" />
			<line number="32"  hits="0"  branch="false" />
			<line number="33"  hits="0"  branch="false" />
			<line number="38"  hits="0"  branch="false" />
			<line number="40"  hits="0"  branch="false" />
			<line number="44"  hits="0"  branch="false" />
			<line number="49"  hits="0"  branch="false" />
			<line number="51"  hits="0"  branch="false" />
			<line number="54"  hits="0"  branch="true"  condition-coverage="0% (0/2)" />
			<line number="55"  hits="0"  branch="false" />
			<line number="56"  hits="0"  branch="false" />
			<line number="58"  hits="0"  branch="false" />
			<line number="62"  hits="0"  branch="false" />
			<line number="65"  hits="0"  branch="false" />
			<line number="66"  hits="0"  branch="true"  condition-coverage="0% (0/2)" />
			<line number="69"  hits="0"  branch="false" />
			<line number="70"  hits="0"  branch="true"  condition-coverage="0% (0/2)" />
			<line number="71"  hits="0"  branch="false" />
			<line number="72"  hits="0"  branch="true"  condition-coverage="0% (0/2)" />
			<line number="73"  hits="0"  branch="false" />
			<line number="75"  hits="0"  branch="false" />
			<line number="77"  hits="0"  branch="false" />
			<line number="80"  hits="0"  branch="false" />
			<line number="84"  hits="0"  branch="false" />
			<line number="89"  hits="0"  branch="false" />
			<line number="91"  hits="0"  branch="false" />
			<line number="93"  hits="0"  branch="false" />
			<line number="96"  hits="0"  branch="true"  condition-coverage="0% (0/2)" />
			<line number="97"  hits="0"  branch="false" />
			<line number="98"  hits="0"  branch="false" />
			<line number="100"  hits="0"  branch="false" />
			<line number="104"  hits="0"  branch="false" />
			<line number="111"  hits="0"  branch="false" />
			<line number="115"  hits="0"  branch="false" />
			<line number="117"  hits="0"  branch="false" />
			<line number="120"  hits="0"  branch="false" />
			<line number="122"  hits="0"  branch="true"  condition-coverage="0% (0/2)" />
			<line number="124"  hits="0"  branch="false" />
			<line number="127"  hits="0"  branch="true"  condition-coverage="0% (0/2)" />
			<line number="128"  hits="0"  branch="false" />
			<line number="131"  hits="0"  branch="true"  condition-coverage="0% (0/2)" />
			<line number="132"  hits="0"  branch="false" />
			<line number="134"  hits="0"  branch="true"  condition-coverage="0% (0/4)" />
			<line number="135"  hits="0"  branch="false" />
			<line number="139"  hits="0"  branch="true"  condition-coverage="0% (0/2)" />
			<line number="140"  hits="0"  branch="false" />
			<line number="141"  hits="0"  branch="false" />
			<line number="142"  hits="0"  branch="false" />
			<line number="146"  hits="0"  branch="false" />
			<line number="161"  hits="1"  branch="false" />
			<line number="162"  hits="1"  branch="false" />
			<line number="163"  hits="0"  branch="false" />
			<line number="165"  hits="0"  branch="true"  condition-coverage="0% (0/2)" />
			<line number="166"  hits="0"  branch="true"  condition-coverage="0% (0/6)" />
			<line number="174"  hits="0"  branch="true"  condition-coverage="0% (0/2)" />
			<line number="175"  hits="0"  branch="false" />
			<line number="177"  hits="0"  branch="false" />
			<line number="181"  hits="0"  branch="false" />
			<line number="187"  hits="1"  branch="false" />
			<line number="188"  hits="0"  branch="false" />
			<line number="191"  hits="0"  branch="true"  condition-coverage="0% (0/2)" />
			<line number="192"  hits="0"  branch="true"  condition-coverage="0% (0/2)" />
			<line number="193"  hits="0"  branch="false" />
			<line number="196"  hits="0"  branch="false" />
			<line number="197"  hits="0"  branch="false" />
			<line number="198"  hits="0"  branch="false" />
			<line number="199"  hits="0"  branch="false" />
			<line number="201"  hits="0"  branch="false" />
			<line number="214"  hits="1"  branch="false" />
			<line number="216"  hits="1"  branch="false" />
			<line number="217"  hits="0"  branch="false" />
			<line number="218"  hits="0"  branch="false" />
			<line number="221"  hits="1"  branch="false" />
			<line number="222"  hits="0"  branch="true"  condition-coverage="0% (0/2)" />
			<line number="223"  hits="0"  branch="false" />
			<line number="225"  hits="0"  branch="true"  condition-coverage="0% (0/2)" />
			<line number="226"  hits="0"  branch="false" />
			<line number="230"  hits="1"  branch="false" />
			<line number="231"  hits="0"  branch="true"  condition-coverage="0% (0/2)" />
			<line number="232"  hits="0"  branch="false" />
			<line number="234"  hits="0"  branch="true"  condition-coverage="0% (0/2)" />
			<line number="235"  hits="0"  branch="false" />
			<line number="239"  hits="1"  branch="false" />
			<line number="240"  hits="0"  branch="false" />
			<line number="243"  hits="1"  branch="false" />
			<line number="244"  hits="0"  branch="false" />
			<line number="248"  hits="1"  branch="false" />
			<line number="251"  hits="1"  branch="false" />
			<line number="256"  hits="1"  branch="false" />
			<line number="257"  hits="0"  branch="true"  condition-coverage="0% (0/2)" />
			<line number="258"  hits="0"  branch="false" />
			<line number="259"  hits="0"  branch="false" />
			<line number="260"  hits="0"  branch="false" />
			<line number="263"  hits="0"  branch="false" />
			<line number="264"  hits="0"  branch="false" />
			<line number="265"  hits="0"  branch="false" />
			<line number="266"  hits="0"  branch="false" />
			<line number="269"  hits="1"  branch="false" />
			<line number="270"  hits="0"  branch="false" />
			<line number="271"  hits="0"  branch="false" />
			<line number="272"  hits="0"  branch="false" />
			<line number="273"  hits="0"  branch="false" />
			<line number="274"  hits="0"  branch="false" />
			<line number="275"  hits="0"  branch="false" />
			<line number="276"  hits="0"  branch="false" />
			<line number="280"  hits="1"  branch="false" />
			<line number="281"  hits="0"  branch="false" />
			<line number="282"  hits="0"  branch="false" />
			<line number="283"  hits="0"  branch="true"  condition-coverage="0% (0/2)" />
			<line number="284"  hits="0"  branch="false" />
			<line number="286"  hits="0"  branch="true"  condition-coverage="0% (0/2)" />
			<line number="288"  hits="0"  branch="true"  condition-coverage="0% (0/2)" />
			<line number="289"  hits="0"  branch="false" />
			<line number="291"  hits="0"  branch="true"  condition-coverage="0% (0/2)" />
			<line number="293"  hits="0"  branch="true"  condition-coverage="0% (0/2)" />
			<line number="294"  hits="0"  branch="false" />
			<line number="297"  hits="1"  branch="false" />
			<line number="298"  hits="0"  branch="false" />
			<line number="300"  hits="0"  branch="true"  condition-coverage="0% (0/2)" />
			<line number="301"  hits="0"  branch="false" />
			<line number="303"  hits="0"  branch="false" />
			<line number="304"  hits="0"  branch="false" />
			<line number="309"  hits="1"  branch="false" />
			<line number="310"  hits="0"  branch="true"  condition-coverage="0% (0/2)" />
			<line number="311"  hits="0"  branch="false" />
			<line number="313"  hits="0"  branch="false" />
			<line number="319"  hits="0"  branch="false" />
			<line number="320"  hits="0"  branch="false" />
			<line number="321"  hits="0"  branch="false" />
			<line number="322"  hits="0"  branch="true"  condition-coverage="0% (0/2)" />
			<line number="323"  hits="0"  branch="true"  condition-coverage="0% (0/2)" />
			<line number="325"  hits="0"  branch="false" />
			<line number="326"  hits="0"  branch="false" />
			<line number="327"  hits="0"  branch="false" />
			<line number="330"  hits="0"  branch="false" />
			<line number="333"  hits="1"  branch="false" />
			<line number="334"  hits="0"  branch="true"  condition-coverage="0% (0/2)" />
			<line number="337"  hits="1"  branch="false" />
			<line number="338"  hits="0"  branch="true"  condition-coverage="0% (0/2)" />
			<line number="341"  hits="1"  branch="false" />
			<line number="342"  hits="0"  branch="true"  condition-coverage="0% (0/2)" />
			<line number="345"  hits="1"  branch="false" />
			<line number="346"  hits="0"  branch="false" />
			<line number="349"  hits="1"  branch="false" />
			<line number="350"  hits="0"  branch="false" />
			<line number="351"  hits="0"  branch="false" />
			<line number="367"  hits="1"  branch="true"  condition-coverage="0% (0/4)" />
			<line number="368"  hits="1"  branch="true"  condition-coverage="0% (0/2)" />
			<line number="369"  hits="1"  branch="false" />
			<line number="373"  hits="1"  branch="false" />
			<line number="374"  hits="1"  branch="false" />
			<line number="375"  hits="1"  branch="false" />
			<line number="376"  hits="1"  branch="false" />
			<line number="380"  hits="1"  branch="false" />
			<line number="384"  hits="1"  branch="false" />
			<line number="385"  hits="0"  branch="false" />
			<line number="386"  hits="0"  branch="false" />
			<line number="387"  hits="0"  branch="false" />
			<line number="388"  hits="0"  branch="false" />
			<line number="389"  hits="0"  branch="false" />
			<line number="390"  hits="0"  branch="false" />
			<line number="394"  hits="1"  branch="false" />
			<line number="395"  hits="0"  branch="true"  condition-coverage="0% (0/2)" />
			<line number="396"  hits="0"  branch="false" />
			<line number="397"  hits="0"  branch="false" />
			<line number="398"  hits="0"  branch="false" />
			<line number="399"  hits="0"  branch="false" />
			<line number="402"  hits="1"  branch="false" />
			<line number="403"  hits="0"  branch="false" />
			<line number="410"  hits="1"  branch="false" />
			<line number="411"  hits="0"  branch="false" />
			<line number="414"  hits="1"  branch="false" />
			<line number="415"  hits="0"  branch="false" />
			<line number="418"  hits="1"  branch="false" />
			<line number="419"  hits="0"  branch="false" />
			<line number="422"  hits="1"  branch="false" />
			<line number="423"  hits="0"  branch="false" />
			<line number="426"  hits="1"  branch="false" />
			<line number="427"  hits="0"  branch="false" />
			<line number="436"  hits="1"  branch="false" />
			<line number="437"  hits="0"  branch="false" />
			<line number="438"  hits="0"  branch="false" />
			<line number="439"  hits="0"  branch="false" />
			<line number="443"  hits="1"  branch="false" />
			<line number="444"  hits="1"  branch="false" />
			<line number="445"  hits="1"  branch="false" />
			<line number="449"  hits="1"  branch="false" />
			<line number="450"  hits="0"  branch="false" />
			<line number="451"  hits="0"  branch="false" />
			<line number="452"  hits="0"  branch="false" />
			<line number="453"  hits="0"  branch="false" />
			<line number="456"  hits="1"  branch="false" />
			<line number="457"  hits="0"  branch="false" />
			<line number="458"  hits="0"  branch="false" />
			<line number="462"  hits="1"  branch="false" />
			<line number="463"  hits="1"  branch="false" />
			<line number="464"  hits="1"  branch="false" />
			<line number="465"  hits="1"  branch="false" />
			<line number="466"  hits="1"  branch="false" />
			<line number="467"  hits="1"  branch="false" />
			<line number="468"  hits="1"  branch="false" />
			<line number="469"  hits="1"  branch="false" />
			<line number="472"  hits="1"  branch="false" />
			<line number="473"  hits="1"  branch="false" />
			<line number="474"  hits="1"  branch="false" />
			<line number="475"  hits="1"  branch="false" />
			<line number="476"  hits="1"  branch="false" />
			<line number="478"  hits="1"  branch="false" />
			<line number="479"  hits="0"  branch="false" />
			<line number="490"  hits="1"  branch="false" />
			<line number="491"  hits="0"  branch="false" />
			<line number="495"  hits="0"  branch="false" />
			<line number="501"  hits="1"  branch="false" />
			<line number="502"  hits="0"  branch="true"  condition-coverage="0% (0/2)" />
			<line number="505"  hits="1"  branch="false" />
			<line number="506"  hits="0"  branch="false" />
			<line number="508"  hits="0"  branch="true"  condition-coverage="0% (0/2)" />
			<line number="509"  hits="0"  branch="false" />
			<line number="511"  hits="0"  branch="true"  condition-coverage="0% (0/2)" />
			<line number="512"  hits="0"  branch="false" />
			<line number="516"  hits="1"  branch="false" />
			<line number="517"  hits="0"  branch="false" />
			<line number="518"  hits="0"  branch="true"  condition-coverage="0% (0/2)" />
			<line number="519"  hits="0"  branch="false" />
			<line number="522"  hits="1"  branch="false" />
			<line number="523"  hits="0"  branch="false" />
			<line number="524"  hits="0"  branch="false" />
			<line number="525"  hits="0"  branch="false" />
			<line number="526"  hits="0"  branch="false" />
			<line number="527"  hits="0"  branch="false" />
			<line number="530"  hits="0"  branch="false" />
			<line number="534"  hits="1"  branch="false" />
			<line number="540"  hits="1"  branch="false" />
			<line number="542"  hits="1"  branch="false" />
			<line number="543"  hits="0"  branch="false" />
			<line number="544"  hits="0"  branch="false" />
			<line number="545"  hits="0"  branch="false" />
			<line number="548"  hits="1"  branch="false" />
			<line number="551"  hits="1"  branch="false" />
			<line number="552"  hits="0"  branch="false" />
			<line number="554"  hits="0"  branch="false" />
			<line number="555"  hits="0"  branch="false" />
			<line number="557"  hits="0"  branch="false" />
			<line number="560"  hits="1"  branch="false" />
			<line number="561"  hits="0"  branch="false" />
			<line number="564"  hits="1"  branch="false" />
			<line number="565"  hits="0"  branch="false" />
			<line number="568"  hits="1"  branch="false" />
			<line number="569"  hits="0"  branch="false" />
			<line number="572"  hits="1"  branch="false" />
			<line number="573"  hits="0"  branch="false" />
			<line number="576"  hits="1"  branch="false" />
			<line number="577"  hits="0"  branch="false" />
			<line number="578"  hits="0"  branch="false" />
			<line number="579"  hits="0"  branch="false" />
			<line number="580"  hits="0"  branch="false" />
			<line number="586"  hits="1"  branch="false" />
			<line number="588"  hits="0"  branch="true"  condition-coverage="0% (0/2)" />
			<line number="589"  hits="0"  branch="false" />
			<line number="591"  hits="0"  branch="false" />
			<line number="593"  hits="0"  branch="false" />
			<line number="595"  hits="0"  branch="true"  condition-coverage="0% (0/2)" />
			<line number="596"  hits="0"  branch="false" />
			<line number="597"  hits="0"  branch="false" />
			<line number="599"  hits="0"  branch="false" />
			<line number="600"  hits="0"  branch="true"  condition-coverage="0% (0/2)" />
			<line number="601"  hits="0"  branch="false" />
			<line number="602"  hits="0"  branch="false" />
			<line number="606"  hits="0"  branch="true"  condition-coverage="0% (0/2)" />
			<line number="607"  hits="0"  branch="false" />
			<line number="611"  hits="1"  branch="false" />
			<line number="612"  hits="0"  branch="false" />
			<line number="616"  hits="1"  branch="false" />
			<line number="617"  hits="0"  branch="false" />
			<line number="618"  hits="0"  branch="false" />
			<line number="622"  hits="0"  branch="true"  condition-coverage="0% (0/3)" />
			<line number="624"  hits="0"  branch="false" />
			<line number="625"  hits="0"  branch="false" />
			<line number="627"  hits="0"  branch="false" />
			<line number="638"  hits="1"  branch="false" />
			<line number="639"  hits="1"  branch="false" />
			<line number="640"  hits="1"  branch="false" />
			<line number="642"  hits="1"  branch="false" />
			<line number="643"  hits="0"  branch="false" />
			<line number="644"  hits="0"  branch="false" />
			<line number="645"  hits="0"  branch="true"  condition-coverage="0% (0/2)" />
			<line number="646"  hits="0"  branch="false" />
			<line number="647"  hits="0"  branch="false" />
			<line number="648"  hits="0"  branch="false" />
			<line number="649"  hits="0"  branch="true"  condition-coverage="0% (0/2)" />
			<line number="650"  hits="0"  branch="false" />
			<line number="653"  hits="0"  branch="true"  condition-coverage="0% (0/4)" />
			<line number="654"  hits="0"  branch="false" />
			<line number="659"  hits="1"  branch="false" />
			<line number="660"  hits="0"  branch="true"  condition-coverage="0% (0/2)" />
			<line number="666"  hits="1"  branch="false" />
			<line number="667"  hits="0"  branch="false" />
			<line number="668"  hits="0"  branch="false" />
			<line number="670"  hits="0"  branch="true"  condition-coverage="0% (0/2)" />
			<line number="671"  hits="0"  branch="false" />
			<line number="673"  hits="0"  branch="false" />
			<line number="674"  hits="0"  branch="false" />
			<line number="681"  hits="1"  branch="false" />
			<line number="682"  hits="0"  branch="false" />
			<line number="685"  hits="1"  branch="false" />
			<line number="686"  hits="0"  branch="false" />
			<line number="689"  hits="1"  branch="false" />
			<line number="690"  hits="1"  branch="false" />
			<line number="691"  hits="1"  branch="false" />
			<line number="694"  hits="1"  branch="false" />
			<line number="695"  hits="0"  branch="false" />
			<line number="696"  hits="0"  branch="false" />
			<line number="698"  hits="1"  branch="false" />
			<line number="699"  hits="1"  branch="false" />
			<line number="700"  hits="1"  branch="false" />
			<line number="701"  hits="1"  branch="false" />
			<line number="702"  hits="1"  branch="false" />
			<line number="703"  hits="1"  branch="false" />
			<line number="704"  hits="1"  branch="false" />
			<line number="708"  hits="1"  branch="false" />
			<line number="709"  hits="1"  branch="false" />
			<line number="714"  hits="1"  branch="false" />
			<line number="715"  hits="0"  branch="false" />
			<line number="716"  hits="0"  branch="false" />
			<line number="717"  hits="0"  branch="false" />
			<line number="720"  hits="1"  branch="false" />
			<line number="722"  hits="1"  branch="false" />
			<line number="723"  hits="0"  branch="false" />
			<line number="724"  hits="0"  branch="true"  condition-coverage="0% (0/2)" />
			<line number="726"  hits="0"  branch="false" />
			<line number="728"  hits="0"  branch="false" />
			<line number="729"  hits="0"  branch="true"  condition-coverage="0% (0/2)" />
			<line number="730"  hits="0"  branch="false" />
			<line number="738"  hits="1"  branch="true"  condition-coverage="26.190476190476193% (11/42)" />
			<line number="742"  hits="1"  branch="false" />
			<line number="745"  hits="1"  branch="false" />
			<line number="751"  hits="1"  branch="false" />
			<line number="765"  hits="0"  branch="false" />
			<line number="766"  hits="0"  branch="true"  condition-coverage="0% (0/4)" />
			<line number="767"  hits="0"  branch="false" />
			<line number="768"  hits="0"  branch="false" />
			<line number="771"  hits="0"  branch="false" />
			<line number="772"  hits="0"  branch="true"  condition-coverage="0% (0/2)" />
			<line number="773"  hits="0"  branch="false" />
			<line number="774"  hits="0"  branch="false" />
			<line number="777"  hits="0"  branch="false" />
			<line number="795"  hits="0"  branch="true"  condition-coverage="0% (0/2)" />
			<line number="796"  hits="0"  branch="false" />
			<line number="798"  hits="0"  branch="false" />
			<line number="799"  hits="0"  branch="false" />
			<line number="800"  hits="0"  branch="false" />
			<line number="801"  hits="0"  branch="false" />
			<line number="802"  hits="0"  branch="false" />
			<line number="812"  hits="0"  branch="false" />
			<line number="828"  hits="0"  branch="false" />
			<line number="829"  hits="0"  branch="false" />
			<line number="831"  hits="0"  branch="true"  condition-coverage="0% (0/4)" />
			<line number="832"  hits="0"  branch="false" />
			<line number="833"  hits="0"  branch="false" />
			<line number="836"  hits="0"  branch="false" />
			<line number="837"  hits="0"  branch="true"  condition-coverage="0% (0/2)" />
			<line number="838"  hits="0"  branch="false" />
			<line number="839"  hits="0"  branch="false" />
			<line number="842"  hits="0"  branch="false" />
			<line number="853"  hits="0"  branch="true"  condition-coverage="0% (0/2)" />
			<line number="869"  hits="0"  branch="true"  condition-coverage="0% (0/3)" />
			<line number="883"  hits="1"  branch="true"  condition-coverage="100% (2/2)" />
			<line number="895"  hits="0"  branch="false" />
			<line number="897"  hits="0"  branch="false" />
			<line number="898"  hits="0"  branch="false" />
			<line number="904"  hits="0"  branch="true"  condition-coverage="0% (0/2)" />
			<line number="905"  hits="0"  branch="false" />
			<line number="908"  hits="0"  branch="false" />
			<line number="909"  hits="0"  branch="true"  condition-coverage="0% (0/2)" />
			<line number="910"  hits="0"  branch="false" />
			<line number="913"  hits="0"  branch="false" />
			<line number="914"  hits="0"  branch="false" />
			<line number="916"  hits="0"  branch="true"  condition-coverage="0% (0/2)" />
			<line number="917"  hits="0"  branch="false" />
			<line number="919"  hits="0"  branch="false" />
			<line number="921"  hits="0"  branch="false" />
			<line number="926"  hits="1"  branch="true"  condition-coverage="50% (2/4)" />
			<line number="927"  hits="0"  branch="false" />
			<line number="929"  hits="1"  branch="false" />
			<line number="934"  hits="1"  branch="false" />
			<line number="939"  hits="1"  branch="true"  condition-coverage="50% (1/2)" />
			<line number="940"  hits="0"  branch="false" />
			<line number="941"  hits="0"  branch="false" />
			<line number="954"  hits="0"  branch="false" />
			<line number="955"  hits="0"  branch="true"  condition-coverage="0% (0/5)" />
			<line number="956"  hits="0"  branch="false" />
			<line number="959"  hits="0"  branch="false" />
			<line number="961"  hits="0"  branch="false" />
			<line number="962"  hits="0"  branch="true"  condition-coverage="0% (0/2)" />
			<line number="963"  hits="0"  branch="false" />
			<line number="967"  hits="0"  branch="true"  condition-coverage="0% (0/2)" />
			<line number="968"  hits="0"  branch="false" />
			<line number="969"  hits="0"  branch="true"  condition-coverage="0% (0/2)" />
			<line number="970"  hits="0"  branch="false" />
			<line number="974"  hits="0"  branch="false" />
			<line number="980"  hits="1"  branch="false" />
			<line number="983"  hits="1"  branch="false" />
			<line number="984"  hits="34"  branch="false" />
			<line number="985"  hits="34"  branch="true"  condition-coverage="50% (1/2)" />
			<line number="991"  hits="1"  branch="false" />
			<line number="992"  hits="20"  branch="false" />
			<line number="993"  hits="20030"  branch="true"  condition-coverage="100% (2/2)" />
			<line number="997"  hits="1"  branch="false" />
			<line number="1006"  hits="1"  branch="false" />
			<line number="1011"  hits="1"  branch="false" />
			<line number="1012"  hits="1"  branch="false" />
			<line number="1016"  hits="1"  branch="false" />
			<line number="1017"  hits="7"  branch="false" />
			<line number="1018"  hits="7"  branch="true"  condition-coverage="50% (1/2)" />
			<line number="1021"  hits="1"  branch="false" />
			<line number="1024"  hits="1"  branch="false" />
			<line number="1027"  hits="1"  branch="false" />
			<line number="1028"  hits="0"  branch="false" />
			<line number="1031"  hits="1"  branch="false" />
			<line number="1032"  hits="1"  branch="false" />
			<line number="1035"  hits="1"  branch="false" />
			<line number="1036"  hits="6"  branch="false" />
			<line number="1037"  hits="4"  branch="false" />
			<line number="1041"  hits="1"  branch="false" />
			<line number="1042"  hits="0"  branch="false" />
			<line number="1045"  hits="1"  branch="false" />
			<line number="1046"  hits="0"  branch="true"  condition-coverage="0% (0/2)" />
			<line number="1047"  hits="0"  branch="false" />
			<line number="1050"  hits="0"  branch="false" />
			<line number="1051"  hits="0"  branch="true"  condition-coverage="0% (0/2)" />
			<line number="1052"  hits="0"  branch="false" />
			<line number="1055"  hits="0"  branch="false" />
			<line number="1058"  hits="1"  branch="false" />
			<line number="1069"  hits="1"  branch="false" />
			<line number="1073"  hits="1"  branch="true"  condition-coverage="100% (4/4)" />
			<line number="1075"  hits="1"  branch="false" />
			<line number="1076"  hits="1"  branch="false" />
			<line number="1079"  hits="1"  branch="false" />
			<line number="1080"  hits="13"  branch="true"  condition-coverage="50% (1/2)" />
			<line number="1083"  hits="1"  branch="false" />
			<line number="1084"  hits="4"  branch="true"  condition-coverage="50% (1/2)" />
			<line number="1085"  hits="0"  branch="false" />
			<line number="1089"  hits="1"  branch="false" />
			<line number="1090"  hits="1"  branch="false" />
			<line number="1091"  hits="1"  branch="false" />
			<line number="1101"  hits="1"  branch="false" />
			<line number="1104"  hits="1"  branch="false" />
			<line number="1106"  hits="4"  branch="true"  condition-coverage="50% (1/2)" />
			<line number="1107"  hits="4"  branch="false" />
			<line number="1108"  hits="4"  branch="true"  condition-coverage="50% (1/2)" />
			<line number="1109"  hits="0"  branch="false" />
			<line number="1112"  hits="4"  branch="false" />
			<line number="1115"  hits="1"  branch="false" />
			<line number="1116"  hits="25"  branch="false" />
			<line number="1118"  hits="25"  branch="true"  condition-coverage="50% (1/2)" />
			<line number="1119"  hits="0"  branch="false" />
			<line number="1121"  hits="25"  branch="true"  condition-coverage="50% (1/2)" />
			<line number="1123"  hits="25"  branch="false" />
			<line number="1125"  hits="0"  branch="true"  condition-coverage="0% (0/2)" />
			<line number="1127"  hits="0"  branch="false" />
			<line number="1133"  hits="0"  branch="false" />
			<line number="1136"  hits="1"  branch="false" />
			<line number="1137"  hits="24"  branch="false" />
			<line number="1138"  hits="24"  branch="true"  condition-coverage="50% (1/2)" />
			<line number="1139"  hits="0"  branch="false" />
			<line number="1141"  hits="24"  branch="false" />
			<line number="1142"  hits="24"  branch="true"  condition-coverage="50% (2/4)" />
			<line number="1143"  hits="0"  branch="false" />
			<line number="1145"  hits="24"  branch="false" />
			<line number="1148"  hits="1"  branch="false" />
			<line number="1149"  hits="12"  branch="false" />
			<line number="1150"  hits="12"  branch="true"  condition-coverage="50% (1/2)" />
			<line number="1151"  hits="0"  branch="false" />
			<line number="1153"  hits="12"  branch="true"  condition-coverage="100% (2/2)" />
			<line number="1154"  hits="8"  branch="false" />
			<line number="1156"  hits="4"  branch="false" />
			<line number="1159"  hits="1"  branch="false" />
			<line number="1160"  hits="4"  branch="true"  condition-coverage="50% (1/2)" />
			<line number="1161"  hits="0"  branch="false" />
			<line number="1164"  hits="4"  branch="true"  condition-coverage="75% (3/4)" />
			<line number="1165"  hits="0"  branch="false" />
			<line number="1168"  hits="4"  branch="true"  condition-coverage="50% (1/2)" />
			<line number="1169"  hits="0"  branch="false" />
			<line number="1172"  hits="4"  branch="false" />
			<line number="1173"  hits="4"  branch="true"  condition-coverage="50% (1/2)" />
			<line number="1174"  hits="0"  branch="false" />
			<line number="1177"  hits="4"  branch="false" />
			<line number="1178"  hits="4"  branch="true"  condition-coverage="50% (1/2)" />
			<line number="1179"  hits="0"  branch="false" />
			<line number="1182"  hits="4"  branch="false" />
			<line number="1183"  hits="4"  branch="true"  condition-coverage="75% (3/4)" />
			<line number="1184"  hits="0"  branch="false" />
			<line number="1187"  hits="4"  branch="false" />
			<line number="1190"  hits="1"  branch="false" />
			<line number="1191"  hits="1"  branch="false" />
			<line number="1192"  hits="1"  branch="false" />
			<line number="1204"  hits="1"  branch="false" />
			<line number="1207"  hits="1"  branch="false" />
			<line number="1208"  hits="10024"  branch="false" />
			<line number="1210"  hits="10024"  branch="true"  condition-coverage="75% (3/4)" />
			<line number="1212"  hits="0"  branch="false" />
			<line number="1221"  hits="10024"  branch="false" />
			<line number="1224"  hits="1"  branch="false" />
			<line number="1225"  hits="5"  branch="false" />
			<line number="1226"  hits="5"  branch="false" />
			<line number="1232"  hits="1"  branch="false" />
			<line number="1233"  hits="2"  branch="false" />
			<line number="1234"  hits="2"  branch="true"  condition-coverage="100% (5/5)" />
			<line number="1235"  hits="1"  branch="false" />
			<line number="1237"  hits="1"  branch="false" />
			<line number="1239"  hits="1"  branch="true"  condition-coverage="100% (5/5)" />
			<line number="1247"  hits="1"  branch="false" />
			<line number="1248"  hits="10021"  branch="false" />
			<line number="1249"  hits="10021"  branch="true"  condition-coverage="100% (5/5)" />
			<line number="1250"  hits="10018"  branch="false" />
			<line number="1252"  hits="3"  branch="false" />
			<line number="1253"  hits="3"  branch="true"  condition-coverage="100% (5/5)" />
			<line number="1261"  hits="1"  branch="false" />
			<line number="1262"  hits="1"  branch="false" />
			<line number="1263"  hits="1"  branch="false" />
			<line number="1264"  hits="1"  branch="false" />
			<line number="1274"  hits="1"  branch="false" />
			<line number="1277"  hits="1"  branch="false" />
			<line number="1278"  hits="10011"  branch="true"  condition-coverage="100% (5/5)" />
			<line number="1279"  hits="10010"  branch="false" />
			<line number="1282"  hits="1"  branch="false" />
			<line number="1283"  hits="1"  branch="true"  condition-coverage="80% (4/5)" />
			<line number="1284"  hits="0"  branch="false" />
			<line number="1287"  hits="1"  branch="false" />
			<line number="1288"  hits="1"  branch="false" />
			<line number="1289"  hits="1"  branch="false" />
			<line number="1291"  hits="1"  branch="true"  condition-coverage="50% (1/2)" />
			<line number="1292"  hits="1"  branch="false" />
			<line number="1293"  hits="0"  branch="true"  condition-coverage="0% (0/4)" />
			<line number="1294"  hits="0"  branch="false" />
			<line number="1297"  hits="1"  branch="true"  condition-coverage="50% (1/2)" />
			<line number="1298"  hits="1"  branch="false" />
			<line number="1299"  hits="0"  branch="true"  condition-coverage="0% (0/4)" />
			<line number="1300"  hits="0"  branch="false" />
			<line number="1303"  hits="1"  branch="false" />
			<line number="1305"  hits="1"  branch="false" />
			<line number="1308"  hits="1"  branch="false" />
			<line number="1309"  hits="2"  branch="true"  condition-coverage="100% (3/3)" />
			<line number="1314"  hits="1"  branch="false" />
			<line number="1315"  hits="10"  branch="true"  condition-coverage="100% (3/3)" />
			<line number="1320"  hits="1"  branch="false" />
			<line number="1321"  hits="8"  branch="false" />
			<line number="1324"  hits="1"  branch="false" />
			<line number="1325"  hits="1"  branch="false" />
			<line number="1326"  hits="1"  branch="false" />
			<line number="1327"  hits="1"  branch="false" />
			<line number="1330"  hits="1"  branch="false" />
			<line number="1336"  hits="1"  branch="false" />
			<line number="1340"  hits="1"  branch="false" />
			<line number="1341"  hits="1"  branch="false" />
			<line number="1342"  hits="1"  branch="false" />
			<line number="1346"  hits="0"  branch="false" />
			<line number="1348"  hits="1"  branch="true"  condition-coverage="50% (1/2)" />
			<line number="1361"  hits="1"  branch="false" />
			<line number="1362"  hits="1"  branch="false" />
			<line number="1363"  hits="1"  branch="false" />
			<line number="1365"  hits="0"  branch="false" />
			<line number="1368"  hits="1"  branch="false" />
			<line number="1369"  hits="1"  branch="false" />
			<line number="1370"  hits="1"  branch="false" />
			<line number="1372"  hits="0"  branch="false" />
			<line number="1375"  hits="1"  branch="false" />
			<line number="1376"  hits="1"  branch="false" />
			<line number="1377"  hits="1"  branch="false" />
			<line number="1378"  hits="1"  branch="false" />
			<line number="1379"  hits="1"  branch="false" />
			<line number="1380"  hits="1"  branch="false" />
			<line number="1381"  hits="1"  branch="false" />
			<line number="1383"  hits="1"  branch="true"  condition-coverage="100% (3/3)" />
			<line number="1385"  hits="1"  branch="false" />
			<line number="1388"  hits="1"  branch="false" />
			<line number="1389"  hits="0"  branch="false" />
			<line number="1393"  hits="1"  branch="false" />
			<line number="1411"  hits="1"  branch="false" />
			<line number="1412"  hits="12"  branch="true"  condition-coverage="100% (2/2)" />
			<line number="1413"  hits="1"  branch="false" />
			<line number="1418"  hits="11"  branch="true"  condition-coverage="75% (3/4)" />
			<line number="1419"  hits="0"  branch="false" />
			<line number="1422"  hits="11"  branch="false" />
			<line number="1423"  hits="11"  branch="true"  condition-coverage="100% (2/2)" />
			<line number="1426"  hits="1"  branch="false" />
			<line number="1427"  hits="10011"  branch="false" />
			<line number="1430"  hits="1"  branch="false" />
			<line number="1431"  hits="2"  branch="false" />
			<line number="1434"  hits="1"  branch="false" />
			<line number="1435"  hits="2"  branch="false" />
			<line number="1438"  hits="1"  branch="false" />
			<line number="1439"  hits="8"  branch="false" />
			<line number="1447"  hits="1"  branch="false" />
			<line number="1448"  hits="0"  branch="false" />
			<line number="1449"  hits="0"  branch="false" />
			<line number="1450"  hits="0"  branch="false" />
			<line number="1457"  hits="1"  branch="false" />
			<line number="1458"  hits="0"  branch="false" />
			<line number="1459"  hits="0"  branch="false" />
			<line number="1460"  hits="0"  branch="false" />
			<line number="1467"  hits="1"  branch="false" />
			<line number="1468"  hits="0"  branch="false" />
			<line number="1469"  hits="0"  branch="false" />
			<line number="1470"  hits="0"  branch="false" />
			<line number="1476"  hits="1"  branch="false" />
			<line number="1480"  hits="1"  branch="false" />
			<line number="1483"  hits="1"  branch="false" />
			<line number="1484"  hits="1"  branch="false" />
			<line number="1509"  hits="1"  branch="false" />
			<line number="1512"  hits="1"  branch="false" />
			<line number="1518"  hits="1"  branch="false" />
			<line number="1519"  hits="9"  branch="false" />
			<line number="1520"  hits="9"  branch="false" />
			<line number="1521"  hits="9"  branch="false" />
			<line number="1524"  hits="1"  branch="false" />
			<line number="1525"  hits="4"  branch="true"  condition-coverage="100% (2/2)" />
			<line number="1528"  hits="1"  branch="false" />
			<line number="1529"  hits="4"  branch="false" />
			<line number="1532"  hits="1"  branch="false" />
			<line number="1533"  hits="10"  branch="false" />
			<line number="1536"  hits="1"  branch="false" />
			<line number="1537"  hits="0"  branch="false" />
			<line number="1540"  hits="1"  branch="false" />
			<line number="1541"  hits="0"  branch="true"  condition-coverage="0% (0/2)" />
			<line number="1544"  hits="1"  branch="false" />
			<line number="1545"  hits="0"  branch="true"  condition-coverage="0% (0/2)" />
			<line number="1548"  hits="1"  branch="false" />
			<line number="1549"  hits="6"  branch="true"  condition-coverage="50% (1/2)" />
			<line number="1552"  hits="1"  branch="false" />
			<line number="1553"  hits="20018"  branch="true"  condition-coverage="100% (2/2)" />
			<line number="1556"  hits="1"  branch="false" />
			<line number="1557"  hits="10"  branch="false" />
			<line number="1560"  hits="1"  branch="false" />
			<line number="1561"  hits="10005"  branch="true"  condition-coverage="100% (2/2)" />
			<line number="1564"  hits="1"  branch="false" />
			<line number="1565"  hits="10005"  branch="false" />
			<line number="1568"  hits="1"  branch="false" />
			<line number="1569"  hits="9"  branch="true"  condition-coverage="100% (2/2)" />
			<line number="1571"  hits="2"  branch="false" />
			<line number="1574"  hits="9"  branch="false" />
			<line number="1578"  hits="1"  branch="false" />
			<line number="1580"  hits="7"  branch="true"  condition-coverage="100% (2/2)" />
			<line number="1583"  hits="1"  branch="true"  condition-coverage="100% (2/2)" />
			<line number="1586"  hits="1"  branch="true"  condition-coverage="100% (2/2)" />
			<line number="1613"  hits="1"  branch="false" />
			<line number="1616"  hits="1"  branch="false" />
			<line number="1617"  hits="10009"  branch="false" />
			<line number="1620"  hits="10009"  branch="true"  condition-coverage="100% (4/4)" />
			<line number="1621"  hits="10005"  branch="true"  condition-coverage="100% (2/2)" />
			<line number="1622"  hits="10003"  branch="false" />
			<line number="1626"  hits="6"  branch="true"  condition-coverage="50% (1/2)" />
			<line number="1627"  hits="6"  branch="false" />
			<line number="1629"  hits="0"  branch="true"  condition-coverage="0% (0/2)" />
			<line number="1630"  hits="0"  branch="false" />
			<line number="1632"  hits="0"  branch="true"  condition-coverage="0% (0/2)" />
			<line number="1633"  hits="0"  branch="false" />
			<line number="1636"  hits="0"  branch="false" />
			<line number="1641"  hits="1"  branch="false" />
			<line number="1642"  hits="10009"  branch="false" />
			<line number="1643"  hits="20018"  branch="true"  condition-coverage="50% (1/2)" />
			<line number="1644"  hits="20018"  branch="true"  condition-coverage="50% (1/2)" />
			<line number="1650"  hits="1"  branch="false" />
			<line number="1651"  hits="5"  branch="false" />
			<line number="1653"  hits="5"  branch="false" />
			<line number="1654"  hits="5"  branch="false" />
			<line number="1655"  hits="5"  branch="false" />
			<line number="1656"  hits="5"  branch="false" />
			<line number="1660"  hits="1"  branch="false" />
			<line number="1661"  hits="0"  branch="false" />
			<line number="1667"  hits="1"  branch="false" />
			<line number="1668"  hits="20048"  branch="false" />
			<line number="1671"  hits="1"  branch="false" />
			<line number="1672"  hits="0"  branch="false" />
			<line number="1677"  hits="1"  branch="false" />
			<line number="1678"  hits="0"  branch="false" />
			<line number="1686"  hits="1"  branch="false" />
			<line number="1687"  hits="8"  branch="false" />
			<line number="1688"  hits="8"  branch="false" />
			<line number="1689"  hits="8"  branch="false" />
			<line number="1692"  hits="1"  branch="false" />
			<line number="1693"  hits="0"  branch="false" />
			<line number="1694"  hits="0"  branch="false" />
			<line number="1700"  hits="1"  branch="false" />
			<line number="1702"  hits="10009"  branch="false" />
			<line number="1704"  hits="10009"  branch="false" />
			<line number="1717"  hits="1"  branch="false" />
			<line number="1718"  hits="8"  branch="false" />
			<line number="1720"  hits="8"  branch="false" />
			<line number="1721"  hits="20018"  branch="false" />
			<line number="1732"  hits="1"  branch="false" />
			<line number="1733"  hits="0"  branch="false" />
			<line number="1735"  hits="0"  branch="false" />
			<line number="1736"  hits="0"  branch="false" />
			<line number="1743"  hits="1"  branch="false" />
			<line number="1744"  hits="0"  branch="false" />
			<line number="1750"  hits="1"  branch="false" />
			<line number="1751"  hits="0"  branch="false" />
			<line number="1752"  hits="0"  branch="false" />
			<line number="1753"  hits="0"  branch="false" />
			<line number="1754"  hits="0"  branch="true"  condition-coverage="0% (0/2)" />
			<line number="1770"  hits="1"  branch="false" />
			<line number="1771"  hits="4"  branch="false" />
			<line number="1773"  hits="4"  branch="false" />
			<line number="1774"  hits="4"  branch="false" />
			<line number="1778"  hits="4"  branch="false" />
			<line number="1779"  hits="4"  branch="true"  condition-coverage="50% (1/2)" />
			<line number="1781"  hits="4"  branch="false" />
			<line number="1787"  hits="1"  branch="false" />
			<line number="1788"  hits="0"  branch="false" />
			<line number="1790"  hits="0"  branch="false" />
			<line number="1791"  hits="0"  branch="false" />
			<line number="1794"  hits="0"  branch="false" />
			<line number="1795"  hits="0"  branch="false" />
			<line number="1801"  hits="1"  branch="false" />
			<line number="1802"  hits="4"  branch="false" />
			<line number="1804"  hits="4"  branch="false" />
			<line number="1805"  hits="4"  branch="false" />
			<line number="1808"  hits="4"  branch="false" />
			<line number="1809"  hits="4"  branch="false" />
			<line number="1812"  hits="1"  branch="false" />
			<line number="1813"  hits="0"  branch="false" />
			<line number="1821"  hits="0"  branch="true"  condition-coverage="0% (0/2)" />
			<line number="1822"  hits="0"  branch="false" />
			<line number="1825"  hits="0"  branch="false" />
			<line number="1828"  hits="1"  branch="false" />
			<line number="1829"  hits="5"  branch="true"  condition-coverage="100% (2/2)" />
			<line number="1831"  hits="5"  branch="true"  condition-coverage="50% (1/2)" />
			<line number="1832"  hits="0"  branch="false" />
			<line number="1835"  hits="5"  branch="true"  condition-coverage="50% (1/2)" />
			<line number="1836"  hits="0"  branch="false" />
			<line number="1839"  hits="5"  branch="false" />
			<line number="1841"  hits="5"  branch="false" />
			<line number="1845"  hits="110004"  branch="true"  condition-coverage="69.23076923076923% (18/26)" />
			<line number="1849"  hits="1"  branch="false" />
			<line number="1852"  hits="1"  branch="false" />
			<line number="1853"  hits="4"  branch="false" />
			<line number="1855"  hits="4"  branch="false" />
			<line number="1856"  hits="4"  branch="true"  condition-coverage="50% (1/2)" />
			<line number="1858"  hits="4"  branch="false" />
			<line number="1859"  hits="4"  branch="false" />
			<line number="1860"  hits="4"  branch="false" />
			<line number="1862"  hits="4"  branch="false" />
			<line number="1869"  hits="4"  branch="false" />
			<line number="1872"  hits="1"  branch="false" />
			<line number="1873"  hits="4"  branch="true"  condition-coverage="50% (1/2)" />
			<line number="1874"  hits="0"  branch="false" />
			<line number="1877"  hits="4"  branch="false" />
			<line number="1878"  hits="4"  branch="true"  condition-coverage="50% (1/2)" />
			<line number="1879"  hits="4"  branch="true"  condition-coverage="50% (1/2)" />
			<line number="1881"  hits="4"  branch="false" />
			<line number="1882"  hits="10009"  branch="false" />
			<line number="1885"  hits="4"  branch="false" />
			<line number="1886"  hits="6"  branch="false" />
			<line number="1887"  hits="6"  branch="false" />
			<line number="1888"  hits="6"  branch="false" />
			<line number="1890"  hits="6"  branch="true"  condition-coverage="50% (2/4)" />
			<line number="1891"  hits="6"  branch="true"  condition-coverage="50% (1/2)" />
			<line number="1895"  hits="4"  branch="false" />
			<line number="1896"  hits="4"  branch="false" />
			<line number="1899"  hits="4"  branch="false" />
			<line number="1901"  hits="4"  branch="false" />
			<line number="1903"  hits="4"  branch="false" />
			<line number="1904"  hits="2"  branch="false" />
			<line number="1906"  hits="2"  branch="false" />
			<line number="1911"  hits="4"  branch="false" />
			<line number="1914"  hits="4"  branch="false" />
			<line number="1917"  hits="1"  branch="false" />
			<line number="1918"  hits="0"  branch="false" />
			<line number="1925"  hits="1"  branch="false" />
			<line number="1926"  hits="7"  branch="true"  condition-coverage="100% (2/2)" />
			<line number="1927"  hits="1"  branch="false" />
			<line number="1928"  hits="1"  branch="false" />
			<line number="1930"  hits="7"  branch="false" />
			<line number="1931"  hits="7"  branch="false" />
			<line number="1932"  hits="110004"  branch="false" />
			<line number="1939"  hits="1"  branch="false" />
			<line number="1940"  hits="2"  branch="false" />
			<line number="1948"  hits="1"  branch="false" />
			<line number="1949"  hits="0"  branch="false" />
			<line number="1952"  hits="1"  branch="false" />
			<line number="1953"  hits="4"  branch="true"  condition-coverage="100% (2/2)" />
			<line number="1955"  hits="4"  branch="true"  condition-coverage="50% (1/2)" />
			<line number="1956"  hits="0"  branch="false" />
			<line number="1959"  hits="4"  branch="true"  condition-coverage="50% (1/2)" />
			<line number="1960"  hits="0"  branch="false" />
			<line number="1963"  hits="4"  branch="false" />
			<line number="1965"  hits="4"  branch="false" />
			<line number="1973"  hits="1"  branch="false" />
			<line number="1976"  hits="1"  branch="false" />
			<line number="1982"  hits="1"  branch="false" />
			<line number="1983"  hits="0"  branch="true"  condition-coverage="0% (0/2)" />
			<line number="1984"  hits="0"  branch="true"  condition-coverage="0% (0/4)" />
			<line number="1985"  hits="0"  branch="false" />
			<line number="1989"  hits="0"  branch="false" />
			<line number="1992"  hits="1"  branch="false" />
			<line number="1993"  hits="0"  branch="true"  condition-coverage="0% (0/2)" />
			<line number="1994"  hits="0"  branch="false" />
			<line number="2001"  hits="1"  branch="false" />
			<line number="2002"  hits="0"  branch="false" />
			<line number="2003"  hits="0"  branch="false" />
			<line number="2004"  hits="0"  branch="false" />
			<line number="2005"  hits="0"  branch="false" />
			<line number="2007"  hits="0"  branch="false" />
			<line number="2008"  hits="0"  branch="false" />
			<line number="2009"  hits="0"  branch="false" />
			<line number="2010"  hits="0"  branch="false" />
			<line number="2013"  hits="0"  branch="false" />
			<line number="2014"  hits="0"  branch="false" />
			<line number="2015"  hits="0"  branch="false" />
			<line number="2016"  hits="0"  branch="false" />
			<line number="2017"  hits="0"  branch="false" />
			<line number="2020"  hits="0"  branch="false" />
			<line number="2022"  hits="0"  branch="false" />
			<line number="2024"  hits="0"  branch="false" />
			<line number="2026"  hits="0"  branch="false" />
			<line number="2028"  hits="0"  branch="false" />
			<line number="2029"  hits="0"  branch="true"  condition-coverage="0% (0/2)" />
			<line number="2030"  hits="0"  branch="false" />
			<line number="2033"  hits="0"  branch="false" />
			<line number="2034"  hits="0"  branch="false" />
			<line number="2037"  hits="0"  branch="false" />
			<line number="2038"  hits="0"  branch="true"  condition-coverage="0% (0/4)" />
			<line number="2039"  hits="0"  branch="false" />
			<line number="2042"  hits="0"  branch="false" />
			<line number="2045"  hits="0"  branch="false" />
			<line number="2046"  hits="0"  branch="true"  condition-coverage="0% (0/4)" />
			<line number="2047"  hits="0"  branch="false" />
			<line number="2050"  hits="0"  branch="false" />
			<line number="2051"  hits="0"  branch="false" />
			<line number="2054"  hits="0"  branch="false" />
			<line number="2055"  hits="0"  branch="false" />
			<line number="2058"  hits="0"  branch="false" />
			<line number="2059"  hits="0"  branch="false" />
			<line number="2062"  hits="0"  branch="false" />
			<line number="2063"  hits="0"  branch="false" />
			<line number="2066"  hits="0"  branch="false" />
			<line number="2067"  hits="0"  branch="false" />
			<line number="2068"  hits="0"  branch="false" />
			<line number="2070"  hits="0"  branch="false" />
			<line number="2071"  hits="0"  branch="false" />
			<line number="2072"  hits="0"  branch="false" />
			<line number="2083"  hits="1"  branch="false" />
			<line number="2084"  hits="0"  branch="true"  condition-coverage="0% (0/4)" />
			<line number="2085"  hits="0"  branch="false" />
			<line number="2088"  hits="0"  branch="false" />
			<line number="2089"  hits="0"  branch="false" />
			<line number="2092"  hits="1"  branch="false" />
			<line number="2093"  hits="0"  branch="false" />
			<line number="2095"  hits="0"  branch="false" />
			<line number="2098"  hits="1"  branch="false" />
			<line number="2099"  hits="0"  branch="false" />
			<line number="2101"  hits="0"  branch="false" />
			<line number="2102"  hits="0"  branch="false" />
			<line number="2105"  hits="0"  branch="true"  condition-coverage="0% (0/2)" />
			<line number="2106"  hits="0"  branch="false" />
			<line number="2108"  hits="0"  branch="true"  condition-coverage="0% (0/2)" />
			<line number="2109"  hits="0"  branch="false" />
			<line number="2110"  hits="0"  branch="false" />
			<line number="2112"  hits="0"  branch="true"  condition-coverage="0% (0/2)" />
			<line number="2113"  hits="0"  branch="false" />
			<line number="2116"  hits="0"  branch="false" />
			<line number="2117"  hits="0"  branch="false" />
			<line number="2118"  hits="0"  branch="false" />
			<line number="2122"  hits="1"  branch="false" />
			<line number="2123"  hits="0"  branch="true"  condition-coverage="0% (0/2)" />
			<line number="2125"  hits="0"  branch="true"  condition-coverage="0% (0/2)" />
			<line number="2126"  hits="0"  branch="false" />
			<line number="2129"  hits="0"  branch="true"  condition-coverage="0% (0/2)" />
			<line number="2130"  hits="0"  branch="false" />
			<line number="2133"  hits="0"  branch="false" />
			<line number="2135"  hits="0"  branch="false" />
			<line number="2142"  hits="1"  branch="false" />
			<line number="2159"  hits="1"  branch="false" />
			<line number="2160"  hits="0"  branch="false" />
			<line number="2161"  hits="0"  branch="false" />
			<line number="2163"  hits="0"  branch="false" />
			<line number="2164"  hits="0"  branch="false" />
			<line number="2167"  hits="0"  branch="true"  condition-coverage="0% (0/2)" />
			<line number="2169"  hits="0"  branch="false" />
			<line number="2170"  hits="0"  branch="true"  condition-coverage="0% (0/2)" />
			<line number="2171"  hits="0"  branch="false" />
			<line number="2173"  hits="0"  branch="true"  condition-coverage="0% (0/2)" />
			<line number="2174"  hits="0"  branch="false" />
			<line number="2176"  hits="0"  branch="true"  condition-coverage="0% (0/2)" />
			<line number="2177"  hits="0"  branch="false" />
			<line number="2180"  hits="0"  branch="false" />
			<line number="2181"  hits="0"  branch="false" />
			<line number="2190"  hits="1"  branch="false" />
			<line number="2198"  hits="1"  branch="false" />
			<line number="2199"  hits="0"  branch="false" />
			<line number="2203"  hits="1"  branch="false" />
			<line number="2206"  hits="1"  branch="false" />
			<line number="2207"  hits="1"  branch="false" />
			<line number="2208"  hits="1"  branch="false" />
			<line number="2211"  hits="0"  branch="false" />
			<line number="2212"  hits="0"  branch="true"  condition-coverage="0% (0/2)" />
			<line number="2213"  hits="0"  branch="false" />
			<line number="2214"  hits="0"  branch="false" />
			<line number="2218"  hits="0"  branch="false" />
			<line number="2223"  hits="1"  branch="false" />
			<line number="2224"  hits="0"  branch="true"  condition-coverage="0% (0/2)" />
			<line number="2225"  hits="0"  branch="true"  condition-coverage="0% (0/2)" />
			<line number="2226"  hits="0"  branch="false" />
			<line number="2229"  hits="0"  branch="false" />
			<line number="2232"  hits="0"  branch="false" />
			<line number="2233"  hits="0"  branch="false" />
			<line number="2236"  hits="1"  branch="false" />
			<line number="2240"  hits="1"  branch="false" />
			<line number="2242"  hits="1"  branch="false" />
			<line number="2247"  hits="1"  branch="false" />
			<line number="2248"  hits="0"  branch="false" />
			<line number="2249"  hits="0"  branch="false" />
			<line number="2258"  hits="0"  branch="false" />
			<line number="2261"  hits="1"  branch="false" />
			<line number="2264"  hits="0"  branch="false" />
			<line number="2269"  hits="1"  branch="false" />
			<line number="2270"  hits="1"  branch="true"  condition-coverage="100% (2/2)" />
			<line number="2273"  hits="1"  branch="false" />
			<line number="2274"  hits="0"  branch="true"  condition-coverage="0% (0/2)" />
			<line number="2275"  hits="0"  branch="false" />
			<line number="2277"  hits="0"  branch="false" />
			<line number="2278"  hits="0"  branch="false" />
			<line number="2281"  hits="1"  branch="false" />
			<line number="2282"  hits="1"  branch="false" />
		</lines>
		</class>
	</classes>
	</package>
</packages>
</coverage>
