<?xml version="1.0" ?>
<!DOCTYPE coverage SYSTEM "http://cobertura.sourceforge.net/xml/coverage-04.dtd">
<coverage lines-valid="1015"  lines-covered="480"  line-rate="0.4729"  branches-valid="497"  branches-covered="172"  branch-rate="0.3461"  timestamp="1405550113985" complexity="0" version="0.1">
<sources>
	<source>/home/void/workspace/twyn/vissense</source>
</sources>
<packages>
	<package name="dist"  line-rate="0.4729"  branch-rate="0.3461" >
	<classes>
		<class name="vissense.js"  filename="dist/vissense.js"  line-rate="0.4729"  branch-rate="0.3461" >
		<methods>
			<method name="(anonymous_1)"  hits="1"  signature="()V" >
				<lines><line number="5"  hits="1" /></lines>
			</method>
			<method name="(anonymous_2)"  hits="1"  signature="()V" >
				<lines><line number="5"  hits="1" /></lines>
			</method>
			<method name="e"  hits="1"  signature="()V" >
				<lines><line number="5"  hits="1" /></lines>
			</method>
			<method name="s"  hits="19"  signature="()V" >
				<lines><line number="5"  hits="19" /></lines>
			</method>
			<method name="(anonymous_5)"  hits="17"  signature="()V" >
				<lines><line number="5"  hits="17" /></lines>
			</method>
			<method name="(anonymous_6)"  hits="1"  signature="()V" >
				<lines><line number="5"  hits="1" /></lines>
			</method>
			<method name="(anonymous_7)"  hits="1"  signature="()V" >
				<lines><line number="15"  hits="1" /></lines>
			</method>
			<method name="BinaryHeap"  hits="0"  signature="()V" >
				<lines><line number="22"  hits="0" /></lines>
			</method>
			<method name="(anonymous_9)"  hits="0"  signature="()V" >
				<lines><line number="29"  hits="0" /></lines>
			</method>
			<method name="(anonymous_10)"  hits="0"  signature="()V" >
				<lines><line number="36"  hits="0" /></lines>
			</method>
			<method name="(anonymous_11)"  hits="0"  signature="()V" >
				<lines><line number="43"  hits="0" /></lines>
			</method>
			<method name="(anonymous_12)"  hits="0"  signature="()V" >
				<lines><line number="47"  hits="0" /></lines>
			</method>
			<method name="(anonymous_13)"  hits="0"  signature="()V" >
				<lines><line number="61"  hits="0" /></lines>
			</method>
			<method name="(anonymous_14)"  hits="0"  signature="()V" >
				<lines><line number="83"  hits="0" /></lines>
			</method>
			<method name="(anonymous_15)"  hits="0"  signature="()V" >
				<lines><line number="87"  hits="0" /></lines>
			</method>
			<method name="(anonymous_16)"  hits="0"  signature="()V" >
				<lines><line number="109"  hits="0" /></lines>
			</method>
			<method name="(anonymous_17)"  hits="1"  signature="()V" >
				<lines><line number="153"  hits="1" /></lines>
			</method>
			<method name="(anonymous_18)"  hits="1"  signature="()V" >
				<lines><line number="161"  hits="1" /></lines>
			</method>
			<method name="(anonymous_19)"  hits="0"  signature="()V" >
				<lines><line number="162"  hits="0" /></lines>
			</method>
			<method name="(anonymous_20)"  hits="0"  signature="()V" >
				<lines><line number="187"  hits="0" /></lines>
			</method>
			<method name="(anonymous_21)"  hits="1"  signature="()V" >
				<lines><line number="206"  hits="1" /></lines>
			</method>
			<method name="Counter"  hits="0"  signature="()V" >
				<lines><line number="216"  hits="0" /></lines>
			</method>
			<method name="(anonymous_23)"  hits="0"  signature="()V" >
				<lines><line number="221"  hits="0" /></lines>
			</method>
			<method name="(anonymous_24)"  hits="0"  signature="()V" >
				<lines><line number="230"  hits="0" /></lines>
			</method>
			<method name="(anonymous_25)"  hits="0"  signature="()V" >
				<lines><line number="239"  hits="0" /></lines>
			</method>
			<method name="(anonymous_26)"  hits="0"  signature="()V" >
				<lines><line number="243"  hits="0" /></lines>
			</method>
			<method name="(anonymous_27)"  hits="1"  signature="()V" >
				<lines><line number="247"  hits="1" /></lines>
			</method>
			<method name="Histogram"  hits="0"  signature="()V" >
				<lines><line number="256"  hits="0" /></lines>
			</method>
			<method name="(anonymous_29)"  hits="0"  signature="()V" >
				<lines><line number="269"  hits="0" /></lines>
			</method>
			<method name="(anonymous_30)"  hits="0"  signature="()V" >
				<lines><line number="280"  hits="0" /></lines>
			</method>
			<method name="(anonymous_31)"  hits="0"  signature="()V" >
				<lines><line number="297"  hits="0" /></lines>
			</method>
			<method name="(anonymous_32)"  hits="0"  signature="()V" >
				<lines><line number="309"  hits="0" /></lines>
			</method>
			<method name="(anonymous_33)"  hits="0"  signature="()V" >
				<lines><line number="313"  hits="0" /></lines>
			</method>
			<method name="(anonymous_34)"  hits="0"  signature="()V" >
				<lines><line number="313"  hits="0" /></lines>
			</method>
			<method name="(anonymous_35)"  hits="0"  signature="()V" >
				<lines><line number="333"  hits="0" /></lines>
			</method>
			<method name="(anonymous_36)"  hits="0"  signature="()V" >
				<lines><line number="337"  hits="0" /></lines>
			</method>
			<method name="(anonymous_37)"  hits="0"  signature="()V" >
				<lines><line number="341"  hits="0" /></lines>
			</method>
			<method name="(anonymous_38)"  hits="0"  signature="()V" >
				<lines><line number="345"  hits="0" /></lines>
			</method>
			<method name="(anonymous_39)"  hits="0"  signature="()V" >
				<lines><line number="349"  hits="0" /></lines>
			</method>
			<method name="(anonymous_40)"  hits="0"  signature="()V" >
				<lines><line number="367"  hits="0" /></lines>
			</method>
			<method name="(anonymous_41)"  hits="0"  signature="()V" >
				<lines><line number="368"  hits="0" /></lines>
			</method>
			<method name="(anonymous_42)"  hits="1"  signature="()V" >
				<lines><line number="371"  hits="1" /></lines>
			</method>
			<method name="(anonymous_43)"  hits="1"  signature="()V" >
				<lines><line number="379"  hits="1" /></lines>
			</method>
			<method name="Meter"  hits="0"  signature="()V" >
				<lines><line number="384"  hits="0" /></lines>
			</method>
			<method name="(anonymous_45)"  hits="0"  signature="()V" >
				<lines><line number="394"  hits="0" /></lines>
			</method>
			<method name="(anonymous_46)"  hits="0"  signature="()V" >
				<lines><line number="402"  hits="0" /></lines>
			</method>
			<method name="(anonymous_47)"  hits="0"  signature="()V" >
				<lines><line number="410"  hits="0" /></lines>
			</method>
			<method name="(anonymous_48)"  hits="0"  signature="()V" >
				<lines><line number="414"  hits="0" /></lines>
			</method>
			<method name="(anonymous_49)"  hits="0"  signature="()V" >
				<lines><line number="418"  hits="0" /></lines>
			</method>
			<method name="(anonymous_50)"  hits="0"  signature="()V" >
				<lines><line number="422"  hits="0" /></lines>
			</method>
			<method name="(anonymous_51)"  hits="0"  signature="()V" >
				<lines><line number="426"  hits="0" /></lines>
			</method>
			<method name="(anonymous_52)"  hits="0"  signature="()V" >
				<lines><line number="436"  hits="0" /></lines>
			</method>
			<method name="(anonymous_53)"  hits="1"  signature="()V" >
				<lines><line number="442"  hits="1" /></lines>
			</method>
			<method name="Timer"  hits="0"  signature="()V" >
				<lines><line number="449"  hits="0" /></lines>
			</method>
			<method name="(anonymous_55)"  hits="0"  signature="()V" >
				<lines><line number="456"  hits="0" /></lines>
			</method>
			<method name="(anonymous_56)"  hits="0"  signature="()V" >
				<lines><line number="462"  hits="0" /></lines>
			</method>
			<method name="(anonymous_57)"  hits="0"  signature="()V" >
				<lines><line number="463"  hits="0" /></lines>
			</method>
			<method name="(anonymous_58)"  hits="0"  signature="()V" >
				<lines><line number="464"  hits="0" /></lines>
			</method>
			<method name="(anonymous_59)"  hits="0"  signature="()V" >
				<lines><line number="465"  hits="0" /></lines>
			</method>
			<method name="(anonymous_60)"  hits="0"  signature="()V" >
				<lines><line number="466"  hits="0" /></lines>
			</method>
			<method name="(anonymous_61)"  hits="0"  signature="()V" >
				<lines><line number="467"  hits="0" /></lines>
			</method>
			<method name="(anonymous_62)"  hits="0"  signature="()V" >
				<lines><line number="468"  hits="0" /></lines>
			</method>
			<method name="(anonymous_63)"  hits="0"  signature="()V" >
				<lines><line number="469"  hits="0" /></lines>
			</method>
			<method name="(anonymous_64)"  hits="0"  signature="()V" >
				<lines><line number="472"  hits="0" /></lines>
			</method>
			<method name="(anonymous_65)"  hits="0"  signature="()V" >
				<lines><line number="473"  hits="0" /></lines>
			</method>
			<method name="(anonymous_66)"  hits="0"  signature="()V" >
				<lines><line number="474"  hits="0" /></lines>
			</method>
			<method name="(anonymous_67)"  hits="0"  signature="()V" >
				<lines><line number="475"  hits="0" /></lines>
			</method>
			<method name="(anonymous_68)"  hits="0"  signature="()V" >
				<lines><line number="476"  hits="0" /></lines>
			</method>
			<method name="(anonymous_69)"  hits="0"  signature="()V" >
				<lines><line number="478"  hits="0" /></lines>
			</method>
			<method name="(anonymous_70)"  hits="1"  signature="()V" >
				<lines><line number="485"  hits="1" /></lines>
			</method>
			<method name="(anonymous_71)"  hits="0"  signature="()V" >
				<lines><line number="490"  hits="0" /></lines>
			</method>
			<method name="(anonymous_72)"  hits="0"  signature="()V" >
				<lines><line number="501"  hits="0" /></lines>
			</method>
			<method name="(anonymous_73)"  hits="0"  signature="()V" >
				<lines><line number="505"  hits="0" /></lines>
			</method>
			<method name="(anonymous_74)"  hits="0"  signature="()V" >
				<lines><line number="516"  hits="0" /></lines>
			</method>
			<method name="(anonymous_75)"  hits="0"  signature="()V" >
				<lines><line number="522"  hits="0" /></lines>
			</method>
			<method name="(anonymous_76)"  hits="1"  signature="()V" >
				<lines><line number="533"  hits="1" /></lines>
			</method>
			<method name="ExponentiallyDecayingSample"  hits="0"  signature="()V" >
				<lines><line number="542"  hits="0" /></lines>
			</method>
			<method name="(anonymous_78)"  hits="0"  signature="()V" >
				<lines><line number="551"  hits="0" /></lines>
			</method>
			<method name="(anonymous_79)"  hits="0"  signature="()V" >
				<lines><line number="560"  hits="0" /></lines>
			</method>
			<method name="(anonymous_80)"  hits="0"  signature="()V" >
				<lines><line number="564"  hits="0" /></lines>
			</method>
			<method name="(anonymous_81)"  hits="0"  signature="()V" >
				<lines><line number="565"  hits="0" /></lines>
			</method>
			<method name="(anonymous_82)"  hits="0"  signature="()V" >
				<lines><line number="568"  hits="0" /></lines>
			</method>
			<method name="(anonymous_83)"  hits="0"  signature="()V" >
				<lines><line number="572"  hits="0" /></lines>
			</method>
			<method name="(anonymous_84)"  hits="0"  signature="()V" >
				<lines><line number="576"  hits="0" /></lines>
			</method>
			<method name="(anonymous_85)"  hits="0"  signature="()V" >
				<lines><line number="586"  hits="0" /></lines>
			</method>
			<method name="(anonymous_86)"  hits="0"  signature="()V" >
				<lines><line number="611"  hits="0" /></lines>
			</method>
			<method name="(anonymous_87)"  hits="0"  signature="()V" >
				<lines><line number="616"  hits="0" /></lines>
			</method>
			<method name="(anonymous_88)"  hits="1"  signature="()V" >
				<lines><line number="630"  hits="1" /></lines>
			</method>
			<method name="ExponentiallyWeightedMovingAverage"  hits="0"  signature="()V" >
				<lines><line number="642"  hits="0" /></lines>
			</method>
			<method name="(anonymous_90)"  hits="0"  signature="()V" >
				<lines><line number="650"  hits="0" /></lines>
			</method>
			<method name="(anonymous_91)"  hits="0"  signature="()V" >
				<lines><line number="659"  hits="0" /></lines>
			</method>
			<method name="(anonymous_92)"  hits="0"  signature="()V" >
				<lines><line number="666"  hits="0" /></lines>
			</method>
			<method name="(anonymous_93)"  hits="0"  signature="()V" >
				<lines><line number="681"  hits="0" /></lines>
			</method>
			<method name="(anonymous_94)"  hits="0"  signature="()V" >
				<lines><line number="685"  hits="0" /></lines>
			</method>
			<method name="(anonymous_95)"  hits="0"  signature="()V" >
				<lines><line number="689"  hits="0" /></lines>
			</method>
			<method name="(anonymous_96)"  hits="0"  signature="()V" >
				<lines><line number="690"  hits="0" /></lines>
			</method>
			<method name="(anonymous_97)"  hits="0"  signature="()V" >
				<lines><line number="691"  hits="0" /></lines>
			</method>
			<method name="(anonymous_98)"  hits="1"  signature="()V" >
				<lines><line number="693"  hits="1" /></lines>
			</method>
			<method name="Sample"  hits="0"  signature="()V" >
				<lines><line number="694"  hits="0" /></lines>
			</method>
			<method name="Sample"  hits="2"  signature="()V" >
				<lines><line number="698"  hits="2" /></lines>
			</method>
			<method name="(anonymous_101)"  hits="0"  signature="()V" >
				<lines><line number="699"  hits="0" /></lines>
			</method>
			<method name="(anonymous_102)"  hits="0"  signature="()V" >
				<lines><line number="700"  hits="0" /></lines>
			</method>
			<method name="(anonymous_103)"  hits="0"  signature="()V" >
				<lines><line number="701"  hits="0" /></lines>
			</method>
			<method name="(anonymous_104)"  hits="0"  signature="()V" >
				<lines><line number="702"  hits="0" /></lines>
			</method>
			<method name="(anonymous_105)"  hits="0"  signature="()V" >
				<lines><line number="703"  hits="0" /></lines>
			</method>
			<method name="(anonymous_106)"  hits="0"  signature="()V" >
				<lines><line number="704"  hits="0" /></lines>
			</method>
			<method name="(anonymous_107)"  hits="1"  signature="()V" >
				<lines><line number="707"  hits="1" /></lines>
			</method>
			<method name="UniformSample"  hits="0"  signature="()V" >
				<lines><line number="714"  hits="0" /></lines>
			</method>
			<method name="(anonymous_109)"  hits="0"  signature="()V" >
				<lines><line number="722"  hits="0" /></lines>
			</method>
			<method name="(anonymous_110)"  hits="1"  signature="()V" >
				<lines><line number="744"  hits="1" /></lines>
			</method>
			<method name="(anonymous_111)"  hits="0"  signature="()V" >
				<lines><line number="766"  hits="0" /></lines>
			</method>
			<method name="(anonymous_112)"  hits="0"  signature="()V" >
				<lines><line number="773"  hits="0" /></lines>
			</method>
			<method name="(anonymous_113)"  hits="0"  signature="()V" >
				<lines><line number="796"  hits="0" /></lines>
			</method>
			<method name="(anonymous_114)"  hits="0"  signature="()V" >
				<lines><line number="813"  hits="0" /></lines>
			</method>
			<method name="(anonymous_115)"  hits="0"  signature="()V" >
				<lines><line number="829"  hits="0" /></lines>
			</method>
			<method name="(anonymous_116)"  hits="0"  signature="()V" >
				<lines><line number="838"  hits="0" /></lines>
			</method>
			<method name="(anonymous_117)"  hits="0"  signature="()V" >
				<lines><line number="854"  hits="0" /></lines>
			</method>
			<method name="(anonymous_118)"  hits="0"  signature="()V" >
				<lines><line number="870"  hits="0" /></lines>
			</method>
			<method name="(anonymous_119)"  hits="1"  signature="()V" >
				<lines><line number="884"  hits="1" /></lines>
			</method>
			<method name="(anonymous_120)"  hits="0"  signature="()V" >
				<lines><line number="896"  hits="0" /></lines>
			</method>
			<method name="(anonymous_121)"  hits="0"  signature="()V" >
				<lines><line number="905"  hits="0" /></lines>
			</method>
			<method name="(anonymous_122)"  hits="0"  signature="()V" >
				<lines><line number="915"  hits="0" /></lines>
			</method>
			<method name="(anonymous_123)"  hits="1"  signature="()V" >
				<lines><line number="936"  hits="1" /></lines>
			</method>
			<method name="(anonymous_124)"  hits="0"  signature="()V" >
				<lines><line number="942"  hits="0" /></lines>
			</method>
			<method name="(anonymous_125)"  hits="0"  signature="()V" >
				<lines><line number="956"  hits="0" /></lines>
			</method>
			<method name="(anonymous_126)"  hits="1"  signature="()V" >
				<lines><line number="982"  hits="1" /></lines>
			</method>
			<method name="_window"  hits="34"  signature="()V" >
				<lines><line number="985"  hits="34" /></lines>
			</method>
			<method name="fireIf"  hits="20"  signature="()V" >
				<lines><line number="993"  hits="20" /></lines>
			</method>
			<method name="(anonymous_129)"  hits="20030"  signature="()V" >
				<lines><line number="994"  hits="20030" /></lines>
			</method>
			<method name="(anonymous_130)"  hits="1"  signature="()V" >
				<lines><line number="1008"  hits="1" /></lines>
			</method>
			<method name="extend"  hits="1"  signature="()V" >
				<lines><line number="1013"  hits="1" /></lines>
			</method>
			<method name="noop"  hits="0"  signature="()V" >
				<lines><line number="1026"  hits="0" /></lines>
			</method>
			<method name="identity"  hits="0"  signature="()V" >
				<lines><line number="1029"  hits="0" /></lines>
			</method>
			<method name="now"  hits="1"  signature="()V" >
				<lines><line number="1033"  hits="1" /></lines>
			</method>
			<method name="defer"  hits="6"  signature="()V" >
				<lines><line number="1037"  hits="6" /></lines>
			</method>
			<method name="(anonymous_136)"  hits="4"  signature="()V" >
				<lines><line number="1038"  hits="4" /></lines>
			</method>
			<method name="isObject"  hits="0"  signature="()V" >
				<lines><line number="1043"  hits="0" /></lines>
			</method>
			<method name="defaults"  hits="0"  signature="()V" >
				<lines><line number="1047"  hits="0" /></lines>
			</method>
			<method name="(anonymous_139)"  hits="1"  signature="()V" >
				<lines><line number="1071"  hits="1" /></lines>
			</method>
			<method name="isPageVisibilityAPIAvailable"  hits="1"  signature="()V" >
				<lines><line number="1077"  hits="1" /></lines>
			</method>
			<method name="isPageVisible"  hits="13"  signature="()V" >
				<lines><line number="1081"  hits="13" /></lines>
			</method>
			<method name="onPageVisibilityChange"  hits="4"  signature="()V" >
				<lines><line number="1085"  hits="4" /></lines>
			</method>
			<method name="(anonymous_143)"  hits="1"  signature="()V" >
				<lines><line number="1103"  hits="1" /></lines>
			</method>
			<method name="_isVisibleByOffsetParentCheck"  hits="4"  signature="()V" >
				<lines><line number="1106"  hits="4" /></lines>
			</method>
			<method name="_findEffectiveStyle"  hits="25"  signature="()V" >
				<lines><line number="1117"  hits="25" /></lines>
			</method>
			<method name="_findEffectiveStyleProperty"  hits="24"  signature="()V" >
				<lines><line number="1138"  hits="24" /></lines>
			</method>
			<method name="_isDisplayed"  hits="12"  signature="()V" >
				<lines><line number="1150"  hits="12" /></lines>
			</method>
			<method name="isVisibleByStyling"  hits="4"  signature="()V" >
				<lines><line number="1161"  hits="4" /></lines>
			</method>
			<method name="(anonymous_149)"  hits="1"  signature="()V" >
				<lines><line number="1206"  hits="1" /></lines>
			</method>
			<method name="_getBoundingClientRect"  hits="10024"  signature="()V" >
				<lines><line number="1209"  hits="10024" /></lines>
			</method>
			<method name="viewport"  hits="5"  signature="()V" >
				<lines><line number="1226"  hits="5" /></lines>
			</method>
			<method name="isFullyInViewport"  hits="2"  signature="()V" >
				<lines><line number="1234"  hits="2" /></lines>
			</method>
			<method name="isInViewport"  hits="10021"  signature="()V" >
				<lines><line number="1249"  hits="10021" /></lines>
			</method>
			<method name="(anonymous_154)"  hits="1"  signature="()V" >
				<lines><line number="1276"  hits="1" /></lines>
			</method>
			<method name="percentage"  hits="10011"  signature="()V" >
				<lines><line number="1279"  hits="10011" /></lines>
			</method>
			<method name="isFullyVisible"  hits="2"  signature="()V" >
				<lines><line number="1310"  hits="2" /></lines>
			</method>
			<method name="isVisible"  hits="10"  signature="()V" >
				<lines><line number="1316"  hits="10" /></lines>
			</method>
			<method name="isHidden"  hits="8"  signature="()V" >
				<lines><line number="1322"  hits="8" /></lines>
			</method>
			<method name="(anonymous_159)"  hits="1"  signature="()V" >
				<lines><line number="1332"  hits="1" /></lines>
			</method>
			<method name="(anonymous_160)"  hits="1"  signature="()V" >
				<lines><line number="1338"  hits="1" /></lines>
			</method>
			<method name="getIEVersion"  hits="1"  signature="()V" >
				<lines><line number="1342"  hits="1" /></lines>
			</method>
			<method name="isDomPresent"  hits="1"  signature="()V" >
				<lines><line number="1363"  hits="1" /></lines>
			</method>
			<method name="canReadStyle"  hits="1"  signature="()V" >
				<lines><line number="1370"  hits="1" /></lines>
			</method>
			<method name="(anonymous_164)"  hits="0"  signature="()V" >
				<lines><line number="1390"  hits="0" /></lines>
			</method>
			<method name="(anonymous_165)"  hits="1"  signature="()V" >
				<lines><line number="1395"  hits="1" /></lines>
			</method>
			<method name="VisSense"  hits="12"  signature="()V" >
				<lines><line number="1413"  hits="12" /></lines>
			</method>
			<method name="(anonymous_167)"  hits="10011"  signature="()V" >
				<lines><line number="1428"  hits="10011" /></lines>
			</method>
			<method name="(anonymous_168)"  hits="2"  signature="()V" >
				<lines><line number="1432"  hits="2" /></lines>
			</method>
			<method name="(anonymous_169)"  hits="2"  signature="()V" >
				<lines><line number="1436"  hits="2" /></lines>
			</method>
			<method name="(anonymous_170)"  hits="8"  signature="()V" >
				<lines><line number="1440"  hits="8" /></lines>
			</method>
			<method name="(anonymous_171)"  hits="0"  signature="()V" >
				<lines><line number="1449"  hits="0" /></lines>
			</method>
			<method name="(anonymous_172)"  hits="0"  signature="()V" >
				<lines><line number="1451"  hits="0" /></lines>
			</method>
			<method name="(anonymous_173)"  hits="0"  signature="()V" >
				<lines><line number="1459"  hits="0" /></lines>
			</method>
			<method name="(anonymous_174)"  hits="0"  signature="()V" >
				<lines><line number="1461"  hits="0" /></lines>
			</method>
			<method name="(anonymous_175)"  hits="0"  signature="()V" >
				<lines><line number="1469"  hits="0" /></lines>
			</method>
			<method name="(anonymous_176)"  hits="0"  signature="()V" >
				<lines><line number="1471"  hits="0" /></lines>
			</method>
			<method name="(anonymous_177)"  hits="1"  signature="()V" >
				<lines><line number="1511"  hits="1" /></lines>
			</method>
			<method name="VisState"  hits="9"  signature="()V" >
				<lines><line number="1520"  hits="9" /></lines>
			</method>
			<method name="(anonymous_179)"  hits="4"  signature="()V" >
				<lines><line number="1526"  hits="4" /></lines>
			</method>
			<method name="(anonymous_180)"  hits="4"  signature="()V" >
				<lines><line number="1530"  hits="4" /></lines>
			</method>
			<method name="(anonymous_181)"  hits="10"  signature="()V" >
				<lines><line number="1534"  hits="10" /></lines>
			</method>
			<method name="(anonymous_182)"  hits="0"  signature="()V" >
				<lines><line number="1538"  hits="0" /></lines>
			</method>
			<method name="(anonymous_183)"  hits="0"  signature="()V" >
				<lines><line number="1542"  hits="0" /></lines>
			</method>
			<method name="(anonymous_184)"  hits="0"  signature="()V" >
				<lines><line number="1546"  hits="0" /></lines>
			</method>
			<method name="(anonymous_185)"  hits="6"  signature="()V" >
				<lines><line number="1550"  hits="6" /></lines>
			</method>
			<method name="(anonymous_186)"  hits="20018"  signature="()V" >
				<lines><line number="1554"  hits="20018" /></lines>
			</method>
			<method name="(anonymous_187)"  hits="10"  signature="()V" >
				<lines><line number="1558"  hits="10" /></lines>
			</method>
			<method name="(anonymous_188)"  hits="10005"  signature="()V" >
				<lines><line number="1562"  hits="10005" /></lines>
			</method>
			<method name="(anonymous_189)"  hits="10005"  signature="()V" >
				<lines><line number="1566"  hits="10005" /></lines>
			</method>
			<method name="state"  hits="9"  signature="()V" >
				<lines><line number="1570"  hits="9" /></lines>
			</method>
			<method name="(anonymous_191)"  hits="7"  signature="()V" >
				<lines><line number="1581"  hits="7" /></lines>
			</method>
			<method name="(anonymous_192)"  hits="1"  signature="()V" >
				<lines><line number="1584"  hits="1" /></lines>
			</method>
			<method name="(anonymous_193)"  hits="1"  signature="()V" >
				<lines><line number="1587"  hits="1" /></lines>
			</method>
			<method name="(anonymous_194)"  hits="1"  signature="()V" >
				<lines><line number="1615"  hits="1" /></lines>
			</method>
			<method name="nextState"  hits="10009"  signature="()V" >
				<lines><line number="1618"  hits="10009" /></lines>
			</method>
			<method name="fireListeners"  hits="10009"  signature="()V" >
				<lines><line number="1643"  hits="10009" /></lines>
			</method>
			<method name="VisMon"  hits="5"  signature="()V" >
				<lines><line number="1652"  hits="5" /></lines>
			</method>
			<method name="(anonymous_198)"  hits="0"  signature="()V" >
				<lines><line number="1662"  hits="0" /></lines>
			</method>
			<method name="(anonymous_199)"  hits="20048"  signature="()V" >
				<lines><line number="1669"  hits="20048" /></lines>
			</method>
			<method name="(anonymous_200)"  hits="0"  signature="()V" >
				<lines><line number="1673"  hits="0" /></lines>
			</method>
			<method name="(anonymous_201)"  hits="0"  signature="()V" >
				<lines><line number="1679"  hits="0" /></lines>
			</method>
			<method name="(anonymous_202)"  hits="8"  signature="()V" >
				<lines><line number="1688"  hits="8" /></lines>
			</method>
			<method name="(anonymous_203)"  hits="0"  signature="()V" >
				<lines><line number="1694"  hits="0" /></lines>
			</method>
			<method name="(anonymous_204)"  hits="10009"  signature="()V" >
				<lines><line number="1702"  hits="10009" /></lines>
			</method>
			<method name="(anonymous_205)"  hits="8"  signature="()V" >
				<lines><line number="1719"  hits="8" /></lines>
			</method>
			<method name="(anonymous_206)"  hits="20018"  signature="()V" >
				<lines><line number="1722"  hits="20018" /></lines>
			</method>
			<method name="(anonymous_207)"  hits="0"  signature="()V" >
				<lines><line number="1734"  hits="0" /></lines>
			</method>
			<method name="(anonymous_208)"  hits="0"  signature="()V" >
				<lines><line number="1737"  hits="0" /></lines>
			</method>
			<method name="(anonymous_209)"  hits="0"  signature="()V" >
				<lines><line number="1745"  hits="0" /></lines>
			</method>
			<method name="(anonymous_210)"  hits="0"  signature="()V" >
				<lines><line number="1752"  hits="0" /></lines>
			</method>
			<method name="(anonymous_211)"  hits="0"  signature="()V" >
				<lines><line number="1754"  hits="0" /></lines>
			</method>
			<method name="(anonymous_212)"  hits="4"  signature="()V" >
				<lines><line number="1772"  hits="4" /></lines>
			</method>
			<method name="(anonymous_213)"  hits="4"  signature="()V" >
				<lines><line number="1775"  hits="4" /></lines>
			</method>
			<method name="(anonymous_214)"  hits="4"  signature="()V" >
				<lines><line number="1780"  hits="4" /></lines>
			</method>
			<method name="(anonymous_215)"  hits="0"  signature="()V" >
				<lines><line number="1789"  hits="0" /></lines>
			</method>
			<method name="(anonymous_216)"  hits="0"  signature="()V" >
				<lines><line number="1792"  hits="0" /></lines>
			</method>
			<method name="(anonymous_217)"  hits="4"  signature="()V" >
				<lines><line number="1803"  hits="4" /></lines>
			</method>
			<method name="(anonymous_218)"  hits="4"  signature="()V" >
				<lines><line number="1806"  hits="4" /></lines>
			</method>
			<method name="(anonymous_219)"  hits="0"  signature="()V" >
				<lines><line number="1814"  hits="0" /></lines>
			</method>
			<method name="(anonymous_220)"  hits="5"  signature="()V" >
				<lines><line number="1830"  hits="5" /></lines>
			</method>
			<method name="(anonymous_221)"  hits="1"  signature="()V" >
				<lines><line number="1847"  hits="1" /></lines>
			</method>
			<method name="cancel"  hits="6"  signature="()V" >
				<lines><line number="1847"  hits="6" /></lines>
			</method>
			<method name="run"  hits="10"  signature="()V" >
				<lines><line number="1847"  hits="10" /></lines>
			</method>
			<method name="(anonymous_224)"  hits="110004"  signature="()V" >
				<lines><line number="1847"  hits="110004" /></lines>
			</method>
			<method name="(anonymous_225)"  hits="0"  signature="()V" >
				<lines><line number="1847"  hits="0" /></lines>
			</method>
			<method name="(anonymous_226)"  hits="2"  signature="()V" >
				<lines><line number="1847"  hits="2" /></lines>
			</method>
			<method name="Again"  hits="8"  signature="()V" >
				<lines><line number="1847"  hits="8" /></lines>
			</method>
			<method name="(anonymous_228)"  hits="0"  signature="()V" >
				<lines><line number="1847"  hits="0" /></lines>
			</method>
			<method name="(anonymous_229)"  hits="0"  signature="()V" >
				<lines><line number="1847"  hits="0" /></lines>
			</method>
			<method name="(anonymous_230)"  hits="6"  signature="()V" >
				<lines><line number="1847"  hits="6" /></lines>
			</method>
			<method name="(anonymous_231)"  hits="7"  signature="()V" >
				<lines><line number="1847"  hits="7" /></lines>
			</method>
			<method name="(anonymous_232)"  hits="2"  signature="()V" >
				<lines><line number="1847"  hits="2" /></lines>
			</method>
			<method name="(anonymous_233)"  hits="0"  signature="()V" >
				<lines><line number="1847"  hits="0" /></lines>
			</method>
			<method name="(anonymous_234)"  hits="11"  signature="()V" >
				<lines><line number="1847"  hits="11" /></lines>
			</method>
			<method name="(anonymous_235)"  hits="6"  signature="()V" >
				<lines><line number="1847"  hits="6" /></lines>
			</method>
			<method name="(anonymous_236)"  hits="1"  signature="()V" >
				<lines><line number="1851"  hits="1" /></lines>
			</method>
			<method name="VisTimer"  hits="4"  signature="()V" >
				<lines><line number="1854"  hits="4" /></lines>
			</method>
			<method name="(anonymous_238)"  hits="4"  signature="()V" >
				<lines><line number="1874"  hits="4" /></lines>
			</method>
			<method name="init"  hits="4"  signature="()V" >
				<lines><line number="1879"  hits="4" /></lines>
			</method>
			<method name="(anonymous_240)"  hits="10009"  signature="()V" >
				<lines><line number="1883"  hits="10009" /></lines>
			</method>
			<method name="(anonymous_241)"  hits="6"  signature="()V" >
				<lines><line number="1887"  hits="6" /></lines>
			</method>
			<method name="(anonymous_242)"  hits="2"  signature="()V" >
				<lines><line number="1905"  hits="2" /></lines>
			</method>
			<method name="(anonymous_243)"  hits="0"  signature="()V" >
				<lines><line number="1919"  hits="0" /></lines>
			</method>
			<method name="(anonymous_244)"  hits="7"  signature="()V" >
				<lines><line number="1927"  hits="7" /></lines>
			</method>
			<method name="(anonymous_245)"  hits="110004"  signature="()V" >
				<lines><line number="1933"  hits="110004" /></lines>
			</method>
			<method name="(anonymous_246)"  hits="2"  signature="()V" >
				<lines><line number="1941"  hits="2" /></lines>
			</method>
			<method name="(anonymous_247)"  hits="0"  signature="()V" >
				<lines><line number="1950"  hits="0" /></lines>
			</method>
			<method name="(anonymous_248)"  hits="4"  signature="()V" >
				<lines><line number="1954"  hits="4" /></lines>
			</method>
			<method name="(anonymous_249)"  hits="1"  signature="()V" >
				<lines><line number="1974"  hits="1" /></lines>
			</method>
			<method name="now"  hits="0"  signature="()V" >
				<lines><line number="1979"  hits="0" /></lines>
			</method>
			<method name="(anonymous_251)"  hits="1"  signature="()V" >
				<lines><line number="1985"  hits="1" /></lines>
			</method>
			<method name="(anonymous_252)"  hits="1"  signature="()V" >
				<lines><line number="1998"  hits="1" /></lines>
			</method>
			<method name="(anonymous_253)"  hits="1"  signature="()V" >
				<lines><line number="1999"  hits="1" /></lines>
			</method>
			<method name="(anonymous_254)"  hits="0"  signature="()V" >
				<lines><line number="2000"  hits="0" /></lines>
			</method>
			<method name="StopWatch"  hits="0"  signature="()V" >
				<lines><line number="2005"  hits="0" /></lines>
			</method>
			<method name="(anonymous_256)"  hits="0"  signature="()V" >
				<lines><line number="2016"  hits="0" /></lines>
			</method>
			<method name="(anonymous_257)"  hits="0"  signature="()V" >
				<lines><line number="2021"  hits="0" /></lines>
			</method>
			<method name="(anonymous_258)"  hits="0"  signature="()V" >
				<lines><line number="2025"  hits="0" /></lines>
			</method>
			<method name="(anonymous_259)"  hits="0"  signature="()V" >
				<lines><line number="2028"  hits="0" /></lines>
			</method>
			<method name="(anonymous_260)"  hits="0"  signature="()V" >
				<lines><line number="2032"  hits="0" /></lines>
			</method>
			<method name="(anonymous_261)"  hits="0"  signature="()V" >
				<lines><line number="2040"  hits="0" /></lines>
			</method>
			<method name="(anonymous_262)"  hits="0"  signature="()V" >
				<lines><line number="2053"  hits="0" /></lines>
			</method>
			<method name="(anonymous_263)"  hits="0"  signature="()V" >
				<lines><line number="2060"  hits="0" /></lines>
			</method>
			<method name="(anonymous_264)"  hits="0"  signature="()V" >
				<lines><line number="2069"  hits="0" /></lines>
			</method>
			<method name="(anonymous_265)"  hits="0"  signature="()V" >
				<lines><line number="2076"  hits="0" /></lines>
			</method>
			<method name="(anonymous_266)"  hits="1"  signature="()V" >
				<lines><line number="2084"  hits="1" /></lines>
			</method>
			<method name="(anonymous_267)"  hits="0"  signature="()V" >
				<lines><line number="2093"  hits="0" /></lines>
			</method>
			<method name="fireIfPositive"  hits="0"  signature="()V" >
				<lines><line number="2103"  hits="0" /></lines>
			</method>
			<method name="VisMetrics"  hits="0"  signature="()V" >
				<lines><line number="2112"  hits="0" /></lines>
			</method>
			<method name="(anonymous_270)"  hits="0"  signature="()V" >
				<lines><line number="2139"  hits="0" /></lines>
			</method>
			<method name="(anonymous_271)"  hits="0"  signature="()V" >
				<lines><line number="2148"  hits="0" /></lines>
			</method>
			<method name="(anonymous_272)"  hits="0"  signature="()V" >
				<lines><line number="2156"  hits="0" /></lines>
			</method>
			<method name="(anonymous_273)"  hits="0"  signature="()V" >
				<lines><line number="2165"  hits="0" /></lines>
			</method>
			<method name="(anonymous_274)"  hits="0"  signature="()V" >
				<lines><line number="2169"  hits="0" /></lines>
			</method>
			<method name="(anonymous_275)"  hits="0"  signature="()V" >
				<lines><line number="2173"  hits="0" /></lines>
			</method>
			<method name="(anonymous_276)"  hits="0"  signature="()V" >
				<lines><line number="2177"  hits="0" /></lines>
			</method>
			<method name="updatePercentage"  hits="0"  signature="()V" >
				<lines><line number="2194"  hits="0" /></lines>
			</method>
			<method name="updateVisibilityChanges"  hits="0"  signature="()V" >
				<lines><line number="2203"  hits="0" /></lines>
			</method>
			<method name="stopAndUpdateTimers"  hits="0"  signature="()V" >
				<lines><line number="2209"  hits="0" /></lines>
			</method>
			<method name="(anonymous_280)"  hits="0"  signature="()V" >
				<lines><line number="2213"  hits="0" /></lines>
			</method>
			<method name="(anonymous_281)"  hits="0"  signature="()V" >
				<lines><line number="2218"  hits="0" /></lines>
			</method>
			<method name="(anonymous_282)"  hits="0"  signature="()V" >
				<lines><line number="2221"  hits="0" /></lines>
			</method>
			<method name="(anonymous_283)"  hits="0"  signature="()V" >
				<lines><line number="2224"  hits="0" /></lines>
			</method>
			<method name="(anonymous_284)"  hits="0"  signature="()V" >
				<lines><line number="2230"  hits="0" /></lines>
			</method>
			<method name="(anonymous_285)"  hits="1"  signature="()V" >
				<lines><line number="2248"  hits="1" /></lines>
			</method>
			<method name="(anonymous_286)"  hits="0"  signature="()V" >
				<lines><line number="2265"  hits="0" /></lines>
			</method>
			<method name="(anonymous_287)"  hits="0"  signature="()V" >
				<lines><line number="2275"  hits="0" /></lines>
			</method>
			<method name="(anonymous_288)"  hits="0"  signature="()V" >
				<lines><line number="2286"  hits="0" /></lines>
			</method>
			<method name="(anonymous_289)"  hits="1"  signature="()V" >
				<lines><line number="2296"  hits="1" /></lines>
			</method>
			<method name="(anonymous_290)"  hits="0"  signature="()V" >
				<lines><line number="2304"  hits="0" /></lines>
			</method>
			<method name="(anonymous_291)"  hits="1"  signature="()V" >
				<lines><line number="2312"  hits="1" /></lines>
			</method>
			<method name="(anonymous_292)"  hits="1"  signature="()V" >
				<lines><line number="2316"  hits="1" /></lines>
			</method>
			<method name="(anonymous_293)"  hits="0"  signature="()V" >
				<lines><line number="2318"  hits="0" /></lines>
			</method>
			<method name="(anonymous_294)"  hits="3"  signature="()V" >
				<lines><line number="2333"  hits="3" /></lines>
			</method>
			<method name="(anonymous_295)"  hits="0"  signature="()V" >
				<lines><line number="2338"  hits="0" /></lines>
			</method>
			<method name="addEvent"  hits="3"  signature="()V" >
				<lines><line number="2347"  hits="3" /></lines>
			</method>
			<method name="(anonymous_297)"  hits="0"  signature="()V" >
				<lines><line number="2354"  hits="0" /></lines>
			</method>
			<method name="(anonymous_298)"  hits="1"  signature="()V" >
				<lines><line number="2369"  hits="1" /></lines>
			</method>
			<method name="(anonymous_299)"  hits="1"  signature="()V" >
				<lines><line number="2372"  hits="1" /></lines>
			</method>
			<method name="(anonymous_300)"  hits="0"  signature="()V" >
				<lines><line number="2375"  hits="0" /></lines>
			</method>
			<method name="(anonymous_301)"  hits="0"  signature="()V" >
				<lines><line number="2384"  hits="0" /></lines>
			</method>
			<method name="successHandler"  hits="0"  signature="()V" >
				<lines><line number="2389"  hits="0" /></lines>
			</method>
			<method name="VisClient"  hits="1"  signature="()V" >
				<lines><line number="2406"  hits="1" /></lines>
			</method>
			<method name="(anonymous_304)"  hits="0"  signature="()V" >
				<lines><line number="2413"  hits="0" /></lines>
			</method>
			<method name="(anonymous_305)"  hits="0"  signature="()V" >
				<lines><line number="2427"  hits="0" /></lines>
			</method>
			<method name="newVisClient"  hits="1"  signature="()V" >
				<lines><line number="2435"  hits="1" /></lines>
			</method>
			<method name="(anonymous_307)"  hits="0"  signature="()V" >
				<lines><line number="2439"  hits="0" /></lines>
			</method>
		</methods>
		<lines>
			<line number="5"  hits="19"  branch="true"  condition-coverage="32.142857142857146% (9/28)" />
			<line number="6"  hits="1"  branch="false" />
			<line number="9"  hits="1"  branch="false" />
			<line number="10"  hits="1"  branch="false" />
			<line number="11"  hits="1"  branch="false" />
			<line number="12"  hits="1"  branch="false" />
			<line number="13"  hits="1"  branch="false" />
			<line number="19"  hits="1"  branch="false" />
			<line number="22"  hits="1"  branch="false" />
			<line number="23"  hits="0"  branch="false" />
			<line number="24"  hits="0"  branch="false" />
			<line number="27"  hits="1"  branch="false" />
			<line number="30"  hits="0"  branch="false" />
			<line number="32"  hits="0"  branch="false" />
			<line number="33"  hits="0"  branch="false" />
			<line number="38"  hits="0"  branch="false" />
			<line number="40"  hits="0"  branch="false" />
			<line number="44"  hits="0"  branch="false" />
			<line number="49"  hits="0"  branch="false" />
			<line number="51"  hits="0"  branch="false" />
			<line number="54"  hits="0"  branch="true"  condition-coverage="0% (0/2)" />
			<line number="55"  hits="0"  branch="false" />
			<line number="56"  hits="0"  branch="false" />
			<line number="58"  hits="0"  branch="false" />
			<line number="62"  hits="0"  branch="false" />
			<line number="65"  hits="0"  branch="false" />
			<line number="66"  hits="0"  branch="true"  condition-coverage="0% (0/2)" />
			<line number="69"  hits="0"  branch="false" />
			<line number="70"  hits="0"  branch="true"  condition-coverage="0% (0/2)" />
			<line number="71"  hits="0"  branch="false" />
			<line number="72"  hits="0"  branch="true"  condition-coverage="0% (0/2)" />
			<line number="73"  hits="0"  branch="false" />
			<line number="75"  hits="0"  branch="false" />
			<line number="77"  hits="0"  branch="false" />
			<line number="80"  hits="0"  branch="false" />
			<line number="84"  hits="0"  branch="false" />
			<line number="89"  hits="0"  branch="false" />
			<line number="91"  hits="0"  branch="false" />
			<line number="93"  hits="0"  branch="false" />
			<line number="96"  hits="0"  branch="true"  condition-coverage="0% (0/2)" />
			<line number="97"  hits="0"  branch="false" />
			<line number="98"  hits="0"  branch="false" />
			<line number="100"  hits="0"  branch="false" />
			<line number="104"  hits="0"  branch="false" />
			<line number="111"  hits="0"  branch="false" />
			<line number="115"  hits="0"  branch="false" />
			<line number="117"  hits="0"  branch="false" />
			<line number="120"  hits="0"  branch="false" />
			<line number="122"  hits="0"  branch="true"  condition-coverage="0% (0/2)" />
			<line number="124"  hits="0"  branch="false" />
			<line number="127"  hits="0"  branch="true"  condition-coverage="0% (0/2)" />
			<line number="128"  hits="0"  branch="false" />
			<line number="131"  hits="0"  branch="true"  condition-coverage="0% (0/2)" />
			<line number="132"  hits="0"  branch="false" />
			<line number="134"  hits="0"  branch="true"  condition-coverage="0% (0/4)" />
			<line number="135"  hits="0"  branch="false" />
			<line number="139"  hits="0"  branch="true"  condition-coverage="0% (0/2)" />
			<line number="140"  hits="0"  branch="false" />
			<line number="141"  hits="0"  branch="false" />
			<line number="142"  hits="0"  branch="false" />
			<line number="146"  hits="0"  branch="false" />
			<line number="161"  hits="1"  branch="false" />
			<line number="162"  hits="1"  branch="false" />
			<line number="163"  hits="0"  branch="false" />
			<line number="165"  hits="0"  branch="true"  condition-coverage="0% (0/2)" />
			<line number="166"  hits="0"  branch="true"  condition-coverage="0% (0/6)" />
			<line number="174"  hits="0"  branch="true"  condition-coverage="0% (0/2)" />
			<line number="175"  hits="0"  branch="false" />
			<line number="177"  hits="0"  branch="false" />
			<line number="181"  hits="0"  branch="false" />
			<line number="187"  hits="1"  branch="false" />
			<line number="188"  hits="0"  branch="false" />
			<line number="191"  hits="0"  branch="true"  condition-coverage="0% (0/2)" />
			<line number="192"  hits="0"  branch="true"  condition-coverage="0% (0/2)" />
			<line number="193"  hits="0"  branch="false" />
			<line number="196"  hits="0"  branch="false" />
			<line number="197"  hits="0"  branch="false" />
			<line number="198"  hits="0"  branch="false" />
			<line number="199"  hits="0"  branch="false" />
			<line number="201"  hits="0"  branch="false" />
			<line number="214"  hits="1"  branch="false" />
			<line number="216"  hits="1"  branch="false" />
			<line number="217"  hits="0"  branch="false" />
			<line number="218"  hits="0"  branch="false" />
			<line number="221"  hits="1"  branch="false" />
			<line number="222"  hits="0"  branch="true"  condition-coverage="0% (0/2)" />
			<line number="223"  hits="0"  branch="false" />
			<line number="225"  hits="0"  branch="true"  condition-coverage="0% (0/2)" />
			<line number="226"  hits="0"  branch="false" />
			<line number="230"  hits="1"  branch="false" />
			<line number="231"  hits="0"  branch="true"  condition-coverage="0% (0/2)" />
			<line number="232"  hits="0"  branch="false" />
			<line number="234"  hits="0"  branch="true"  condition-coverage="0% (0/2)" />
			<line number="235"  hits="0"  branch="false" />
			<line number="239"  hits="1"  branch="false" />
			<line number="240"  hits="0"  branch="false" />
			<line number="243"  hits="1"  branch="false" />
			<line number="244"  hits="0"  branch="false" />
			<line number="248"  hits="1"  branch="false" />
			<line number="251"  hits="1"  branch="false" />
			<line number="256"  hits="1"  branch="false" />
			<line number="257"  hits="0"  branch="true"  condition-coverage="0% (0/2)" />
			<line number="258"  hits="0"  branch="false" />
			<line number="259"  hits="0"  branch="false" />
			<line number="260"  hits="0"  branch="false" />
			<line number="263"  hits="0"  branch="false" />
			<line number="264"  hits="0"  branch="false" />
			<line number="265"  hits="0"  branch="false" />
			<line number="266"  hits="0"  branch="false" />
			<line number="269"  hits="1"  branch="false" />
			<line number="270"  hits="0"  branch="false" />
			<line number="271"  hits="0"  branch="false" />
			<line number="272"  hits="0"  branch="false" />
			<line number="273"  hits="0"  branch="false" />
			<line number="274"  hits="0"  branch="false" />
			<line number="275"  hits="0"  branch="false" />
			<line number="276"  hits="0"  branch="false" />
			<line number="280"  hits="1"  branch="false" />
			<line number="281"  hits="0"  branch="false" />
			<line number="282"  hits="0"  branch="false" />
			<line number="283"  hits="0"  branch="true"  condition-coverage="0% (0/2)" />
			<line number="284"  hits="0"  branch="false" />
			<line number="286"  hits="0"  branch="true"  condition-coverage="0% (0/2)" />
			<line number="288"  hits="0"  branch="true"  condition-coverage="0% (0/2)" />
			<line number="289"  hits="0"  branch="false" />
			<line number="291"  hits="0"  branch="true"  condition-coverage="0% (0/2)" />
			<line number="293"  hits="0"  branch="true"  condition-coverage="0% (0/2)" />
			<line number="294"  hits="0"  branch="false" />
			<line number="297"  hits="1"  branch="false" />
			<line number="298"  hits="0"  branch="false" />
			<line number="300"  hits="0"  branch="true"  condition-coverage="0% (0/2)" />
			<line number="301"  hits="0"  branch="false" />
			<line number="303"  hits="0"  branch="false" />
			<line number="304"  hits="0"  branch="false" />
			<line number="309"  hits="1"  branch="false" />
			<line number="310"  hits="0"  branch="true"  condition-coverage="0% (0/2)" />
			<line number="311"  hits="0"  branch="false" />
			<line number="313"  hits="0"  branch="false" />
			<line number="319"  hits="0"  branch="false" />
			<line number="320"  hits="0"  branch="false" />
			<line number="321"  hits="0"  branch="false" />
			<line number="322"  hits="0"  branch="true"  condition-coverage="0% (0/2)" />
			<line number="323"  hits="0"  branch="true"  condition-coverage="0% (0/2)" />
			<line number="325"  hits="0"  branch="false" />
			<line number="326"  hits="0"  branch="false" />
			<line number="327"  hits="0"  branch="false" />
			<line number="330"  hits="0"  branch="false" />
			<line number="333"  hits="1"  branch="false" />
			<line number="334"  hits="0"  branch="true"  condition-coverage="0% (0/2)" />
			<line number="337"  hits="1"  branch="false" />
			<line number="338"  hits="0"  branch="true"  condition-coverage="0% (0/2)" />
			<line number="341"  hits="1"  branch="false" />
			<line number="342"  hits="0"  branch="true"  condition-coverage="0% (0/2)" />
			<line number="345"  hits="1"  branch="false" />
			<line number="346"  hits="0"  branch="false" />
			<line number="349"  hits="1"  branch="false" />
			<line number="350"  hits="0"  branch="false" />
			<line number="351"  hits="0"  branch="false" />
			<line number="367"  hits="1"  branch="true"  condition-coverage="0% (0/4)" />
			<line number="368"  hits="1"  branch="true"  condition-coverage="0% (0/2)" />
			<line number="369"  hits="1"  branch="false" />
			<line number="373"  hits="1"  branch="false" />
			<line number="374"  hits="1"  branch="false" />
			<line number="375"  hits="1"  branch="false" />
			<line number="376"  hits="1"  branch="false" />
			<line number="380"  hits="1"  branch="false" />
			<line number="384"  hits="1"  branch="false" />
			<line number="385"  hits="0"  branch="false" />
			<line number="386"  hits="0"  branch="false" />
			<line number="387"  hits="0"  branch="false" />
			<line number="388"  hits="0"  branch="false" />
			<line number="389"  hits="0"  branch="false" />
			<line number="390"  hits="0"  branch="false" />
			<line number="394"  hits="1"  branch="false" />
			<line number="395"  hits="0"  branch="true"  condition-coverage="0% (0/2)" />
			<line number="396"  hits="0"  branch="false" />
			<line number="397"  hits="0"  branch="false" />
			<line number="398"  hits="0"  branch="false" />
			<line number="399"  hits="0"  branch="false" />
			<line number="402"  hits="1"  branch="false" />
			<line number="403"  hits="0"  branch="false" />
			<line number="410"  hits="1"  branch="false" />
			<line number="411"  hits="0"  branch="false" />
			<line number="414"  hits="1"  branch="false" />
			<line number="415"  hits="0"  branch="false" />
			<line number="418"  hits="1"  branch="false" />
			<line number="419"  hits="0"  branch="false" />
			<line number="422"  hits="1"  branch="false" />
			<line number="423"  hits="0"  branch="false" />
			<line number="426"  hits="1"  branch="false" />
			<line number="427"  hits="0"  branch="false" />
			<line number="436"  hits="1"  branch="false" />
			<line number="437"  hits="0"  branch="false" />
			<line number="438"  hits="0"  branch="false" />
			<line number="439"  hits="0"  branch="false" />
			<line number="443"  hits="1"  branch="false" />
			<line number="444"  hits="1"  branch="false" />
			<line number="445"  hits="1"  branch="false" />
			<line number="449"  hits="1"  branch="false" />
			<line number="450"  hits="0"  branch="false" />
			<line number="451"  hits="0"  branch="false" />
			<line number="452"  hits="0"  branch="false" />
			<line number="453"  hits="0"  branch="false" />
			<line number="456"  hits="1"  branch="false" />
			<line number="457"  hits="0"  branch="false" />
			<line number="458"  hits="0"  branch="false" />
			<line number="462"  hits="1"  branch="false" />
			<line number="463"  hits="1"  branch="false" />
			<line number="464"  hits="1"  branch="false" />
			<line number="465"  hits="1"  branch="false" />
			<line number="466"  hits="1"  branch="false" />
			<line number="467"  hits="1"  branch="false" />
			<line number="468"  hits="1"  branch="false" />
			<line number="469"  hits="1"  branch="false" />
			<line number="472"  hits="1"  branch="false" />
			<line number="473"  hits="1"  branch="false" />
			<line number="474"  hits="1"  branch="false" />
			<line number="475"  hits="1"  branch="false" />
			<line number="476"  hits="1"  branch="false" />
			<line number="478"  hits="1"  branch="false" />
			<line number="479"  hits="0"  branch="false" />
			<line number="490"  hits="1"  branch="false" />
			<line number="491"  hits="0"  branch="false" />
			<line number="495"  hits="0"  branch="false" />
			<line number="501"  hits="1"  branch="false" />
			<line number="502"  hits="0"  branch="true"  condition-coverage="0% (0/2)" />
			<line number="505"  hits="1"  branch="false" />
			<line number="506"  hits="0"  branch="false" />
			<line number="508"  hits="0"  branch="true"  condition-coverage="0% (0/2)" />
			<line number="509"  hits="0"  branch="false" />
			<line number="511"  hits="0"  branch="true"  condition-coverage="0% (0/2)" />
			<line number="512"  hits="0"  branch="false" />
			<line number="516"  hits="1"  branch="false" />
			<line number="517"  hits="0"  branch="false" />
			<line number="518"  hits="0"  branch="true"  condition-coverage="0% (0/2)" />
			<line number="519"  hits="0"  branch="false" />
			<line number="522"  hits="1"  branch="false" />
			<line number="523"  hits="0"  branch="false" />
			<line number="524"  hits="0"  branch="false" />
			<line number="525"  hits="0"  branch="false" />
			<line number="526"  hits="0"  branch="false" />
			<line number="527"  hits="0"  branch="false" />
			<line number="530"  hits="0"  branch="false" />
			<line number="534"  hits="1"  branch="false" />
			<line number="540"  hits="1"  branch="false" />
			<line number="542"  hits="1"  branch="false" />
			<line number="543"  hits="0"  branch="false" />
			<line number="544"  hits="0"  branch="false" />
			<line number="545"  hits="0"  branch="false" />
			<line number="548"  hits="1"  branch="false" />
			<line number="551"  hits="1"  branch="false" />
			<line number="552"  hits="0"  branch="false" />
			<line number="554"  hits="0"  branch="false" />
			<line number="555"  hits="0"  branch="false" />
			<line number="557"  hits="0"  branch="false" />
			<line number="560"  hits="1"  branch="false" />
			<line number="561"  hits="0"  branch="false" />
			<line number="564"  hits="1"  branch="false" />
			<line number="565"  hits="0"  branch="false" />
			<line number="568"  hits="1"  branch="false" />
			<line number="569"  hits="0"  branch="false" />
			<line number="572"  hits="1"  branch="false" />
			<line number="573"  hits="0"  branch="false" />
			<line number="576"  hits="1"  branch="false" />
			<line number="577"  hits="0"  branch="false" />
			<line number="578"  hits="0"  branch="false" />
			<line number="579"  hits="0"  branch="false" />
			<line number="580"  hits="0"  branch="false" />
			<line number="586"  hits="1"  branch="false" />
			<line number="588"  hits="0"  branch="true"  condition-coverage="0% (0/2)" />
			<line number="589"  hits="0"  branch="false" />
			<line number="591"  hits="0"  branch="false" />
			<line number="593"  hits="0"  branch="false" />
			<line number="595"  hits="0"  branch="true"  condition-coverage="0% (0/2)" />
			<line number="596"  hits="0"  branch="false" />
			<line number="597"  hits="0"  branch="false" />
			<line number="599"  hits="0"  branch="false" />
			<line number="600"  hits="0"  branch="true"  condition-coverage="0% (0/2)" />
			<line number="601"  hits="0"  branch="false" />
			<line number="602"  hits="0"  branch="false" />
			<line number="606"  hits="0"  branch="true"  condition-coverage="0% (0/2)" />
			<line number="607"  hits="0"  branch="false" />
			<line number="611"  hits="1"  branch="false" />
			<line number="612"  hits="0"  branch="false" />
			<line number="616"  hits="1"  branch="false" />
			<line number="617"  hits="0"  branch="false" />
			<line number="618"  hits="0"  branch="false" />
			<line number="622"  hits="0"  branch="true"  condition-coverage="0% (0/3)" />
			<line number="624"  hits="0"  branch="false" />
			<line number="625"  hits="0"  branch="false" />
			<line number="627"  hits="0"  branch="false" />
			<line number="638"  hits="1"  branch="false" />
			<line number="639"  hits="1"  branch="false" />
			<line number="640"  hits="1"  branch="false" />
			<line number="642"  hits="1"  branch="false" />
			<line number="643"  hits="0"  branch="false" />
			<line number="644"  hits="0"  branch="false" />
			<line number="645"  hits="0"  branch="true"  condition-coverage="0% (0/2)" />
			<line number="646"  hits="0"  branch="false" />
			<line number="647"  hits="0"  branch="false" />
			<line number="648"  hits="0"  branch="false" />
			<line number="649"  hits="0"  branch="true"  condition-coverage="0% (0/2)" />
			<line number="650"  hits="0"  branch="false" />
			<line number="653"  hits="0"  branch="true"  condition-coverage="0% (0/4)" />
			<line number="654"  hits="0"  branch="false" />
			<line number="659"  hits="1"  branch="false" />
			<line number="660"  hits="0"  branch="true"  condition-coverage="0% (0/2)" />
			<line number="666"  hits="1"  branch="false" />
			<line number="667"  hits="0"  branch="false" />
			<line number="668"  hits="0"  branch="false" />
			<line number="670"  hits="0"  branch="true"  condition-coverage="0% (0/2)" />
			<line number="671"  hits="0"  branch="false" />
			<line number="673"  hits="0"  branch="false" />
			<line number="674"  hits="0"  branch="false" />
			<line number="681"  hits="1"  branch="false" />
			<line number="682"  hits="0"  branch="false" />
			<line number="685"  hits="1"  branch="false" />
			<line number="686"  hits="0"  branch="false" />
			<line number="689"  hits="1"  branch="false" />
			<line number="690"  hits="1"  branch="false" />
			<line number="691"  hits="1"  branch="false" />
			<line number="694"  hits="1"  branch="false" />
			<line number="695"  hits="0"  branch="false" />
			<line number="696"  hits="0"  branch="false" />
			<line number="698"  hits="1"  branch="false" />
			<line number="699"  hits="1"  branch="false" />
			<line number="700"  hits="1"  branch="false" />
			<line number="701"  hits="1"  branch="false" />
			<line number="702"  hits="1"  branch="false" />
			<line number="703"  hits="1"  branch="false" />
			<line number="704"  hits="1"  branch="false" />
			<line number="708"  hits="1"  branch="false" />
			<line number="709"  hits="1"  branch="false" />
			<line number="714"  hits="1"  branch="false" />
			<line number="715"  hits="0"  branch="false" />
			<line number="716"  hits="0"  branch="false" />
			<line number="717"  hits="0"  branch="false" />
			<line number="720"  hits="1"  branch="false" />
			<line number="722"  hits="1"  branch="false" />
			<line number="723"  hits="0"  branch="false" />
			<line number="724"  hits="0"  branch="true"  condition-coverage="0% (0/2)" />
			<line number="726"  hits="0"  branch="false" />
			<line number="728"  hits="0"  branch="false" />
			<line number="729"  hits="0"  branch="true"  condition-coverage="0% (0/2)" />
			<line number="730"  hits="0"  branch="false" />
			<line number="744"  hits="1"  branch="false" />
			<line number="747"  hits="1"  branch="false" />
			<line number="753"  hits="1"  branch="false" />
			<line number="767"  hits="0"  branch="false" />
			<line number="768"  hits="0"  branch="true"  condition-coverage="0% (0/4)" />
			<line number="769"  hits="0"  branch="false" />
			<line number="770"  hits="0"  branch="false" />
			<line number="773"  hits="0"  branch="false" />
			<line number="774"  hits="0"  branch="true"  condition-coverage="0% (0/2)" />
			<line number="775"  hits="0"  branch="false" />
			<line number="776"  hits="0"  branch="false" />
			<line number="779"  hits="0"  branch="false" />
			<line number="797"  hits="0"  branch="true"  condition-coverage="0% (0/2)" />
			<line number="798"  hits="0"  branch="false" />
			<line number="800"  hits="0"  branch="false" />
			<line number="801"  hits="0"  branch="false" />
			<line number="802"  hits="0"  branch="false" />
			<line number="803"  hits="0"  branch="false" />
			<line number="804"  hits="0"  branch="false" />
			<line number="814"  hits="0"  branch="false" />
			<line number="830"  hits="0"  branch="false" />
			<line number="831"  hits="0"  branch="false" />
			<line number="833"  hits="0"  branch="true"  condition-coverage="0% (0/4)" />
			<line number="834"  hits="0"  branch="false" />
			<line number="835"  hits="0"  branch="false" />
			<line number="838"  hits="0"  branch="false" />
			<line number="839"  hits="0"  branch="true"  condition-coverage="0% (0/2)" />
			<line number="840"  hits="0"  branch="false" />
			<line number="841"  hits="0"  branch="false" />
			<line number="844"  hits="0"  branch="false" />
			<line number="855"  hits="0"  branch="true"  condition-coverage="0% (0/2)" />
			<line number="871"  hits="0"  branch="true"  condition-coverage="0% (0/3)" />
			<line number="885"  hits="1"  branch="true"  condition-coverage="100% (2/2)" />
			<line number="897"  hits="0"  branch="false" />
			<line number="899"  hits="0"  branch="false" />
			<line number="900"  hits="0"  branch="false" />
			<line number="906"  hits="0"  branch="true"  condition-coverage="0% (0/2)" />
			<line number="907"  hits="0"  branch="false" />
			<line number="910"  hits="0"  branch="false" />
			<line number="911"  hits="0"  branch="true"  condition-coverage="0% (0/2)" />
			<line number="912"  hits="0"  branch="false" />
			<line number="915"  hits="0"  branch="false" />
			<line number="916"  hits="0"  branch="false" />
			<line number="918"  hits="0"  branch="true"  condition-coverage="0% (0/2)" />
			<line number="919"  hits="0"  branch="false" />
			<line number="921"  hits="0"  branch="false" />
			<line number="923"  hits="0"  branch="false" />
			<line number="928"  hits="1"  branch="true"  condition-coverage="50% (2/4)" />
			<line number="929"  hits="0"  branch="false" />
			<line number="931"  hits="1"  branch="false" />
			<line number="936"  hits="1"  branch="false" />
			<line number="941"  hits="1"  branch="true"  condition-coverage="50% (1/2)" />
			<line number="942"  hits="0"  branch="false" />
			<line number="943"  hits="0"  branch="false" />
			<line number="956"  hits="0"  branch="false" />
			<line number="957"  hits="0"  branch="true"  condition-coverage="0% (0/5)" />
			<line number="958"  hits="0"  branch="false" />
			<line number="961"  hits="0"  branch="false" />
			<line number="963"  hits="0"  branch="false" />
			<line number="964"  hits="0"  branch="true"  condition-coverage="0% (0/2)" />
			<line number="965"  hits="0"  branch="false" />
			<line number="969"  hits="0"  branch="true"  condition-coverage="0% (0/2)" />
			<line number="970"  hits="0"  branch="false" />
			<line number="971"  hits="0"  branch="true"  condition-coverage="0% (0/2)" />
			<line number="972"  hits="0"  branch="false" />
			<line number="976"  hits="0"  branch="false" />
			<line number="982"  hits="1"  branch="false" />
			<line number="985"  hits="1"  branch="false" />
			<line number="986"  hits="34"  branch="false" />
			<line number="987"  hits="34"  branch="true"  condition-coverage="50% (1/2)" />
			<line number="993"  hits="1"  branch="false" />
			<line number="994"  hits="20"  branch="false" />
			<line number="995"  hits="20030"  branch="true"  condition-coverage="100% (2/2)" />
			<line number="999"  hits="1"  branch="false" />
			<line number="1008"  hits="1"  branch="false" />
			<line number="1013"  hits="1"  branch="false" />
			<line number="1014"  hits="1"  branch="false" />
			<line number="1018"  hits="1"  branch="false" />
			<line number="1019"  hits="7"  branch="false" />
			<line number="1020"  hits="7"  branch="true"  condition-coverage="50% (1/2)" />
			<line number="1023"  hits="1"  branch="false" />
			<line number="1026"  hits="1"  branch="false" />
			<line number="1029"  hits="1"  branch="false" />
			<line number="1030"  hits="0"  branch="false" />
			<line number="1033"  hits="1"  branch="false" />
			<line number="1034"  hits="1"  branch="false" />
			<line number="1037"  hits="1"  branch="false" />
			<line number="1038"  hits="6"  branch="false" />
			<line number="1039"  hits="4"  branch="false" />
			<line number="1043"  hits="1"  branch="false" />
			<line number="1044"  hits="0"  branch="false" />
			<line number="1047"  hits="1"  branch="false" />
			<line number="1048"  hits="0"  branch="true"  condition-coverage="0% (0/2)" />
			<line number="1049"  hits="0"  branch="false" />
			<line number="1052"  hits="0"  branch="false" />
			<line number="1053"  hits="0"  branch="true"  condition-coverage="0% (0/2)" />
			<line number="1054"  hits="0"  branch="false" />
			<line number="1057"  hits="0"  branch="false" />
			<line number="1060"  hits="1"  branch="false" />
			<line number="1071"  hits="1"  branch="false" />
			<line number="1075"  hits="1"  branch="true"  condition-coverage="100% (4/4)" />
			<line number="1077"  hits="1"  branch="false" />
			<line number="1078"  hits="1"  branch="false" />
			<line number="1081"  hits="1"  branch="false" />
			<line number="1082"  hits="13"  branch="true"  condition-coverage="50% (1/2)" />
			<line number="1085"  hits="1"  branch="false" />
			<line number="1086"  hits="4"  branch="true"  condition-coverage="50% (1/2)" />
			<line number="1087"  hits="0"  branch="false" />
			<line number="1091"  hits="1"  branch="false" />
			<line number="1092"  hits="1"  branch="false" />
			<line number="1093"  hits="1"  branch="false" />
			<line number="1103"  hits="1"  branch="false" />
			<line number="1106"  hits="1"  branch="false" />
			<line number="1108"  hits="4"  branch="true"  condition-coverage="50% (1/2)" />
			<line number="1109"  hits="4"  branch="false" />
			<line number="1110"  hits="4"  branch="true"  condition-coverage="50% (1/2)" />
			<line number="1111"  hits="0"  branch="false" />
			<line number="1114"  hits="4"  branch="false" />
			<line number="1117"  hits="1"  branch="false" />
			<line number="1118"  hits="25"  branch="false" />
			<line number="1120"  hits="25"  branch="true"  condition-coverage="50% (1/2)" />
			<line number="1121"  hits="0"  branch="false" />
			<line number="1123"  hits="25"  branch="true"  condition-coverage="50% (1/2)" />
			<line number="1125"  hits="25"  branch="false" />
			<line number="1127"  hits="0"  branch="true"  condition-coverage="0% (0/2)" />
			<line number="1129"  hits="0"  branch="false" />
			<line number="1135"  hits="0"  branch="false" />
			<line number="1138"  hits="1"  branch="false" />
			<line number="1139"  hits="24"  branch="false" />
			<line number="1140"  hits="24"  branch="true"  condition-coverage="50% (1/2)" />
			<line number="1141"  hits="0"  branch="false" />
			<line number="1143"  hits="24"  branch="false" />
			<line number="1144"  hits="24"  branch="true"  condition-coverage="50% (2/4)" />
			<line number="1145"  hits="0"  branch="false" />
			<line number="1147"  hits="24"  branch="false" />
			<line number="1150"  hits="1"  branch="false" />
			<line number="1151"  hits="12"  branch="false" />
			<line number="1152"  hits="12"  branch="true"  condition-coverage="50% (1/2)" />
			<line number="1153"  hits="0"  branch="false" />
			<line number="1155"  hits="12"  branch="true"  condition-coverage="100% (2/2)" />
			<line number="1156"  hits="8"  branch="false" />
			<line number="1158"  hits="4"  branch="false" />
			<line number="1161"  hits="1"  branch="false" />
			<line number="1162"  hits="4"  branch="true"  condition-coverage="50% (1/2)" />
			<line number="1163"  hits="0"  branch="false" />
			<line number="1166"  hits="4"  branch="true"  condition-coverage="75% (3/4)" />
			<line number="1167"  hits="0"  branch="false" />
			<line number="1170"  hits="4"  branch="true"  condition-coverage="50% (1/2)" />
			<line number="1171"  hits="0"  branch="false" />
			<line number="1174"  hits="4"  branch="false" />
			<line number="1175"  hits="4"  branch="true"  condition-coverage="50% (1/2)" />
			<line number="1176"  hits="0"  branch="false" />
			<line number="1179"  hits="4"  branch="false" />
			<line number="1180"  hits="4"  branch="true"  condition-coverage="50% (1/2)" />
			<line number="1181"  hits="0"  branch="false" />
			<line number="1184"  hits="4"  branch="false" />
			<line number="1185"  hits="4"  branch="true"  condition-coverage="75% (3/4)" />
			<line number="1186"  hits="0"  branch="false" />
			<line number="1189"  hits="4"  branch="false" />
			<line number="1192"  hits="1"  branch="false" />
			<line number="1193"  hits="1"  branch="false" />
			<line number="1194"  hits="1"  branch="false" />
			<line number="1206"  hits="1"  branch="false" />
			<line number="1209"  hits="1"  branch="false" />
			<line number="1210"  hits="10024"  branch="false" />
			<line number="1212"  hits="10024"  branch="true"  condition-coverage="75% (3/4)" />
			<line number="1214"  hits="0"  branch="false" />
			<line number="1223"  hits="10024"  branch="false" />
			<line number="1226"  hits="1"  branch="false" />
			<line number="1227"  hits="5"  branch="false" />
			<line number="1228"  hits="5"  branch="false" />
			<line number="1234"  hits="1"  branch="false" />
			<line number="1235"  hits="2"  branch="false" />
			<line number="1236"  hits="2"  branch="true"  condition-coverage="100% (5/5)" />
			<line number="1237"  hits="1"  branch="false" />
			<line number="1239"  hits="1"  branch="false" />
			<line number="1241"  hits="1"  branch="true"  condition-coverage="100% (5/5)" />
			<line number="1249"  hits="1"  branch="false" />
			<line number="1250"  hits="10021"  branch="false" />
			<line number="1251"  hits="10021"  branch="true"  condition-coverage="100% (5/5)" />
			<line number="1252"  hits="10018"  branch="false" />
			<line number="1254"  hits="3"  branch="false" />
			<line number="1255"  hits="3"  branch="true"  condition-coverage="100% (5/5)" />
			<line number="1263"  hits="1"  branch="false" />
			<line number="1264"  hits="1"  branch="false" />
			<line number="1265"  hits="1"  branch="false" />
			<line number="1266"  hits="1"  branch="false" />
			<line number="1276"  hits="1"  branch="false" />
			<line number="1279"  hits="1"  branch="false" />
			<line number="1280"  hits="10011"  branch="true"  condition-coverage="100% (5/5)" />
			<line number="1281"  hits="10010"  branch="false" />
			<line number="1284"  hits="1"  branch="false" />
			<line number="1285"  hits="1"  branch="true"  condition-coverage="80% (4/5)" />
			<line number="1286"  hits="0"  branch="false" />
			<line number="1289"  hits="1"  branch="false" />
			<line number="1290"  hits="1"  branch="false" />
			<line number="1291"  hits="1"  branch="false" />
			<line number="1293"  hits="1"  branch="true"  condition-coverage="50% (1/2)" />
			<line number="1294"  hits="1"  branch="false" />
			<line number="1295"  hits="0"  branch="true"  condition-coverage="0% (0/4)" />
			<line number="1296"  hits="0"  branch="false" />
			<line number="1299"  hits="1"  branch="true"  condition-coverage="50% (1/2)" />
			<line number="1300"  hits="1"  branch="false" />
			<line number="1301"  hits="0"  branch="true"  condition-coverage="0% (0/4)" />
			<line number="1302"  hits="0"  branch="false" />
			<line number="1305"  hits="1"  branch="false" />
			<line number="1307"  hits="1"  branch="false" />
			<line number="1310"  hits="1"  branch="false" />
			<line number="1311"  hits="2"  branch="true"  condition-coverage="100% (3/3)" />
			<line number="1316"  hits="1"  branch="false" />
			<line number="1317"  hits="10"  branch="true"  condition-coverage="100% (3/3)" />
			<line number="1322"  hits="1"  branch="false" />
			<line number="1323"  hits="8"  branch="false" />
			<line number="1326"  hits="1"  branch="false" />
			<line number="1327"  hits="1"  branch="false" />
			<line number="1328"  hits="1"  branch="false" />
			<line number="1329"  hits="1"  branch="false" />
			<line number="1332"  hits="1"  branch="false" />
			<line number="1338"  hits="1"  branch="false" />
			<line number="1342"  hits="1"  branch="false" />
			<line number="1343"  hits="1"  branch="false" />
			<line number="1344"  hits="1"  branch="false" />
			<line number="1348"  hits="0"  branch="false" />
			<line number="1350"  hits="1"  branch="true"  condition-coverage="50% (1/2)" />
			<line number="1363"  hits="1"  branch="false" />
			<line number="1364"  hits="1"  branch="false" />
			<line number="1365"  hits="1"  branch="false" />
			<line number="1367"  hits="0"  branch="false" />
			<line number="1370"  hits="1"  branch="false" />
			<line number="1371"  hits="1"  branch="false" />
			<line number="1372"  hits="1"  branch="false" />
			<line number="1374"  hits="0"  branch="false" />
			<line number="1377"  hits="1"  branch="false" />
			<line number="1378"  hits="1"  branch="false" />
			<line number="1379"  hits="1"  branch="false" />
			<line number="1380"  hits="1"  branch="false" />
			<line number="1381"  hits="1"  branch="false" />
			<line number="1382"  hits="1"  branch="false" />
			<line number="1383"  hits="1"  branch="false" />
			<line number="1385"  hits="1"  branch="true"  condition-coverage="100% (3/3)" />
			<line number="1387"  hits="1"  branch="false" />
			<line number="1390"  hits="1"  branch="false" />
			<line number="1391"  hits="0"  branch="false" />
			<line number="1395"  hits="1"  branch="false" />
			<line number="1413"  hits="1"  branch="false" />
			<line number="1414"  hits="12"  branch="true"  condition-coverage="100% (2/2)" />
			<line number="1415"  hits="1"  branch="false" />
			<line number="1420"  hits="11"  branch="true"  condition-coverage="75% (3/4)" />
			<line number="1421"  hits="0"  branch="false" />
			<line number="1424"  hits="11"  branch="false" />
			<line number="1425"  hits="11"  branch="true"  condition-coverage="100% (2/2)" />
			<line number="1428"  hits="1"  branch="false" />
			<line number="1429"  hits="10011"  branch="false" />
			<line number="1432"  hits="1"  branch="false" />
			<line number="1433"  hits="2"  branch="false" />
			<line number="1436"  hits="1"  branch="false" />
			<line number="1437"  hits="2"  branch="false" />
			<line number="1440"  hits="1"  branch="false" />
			<line number="1441"  hits="8"  branch="false" />
			<line number="1449"  hits="1"  branch="false" />
			<line number="1450"  hits="0"  branch="false" />
			<line number="1451"  hits="0"  branch="false" />
			<line number="1452"  hits="0"  branch="false" />
			<line number="1459"  hits="1"  branch="false" />
			<line number="1460"  hits="0"  branch="false" />
			<line number="1461"  hits="0"  branch="false" />
			<line number="1462"  hits="0"  branch="false" />
			<line number="1469"  hits="1"  branch="false" />
			<line number="1470"  hits="0"  branch="false" />
			<line number="1471"  hits="0"  branch="false" />
			<line number="1472"  hits="0"  branch="false" />
			<line number="1478"  hits="1"  branch="false" />
			<line number="1482"  hits="1"  branch="false" />
			<line number="1485"  hits="1"  branch="false" />
			<line number="1486"  hits="1"  branch="false" />
			<line number="1511"  hits="1"  branch="false" />
			<line number="1514"  hits="1"  branch="false" />
			<line number="1520"  hits="1"  branch="false" />
			<line number="1521"  hits="9"  branch="false" />
			<line number="1522"  hits="9"  branch="false" />
			<line number="1523"  hits="9"  branch="false" />
			<line number="1526"  hits="1"  branch="false" />
			<line number="1527"  hits="4"  branch="true"  condition-coverage="100% (2/2)" />
			<line number="1530"  hits="1"  branch="false" />
			<line number="1531"  hits="4"  branch="false" />
			<line number="1534"  hits="1"  branch="false" />
			<line number="1535"  hits="10"  branch="false" />
			<line number="1538"  hits="1"  branch="false" />
			<line number="1539"  hits="0"  branch="false" />
			<line number="1542"  hits="1"  branch="false" />
			<line number="1543"  hits="0"  branch="true"  condition-coverage="0% (0/2)" />
			<line number="1546"  hits="1"  branch="false" />
			<line number="1547"  hits="0"  branch="true"  condition-coverage="0% (0/2)" />
			<line number="1550"  hits="1"  branch="false" />
			<line number="1551"  hits="6"  branch="true"  condition-coverage="50% (1/2)" />
			<line number="1554"  hits="1"  branch="false" />
			<line number="1555"  hits="20018"  branch="true"  condition-coverage="100% (2/2)" />
			<line number="1558"  hits="1"  branch="false" />
			<line number="1559"  hits="10"  branch="false" />
			<line number="1562"  hits="1"  branch="false" />
			<line number="1563"  hits="10005"  branch="true"  condition-coverage="100% (2/2)" />
			<line number="1566"  hits="1"  branch="false" />
			<line number="1567"  hits="10005"  branch="false" />
			<line number="1570"  hits="1"  branch="false" />
			<line number="1571"  hits="9"  branch="true"  condition-coverage="100% (2/2)" />
			<line number="1573"  hits="2"  branch="false" />
			<line number="1576"  hits="9"  branch="false" />
			<line number="1580"  hits="1"  branch="false" />
			<line number="1582"  hits="7"  branch="true"  condition-coverage="100% (2/2)" />
			<line number="1585"  hits="1"  branch="true"  condition-coverage="100% (2/2)" />
			<line number="1588"  hits="1"  branch="true"  condition-coverage="100% (2/2)" />
			<line number="1615"  hits="1"  branch="false" />
			<line number="1618"  hits="1"  branch="false" />
			<line number="1619"  hits="10009"  branch="false" />
			<line number="1622"  hits="10009"  branch="true"  condition-coverage="100% (4/4)" />
			<line number="1623"  hits="10005"  branch="true"  condition-coverage="100% (2/2)" />
			<line number="1624"  hits="10003"  branch="false" />
			<line number="1628"  hits="6"  branch="true"  condition-coverage="50% (1/2)" />
			<line number="1629"  hits="6"  branch="false" />
			<line number="1631"  hits="0"  branch="true"  condition-coverage="0% (0/2)" />
			<line number="1632"  hits="0"  branch="false" />
			<line number="1634"  hits="0"  branch="true"  condition-coverage="0% (0/2)" />
			<line number="1635"  hits="0"  branch="false" />
			<line number="1638"  hits="0"  branch="false" />
			<line number="1643"  hits="1"  branch="false" />
			<line number="1644"  hits="10009"  branch="false" />
			<line number="1645"  hits="20018"  branch="true"  condition-coverage="50% (1/2)" />
			<line number="1646"  hits="20018"  branch="true"  condition-coverage="50% (1/2)" />
			<line number="1652"  hits="1"  branch="false" />
			<line number="1653"  hits="5"  branch="false" />
			<line number="1655"  hits="5"  branch="false" />
			<line number="1656"  hits="5"  branch="false" />
			<line number="1657"  hits="5"  branch="false" />
			<line number="1658"  hits="5"  branch="false" />
			<line number="1662"  hits="1"  branch="false" />
			<line number="1663"  hits="0"  branch="false" />
			<line number="1669"  hits="1"  branch="false" />
			<line number="1670"  hits="20048"  branch="false" />
			<line number="1673"  hits="1"  branch="false" />
			<line number="1674"  hits="0"  branch="false" />
			<line number="1679"  hits="1"  branch="false" />
			<line number="1680"  hits="0"  branch="false" />
			<line number="1688"  hits="1"  branch="false" />
			<line number="1689"  hits="8"  branch="false" />
			<line number="1690"  hits="8"  branch="false" />
			<line number="1691"  hits="8"  branch="false" />
			<line number="1694"  hits="1"  branch="false" />
			<line number="1695"  hits="0"  branch="false" />
			<line number="1696"  hits="0"  branch="false" />
			<line number="1702"  hits="1"  branch="false" />
			<line number="1704"  hits="10009"  branch="false" />
			<line number="1706"  hits="10009"  branch="false" />
			<line number="1719"  hits="1"  branch="false" />
			<line number="1720"  hits="8"  branch="false" />
			<line number="1722"  hits="8"  branch="false" />
			<line number="1723"  hits="20018"  branch="false" />
			<line number="1734"  hits="1"  branch="false" />
			<line number="1735"  hits="0"  branch="false" />
			<line number="1737"  hits="0"  branch="false" />
			<line number="1738"  hits="0"  branch="false" />
			<line number="1745"  hits="1"  branch="false" />
			<line number="1746"  hits="0"  branch="false" />
			<line number="1752"  hits="1"  branch="false" />
			<line number="1753"  hits="0"  branch="false" />
			<line number="1754"  hits="0"  branch="false" />
			<line number="1755"  hits="0"  branch="false" />
			<line number="1756"  hits="0"  branch="true"  condition-coverage="0% (0/2)" />
			<line number="1772"  hits="1"  branch="false" />
			<line number="1773"  hits="4"  branch="false" />
			<line number="1775"  hits="4"  branch="false" />
			<line number="1776"  hits="4"  branch="false" />
			<line number="1780"  hits="4"  branch="false" />
			<line number="1781"  hits="4"  branch="true"  condition-coverage="50% (1/2)" />
			<line number="1783"  hits="4"  branch="false" />
			<line number="1789"  hits="1"  branch="false" />
			<line number="1790"  hits="0"  branch="false" />
			<line number="1792"  hits="0"  branch="false" />
			<line number="1793"  hits="0"  branch="false" />
			<line number="1796"  hits="0"  branch="false" />
			<line number="1797"  hits="0"  branch="false" />
			<line number="1803"  hits="1"  branch="false" />
			<line number="1804"  hits="4"  branch="false" />
			<line number="1806"  hits="4"  branch="false" />
			<line number="1807"  hits="4"  branch="false" />
			<line number="1810"  hits="4"  branch="false" />
			<line number="1811"  hits="4"  branch="false" />
			<line number="1814"  hits="1"  branch="false" />
			<line number="1815"  hits="0"  branch="false" />
			<line number="1823"  hits="0"  branch="true"  condition-coverage="0% (0/2)" />
			<line number="1824"  hits="0"  branch="false" />
			<line number="1827"  hits="0"  branch="false" />
			<line number="1830"  hits="1"  branch="false" />
			<line number="1831"  hits="5"  branch="true"  condition-coverage="100% (2/2)" />
			<line number="1833"  hits="5"  branch="true"  condition-coverage="50% (1/2)" />
			<line number="1834"  hits="0"  branch="false" />
			<line number="1837"  hits="5"  branch="true"  condition-coverage="50% (1/2)" />
			<line number="1838"  hits="0"  branch="false" />
			<line number="1841"  hits="5"  branch="false" />
			<line number="1843"  hits="5"  branch="false" />
			<line number="1847"  hits="110004"  branch="true"  condition-coverage="69.23076923076923% (18/26)" />
			<line number="1851"  hits="1"  branch="false" />
			<line number="1854"  hits="1"  branch="false" />
			<line number="1855"  hits="4"  branch="false" />
			<line number="1857"  hits="4"  branch="false" />
			<line number="1858"  hits="4"  branch="true"  condition-coverage="50% (1/2)" />
			<line number="1860"  hits="4"  branch="false" />
			<line number="1861"  hits="4"  branch="false" />
			<line number="1862"  hits="4"  branch="false" />
			<line number="1864"  hits="4"  branch="false" />
			<line number="1871"  hits="4"  branch="false" />
			<line number="1874"  hits="1"  branch="false" />
			<line number="1875"  hits="4"  branch="true"  condition-coverage="50% (1/2)" />
			<line number="1876"  hits="0"  branch="false" />
			<line number="1879"  hits="4"  branch="false" />
			<line number="1880"  hits="4"  branch="true"  condition-coverage="50% (1/2)" />
			<line number="1881"  hits="4"  branch="true"  condition-coverage="50% (1/2)" />
			<line number="1883"  hits="4"  branch="false" />
			<line number="1884"  hits="10009"  branch="false" />
			<line number="1887"  hits="4"  branch="false" />
			<line number="1888"  hits="6"  branch="false" />
			<line number="1889"  hits="6"  branch="false" />
			<line number="1890"  hits="6"  branch="false" />
			<line number="1892"  hits="6"  branch="true"  condition-coverage="50% (2/4)" />
			<line number="1893"  hits="6"  branch="true"  condition-coverage="50% (1/2)" />
			<line number="1897"  hits="4"  branch="false" />
			<line number="1898"  hits="4"  branch="false" />
			<line number="1901"  hits="4"  branch="false" />
			<line number="1903"  hits="4"  branch="false" />
			<line number="1905"  hits="4"  branch="false" />
			<line number="1906"  hits="2"  branch="false" />
			<line number="1908"  hits="2"  branch="false" />
			<line number="1913"  hits="4"  branch="false" />
			<line number="1916"  hits="4"  branch="false" />
			<line number="1919"  hits="1"  branch="false" />
			<line number="1920"  hits="0"  branch="false" />
			<line number="1927"  hits="1"  branch="false" />
			<line number="1928"  hits="7"  branch="true"  condition-coverage="100% (2/2)" />
			<line number="1929"  hits="1"  branch="false" />
			<line number="1930"  hits="1"  branch="false" />
			<line number="1932"  hits="7"  branch="false" />
			<line number="1933"  hits="7"  branch="false" />
			<line number="1934"  hits="110004"  branch="false" />
			<line number="1941"  hits="1"  branch="false" />
			<line number="1942"  hits="2"  branch="false" />
			<line number="1950"  hits="1"  branch="false" />
			<line number="1951"  hits="0"  branch="false" />
			<line number="1954"  hits="1"  branch="false" />
			<line number="1955"  hits="4"  branch="true"  condition-coverage="100% (2/2)" />
			<line number="1957"  hits="4"  branch="true"  condition-coverage="50% (1/2)" />
			<line number="1958"  hits="0"  branch="false" />
			<line number="1961"  hits="4"  branch="true"  condition-coverage="50% (1/2)" />
			<line number="1962"  hits="0"  branch="false" />
			<line number="1965"  hits="4"  branch="false" />
			<line number="1967"  hits="4"  branch="false" />
			<line number="1974"  hits="1"  branch="false" />
			<line number="1978"  hits="1"  branch="true"  condition-coverage="50% (1/2)" />
			<line number="1979"  hits="0"  branch="false" />
			<line number="1980"  hits="0"  branch="false" />
			<line number="1985"  hits="1"  branch="false" />
			<line number="1986"  hits="1"  branch="true"  condition-coverage="50% (1/2)" />
			<line number="1987"  hits="1"  branch="true"  condition-coverage="100% (2/2)" />
			<line number="1989"  hits="1"  branch="true"  condition-coverage="100% (6/6)" />
			<line number="1998"  hits="1"  branch="false" />
			<line number="1999"  hits="1"  branch="false" />
			<line number="2000"  hits="1"  branch="false" />
			<line number="2001"  hits="0"  branch="true"  condition-coverage="0% (0/2)" />
			<line number="2005"  hits="1"  branch="false" />
			<line number="2006"  hits="0"  branch="false" />
			<line number="2008"  hits="0"  branch="false" />
			<line number="2014"  hits="0"  branch="false" />
			<line number="2016"  hits="0"  branch="false" />
			<line number="2017"  hits="0"  branch="false" />
			<line number="2018"  hits="0"  branch="true"  condition-coverage="0% (0/2)" />
			<line number="2019"  hits="0"  branch="false" />
			<line number="2021"  hits="0"  branch="false" />
			<line number="2022"  hits="0"  branch="false" />
			<line number="2025"  hits="0"  branch="false" />
			<line number="2026"  hits="0"  branch="false" />
			<line number="2028"  hits="0"  branch="false" />
			<line number="2029"  hits="0"  branch="false" />
			<line number="2032"  hits="0"  branch="false" />
			<line number="2033"  hits="0"  branch="false" />
			<line number="2034"  hits="0"  branch="true"  condition-coverage="0% (0/2)" />
			<line number="2035"  hits="0"  branch="false" />
			<line number="2037"  hits="0"  branch="false" />
			<line number="2040"  hits="0"  branch="false" />
			<line number="2041"  hits="0"  branch="true"  condition-coverage="0% (0/2)" />
			<line number="2042"  hits="0"  branch="false" />
			<line number="2044"  hits="0"  branch="true"  condition-coverage="0% (0/2)" />
			<line number="2047"  hits="0"  branch="false" />
			<line number="2053"  hits="0"  branch="false" />
			<line number="2054"  hits="0"  branch="true"  condition-coverage="0% (0/2)" />
			<line number="2060"  hits="0"  branch="false" />
			<line number="2061"  hits="0"  branch="false" />
			<line number="2062"  hits="0"  branch="true"  condition-coverage="0% (0/2)" />
			<line number="2063"  hits="0"  branch="false" />
			<line number="2065"  hits="0"  branch="false" />
			<line number="2069"  hits="1"  branch="false" />
			<line number="2070"  hits="0"  branch="false" />
			<line number="2073"  hits="1"  branch="false" />
			<line number="2076"  hits="1"  branch="false" />
			<line number="2077"  hits="0"  branch="false" />
			<line number="2084"  hits="1"  branch="false" />
			<line number="2087"  hits="1"  branch="false" />
			<line number="2093"  hits="1"  branch="false" />
			<line number="2094"  hits="0"  branch="true"  condition-coverage="0% (0/2)" />
			<line number="2095"  hits="0"  branch="true"  condition-coverage="0% (0/4)" />
			<line number="2096"  hits="0"  branch="false" />
			<line number="2100"  hits="0"  branch="false" />
			<line number="2103"  hits="1"  branch="false" />
			<line number="2104"  hits="0"  branch="true"  condition-coverage="0% (0/2)" />
			<line number="2105"  hits="0"  branch="false" />
			<line number="2112"  hits="1"  branch="false" />
			<line number="2113"  hits="0"  branch="false" />
			<line number="2114"  hits="0"  branch="false" />
			<line number="2115"  hits="0"  branch="false" />
			<line number="2116"  hits="0"  branch="false" />
			<line number="2118"  hits="0"  branch="false" />
			<line number="2119"  hits="0"  branch="false" />
			<line number="2120"  hits="0"  branch="false" />
			<line number="2121"  hits="0"  branch="false" />
			<line number="2124"  hits="0"  branch="false" />
			<line number="2125"  hits="0"  branch="false" />
			<line number="2126"  hits="0"  branch="false" />
			<line number="2127"  hits="0"  branch="false" />
			<line number="2128"  hits="0"  branch="false" />
			<line number="2131"  hits="0"  branch="false" />
			<line number="2133"  hits="0"  branch="false" />
			<line number="2135"  hits="0"  branch="false" />
			<line number="2137"  hits="0"  branch="false" />
			<line number="2139"  hits="0"  branch="false" />
			<line number="2140"  hits="0"  branch="true"  condition-coverage="0% (0/2)" />
			<line number="2141"  hits="0"  branch="false" />
			<line number="2144"  hits="0"  branch="false" />
			<line number="2145"  hits="0"  branch="false" />
			<line number="2148"  hits="0"  branch="false" />
			<line number="2149"  hits="0"  branch="true"  condition-coverage="0% (0/4)" />
			<line number="2150"  hits="0"  branch="false" />
			<line number="2153"  hits="0"  branch="false" />
			<line number="2156"  hits="0"  branch="false" />
			<line number="2157"  hits="0"  branch="true"  condition-coverage="0% (0/4)" />
			<line number="2158"  hits="0"  branch="false" />
			<line number="2161"  hits="0"  branch="false" />
			<line number="2162"  hits="0"  branch="false" />
			<line number="2165"  hits="0"  branch="false" />
			<line number="2166"  hits="0"  branch="false" />
			<line number="2169"  hits="0"  branch="false" />
			<line number="2170"  hits="0"  branch="false" />
			<line number="2173"  hits="0"  branch="false" />
			<line number="2174"  hits="0"  branch="false" />
			<line number="2177"  hits="0"  branch="false" />
			<line number="2178"  hits="0"  branch="false" />
			<line number="2179"  hits="0"  branch="false" />
			<line number="2181"  hits="0"  branch="false" />
			<line number="2182"  hits="0"  branch="false" />
			<line number="2183"  hits="0"  branch="false" />
			<line number="2194"  hits="1"  branch="false" />
			<line number="2195"  hits="0"  branch="true"  condition-coverage="0% (0/4)" />
			<line number="2196"  hits="0"  branch="false" />
			<line number="2199"  hits="0"  branch="false" />
			<line number="2200"  hits="0"  branch="false" />
			<line number="2203"  hits="1"  branch="false" />
			<line number="2204"  hits="0"  branch="false" />
			<line number="2206"  hits="0"  branch="false" />
			<line number="2209"  hits="1"  branch="false" />
			<line number="2210"  hits="0"  branch="false" />
			<line number="2211"  hits="0"  branch="false" />
			<line number="2213"  hits="0"  branch="false" />
			<line number="2214"  hits="0"  branch="false" />
			<line number="2215"  hits="0"  branch="false" />
			<line number="2218"  hits="0"  branch="false" />
			<line number="2219"  hits="0"  branch="false" />
			<line number="2221"  hits="0"  branch="false" />
			<line number="2222"  hits="0"  branch="false" />
			<line number="2224"  hits="0"  branch="false" />
			<line number="2225"  hits="0"  branch="false" />
			<line number="2230"  hits="1"  branch="false" />
			<line number="2231"  hits="0"  branch="true"  condition-coverage="0% (0/2)" />
			<line number="2233"  hits="0"  branch="true"  condition-coverage="0% (0/2)" />
			<line number="2234"  hits="0"  branch="false" />
			<line number="2237"  hits="0"  branch="true"  condition-coverage="0% (0/2)" />
			<line number="2238"  hits="0"  branch="false" />
			<line number="2241"  hits="0"  branch="false" />
			<line number="2243"  hits="0"  branch="false" />
			<line number="2248"  hits="1"  branch="false" />
			<line number="2265"  hits="1"  branch="false" />
			<line number="2266"  hits="0"  branch="false" />
			<line number="2267"  hits="0"  branch="false" />
			<line number="2269"  hits="0"  branch="false" />
			<line number="2270"  hits="0"  branch="false" />
			<line number="2273"  hits="0"  branch="true"  condition-coverage="0% (0/2)" />
			<line number="2275"  hits="0"  branch="false" />
			<line number="2276"  hits="0"  branch="true"  condition-coverage="0% (0/2)" />
			<line number="2277"  hits="0"  branch="false" />
			<line number="2279"  hits="0"  branch="true"  condition-coverage="0% (0/2)" />
			<line number="2280"  hits="0"  branch="false" />
			<line number="2282"  hits="0"  branch="true"  condition-coverage="0% (0/2)" />
			<line number="2283"  hits="0"  branch="false" />
			<line number="2286"  hits="0"  branch="false" />
			<line number="2287"  hits="0"  branch="false" />
			<line number="2296"  hits="1"  branch="false" />
			<line number="2304"  hits="1"  branch="false" />
			<line number="2305"  hits="0"  branch="false" />
			<line number="2312"  hits="1"  branch="false" />
			<line number="2316"  hits="1"  branch="false" />
			<line number="2317"  hits="1"  branch="false" />
			<line number="2318"  hits="1"  branch="false" />
			<line number="2319"  hits="0"  branch="false" />
			<line number="2320"  hits="0"  branch="true"  condition-coverage="0% (0/5)" />
			<line number="2321"  hits="0"  branch="true"  condition-coverage="0% (0/2)" />
			<line number="2322"  hits="0"  branch="false" />
			<line number="2323"  hits="0"  branch="true"  condition-coverage="0% (0/2)" />
			<line number="2324"  hits="0"  branch="false" />
			<line number="2325"  hits="0"  branch="false" />
			<line number="2326"  hits="0"  branch="false" />
			<line number="2329"  hits="0"  branch="false" />
			<line number="2331"  hits="1"  branch="false" />
			<line number="2334"  hits="3"  branch="false" />
			<line number="2335"  hits="3"  branch="false" />
			<line number="2339"  hits="0"  branch="false" />
			<line number="2340"  hits="0"  branch="false" />
			<line number="2341"  hits="0"  branch="false" />
			<line number="2347"  hits="1"  branch="false" />
			<line number="2348"  hits="3"  branch="true"  condition-coverage="50% (1/2)" />
			<line number="2349"  hits="3"  branch="true"  condition-coverage="50% (1/2)" />
			<line number="2350"  hits="3"  branch="false" />
			<line number="2351"  hits="3"  branch="false" />
			<line number="2352"  hits="0"  branch="true"  condition-coverage="0% (0/2)" />
			<line number="2353"  hits="0"  branch="false" />
			<line number="2354"  hits="0"  branch="false" />
			<line number="2355"  hits="0"  branch="false" />
			<line number="2357"  hits="0"  branch="false" />
			<line number="2358"  hits="0"  branch="false" />
			<line number="2360"  hits="0"  branch="false" />
			<line number="2364"  hits="1"  branch="false" />
			<line number="2366"  hits="1"  branch="false" />
			<line number="2369"  hits="1"  branch="false" />
			<line number="2372"  hits="1"  branch="false" />
			<line number="2373"  hits="1"  branch="false" />
			<line number="2374"  hits="1"  branch="false" />
			<line number="2377"  hits="0"  branch="false" />
			<line number="2378"  hits="0"  branch="true"  condition-coverage="0% (0/2)" />
			<line number="2379"  hits="0"  branch="false" />
			<line number="2380"  hits="0"  branch="false" />
			<line number="2384"  hits="0"  branch="false" />
			<line number="2389"  hits="1"  branch="false" />
			<line number="2390"  hits="0"  branch="true"  condition-coverage="0% (0/2)" />
			<line number="2391"  hits="0"  branch="true"  condition-coverage="0% (0/2)" />
			<line number="2392"  hits="0"  branch="false" />
			<line number="2395"  hits="0"  branch="false" />
			<line number="2398"  hits="0"  branch="false" />
			<line number="2399"  hits="0"  branch="false" />
			<line number="2402"  hits="1"  branch="false" />
			<line number="2406"  hits="1"  branch="false" />
			<line number="2408"  hits="1"  branch="false" />
			<line number="2413"  hits="1"  branch="false" />
			<line number="2414"  hits="0"  branch="false" />
			<line number="2415"  hits="0"  branch="false" />
			<line number="2424"  hits="0"  branch="false" />
			<line number="2427"  hits="1"  branch="false" />
			<line number="2430"  hits="0"  branch="false" />
			<line number="2435"  hits="1"  branch="false" />
			<line number="2436"  hits="1"  branch="true"  condition-coverage="100% (2/2)" />
			<line number="2439"  hits="1"  branch="false" />
			<line number="2440"  hits="0"  branch="true"  condition-coverage="0% (0/2)" />
			<line number="2441"  hits="0"  branch="false" />
			<line number="2443"  hits="0"  branch="false" />
			<line number="2444"  hits="0"  branch="false" />
			<line number="2447"  hits="1"  branch="false" />
			<line number="2448"  hits="1"  branch="false" />
		</lines>
		</class>
	</classes>
	</package>
</packages>
</coverage>
