TN:
SF:dist/vissense.client.js
FN:3,(anonymous_1)
FN:3,(anonymous_2)
FN:3,(anonymous_3)
FN:3,(anonymous_4)
FN:3,(anonymous_5)
FN:3,(anonymous_6)
FN:3,(anonymous_7)
FN:3,(anonymous_8)
FN:3,(anonymous_9)
FN:3,(anonymous_10)
FN:5,(anonymous_11)
FN:5,(anonymous_12)
FN:5,e
FN:5,s
FN:5,(anonymous_15)
FN:5,(anonymous_16)
FN:15,(anonymous_17)
FN:22,BinaryHeap
FN:29,(anonymous_19)
FN:36,(anonymous_20)
FN:43,(anonymous_21)
FN:47,(anonymous_22)
FN:61,(anonymous_23)
FN:83,(anonymous_24)
FN:87,(anonymous_25)
FN:109,(anonymous_26)
FN:153,(anonymous_27)
FN:161,(anonymous_28)
FN:162,(anonymous_29)
FN:187,(anonymous_30)
FN:206,(anonymous_31)
FN:216,Counter
FN:221,(anonymous_33)
FN:230,(anonymous_34)
FN:239,(anonymous_35)
FN:243,(anonymous_36)
FN:247,(anonymous_37)
FN:256,Histogram
FN:269,(anonymous_39)
FN:280,(anonymous_40)
FN:297,(anonymous_41)
FN:309,(anonymous_42)
FN:313,(anonymous_43)
FN:313,(anonymous_44)
FN:333,(anonymous_45)
FN:337,(anonymous_46)
FN:341,(anonymous_47)
FN:345,(anonymous_48)
FN:349,(anonymous_49)
FN:367,(anonymous_50)
FN:368,(anonymous_51)
FN:371,(anonymous_52)
FN:379,(anonymous_53)
FN:384,Meter
FN:394,(anonymous_55)
FN:402,(anonymous_56)
FN:410,(anonymous_57)
FN:414,(anonymous_58)
FN:418,(anonymous_59)
FN:422,(anonymous_60)
FN:426,(anonymous_61)
FN:436,(anonymous_62)
FN:442,(anonymous_63)
FN:449,Timer
FN:456,(anonymous_65)
FN:462,(anonymous_66)
FN:463,(anonymous_67)
FN:464,(anonymous_68)
FN:465,(anonymous_69)
FN:466,(anonymous_70)
FN:467,(anonymous_71)
FN:468,(anonymous_72)
FN:469,(anonymous_73)
FN:472,(anonymous_74)
FN:473,(anonymous_75)
FN:474,(anonymous_76)
FN:475,(anonymous_77)
FN:476,(anonymous_78)
FN:478,(anonymous_79)
FN:485,(anonymous_80)
FN:490,(anonymous_81)
FN:501,(anonymous_82)
FN:505,(anonymous_83)
FN:516,(anonymous_84)
FN:522,(anonymous_85)
FN:533,(anonymous_86)
FN:542,ExponentiallyDecayingSample
FN:551,(anonymous_88)
FN:560,(anonymous_89)
FN:564,(anonymous_90)
FN:565,(anonymous_91)
FN:568,(anonymous_92)
FN:572,(anonymous_93)
FN:576,(anonymous_94)
FN:586,(anonymous_95)
FN:611,(anonymous_96)
FN:616,(anonymous_97)
FN:630,(anonymous_98)
FN:642,ExponentiallyWeightedMovingAverage
FN:650,(anonymous_100)
FN:659,(anonymous_101)
FN:666,(anonymous_102)
FN:681,(anonymous_103)
FN:685,(anonymous_104)
FN:689,(anonymous_105)
FN:690,(anonymous_106)
FN:691,(anonymous_107)
FN:693,(anonymous_108)
FN:694,Sample
FN:698,Sample
FN:699,(anonymous_111)
FN:700,(anonymous_112)
FN:701,(anonymous_113)
FN:702,(anonymous_114)
FN:703,(anonymous_115)
FN:704,(anonymous_116)
FN:707,(anonymous_117)
FN:714,UniformSample
FN:722,(anonymous_119)
FN:738,(anonymous_120)
FN:738,(anonymous_121)
FN:738,(anonymous_122)
FN:738,(anonymous_123)
FN:738,Counter
FN:738,(anonymous_125)
FN:738,(anonymous_126)
FN:738,(anonymous_127)
FN:738,(anonymous_128)
FN:738,(anonymous_129)
FN:738,(anonymous_130)
FN:738,(anonymous_131)
FN:738,StopWatch
FN:738,(anonymous_133)
FN:738,(anonymous_134)
FN:738,(anonymous_135)
FN:738,(anonymous_136)
FN:738,(anonymous_137)
FN:738,(anonymous_138)
FN:738,(anonymous_139)
FN:738,(anonymous_140)
FN:738,(anonymous_141)
FN:738,(anonymous_142)
FN:738,(anonymous_143)
FN:738,(anonymous_144)
FN:738,(anonymous_145)
FN:742,(anonymous_146)
FN:764,(anonymous_147)
FN:771,(anonymous_148)
FN:794,(anonymous_149)
FN:811,(anonymous_150)
FN:827,(anonymous_151)
FN:836,(anonymous_152)
FN:852,(anonymous_153)
FN:868,(anonymous_154)
FN:882,(anonymous_155)
FN:894,(anonymous_156)
FN:903,(anonymous_157)
FN:913,(anonymous_158)
FN:934,(anonymous_159)
FN:940,(anonymous_160)
FN:954,(anonymous_161)
FN:980,(anonymous_162)
FN:983,_window
FN:991,fireIf
FN:992,(anonymous_165)
FN:1006,(anonymous_166)
FN:1011,extend
FN:1024,noop
FN:1027,identity
FN:1031,now
FN:1035,defer
FN:1036,(anonymous_172)
FN:1041,isObject
FN:1045,defaults
FN:1069,(anonymous_175)
FN:1075,isPageVisibilityAPIAvailable
FN:1079,isPageVisible
FN:1083,onPageVisibilityChange
FN:1101,(anonymous_179)
FN:1104,_isVisibleByOffsetParentCheck
FN:1115,_findEffectiveStyle
FN:1136,_findEffectiveStyleProperty
FN:1148,_isDisplayed
FN:1159,isVisibleByStyling
FN:1204,(anonymous_185)
FN:1207,_getBoundingClientRect
FN:1224,viewport
FN:1232,isFullyInViewport
FN:1247,isInViewport
FN:1274,(anonymous_190)
FN:1277,percentage
FN:1308,isFullyVisible
FN:1314,isVisible
FN:1320,isHidden
FN:1330,(anonymous_195)
FN:1336,(anonymous_196)
FN:1340,getIEVersion
FN:1361,isDomPresent
FN:1368,canReadStyle
FN:1388,(anonymous_200)
FN:1393,(anonymous_201)
FN:1411,VisSense
FN:1426,(anonymous_203)
FN:1430,(anonymous_204)
FN:1434,(anonymous_205)
FN:1438,(anonymous_206)
FN:1447,(anonymous_207)
FN:1449,(anonymous_208)
FN:1457,(anonymous_209)
FN:1459,(anonymous_210)
FN:1467,(anonymous_211)
FN:1469,(anonymous_212)
FN:1509,(anonymous_213)
FN:1518,VisState
FN:1524,(anonymous_215)
FN:1528,(anonymous_216)
FN:1532,(anonymous_217)
FN:1536,(anonymous_218)
FN:1540,(anonymous_219)
FN:1544,(anonymous_220)
FN:1548,(anonymous_221)
FN:1552,(anonymous_222)
FN:1556,(anonymous_223)
FN:1560,(anonymous_224)
FN:1564,(anonymous_225)
FN:1568,state
FN:1579,(anonymous_227)
FN:1582,(anonymous_228)
FN:1585,(anonymous_229)
FN:1613,(anonymous_230)
FN:1616,nextState
FN:1641,fireListeners
FN:1650,VisMon
FN:1660,(anonymous_234)
FN:1667,(anonymous_235)
FN:1671,(anonymous_236)
FN:1677,(anonymous_237)
FN:1686,(anonymous_238)
FN:1692,(anonymous_239)
FN:1700,(anonymous_240)
FN:1717,(anonymous_241)
FN:1720,(anonymous_242)
FN:1732,(anonymous_243)
FN:1735,(anonymous_244)
FN:1743,(anonymous_245)
FN:1750,(anonymous_246)
FN:1752,(anonymous_247)
FN:1770,(anonymous_248)
FN:1773,(anonymous_249)
FN:1778,(anonymous_250)
FN:1787,(anonymous_251)
FN:1790,(anonymous_252)
FN:1801,(anonymous_253)
FN:1804,(anonymous_254)
FN:1812,(anonymous_255)
FN:1828,(anonymous_256)
FN:1845,(anonymous_257)
FN:1845,cancel
FN:1845,run
FN:1845,(anonymous_260)
FN:1845,(anonymous_261)
FN:1845,(anonymous_262)
FN:1845,Again
FN:1845,(anonymous_264)
FN:1845,(anonymous_265)
FN:1845,(anonymous_266)
FN:1845,(anonymous_267)
FN:1845,(anonymous_268)
FN:1845,(anonymous_269)
FN:1845,(anonymous_270)
FN:1845,(anonymous_271)
FN:1849,(anonymous_272)
FN:1852,VisTimer
FN:1872,(anonymous_274)
FN:1877,init
FN:1881,(anonymous_276)
FN:1885,(anonymous_277)
FN:1903,(anonymous_278)
FN:1917,(anonymous_279)
FN:1925,(anonymous_280)
FN:1931,(anonymous_281)
FN:1939,(anonymous_282)
FN:1948,(anonymous_283)
FN:1952,(anonymous_284)
FN:1973,(anonymous_285)
FN:1982,(anonymous_286)
FN:1992,fireIfPositive
FN:2001,VisMetrics
FN:2028,(anonymous_289)
FN:2037,(anonymous_290)
FN:2045,(anonymous_291)
FN:2054,(anonymous_292)
FN:2058,(anonymous_293)
FN:2062,(anonymous_294)
FN:2066,(anonymous_295)
FN:2083,updatePercentage
FN:2092,updateVisibilityChanges
FN:2098,stopAndUpdateTimers
FN:2101,(anonymous_299)
FN:2105,(anonymous_300)
FN:2108,(anonymous_301)
FN:2112,(anonymous_302)
FN:2122,(anonymous_303)
FN:2142,(anonymous_304)
FN:2159,(anonymous_305)
FN:2169,(anonymous_306)
FN:2180,(anonymous_307)
FN:2190,(anonymous_308)
FN:2198,(anonymous_309)
FN:2203,(anonymous_310)
FN:2206,(anonymous_311)
FN:2209,(anonymous_312)
FN:2218,(anonymous_313)
FN:2223,successHandler
FN:2240,VisClient
FN:2247,(anonymous_316)
FN:2261,(anonymous_317)
FN:2269,newVisClient
FN:2273,(anonymous_319)
FNF:319
FNH:129
FNDA:1,(anonymous_1)
FNDA:1,(anonymous_2)
FNDA:3,(anonymous_3)
FNDA:3,(anonymous_4)
FNDA:0,(anonymous_5)
FNDA:0,(anonymous_6)
FNDA:0,(anonymous_7)
FNDA:0,(anonymous_8)
FNDA:0,(anonymous_9)
FNDA:0,(anonymous_10)
FNDA:1,(anonymous_11)
FNDA:1,(anonymous_12)
FNDA:1,e
FNDA:19,s
FNDA:17,(anonymous_15)
FNDA:1,(anonymous_16)
FNDA:1,(anonymous_17)
FNDA:0,BinaryHeap
FNDA:0,(anonymous_19)
FNDA:0,(anonymous_20)
FNDA:0,(anonymous_21)
FNDA:0,(anonymous_22)
FNDA:0,(anonymous_23)
FNDA:0,(anonymous_24)
FNDA:0,(anonymous_25)
FNDA:0,(anonymous_26)
FNDA:1,(anonymous_27)
FNDA:1,(anonymous_28)
FNDA:0,(anonymous_29)
FNDA:0,(anonymous_30)
FNDA:1,(anonymous_31)
FNDA:0,Counter
FNDA:0,(anonymous_33)
FNDA:0,(anonymous_34)
FNDA:0,(anonymous_35)
FNDA:0,(anonymous_36)
FNDA:1,(anonymous_37)
FNDA:0,Histogram
FNDA:0,(anonymous_39)
FNDA:0,(anonymous_40)
FNDA:0,(anonymous_41)
FNDA:0,(anonymous_42)
FNDA:0,(anonymous_43)
FNDA:0,(anonymous_44)
FNDA:0,(anonymous_45)
FNDA:0,(anonymous_46)
FNDA:0,(anonymous_47)
FNDA:0,(anonymous_48)
FNDA:0,(anonymous_49)
FNDA:0,(anonymous_50)
FNDA:0,(anonymous_51)
FNDA:1,(anonymous_52)
FNDA:1,(anonymous_53)
FNDA:0,Meter
FNDA:0,(anonymous_55)
FNDA:0,(anonymous_56)
FNDA:0,(anonymous_57)
FNDA:0,(anonymous_58)
FNDA:0,(anonymous_59)
FNDA:0,(anonymous_60)
FNDA:0,(anonymous_61)
FNDA:0,(anonymous_62)
FNDA:1,(anonymous_63)
FNDA:0,Timer
FNDA:0,(anonymous_65)
FNDA:0,(anonymous_66)
FNDA:0,(anonymous_67)
FNDA:0,(anonymous_68)
FNDA:0,(anonymous_69)
FNDA:0,(anonymous_70)
FNDA:0,(anonymous_71)
FNDA:0,(anonymous_72)
FNDA:0,(anonymous_73)
FNDA:0,(anonymous_74)
FNDA:0,(anonymous_75)
FNDA:0,(anonymous_76)
FNDA:0,(anonymous_77)
FNDA:0,(anonymous_78)
FNDA:0,(anonymous_79)
FNDA:1,(anonymous_80)
FNDA:0,(anonymous_81)
FNDA:0,(anonymous_82)
FNDA:0,(anonymous_83)
FNDA:0,(anonymous_84)
FNDA:0,(anonymous_85)
FNDA:1,(anonymous_86)
FNDA:0,ExponentiallyDecayingSample
FNDA:0,(anonymous_88)
FNDA:0,(anonymous_89)
FNDA:0,(anonymous_90)
FNDA:0,(anonymous_91)
FNDA:0,(anonymous_92)
FNDA:0,(anonymous_93)
FNDA:0,(anonymous_94)
FNDA:0,(anonymous_95)
FNDA:0,(anonymous_96)
FNDA:0,(anonymous_97)
FNDA:1,(anonymous_98)
FNDA:0,ExponentiallyWeightedMovingAverage
FNDA:0,(anonymous_100)
FNDA:0,(anonymous_101)
FNDA:0,(anonymous_102)
FNDA:0,(anonymous_103)
FNDA:0,(anonymous_104)
FNDA:0,(anonymous_105)
FNDA:0,(anonymous_106)
FNDA:0,(anonymous_107)
FNDA:1,(anonymous_108)
FNDA:0,Sample
FNDA:2,Sample
FNDA:0,(anonymous_111)
FNDA:0,(anonymous_112)
FNDA:0,(anonymous_113)
FNDA:0,(anonymous_114)
FNDA:0,(anonymous_115)
FNDA:0,(anonymous_116)
FNDA:1,(anonymous_117)
FNDA:0,UniformSample
FNDA:0,(anonymous_119)
FNDA:1,(anonymous_120)
FNDA:1,(anonymous_121)
FNDA:0,(anonymous_122)
FNDA:1,(anonymous_123)
FNDA:0,Counter
FNDA:0,(anonymous_125)
FNDA:0,(anonymous_126)
FNDA:0,(anonymous_127)
FNDA:0,(anonymous_128)
FNDA:0,(anonymous_129)
FNDA:0,(anonymous_130)
FNDA:1,(anonymous_131)
FNDA:0,StopWatch
FNDA:0,(anonymous_133)
FNDA:0,(anonymous_134)
FNDA:0,(anonymous_135)
FNDA:0,(anonymous_136)
FNDA:0,(anonymous_137)
FNDA:0,(anonymous_138)
FNDA:0,(anonymous_139)
FNDA:0,(anonymous_140)
FNDA:0,(anonymous_141)
FNDA:0,(anonymous_142)
FNDA:0,(anonymous_143)
FNDA:0,(anonymous_144)
FNDA:0,(anonymous_145)
FNDA:1,(anonymous_146)
FNDA:0,(anonymous_147)
FNDA:0,(anonymous_148)
FNDA:0,(anonymous_149)
FNDA:0,(anonymous_150)
FNDA:0,(anonymous_151)
FNDA:0,(anonymous_152)
FNDA:0,(anonymous_153)
FNDA:0,(anonymous_154)
FNDA:1,(anonymous_155)
FNDA:0,(anonymous_156)
FNDA:0,(anonymous_157)
FNDA:0,(anonymous_158)
FNDA:1,(anonymous_159)
FNDA:0,(anonymous_160)
FNDA:0,(anonymous_161)
FNDA:1,(anonymous_162)
FNDA:34,_window
FNDA:20,fireIf
FNDA:20030,(anonymous_165)
FNDA:1,(anonymous_166)
FNDA:1,extend
FNDA:0,noop
FNDA:0,identity
FNDA:1,now
FNDA:6,defer
FNDA:4,(anonymous_172)
FNDA:0,isObject
FNDA:0,defaults
FNDA:1,(anonymous_175)
FNDA:1,isPageVisibilityAPIAvailable
FNDA:13,isPageVisible
FNDA:4,onPageVisibilityChange
FNDA:1,(anonymous_179)
FNDA:4,_isVisibleByOffsetParentCheck
FNDA:25,_findEffectiveStyle
FNDA:24,_findEffectiveStyleProperty
FNDA:12,_isDisplayed
FNDA:4,isVisibleByStyling
FNDA:1,(anonymous_185)
FNDA:10024,_getBoundingClientRect
FNDA:5,viewport
FNDA:2,isFullyInViewport
FNDA:10021,isInViewport
FNDA:1,(anonymous_190)
FNDA:10011,percentage
FNDA:2,isFullyVisible
FNDA:10,isVisible
FNDA:8,isHidden
FNDA:1,(anonymous_195)
FNDA:1,(anonymous_196)
FNDA:1,getIEVersion
FNDA:1,isDomPresent
FNDA:1,canReadStyle
FNDA:0,(anonymous_200)
FNDA:1,(anonymous_201)
FNDA:12,VisSense
FNDA:10011,(anonymous_203)
FNDA:2,(anonymous_204)
FNDA:2,(anonymous_205)
FNDA:8,(anonymous_206)
FNDA:0,(anonymous_207)
FNDA:0,(anonymous_208)
FNDA:0,(anonymous_209)
FNDA:0,(anonymous_210)
FNDA:0,(anonymous_211)
FNDA:0,(anonymous_212)
FNDA:1,(anonymous_213)
FNDA:9,VisState
FNDA:4,(anonymous_215)
FNDA:4,(anonymous_216)
FNDA:10,(anonymous_217)
FNDA:0,(anonymous_218)
FNDA:0,(anonymous_219)
FNDA:0,(anonymous_220)
FNDA:6,(anonymous_221)
FNDA:20018,(anonymous_222)
FNDA:10,(anonymous_223)
FNDA:10005,(anonymous_224)
FNDA:10005,(anonymous_225)
FNDA:9,state
FNDA:7,(anonymous_227)
FNDA:1,(anonymous_228)
FNDA:1,(anonymous_229)
FNDA:1,(anonymous_230)
FNDA:10009,nextState
FNDA:10009,fireListeners
FNDA:5,VisMon
FNDA:0,(anonymous_234)
FNDA:20048,(anonymous_235)
FNDA:0,(anonymous_236)
FNDA:0,(anonymous_237)
FNDA:8,(anonymous_238)
FNDA:0,(anonymous_239)
FNDA:10009,(anonymous_240)
FNDA:8,(anonymous_241)
FNDA:20018,(anonymous_242)
FNDA:0,(anonymous_243)
FNDA:0,(anonymous_244)
FNDA:0,(anonymous_245)
FNDA:0,(anonymous_246)
FNDA:0,(anonymous_247)
FNDA:4,(anonymous_248)
FNDA:4,(anonymous_249)
FNDA:4,(anonymous_250)
FNDA:0,(anonymous_251)
FNDA:0,(anonymous_252)
FNDA:4,(anonymous_253)
FNDA:4,(anonymous_254)
FNDA:0,(anonymous_255)
FNDA:5,(anonymous_256)
FNDA:1,(anonymous_257)
FNDA:6,cancel
FNDA:10,run
FNDA:110004,(anonymous_260)
FNDA:0,(anonymous_261)
FNDA:2,(anonymous_262)
FNDA:8,Again
FNDA:0,(anonymous_264)
FNDA:0,(anonymous_265)
FNDA:6,(anonymous_266)
FNDA:7,(anonymous_267)
FNDA:2,(anonymous_268)
FNDA:0,(anonymous_269)
FNDA:11,(anonymous_270)
FNDA:6,(anonymous_271)
FNDA:1,(anonymous_272)
FNDA:4,VisTimer
FNDA:4,(anonymous_274)
FNDA:4,init
FNDA:10009,(anonymous_276)
FNDA:6,(anonymous_277)
FNDA:2,(anonymous_278)
FNDA:0,(anonymous_279)
FNDA:7,(anonymous_280)
FNDA:110004,(anonymous_281)
FNDA:2,(anonymous_282)
FNDA:0,(anonymous_283)
FNDA:4,(anonymous_284)
FNDA:1,(anonymous_285)
FNDA:0,(anonymous_286)
FNDA:0,fireIfPositive
FNDA:0,VisMetrics
FNDA:0,(anonymous_289)
FNDA:0,(anonymous_290)
FNDA:0,(anonymous_291)
FNDA:0,(anonymous_292)
FNDA:0,(anonymous_293)
FNDA:0,(anonymous_294)
FNDA:0,(anonymous_295)
FNDA:0,updatePercentage
FNDA:0,updateVisibilityChanges
FNDA:0,stopAndUpdateTimers
FNDA:0,(anonymous_299)
FNDA:0,(anonymous_300)
FNDA:0,(anonymous_301)
FNDA:0,(anonymous_302)
FNDA:0,(anonymous_303)
FNDA:1,(anonymous_304)
FNDA:0,(anonymous_305)
FNDA:0,(anonymous_306)
FNDA:0,(anonymous_307)
FNDA:1,(anonymous_308)
FNDA:0,(anonymous_309)
FNDA:1,(anonymous_310)
FNDA:1,(anonymous_311)
FNDA:0,(anonymous_312)
FNDA:0,(anonymous_313)
FNDA:0,successHandler
FNDA:1,VisClient
FNDA:0,(anonymous_316)
FNDA:0,(anonymous_317)
FNDA:1,newVisClient
FNDA:0,(anonymous_319)
DA:3,3
DA:5,19
DA:6,1
DA:9,1
DA:10,1
DA:11,1
DA:12,1
DA:13,1
DA:19,1
DA:22,1
DA:23,0
DA:24,0
DA:27,1
DA:30,0
DA:32,0
DA:33,0
DA:38,0
DA:40,0
DA:44,0
DA:49,0
DA:51,0
DA:54,0
DA:55,0
DA:56,0
DA:58,0
DA:62,0
DA:65,0
DA:66,0
DA:69,0
DA:70,0
DA:71,0
DA:72,0
DA:73,0
DA:75,0
DA:77,0
DA:80,0
DA:84,0
DA:89,0
DA:91,0
DA:93,0
DA:96,0
DA:97,0
DA:98,0
DA:100,0
DA:104,0
DA:111,0
DA:115,0
DA:117,0
DA:120,0
DA:122,0
DA:124,0
DA:127,0
DA:128,0
DA:131,0
DA:132,0
DA:134,0
DA:135,0
DA:139,0
DA:140,0
DA:141,0
DA:142,0
DA:146,0
DA:161,1
DA:162,1
DA:163,0
DA:165,0
DA:166,0
DA:174,0
DA:175,0
DA:177,0
DA:181,0
DA:187,1
DA:188,0
DA:191,0
DA:192,0
DA:193,0
DA:196,0
DA:197,0
DA:198,0
DA:199,0
DA:201,0
DA:214,1
DA:216,1
DA:217,0
DA:218,0
DA:221,1
DA:222,0
DA:223,0
DA:225,0
DA:226,0
DA:230,1
DA:231,0
DA:232,0
DA:234,0
DA:235,0
DA:239,1
DA:240,0
DA:243,1
DA:244,0
DA:248,1
DA:251,1
DA:256,1
DA:257,0
DA:258,0
DA:259,0
DA:260,0
DA:263,0
DA:264,0
DA:265,0
DA:266,0
DA:269,1
DA:270,0
DA:271,0
DA:272,0
DA:273,0
DA:274,0
DA:275,0
DA:276,0
DA:280,1
DA:281,0
DA:282,0
DA:283,0
DA:284,0
DA:286,0
DA:288,0
DA:289,0
DA:291,0
DA:293,0
DA:294,0
DA:297,1
DA:298,0
DA:300,0
DA:301,0
DA:303,0
DA:304,0
DA:309,1
DA:310,0
DA:311,0
DA:313,0
DA:319,0
DA:320,0
DA:321,0
DA:322,0
DA:323,0
DA:325,0
DA:326,0
DA:327,0
DA:330,0
DA:333,1
DA:334,0
DA:337,1
DA:338,0
DA:341,1
DA:342,0
DA:345,1
DA:346,0
DA:349,1
DA:350,0
DA:351,0
DA:367,1
DA:368,1
DA:369,1
DA:373,1
DA:374,1
DA:375,1
DA:376,1
DA:380,1
DA:384,1
DA:385,0
DA:386,0
DA:387,0
DA:388,0
DA:389,0
DA:390,0
DA:394,1
DA:395,0
DA:396,0
DA:397,0
DA:398,0
DA:399,0
DA:402,1
DA:403,0
DA:410,1
DA:411,0
DA:414,1
DA:415,0
DA:418,1
DA:419,0
DA:422,1
DA:423,0
DA:426,1
DA:427,0
DA:436,1
DA:437,0
DA:438,0
DA:439,0
DA:443,1
DA:444,1
DA:445,1
DA:449,1
DA:450,0
DA:451,0
DA:452,0
DA:453,0
DA:456,1
DA:457,0
DA:458,0
DA:462,1
DA:463,1
DA:464,1
DA:465,1
DA:466,1
DA:467,1
DA:468,1
DA:469,1
DA:472,1
DA:473,1
DA:474,1
DA:475,1
DA:476,1
DA:478,1
DA:479,0
DA:490,1
DA:491,0
DA:495,0
DA:501,1
DA:502,0
DA:505,1
DA:506,0
DA:508,0
DA:509,0
DA:511,0
DA:512,0
DA:516,1
DA:517,0
DA:518,0
DA:519,0
DA:522,1
DA:523,0
DA:524,0
DA:525,0
DA:526,0
DA:527,0
DA:530,0
DA:534,1
DA:540,1
DA:542,1
DA:543,0
DA:544,0
DA:545,0
DA:548,1
DA:551,1
DA:552,0
DA:554,0
DA:555,0
DA:557,0
DA:560,1
DA:561,0
DA:564,1
DA:565,0
DA:568,1
DA:569,0
DA:572,1
DA:573,0
DA:576,1
DA:577,0
DA:578,0
DA:579,0
DA:580,0
DA:586,1
DA:588,0
DA:589,0
DA:591,0
DA:593,0
DA:595,0
DA:596,0
DA:597,0
DA:599,0
DA:600,0
DA:601,0
DA:602,0
DA:606,0
DA:607,0
DA:611,1
DA:612,0
DA:616,1
DA:617,0
DA:618,0
DA:622,0
DA:624,0
DA:625,0
DA:627,0
DA:638,1
DA:639,1
DA:640,1
DA:642,1
DA:643,0
DA:644,0
DA:645,0
DA:646,0
DA:647,0
DA:648,0
DA:649,0
DA:650,0
DA:653,0
DA:654,0
DA:659,1
DA:660,0
DA:666,1
DA:667,0
DA:668,0
DA:670,0
DA:671,0
DA:673,0
DA:674,0
DA:681,1
DA:682,0
DA:685,1
DA:686,0
DA:689,1
DA:690,1
DA:691,1
DA:694,1
DA:695,0
DA:696,0
DA:698,1
DA:699,1
DA:700,1
DA:701,1
DA:702,1
DA:703,1
DA:704,1
DA:708,1
DA:709,1
DA:714,1
DA:715,0
DA:716,0
DA:717,0
DA:720,1
DA:722,1
DA:723,0
DA:724,0
DA:726,0
DA:728,0
DA:729,0
DA:730,0
DA:738,1
DA:742,1
DA:745,1
DA:751,1
DA:765,0
DA:766,0
DA:767,0
DA:768,0
DA:771,0
DA:772,0
DA:773,0
DA:774,0
DA:777,0
DA:795,0
DA:796,0
DA:798,0
DA:799,0
DA:800,0
DA:801,0
DA:802,0
DA:812,0
DA:828,0
DA:829,0
DA:831,0
DA:832,0
DA:833,0
DA:836,0
DA:837,0
DA:838,0
DA:839,0
DA:842,0
DA:853,0
DA:869,0
DA:883,1
DA:895,0
DA:897,0
DA:898,0
DA:904,0
DA:905,0
DA:908,0
DA:909,0
DA:910,0
DA:913,0
DA:914,0
DA:916,0
DA:917,0
DA:919,0
DA:921,0
DA:926,1
DA:927,0
DA:929,1
DA:934,1
DA:939,1
DA:940,0
DA:941,0
DA:954,0
DA:955,0
DA:956,0
DA:959,0
DA:961,0
DA:962,0
DA:963,0
DA:967,0
DA:968,0
DA:969,0
DA:970,0
DA:974,0
DA:980,1
DA:983,1
DA:984,34
DA:985,34
DA:991,1
DA:992,20
DA:993,20030
DA:997,1
DA:1006,1
DA:1011,1
DA:1012,1
DA:1016,1
DA:1017,7
DA:1018,7
DA:1021,1
DA:1024,1
DA:1027,1
DA:1028,0
DA:1031,1
DA:1032,1
DA:1035,1
DA:1036,6
DA:1037,4
DA:1041,1
DA:1042,0
DA:1045,1
DA:1046,0
DA:1047,0
DA:1050,0
DA:1051,0
DA:1052,0
DA:1055,0
DA:1058,1
DA:1069,1
DA:1073,1
DA:1075,1
DA:1076,1
DA:1079,1
DA:1080,13
DA:1083,1
DA:1084,4
DA:1085,0
DA:1089,1
DA:1090,1
DA:1091,1
DA:1101,1
DA:1104,1
DA:1106,4
DA:1107,4
DA:1108,4
DA:1109,0
DA:1112,4
DA:1115,1
DA:1116,25
DA:1118,25
DA:1119,0
DA:1121,25
DA:1123,25
DA:1125,0
DA:1127,0
DA:1133,0
DA:1136,1
DA:1137,24
DA:1138,24
DA:1139,0
DA:1141,24
DA:1142,24
DA:1143,0
DA:1145,24
DA:1148,1
DA:1149,12
DA:1150,12
DA:1151,0
DA:1153,12
DA:1154,8
DA:1156,4
DA:1159,1
DA:1160,4
DA:1161,0
DA:1164,4
DA:1165,0
DA:1168,4
DA:1169,0
DA:1172,4
DA:1173,4
DA:1174,0
DA:1177,4
DA:1178,4
DA:1179,0
DA:1182,4
DA:1183,4
DA:1184,0
DA:1187,4
DA:1190,1
DA:1191,1
DA:1192,1
DA:1204,1
DA:1207,1
DA:1208,10024
DA:1210,10024
DA:1212,0
DA:1221,10024
DA:1224,1
DA:1225,5
DA:1226,5
DA:1232,1
DA:1233,2
DA:1234,2
DA:1235,1
DA:1237,1
DA:1239,1
DA:1247,1
DA:1248,10021
DA:1249,10021
DA:1250,10018
DA:1252,3
DA:1253,3
DA:1261,1
DA:1262,1
DA:1263,1
DA:1264,1
DA:1274,1
DA:1277,1
DA:1278,10011
DA:1279,10010
DA:1282,1
DA:1283,1
DA:1284,0
DA:1287,1
DA:1288,1
DA:1289,1
DA:1291,1
DA:1292,1
DA:1293,0
DA:1294,0
DA:1297,1
DA:1298,1
DA:1299,0
DA:1300,0
DA:1303,1
DA:1305,1
DA:1308,1
DA:1309,2
DA:1314,1
DA:1315,10
DA:1320,1
DA:1321,8
DA:1324,1
DA:1325,1
DA:1326,1
DA:1327,1
DA:1330,1
DA:1336,1
DA:1340,1
DA:1341,1
DA:1342,1
DA:1346,0
DA:1348,1
DA:1361,1
DA:1362,1
DA:1363,1
DA:1365,0
DA:1368,1
DA:1369,1
DA:1370,1
DA:1372,0
DA:1375,1
DA:1376,1
DA:1377,1
DA:1378,1
DA:1379,1
DA:1380,1
DA:1381,1
DA:1383,1
DA:1385,1
DA:1388,1
DA:1389,0
DA:1393,1
DA:1411,1
DA:1412,12
DA:1413,1
DA:1418,11
DA:1419,0
DA:1422,11
DA:1423,11
DA:1426,1
DA:1427,10011
DA:1430,1
DA:1431,2
DA:1434,1
DA:1435,2
DA:1438,1
DA:1439,8
DA:1447,1
DA:1448,0
DA:1449,0
DA:1450,0
DA:1457,1
DA:1458,0
DA:1459,0
DA:1460,0
DA:1467,1
DA:1468,0
DA:1469,0
DA:1470,0
DA:1476,1
DA:1480,1
DA:1483,1
DA:1484,1
DA:1509,1
DA:1512,1
DA:1518,1
DA:1519,9
DA:1520,9
DA:1521,9
DA:1524,1
DA:1525,4
DA:1528,1
DA:1529,4
DA:1532,1
DA:1533,10
DA:1536,1
DA:1537,0
DA:1540,1
DA:1541,0
DA:1544,1
DA:1545,0
DA:1548,1
DA:1549,6
DA:1552,1
DA:1553,20018
DA:1556,1
DA:1557,10
DA:1560,1
DA:1561,10005
DA:1564,1
DA:1565,10005
DA:1568,1
DA:1569,9
DA:1571,2
DA:1574,9
DA:1578,1
DA:1580,7
DA:1583,1
DA:1586,1
DA:1613,1
DA:1616,1
DA:1617,10009
DA:1620,10009
DA:1621,10005
DA:1622,10003
DA:1626,6
DA:1627,6
DA:1629,0
DA:1630,0
DA:1632,0
DA:1633,0
DA:1636,0
DA:1641,1
DA:1642,10009
DA:1643,20018
DA:1644,20018
DA:1650,1
DA:1651,5
DA:1653,5
DA:1654,5
DA:1655,5
DA:1656,5
DA:1660,1
DA:1661,0
DA:1667,1
DA:1668,20048
DA:1671,1
DA:1672,0
DA:1677,1
DA:1678,0
DA:1686,1
DA:1687,8
DA:1688,8
DA:1689,8
DA:1692,1
DA:1693,0
DA:1694,0
DA:1700,1
DA:1702,10009
DA:1704,10009
DA:1717,1
DA:1718,8
DA:1720,8
DA:1721,20018
DA:1732,1
DA:1733,0
DA:1735,0
DA:1736,0
DA:1743,1
DA:1744,0
DA:1750,1
DA:1751,0
DA:1752,0
DA:1753,0
DA:1754,0
DA:1770,1
DA:1771,4
DA:1773,4
DA:1774,4
DA:1778,4
DA:1779,4
DA:1781,4
DA:1787,1
DA:1788,0
DA:1790,0
DA:1791,0
DA:1794,0
DA:1795,0
DA:1801,1
DA:1802,4
DA:1804,4
DA:1805,4
DA:1808,4
DA:1809,4
DA:1812,1
DA:1813,0
DA:1821,0
DA:1822,0
DA:1825,0
DA:1828,1
DA:1829,5
DA:1831,5
DA:1832,0
DA:1835,5
DA:1836,0
DA:1839,5
DA:1841,5
DA:1845,110004
DA:1849,1
DA:1852,1
DA:1853,4
DA:1855,4
DA:1856,4
DA:1858,4
DA:1859,4
DA:1860,4
DA:1862,4
DA:1869,4
DA:1872,1
DA:1873,4
DA:1874,0
DA:1877,4
DA:1878,4
DA:1879,4
DA:1881,4
DA:1882,10009
DA:1885,4
DA:1886,6
DA:1887,6
DA:1888,6
DA:1890,6
DA:1891,6
DA:1895,4
DA:1896,4
DA:1899,4
DA:1901,4
DA:1903,4
DA:1904,2
DA:1906,2
DA:1911,4
DA:1914,4
DA:1917,1
DA:1918,0
DA:1925,1
DA:1926,7
DA:1927,1
DA:1928,1
DA:1930,7
DA:1931,7
DA:1932,110004
DA:1939,1
DA:1940,2
DA:1948,1
DA:1949,0
DA:1952,1
DA:1953,4
DA:1955,4
DA:1956,0
DA:1959,4
DA:1960,0
DA:1963,4
DA:1965,4
DA:1973,1
DA:1976,1
DA:1982,1
DA:1983,0
DA:1984,0
DA:1985,0
DA:1989,0
DA:1992,1
DA:1993,0
DA:1994,0
DA:2001,1
DA:2002,0
DA:2003,0
DA:2004,0
DA:2005,0
DA:2007,0
DA:2008,0
DA:2009,0
DA:2010,0
DA:2013,0
DA:2014,0
DA:2015,0
DA:2016,0
DA:2017,0
DA:2020,0
DA:2022,0
DA:2024,0
DA:2026,0
DA:2028,0
DA:2029,0
DA:2030,0
DA:2033,0
DA:2034,0
DA:2037,0
DA:2038,0
DA:2039,0
DA:2042,0
DA:2045,0
DA:2046,0
DA:2047,0
DA:2050,0
DA:2051,0
DA:2054,0
DA:2055,0
DA:2058,0
DA:2059,0
DA:2062,0
DA:2063,0
DA:2066,0
DA:2067,0
DA:2068,0
DA:2070,0
DA:2071,0
DA:2072,0
DA:2083,1
DA:2084,0
DA:2085,0
DA:2088,0
DA:2089,0
DA:2092,1
DA:2093,0
DA:2095,0
DA:2098,1
DA:2099,0
DA:2101,0
DA:2102,0
DA:2105,0
DA:2106,0
DA:2108,0
DA:2109,0
DA:2110,0
DA:2112,0
DA:2113,0
DA:2116,0
DA:2117,0
DA:2118,0
DA:2122,1
DA:2123,0
DA:2125,0
DA:2126,0
DA:2129,0
DA:2130,0
DA:2133,0
DA:2135,0
DA:2142,1
DA:2159,1
DA:2160,0
DA:2161,0
DA:2163,0
DA:2164,0
DA:2167,0
DA:2169,0
DA:2170,0
DA:2171,0
DA:2173,0
DA:2174,0
DA:2176,0
DA:2177,0
DA:2180,0
DA:2181,0
DA:2190,1
DA:2198,1
DA:2199,0
DA:2203,1
DA:2206,1
DA:2207,1
DA:2208,1
DA:2211,0
DA:2212,0
DA:2213,0
DA:2214,0
DA:2218,0
DA:2223,1
DA:2224,0
DA:2225,0
DA:2226,0
DA:2229,0
DA:2232,0
DA:2233,0
DA:2236,1
DA:2240,1
DA:2242,1
DA:2247,1
DA:2248,0
DA:2249,0
DA:2258,0
DA:2261,1
DA:2264,0
DA:2269,1
DA:2270,1
DA:2273,1
DA:2274,0
DA:2275,0
DA:2277,0
DA:2278,0
DA:2281,1
DA:2282,1
LF:938
LH:455
BRDA:3,1,0,3
BRDA:3,1,1,0
BRDA:3,2,0,0
BRDA:3,2,1,0
BRDA:3,3,0,0
BRDA:3,3,1,0
BRDA:3,4,0,0
BRDA:3,4,1,0
BRDA:3,4,2,0
BRDA:3,4,3,0
BRDA:3,4,4,0
BRDA:3,5,0,0
BRDA:3,5,1,0
BRDA:3,6,0,0
BRDA:3,6,1,0
BRDA:3,7,0,0
BRDA:3,7,1,0
BRDA:3,8,0,0
BRDA:3,8,1,0
BRDA:5,9,0,0
BRDA:5,9,1,1
BRDA:5,10,0,0
BRDA:5,10,1,1
BRDA:5,11,0,1
BRDA:5,11,1,0
BRDA:5,12,0,1
BRDA:5,12,1,0
BRDA:5,13,0,0
BRDA:5,13,1,0
BRDA:5,14,0,0
BRDA:5,14,1,0
BRDA:5,15,0,13
BRDA:5,15,1,6
BRDA:5,16,0,0
BRDA:5,16,1,13
BRDA:5,17,0,0
BRDA:5,17,1,0
BRDA:5,18,0,0
BRDA:5,18,1,0
BRDA:5,19,0,0
BRDA:5,19,1,0
BRDA:5,20,0,0
BRDA:5,20,1,0
BRDA:5,21,0,17
BRDA:5,21,1,0
BRDA:5,22,0,1
BRDA:5,22,1,0
BRDA:54,23,0,0
BRDA:54,23,1,0
BRDA:66,24,0,0
BRDA:66,24,1,0
BRDA:70,25,0,0
BRDA:70,25,1,0
BRDA:72,26,0,0
BRDA:72,26,1,0
BRDA:96,27,0,0
BRDA:96,27,1,0
BRDA:122,28,0,0
BRDA:122,28,1,0
BRDA:127,29,0,0
BRDA:127,29,1,0
BRDA:131,30,0,0
BRDA:131,30,1,0
BRDA:134,31,0,0
BRDA:134,31,1,0
BRDA:134,32,0,0
BRDA:134,32,1,0
BRDA:139,33,0,0
BRDA:139,33,1,0
BRDA:165,34,0,0
BRDA:165,34,1,0
BRDA:166,35,0,0
BRDA:166,35,1,0
BRDA:166,36,0,0
BRDA:166,36,1,0
BRDA:166,36,2,0
BRDA:166,36,3,0
BRDA:174,37,0,0
BRDA:174,37,1,0
BRDA:191,38,0,0
BRDA:191,38,1,0
BRDA:192,39,0,0
BRDA:192,39,1,0
BRDA:222,40,0,0
BRDA:222,40,1,0
BRDA:225,41,0,0
BRDA:225,41,1,0
BRDA:231,42,0,0
BRDA:231,42,1,0
BRDA:234,43,0,0
BRDA:234,43,1,0
BRDA:257,44,0,0
BRDA:257,44,1,0
BRDA:283,45,0,0
BRDA:283,45,1,0
BRDA:286,46,0,0
BRDA:286,46,1,0
BRDA:288,47,0,0
BRDA:288,47,1,0
BRDA:291,48,0,0
BRDA:291,48,1,0
BRDA:293,49,0,0
BRDA:293,49,1,0
BRDA:300,50,0,0
BRDA:300,50,1,0
BRDA:310,51,0,0
BRDA:310,51,1,0
BRDA:322,52,0,0
BRDA:322,52,1,0
BRDA:323,53,0,0
BRDA:323,53,1,0
BRDA:334,54,0,0
BRDA:334,54,1,0
BRDA:338,55,0,0
BRDA:338,55,1,0
BRDA:342,56,0,0
BRDA:342,56,1,0
BRDA:367,57,0,0
BRDA:367,57,1,0
BRDA:367,58,0,0
BRDA:367,58,1,0
BRDA:368,59,0,0
BRDA:368,59,1,0
BRDA:395,60,0,0
BRDA:395,60,1,0
BRDA:502,61,0,0
BRDA:502,61,1,0
BRDA:508,62,0,0
BRDA:508,62,1,0
BRDA:511,63,0,0
BRDA:511,63,1,0
BRDA:518,64,0,0
BRDA:518,64,1,0
BRDA:588,65,0,0
BRDA:588,65,1,0
BRDA:595,66,0,0
BRDA:595,66,1,0
BRDA:600,67,0,0
BRDA:600,67,1,0
BRDA:606,68,0,0
BRDA:606,68,1,0
BRDA:622,69,0,0
BRDA:622,69,1,0
BRDA:622,69,2,0
BRDA:645,70,0,0
BRDA:645,70,1,0
BRDA:649,71,0,0
BRDA:649,71,1,0
BRDA:653,72,0,0
BRDA:653,72,1,0
BRDA:653,73,0,0
BRDA:653,73,1,0
BRDA:660,74,0,0
BRDA:660,74,1,0
BRDA:670,75,0,0
BRDA:670,75,1,0
BRDA:724,76,0,0
BRDA:724,76,1,0
BRDA:729,77,0,0
BRDA:729,77,1,0
BRDA:738,78,0,1
BRDA:738,78,1,0
BRDA:738,79,0,1
BRDA:738,79,1,1
BRDA:738,80,0,1
BRDA:738,80,1,1
BRDA:738,81,0,1
BRDA:738,81,1,1
BRDA:738,81,2,1
BRDA:738,81,3,1
BRDA:738,81,4,1
BRDA:738,81,5,1
BRDA:738,82,0,0
BRDA:738,82,1,0
BRDA:738,83,0,0
BRDA:738,83,1,0
BRDA:738,83,2,0
BRDA:738,84,0,0
BRDA:738,84,1,0
BRDA:738,85,0,0
BRDA:738,85,1,0
BRDA:738,86,0,0
BRDA:738,86,1,0
BRDA:738,87,0,0
BRDA:738,87,1,0
BRDA:738,88,0,0
BRDA:738,88,1,0
BRDA:738,89,0,0
BRDA:738,89,1,0
BRDA:738,90,0,0
BRDA:738,90,1,0
BRDA:738,91,0,0
BRDA:738,91,1,0
BRDA:738,92,0,0
BRDA:738,92,1,0
BRDA:738,92,2,0
BRDA:738,93,0,0
BRDA:738,93,1,0
BRDA:738,94,0,0
BRDA:738,94,1,0
BRDA:738,95,0,0
BRDA:738,95,1,0
BRDA:766,96,0,0
BRDA:766,96,1,0
BRDA:766,97,0,0
BRDA:766,97,1,0
BRDA:772,98,0,0
BRDA:772,98,1,0
BRDA:795,99,0,0
BRDA:795,99,1,0
BRDA:831,100,0,0
BRDA:831,100,1,0
BRDA:831,101,0,0
BRDA:831,101,1,0
BRDA:837,102,0,0
BRDA:837,102,1,0
BRDA:853,103,0,0
BRDA:853,103,1,0
BRDA:869,104,0,0
BRDA:869,104,1,0
BRDA:869,104,2,0
BRDA:883,105,0,1
BRDA:883,105,1,1
BRDA:888,106,0,1
BRDA:888,106,1,0
BRDA:904,107,0,0
BRDA:904,107,1,0
BRDA:909,108,0,0
BRDA:909,108,1,0
BRDA:916,109,0,0
BRDA:916,109,1,0
BRDA:926,110,0,0
BRDA:926,110,1,1
BRDA:926,111,0,1
BRDA:926,111,1,0
BRDA:939,112,0,0
BRDA:939,112,1,1
BRDA:955,113,0,0
BRDA:955,113,1,0
BRDA:955,114,0,0
BRDA:955,114,1,0
BRDA:955,114,2,0
BRDA:962,115,0,0
BRDA:962,115,1,0
BRDA:967,116,0,0
BRDA:967,116,1,0
BRDA:969,117,0,0
BRDA:969,117,1,0
BRDA:985,118,0,34
BRDA:985,118,1,0
BRDA:993,119,0,16
BRDA:993,119,1,20014
BRDA:1018,120,0,0
BRDA:1018,120,1,7
BRDA:1046,121,0,0
BRDA:1046,121,1,0
BRDA:1051,122,0,0
BRDA:1051,122,1,0
BRDA:1073,123,0,1
BRDA:1073,123,1,1
BRDA:1073,123,2,1
BRDA:1073,123,3,1
BRDA:1080,124,0,0
BRDA:1080,124,1,13
BRDA:1084,125,0,0
BRDA:1084,125,1,4
BRDA:1106,126,0,4
BRDA:1106,126,1,0
BRDA:1108,127,0,0
BRDA:1108,127,1,4
BRDA:1118,128,0,0
BRDA:1118,128,1,25
BRDA:1121,129,0,25
BRDA:1121,129,1,0
BRDA:1125,130,0,0
BRDA:1125,130,1,0
BRDA:1138,131,0,0
BRDA:1138,131,1,24
BRDA:1142,132,0,0
BRDA:1142,132,1,24
BRDA:1142,133,0,24
BRDA:1142,133,1,0
BRDA:1150,134,0,0
BRDA:1150,134,1,12
BRDA:1153,135,0,8
BRDA:1153,135,1,4
BRDA:1160,136,0,0
BRDA:1160,136,1,4
BRDA:1164,137,0,0
BRDA:1164,137,1,4
BRDA:1164,138,0,4
BRDA:1164,138,1,4
BRDA:1168,139,0,0
BRDA:1168,139,1,4
BRDA:1173,140,0,0
BRDA:1173,140,1,4
BRDA:1178,141,0,0
BRDA:1178,141,1,4
BRDA:1183,142,0,0
BRDA:1183,142,1,4
BRDA:1183,143,0,4
BRDA:1183,143,1,4
BRDA:1210,144,0,0
BRDA:1210,144,1,10024
BRDA:1210,145,0,10024
BRDA:1210,145,1,10024
BRDA:1227,146,0,5
BRDA:1227,146,1,0
BRDA:1228,147,0,5
BRDA:1228,147,1,0
BRDA:1234,148,0,1
BRDA:1234,148,1,1
BRDA:1234,149,0,2
BRDA:1234,149,1,2
BRDA:1234,149,2,1
BRDA:1239,150,0,1
BRDA:1239,150,1,1
BRDA:1239,150,2,1
BRDA:1239,150,3,1
BRDA:1239,150,4,1
BRDA:1249,151,0,10018
BRDA:1249,151,1,3
BRDA:1249,152,0,10021
BRDA:1249,152,1,10021
BRDA:1249,152,2,3
BRDA:1253,153,0,3
BRDA:1253,153,1,3
BRDA:1253,153,2,3
BRDA:1253,153,3,3
BRDA:1253,153,4,3
BRDA:1278,154,0,10010
BRDA:1278,154,1,1
BRDA:1278,155,0,10011
BRDA:1278,155,1,1
BRDA:1278,155,2,1
BRDA:1283,156,0,0
BRDA:1283,156,1,1
BRDA:1283,157,0,1
BRDA:1283,157,1,1
BRDA:1283,157,2,1
BRDA:1291,158,0,1
BRDA:1291,158,1,0
BRDA:1293,159,0,0
BRDA:1293,159,1,0
BRDA:1293,160,0,0
BRDA:1293,160,1,0
BRDA:1297,161,0,1
BRDA:1297,161,1,0
BRDA:1299,162,0,0
BRDA:1299,162,1,0
BRDA:1299,163,0,0
BRDA:1299,163,1,0
BRDA:1309,164,0,2
BRDA:1309,164,1,2
BRDA:1309,164,2,1
BRDA:1315,165,0,10
BRDA:1315,165,1,10
BRDA:1315,165,2,2
BRDA:1348,166,0,0
BRDA:1348,166,1,1
BRDA:1383,167,0,1
BRDA:1383,167,1,1
BRDA:1383,167,2,1
BRDA:1412,168,0,1
BRDA:1412,168,1,11
BRDA:1418,169,0,0
BRDA:1418,169,1,11
BRDA:1418,170,0,11
BRDA:1418,170,1,11
BRDA:1423,171,0,11
BRDA:1423,171,1,11
BRDA:1525,172,0,4
BRDA:1525,172,1,4
BRDA:1541,173,0,0
BRDA:1541,173,1,0
BRDA:1545,174,0,0
BRDA:1545,174,1,0
BRDA:1549,175,0,6
BRDA:1549,175,1,0
BRDA:1553,176,0,20018
BRDA:1553,176,1,20010
BRDA:1561,177,0,10005
BRDA:1561,177,1,10003
BRDA:1569,178,0,2
BRDA:1569,178,1,7
BRDA:1580,179,0,7
BRDA:1580,179,1,5
BRDA:1583,180,0,1
BRDA:1583,180,1,1
BRDA:1586,181,0,1
BRDA:1586,181,1,1
BRDA:1620,182,0,10005
BRDA:1620,182,1,4
BRDA:1620,183,0,10009
BRDA:1620,183,1,10005
BRDA:1621,184,0,10003
BRDA:1621,184,1,2
BRDA:1626,185,0,6
BRDA:1626,185,1,0
BRDA:1629,186,0,0
BRDA:1629,186,1,0
BRDA:1632,187,0,0
BRDA:1632,187,1,0
BRDA:1643,188,0,20018
BRDA:1643,188,1,0
BRDA:1644,189,0,20018
BRDA:1644,189,1,0
BRDA:1754,190,0,0
BRDA:1754,190,1,0
BRDA:1779,191,0,4
BRDA:1779,191,1,0
BRDA:1821,192,0,0
BRDA:1821,192,1,0
BRDA:1829,193,0,5
BRDA:1829,193,1,5
BRDA:1831,194,0,0
BRDA:1831,194,1,5
BRDA:1835,195,0,0
BRDA:1835,195,1,5
BRDA:1845,196,0,4
BRDA:1845,196,1,6
BRDA:1845,197,0,10
BRDA:1845,197,1,6
BRDA:1845,198,0,0
BRDA:1845,198,1,4
BRDA:1845,199,0,4
BRDA:1845,199,1,4
BRDA:1845,200,0,4
BRDA:1845,200,1,0
BRDA:1845,201,0,4
BRDA:1845,201,1,0
BRDA:1845,202,0,1
BRDA:1845,202,1,0
BRDA:1845,203,0,7
BRDA:1845,203,1,0
BRDA:1845,204,0,2
BRDA:1845,204,1,0
BRDA:1845,205,0,0
BRDA:1845,205,1,0
BRDA:1845,206,0,11
BRDA:1845,206,1,1
BRDA:1845,207,0,11
BRDA:1845,207,1,10
BRDA:1845,208,0,4
BRDA:1845,208,1,4
BRDA:1856,209,0,4
BRDA:1856,209,1,0
BRDA:1873,210,0,0
BRDA:1873,210,1,4
BRDA:1878,211,0,4
BRDA:1878,211,1,0
BRDA:1879,212,0,4
BRDA:1879,212,1,0
BRDA:1890,213,0,6
BRDA:1890,213,1,0
BRDA:1890,214,0,6
BRDA:1890,214,1,0
BRDA:1891,215,0,6
BRDA:1891,215,1,0
BRDA:1926,216,0,1
BRDA:1926,216,1,6
BRDA:1953,217,0,4
BRDA:1953,217,1,4
BRDA:1955,218,0,0
BRDA:1955,218,1,4
BRDA:1959,219,0,0
BRDA:1959,219,1,4
BRDA:1983,220,0,0
BRDA:1983,220,1,0
BRDA:1984,221,0,0
BRDA:1984,221,1,0
BRDA:1984,222,0,0
BRDA:1984,222,1,0
BRDA:1993,223,0,0
BRDA:1993,223,1,0
BRDA:2029,224,0,0
BRDA:2029,224,1,0
BRDA:2038,225,0,0
BRDA:2038,225,1,0
BRDA:2038,226,0,0
BRDA:2038,226,1,0
BRDA:2046,227,0,0
BRDA:2046,227,1,0
BRDA:2046,228,0,0
BRDA:2046,228,1,0
BRDA:2084,229,0,0
BRDA:2084,229,1,0
BRDA:2084,230,0,0
BRDA:2084,230,1,0
BRDA:2105,231,0,0
BRDA:2105,231,1,0
BRDA:2108,232,0,0
BRDA:2108,232,1,0
BRDA:2112,233,0,0
BRDA:2112,233,1,0
BRDA:2123,234,0,0
BRDA:2123,234,1,0
BRDA:2125,235,0,0
BRDA:2125,235,1,0
BRDA:2129,236,0,0
BRDA:2129,236,1,0
BRDA:2167,237,0,0
BRDA:2167,237,1,0
BRDA:2170,238,0,0
BRDA:2170,238,1,0
BRDA:2173,239,0,0
BRDA:2173,239,1,0
BRDA:2176,240,0,0
BRDA:2176,240,1,0
BRDA:2212,241,0,0
BRDA:2212,241,1,0
BRDA:2224,242,0,0
BRDA:2224,242,1,0
BRDA:2225,243,0,0
BRDA:2225,243,1,0
BRDA:2250,244,0,0
BRDA:2250,244,1,0
BRDA:2251,245,0,0
BRDA:2251,245,1,0
BRDA:2270,246,0,1
BRDA:2270,246,1,1
BRDA:2274,247,0,0
BRDA:2274,247,1,0
BRF:523
BRH:172
end_of_record
