TN:
SF:dist/vissense.js
FN:5,(anonymous_1)
FN:5,(anonymous_2)
FN:5,e
FN:5,s
FN:5,(anonymous_5)
FN:5,(anonymous_6)
FN:15,(anonymous_7)
FN:22,BinaryHeap
FN:29,(anonymous_9)
FN:36,(anonymous_10)
FN:43,(anonymous_11)
FN:47,(anonymous_12)
FN:61,(anonymous_13)
FN:83,(anonymous_14)
FN:87,(anonymous_15)
FN:109,(anonymous_16)
FN:153,(anonymous_17)
FN:161,(anonymous_18)
FN:162,(anonymous_19)
FN:187,(anonymous_20)
FN:206,(anonymous_21)
FN:216,Counter
FN:221,(anonymous_23)
FN:230,(anonymous_24)
FN:239,(anonymous_25)
FN:243,(anonymous_26)
FN:247,(anonymous_27)
FN:256,Histogram
FN:269,(anonymous_29)
FN:280,(anonymous_30)
FN:297,(anonymous_31)
FN:309,(anonymous_32)
FN:313,(anonymous_33)
FN:313,(anonymous_34)
FN:333,(anonymous_35)
FN:337,(anonymous_36)
FN:341,(anonymous_37)
FN:345,(anonymous_38)
FN:349,(anonymous_39)
FN:367,(anonymous_40)
FN:368,(anonymous_41)
FN:371,(anonymous_42)
FN:379,(anonymous_43)
FN:384,Meter
FN:394,(anonymous_45)
FN:402,(anonymous_46)
FN:410,(anonymous_47)
FN:414,(anonymous_48)
FN:418,(anonymous_49)
FN:422,(anonymous_50)
FN:426,(anonymous_51)
FN:436,(anonymous_52)
FN:442,(anonymous_53)
FN:449,Timer
FN:456,(anonymous_55)
FN:462,(anonymous_56)
FN:463,(anonymous_57)
FN:464,(anonymous_58)
FN:465,(anonymous_59)
FN:466,(anonymous_60)
FN:467,(anonymous_61)
FN:468,(anonymous_62)
FN:469,(anonymous_63)
FN:472,(anonymous_64)
FN:473,(anonymous_65)
FN:474,(anonymous_66)
FN:475,(anonymous_67)
FN:476,(anonymous_68)
FN:478,(anonymous_69)
FN:485,(anonymous_70)
FN:490,(anonymous_71)
FN:501,(anonymous_72)
FN:505,(anonymous_73)
FN:516,(anonymous_74)
FN:522,(anonymous_75)
FN:533,(anonymous_76)
FN:542,ExponentiallyDecayingSample
FN:551,(anonymous_78)
FN:560,(anonymous_79)
FN:564,(anonymous_80)
FN:565,(anonymous_81)
FN:568,(anonymous_82)
FN:572,(anonymous_83)
FN:576,(anonymous_84)
FN:586,(anonymous_85)
FN:611,(anonymous_86)
FN:616,(anonymous_87)
FN:630,(anonymous_88)
FN:642,ExponentiallyWeightedMovingAverage
FN:650,(anonymous_90)
FN:659,(anonymous_91)
FN:666,(anonymous_92)
FN:681,(anonymous_93)
FN:685,(anonymous_94)
FN:689,(anonymous_95)
FN:690,(anonymous_96)
FN:691,(anonymous_97)
FN:693,(anonymous_98)
FN:694,Sample
FN:698,Sample
FN:699,(anonymous_101)
FN:700,(anonymous_102)
FN:701,(anonymous_103)
FN:702,(anonymous_104)
FN:703,(anonymous_105)
FN:704,(anonymous_106)
FN:707,(anonymous_107)
FN:714,UniformSample
FN:722,(anonymous_109)
FN:744,(anonymous_110)
FN:766,(anonymous_111)
FN:773,(anonymous_112)
FN:796,(anonymous_113)
FN:813,(anonymous_114)
FN:829,(anonymous_115)
FN:838,(anonymous_116)
FN:854,(anonymous_117)
FN:870,(anonymous_118)
FN:884,(anonymous_119)
FN:896,(anonymous_120)
FN:905,(anonymous_121)
FN:915,(anonymous_122)
FN:936,(anonymous_123)
FN:942,(anonymous_124)
FN:956,(anonymous_125)
FN:982,(anonymous_126)
FN:985,_window
FN:993,fireIf
FN:994,(anonymous_129)
FN:1008,(anonymous_130)
FN:1013,extend
FN:1026,noop
FN:1029,identity
FN:1033,now
FN:1037,defer
FN:1038,(anonymous_136)
FN:1043,isObject
FN:1047,defaults
FN:1071,(anonymous_139)
FN:1077,isPageVisibilityAPIAvailable
FN:1081,isPageVisible
FN:1085,onPageVisibilityChange
FN:1103,(anonymous_143)
FN:1106,_isVisibleByOffsetParentCheck
FN:1117,_findEffectiveStyle
FN:1138,_findEffectiveStyleProperty
FN:1150,_isDisplayed
FN:1161,isVisibleByStyling
FN:1206,(anonymous_149)
FN:1209,_getBoundingClientRect
FN:1226,viewport
FN:1234,isFullyInViewport
FN:1249,isInViewport
FN:1276,(anonymous_154)
FN:1279,percentage
FN:1310,isFullyVisible
FN:1316,isVisible
FN:1322,isHidden
FN:1332,(anonymous_159)
FN:1338,(anonymous_160)
FN:1342,getIEVersion
FN:1363,isDomPresent
FN:1370,canReadStyle
FN:1390,(anonymous_164)
FN:1395,(anonymous_165)
FN:1413,VisSense
FN:1428,(anonymous_167)
FN:1432,(anonymous_168)
FN:1436,(anonymous_169)
FN:1440,(anonymous_170)
FN:1449,(anonymous_171)
FN:1451,(anonymous_172)
FN:1459,(anonymous_173)
FN:1461,(anonymous_174)
FN:1469,(anonymous_175)
FN:1471,(anonymous_176)
FN:1511,(anonymous_177)
FN:1520,VisState
FN:1526,(anonymous_179)
FN:1530,(anonymous_180)
FN:1534,(anonymous_181)
FN:1538,(anonymous_182)
FN:1542,(anonymous_183)
FN:1546,(anonymous_184)
FN:1550,(anonymous_185)
FN:1554,(anonymous_186)
FN:1558,(anonymous_187)
FN:1562,(anonymous_188)
FN:1566,(anonymous_189)
FN:1570,state
FN:1581,(anonymous_191)
FN:1584,(anonymous_192)
FN:1587,(anonymous_193)
FN:1615,(anonymous_194)
FN:1618,nextState
FN:1643,fireListeners
FN:1652,VisMon
FN:1662,(anonymous_198)
FN:1669,(anonymous_199)
FN:1673,(anonymous_200)
FN:1679,(anonymous_201)
FN:1688,(anonymous_202)
FN:1694,(anonymous_203)
FN:1702,(anonymous_204)
FN:1719,(anonymous_205)
FN:1722,(anonymous_206)
FN:1734,(anonymous_207)
FN:1737,(anonymous_208)
FN:1745,(anonymous_209)
FN:1752,(anonymous_210)
FN:1754,(anonymous_211)
FN:1772,(anonymous_212)
FN:1775,(anonymous_213)
FN:1780,(anonymous_214)
FN:1789,(anonymous_215)
FN:1792,(anonymous_216)
FN:1803,(anonymous_217)
FN:1806,(anonymous_218)
FN:1814,(anonymous_219)
FN:1830,(anonymous_220)
FN:1847,(anonymous_221)
FN:1847,cancel
FN:1847,run
FN:1847,(anonymous_224)
FN:1847,(anonymous_225)
FN:1847,Again
FN:1847,(anonymous_227)
FN:1847,(anonymous_228)
FN:1847,(anonymous_229)
FN:1847,(anonymous_230)
FN:1847,(anonymous_231)
FN:1847,(anonymous_232)
FN:1847,(anonymous_233)
FN:1847,(anonymous_234)
FN:1847,(anonymous_235)
FN:1851,(anonymous_236)
FN:1854,VisTimer
FN:1874,(anonymous_238)
FN:1879,init
FN:1883,(anonymous_240)
FN:1887,(anonymous_241)
FN:1905,(anonymous_242)
FN:1919,(anonymous_243)
FN:1927,(anonymous_244)
FN:1933,(anonymous_245)
FN:1941,(anonymous_246)
FN:1950,(anonymous_247)
FN:1954,(anonymous_248)
FN:1974,(anonymous_249)
FN:1979,now
FN:1985,(anonymous_251)
FN:1998,(anonymous_252)
FN:1999,(anonymous_253)
FN:2000,(anonymous_254)
FN:2005,StopWatch
FN:2016,(anonymous_256)
FN:2021,(anonymous_257)
FN:2025,(anonymous_258)
FN:2028,(anonymous_259)
FN:2032,(anonymous_260)
FN:2040,(anonymous_261)
FN:2053,(anonymous_262)
FN:2060,(anonymous_263)
FN:2069,(anonymous_264)
FN:2076,(anonymous_265)
FN:2084,(anonymous_266)
FN:2093,(anonymous_267)
FN:2103,fireIfPositive
FN:2112,VisMetrics
FN:2139,(anonymous_270)
FN:2148,(anonymous_271)
FN:2156,(anonymous_272)
FN:2165,(anonymous_273)
FN:2169,(anonymous_274)
FN:2173,(anonymous_275)
FN:2177,(anonymous_276)
FN:2194,updatePercentage
FN:2203,updateVisibilityChanges
FN:2209,stopAndUpdateTimers
FN:2213,(anonymous_280)
FN:2218,(anonymous_281)
FN:2221,(anonymous_282)
FN:2224,(anonymous_283)
FN:2230,(anonymous_284)
FN:2248,(anonymous_285)
FN:2265,(anonymous_286)
FN:2275,(anonymous_287)
FN:2286,(anonymous_288)
FN:2296,(anonymous_289)
FN:2304,(anonymous_290)
FN:2312,(anonymous_291)
FN:2316,(anonymous_292)
FN:2318,(anonymous_293)
FN:2333,(anonymous_294)
FN:2338,(anonymous_295)
FN:2347,addEvent
FN:2354,(anonymous_297)
FN:2369,(anonymous_298)
FN:2372,(anonymous_299)
FN:2375,(anonymous_300)
FN:2384,(anonymous_301)
FN:2389,successHandler
FN:2406,VisClient
FN:2413,(anonymous_304)
FN:2427,(anonymous_305)
FN:2435,newVisClient
FN:2439,(anonymous_307)
FNF:307
FNH:59
FNDA:1,(anonymous_1)
FNDA:1,(anonymous_2)
FNDA:1,e
FNDA:19,s
FNDA:17,(anonymous_5)
FNDA:1,(anonymous_6)
FNDA:1,(anonymous_7)
FNDA:0,BinaryHeap
FNDA:0,(anonymous_9)
FNDA:0,(anonymous_10)
FNDA:0,(anonymous_11)
FNDA:0,(anonymous_12)
FNDA:0,(anonymous_13)
FNDA:0,(anonymous_14)
FNDA:0,(anonymous_15)
FNDA:0,(anonymous_16)
FNDA:1,(anonymous_17)
FNDA:1,(anonymous_18)
FNDA:0,(anonymous_19)
FNDA:0,(anonymous_20)
FNDA:1,(anonymous_21)
FNDA:0,Counter
FNDA:0,(anonymous_23)
FNDA:0,(anonymous_24)
FNDA:0,(anonymous_25)
FNDA:0,(anonymous_26)
FNDA:1,(anonymous_27)
FNDA:0,Histogram
FNDA:0,(anonymous_29)
FNDA:0,(anonymous_30)
FNDA:0,(anonymous_31)
FNDA:0,(anonymous_32)
FNDA:0,(anonymous_33)
FNDA:0,(anonymous_34)
FNDA:0,(anonymous_35)
FNDA:0,(anonymous_36)
FNDA:0,(anonymous_37)
FNDA:0,(anonymous_38)
FNDA:0,(anonymous_39)
FNDA:0,(anonymous_40)
FNDA:0,(anonymous_41)
FNDA:1,(anonymous_42)
FNDA:1,(anonymous_43)
FNDA:0,Meter
FNDA:0,(anonymous_45)
FNDA:0,(anonymous_46)
FNDA:0,(anonymous_47)
FNDA:0,(anonymous_48)
FNDA:0,(anonymous_49)
FNDA:0,(anonymous_50)
FNDA:0,(anonymous_51)
FNDA:0,(anonymous_52)
FNDA:1,(anonymous_53)
FNDA:0,Timer
FNDA:0,(anonymous_55)
FNDA:0,(anonymous_56)
FNDA:0,(anonymous_57)
FNDA:0,(anonymous_58)
FNDA:0,(anonymous_59)
FNDA:0,(anonymous_60)
FNDA:0,(anonymous_61)
FNDA:0,(anonymous_62)
FNDA:0,(anonymous_63)
FNDA:0,(anonymous_64)
FNDA:0,(anonymous_65)
FNDA:0,(anonymous_66)
FNDA:0,(anonymous_67)
FNDA:0,(anonymous_68)
FNDA:0,(anonymous_69)
FNDA:1,(anonymous_70)
FNDA:0,(anonymous_71)
FNDA:0,(anonymous_72)
FNDA:0,(anonymous_73)
FNDA:0,(anonymous_74)
FNDA:0,(anonymous_75)
FNDA:1,(anonymous_76)
FNDA:0,ExponentiallyDecayingSample
FNDA:0,(anonymous_78)
FNDA:0,(anonymous_79)
FNDA:0,(anonymous_80)
FNDA:0,(anonymous_81)
FNDA:0,(anonymous_82)
FNDA:0,(anonymous_83)
FNDA:0,(anonymous_84)
FNDA:0,(anonymous_85)
FNDA:0,(anonymous_86)
FNDA:0,(anonymous_87)
FNDA:1,(anonymous_88)
FNDA:0,ExponentiallyWeightedMovingAverage
FNDA:0,(anonymous_90)
FNDA:0,(anonymous_91)
FNDA:0,(anonymous_92)
FNDA:0,(anonymous_93)
FNDA:0,(anonymous_94)
FNDA:0,(anonymous_95)
FNDA:0,(anonymous_96)
FNDA:0,(anonymous_97)
FNDA:1,(anonymous_98)
FNDA:0,Sample
FNDA:2,Sample
FNDA:0,(anonymous_101)
FNDA:0,(anonymous_102)
FNDA:0,(anonymous_103)
FNDA:0,(anonymous_104)
FNDA:0,(anonymous_105)
FNDA:0,(anonymous_106)
FNDA:1,(anonymous_107)
FNDA:0,UniformSample
FNDA:0,(anonymous_109)
FNDA:1,(anonymous_110)
FNDA:0,(anonymous_111)
FNDA:0,(anonymous_112)
FNDA:0,(anonymous_113)
FNDA:0,(anonymous_114)
FNDA:0,(anonymous_115)
FNDA:0,(anonymous_116)
FNDA:0,(anonymous_117)
FNDA:0,(anonymous_118)
FNDA:1,(anonymous_119)
FNDA:0,(anonymous_120)
FNDA:0,(anonymous_121)
FNDA:0,(anonymous_122)
FNDA:1,(anonymous_123)
FNDA:0,(anonymous_124)
FNDA:0,(anonymous_125)
FNDA:1,(anonymous_126)
FNDA:1,_window
FNDA:0,fireIf
FNDA:0,(anonymous_129)
FNDA:1,(anonymous_130)
FNDA:1,extend
FNDA:0,noop
FNDA:0,identity
FNDA:1,now
FNDA:0,defer
FNDA:0,(anonymous_136)
FNDA:0,isObject
FNDA:0,defaults
FNDA:1,(anonymous_139)
FNDA:1,isPageVisibilityAPIAvailable
FNDA:0,isPageVisible
FNDA:0,onPageVisibilityChange
FNDA:1,(anonymous_143)
FNDA:0,_isVisibleByOffsetParentCheck
FNDA:1,_findEffectiveStyle
FNDA:0,_findEffectiveStyleProperty
FNDA:0,_isDisplayed
FNDA:0,isVisibleByStyling
FNDA:1,(anonymous_149)
FNDA:0,_getBoundingClientRect
FNDA:0,viewport
FNDA:0,isFullyInViewport
FNDA:0,isInViewport
FNDA:1,(anonymous_154)
FNDA:0,percentage
FNDA:0,isFullyVisible
FNDA:0,isVisible
FNDA:0,isHidden
FNDA:1,(anonymous_159)
FNDA:1,(anonymous_160)
FNDA:1,getIEVersion
FNDA:1,isDomPresent
FNDA:1,canReadStyle
FNDA:0,(anonymous_164)
FNDA:1,(anonymous_165)
FNDA:0,VisSense
FNDA:0,(anonymous_167)
FNDA:0,(anonymous_168)
FNDA:0,(anonymous_169)
FNDA:0,(anonymous_170)
FNDA:0,(anonymous_171)
FNDA:0,(anonymous_172)
FNDA:0,(anonymous_173)
FNDA:0,(anonymous_174)
FNDA:0,(anonymous_175)
FNDA:0,(anonymous_176)
FNDA:1,(anonymous_177)
FNDA:0,VisState
FNDA:0,(anonymous_179)
FNDA:0,(anonymous_180)
FNDA:0,(anonymous_181)
FNDA:0,(anonymous_182)
FNDA:0,(anonymous_183)
FNDA:0,(anonymous_184)
FNDA:0,(anonymous_185)
FNDA:0,(anonymous_186)
FNDA:0,(anonymous_187)
FNDA:0,(anonymous_188)
FNDA:0,(anonymous_189)
FNDA:0,state
FNDA:0,(anonymous_191)
FNDA:0,(anonymous_192)
FNDA:0,(anonymous_193)
FNDA:1,(anonymous_194)
FNDA:0,nextState
FNDA:0,fireListeners
FNDA:0,VisMon
FNDA:0,(anonymous_198)
FNDA:0,(anonymous_199)
FNDA:0,(anonymous_200)
FNDA:0,(anonymous_201)
FNDA:0,(anonymous_202)
FNDA:0,(anonymous_203)
FNDA:0,(anonymous_204)
FNDA:0,(anonymous_205)
FNDA:0,(anonymous_206)
FNDA:0,(anonymous_207)
FNDA:0,(anonymous_208)
FNDA:0,(anonymous_209)
FNDA:0,(anonymous_210)
FNDA:0,(anonymous_211)
FNDA:0,(anonymous_212)
FNDA:0,(anonymous_213)
FNDA:0,(anonymous_214)
FNDA:0,(anonymous_215)
FNDA:0,(anonymous_216)
FNDA:0,(anonymous_217)
FNDA:0,(anonymous_218)
FNDA:0,(anonymous_219)
FNDA:0,(anonymous_220)
FNDA:1,(anonymous_221)
FNDA:0,cancel
FNDA:0,run
FNDA:0,(anonymous_224)
FNDA:0,(anonymous_225)
FNDA:0,Again
FNDA:0,(anonymous_227)
FNDA:0,(anonymous_228)
FNDA:0,(anonymous_229)
FNDA:0,(anonymous_230)
FNDA:0,(anonymous_231)
FNDA:0,(anonymous_232)
FNDA:0,(anonymous_233)
FNDA:0,(anonymous_234)
FNDA:0,(anonymous_235)
FNDA:1,(anonymous_236)
FNDA:0,VisTimer
FNDA:0,(anonymous_238)
FNDA:0,init
FNDA:0,(anonymous_240)
FNDA:0,(anonymous_241)
FNDA:0,(anonymous_242)
FNDA:0,(anonymous_243)
FNDA:0,(anonymous_244)
FNDA:0,(anonymous_245)
FNDA:0,(anonymous_246)
FNDA:0,(anonymous_247)
FNDA:0,(anonymous_248)
FNDA:1,(anonymous_249)
FNDA:0,now
FNDA:1,(anonymous_251)
FNDA:1,(anonymous_252)
FNDA:1,(anonymous_253)
FNDA:0,(anonymous_254)
FNDA:0,StopWatch
FNDA:0,(anonymous_256)
FNDA:0,(anonymous_257)
FNDA:0,(anonymous_258)
FNDA:0,(anonymous_259)
FNDA:0,(anonymous_260)
FNDA:0,(anonymous_261)
FNDA:0,(anonymous_262)
FNDA:0,(anonymous_263)
FNDA:0,(anonymous_264)
FNDA:0,(anonymous_265)
FNDA:1,(anonymous_266)
FNDA:0,(anonymous_267)
FNDA:0,fireIfPositive
FNDA:0,VisMetrics
FNDA:0,(anonymous_270)
FNDA:0,(anonymous_271)
FNDA:0,(anonymous_272)
FNDA:0,(anonymous_273)
FNDA:0,(anonymous_274)
FNDA:0,(anonymous_275)
FNDA:0,(anonymous_276)
FNDA:0,updatePercentage
FNDA:0,updateVisibilityChanges
FNDA:0,stopAndUpdateTimers
FNDA:0,(anonymous_280)
FNDA:0,(anonymous_281)
FNDA:0,(anonymous_282)
FNDA:0,(anonymous_283)
FNDA:0,(anonymous_284)
FNDA:1,(anonymous_285)
FNDA:0,(anonymous_286)
FNDA:0,(anonymous_287)
FNDA:0,(anonymous_288)
FNDA:1,(anonymous_289)
FNDA:0,(anonymous_290)
FNDA:1,(anonymous_291)
FNDA:1,(anonymous_292)
FNDA:0,(anonymous_293)
FNDA:3,(anonymous_294)
FNDA:0,(anonymous_295)
FNDA:3,addEvent
FNDA:0,(anonymous_297)
FNDA:1,(anonymous_298)
FNDA:1,(anonymous_299)
FNDA:0,(anonymous_300)
FNDA:0,(anonymous_301)
FNDA:0,successHandler
FNDA:1,VisClient
FNDA:0,(anonymous_304)
FNDA:0,(anonymous_305)
FNDA:1,newVisClient
FNDA:0,(anonymous_307)
DA:5,19
DA:6,1
DA:9,1
DA:10,1
DA:11,1
DA:12,1
DA:13,1
DA:19,1
DA:22,1
DA:23,0
DA:24,0
DA:27,1
DA:30,0
DA:32,0
DA:33,0
DA:38,0
DA:40,0
DA:44,0
DA:49,0
DA:51,0
DA:54,0
DA:55,0
DA:56,0
DA:58,0
DA:62,0
DA:65,0
DA:66,0
DA:69,0
DA:70,0
DA:71,0
DA:72,0
DA:73,0
DA:75,0
DA:77,0
DA:80,0
DA:84,0
DA:89,0
DA:91,0
DA:93,0
DA:96,0
DA:97,0
DA:98,0
DA:100,0
DA:104,0
DA:111,0
DA:115,0
DA:117,0
DA:120,0
DA:122,0
DA:124,0
DA:127,0
DA:128,0
DA:131,0
DA:132,0
DA:134,0
DA:135,0
DA:139,0
DA:140,0
DA:141,0
DA:142,0
DA:146,0
DA:161,1
DA:162,1
DA:163,0
DA:165,0
DA:166,0
DA:174,0
DA:175,0
DA:177,0
DA:181,0
DA:187,1
DA:188,0
DA:191,0
DA:192,0
DA:193,0
DA:196,0
DA:197,0
DA:198,0
DA:199,0
DA:201,0
DA:214,1
DA:216,1
DA:217,0
DA:218,0
DA:221,1
DA:222,0
DA:223,0
DA:225,0
DA:226,0
DA:230,1
DA:231,0
DA:232,0
DA:234,0
DA:235,0
DA:239,1
DA:240,0
DA:243,1
DA:244,0
DA:248,1
DA:251,1
DA:256,1
DA:257,0
DA:258,0
DA:259,0
DA:260,0
DA:263,0
DA:264,0
DA:265,0
DA:266,0
DA:269,1
DA:270,0
DA:271,0
DA:272,0
DA:273,0
DA:274,0
DA:275,0
DA:276,0
DA:280,1
DA:281,0
DA:282,0
DA:283,0
DA:284,0
DA:286,0
DA:288,0
DA:289,0
DA:291,0
DA:293,0
DA:294,0
DA:297,1
DA:298,0
DA:300,0
DA:301,0
DA:303,0
DA:304,0
DA:309,1
DA:310,0
DA:311,0
DA:313,0
DA:319,0
DA:320,0
DA:321,0
DA:322,0
DA:323,0
DA:325,0
DA:326,0
DA:327,0
DA:330,0
DA:333,1
DA:334,0
DA:337,1
DA:338,0
DA:341,1
DA:342,0
DA:345,1
DA:346,0
DA:349,1
DA:350,0
DA:351,0
DA:367,1
DA:368,1
DA:369,1
DA:373,1
DA:374,1
DA:375,1
DA:376,1
DA:380,1
DA:384,1
DA:385,0
DA:386,0
DA:387,0
DA:388,0
DA:389,0
DA:390,0
DA:394,1
DA:395,0
DA:396,0
DA:397,0
DA:398,0
DA:399,0
DA:402,1
DA:403,0
DA:410,1
DA:411,0
DA:414,1
DA:415,0
DA:418,1
DA:419,0
DA:422,1
DA:423,0
DA:426,1
DA:427,0
DA:436,1
DA:437,0
DA:438,0
DA:439,0
DA:443,1
DA:444,1
DA:445,1
DA:449,1
DA:450,0
DA:451,0
DA:452,0
DA:453,0
DA:456,1
DA:457,0
DA:458,0
DA:462,1
DA:463,1
DA:464,1
DA:465,1
DA:466,1
DA:467,1
DA:468,1
DA:469,1
DA:472,1
DA:473,1
DA:474,1
DA:475,1
DA:476,1
DA:478,1
DA:479,0
DA:490,1
DA:491,0
DA:495,0
DA:501,1
DA:502,0
DA:505,1
DA:506,0
DA:508,0
DA:509,0
DA:511,0
DA:512,0
DA:516,1
DA:517,0
DA:518,0
DA:519,0
DA:522,1
DA:523,0
DA:524,0
DA:525,0
DA:526,0
DA:527,0
DA:530,0
DA:534,1
DA:540,1
DA:542,1
DA:543,0
DA:544,0
DA:545,0
DA:548,1
DA:551,1
DA:552,0
DA:554,0
DA:555,0
DA:557,0
DA:560,1
DA:561,0
DA:564,1
DA:565,0
DA:568,1
DA:569,0
DA:572,1
DA:573,0
DA:576,1
DA:577,0
DA:578,0
DA:579,0
DA:580,0
DA:586,1
DA:588,0
DA:589,0
DA:591,0
DA:593,0
DA:595,0
DA:596,0
DA:597,0
DA:599,0
DA:600,0
DA:601,0
DA:602,0
DA:606,0
DA:607,0
DA:611,1
DA:612,0
DA:616,1
DA:617,0
DA:618,0
DA:622,0
DA:624,0
DA:625,0
DA:627,0
DA:638,1
DA:639,1
DA:640,1
DA:642,1
DA:643,0
DA:644,0
DA:645,0
DA:646,0
DA:647,0
DA:648,0
DA:649,0
DA:650,0
DA:653,0
DA:654,0
DA:659,1
DA:660,0
DA:666,1
DA:667,0
DA:668,0
DA:670,0
DA:671,0
DA:673,0
DA:674,0
DA:681,1
DA:682,0
DA:685,1
DA:686,0
DA:689,1
DA:690,1
DA:691,1
DA:694,1
DA:695,0
DA:696,0
DA:698,1
DA:699,1
DA:700,1
DA:701,1
DA:702,1
DA:703,1
DA:704,1
DA:708,1
DA:709,1
DA:714,1
DA:715,0
DA:716,0
DA:717,0
DA:720,1
DA:722,1
DA:723,0
DA:724,0
DA:726,0
DA:728,0
DA:729,0
DA:730,0
DA:744,1
DA:747,1
DA:753,1
DA:767,0
DA:768,0
DA:769,0
DA:770,0
DA:773,0
DA:774,0
DA:775,0
DA:776,0
DA:779,0
DA:797,0
DA:798,0
DA:800,0
DA:801,0
DA:802,0
DA:803,0
DA:804,0
DA:814,0
DA:830,0
DA:831,0
DA:833,0
DA:834,0
DA:835,0
DA:838,0
DA:839,0
DA:840,0
DA:841,0
DA:844,0
DA:855,0
DA:871,0
DA:885,1
DA:897,0
DA:899,0
DA:900,0
DA:906,0
DA:907,0
DA:910,0
DA:911,0
DA:912,0
DA:915,0
DA:916,0
DA:918,0
DA:919,0
DA:921,0
DA:923,0
DA:928,1
DA:929,0
DA:931,1
DA:936,1
DA:941,1
DA:942,0
DA:943,0
DA:956,0
DA:957,0
DA:958,0
DA:961,0
DA:963,0
DA:964,0
DA:965,0
DA:969,0
DA:970,0
DA:971,0
DA:972,0
DA:976,0
DA:982,1
DA:985,1
DA:986,1
DA:987,1
DA:993,1
DA:994,0
DA:995,0
DA:999,1
DA:1008,1
DA:1013,1
DA:1014,1
DA:1018,1
DA:1019,7
DA:1020,7
DA:1023,1
DA:1026,1
DA:1029,1
DA:1030,0
DA:1033,1
DA:1034,1
DA:1037,1
DA:1038,0
DA:1039,0
DA:1043,1
DA:1044,0
DA:1047,1
DA:1048,0
DA:1049,0
DA:1052,0
DA:1053,0
DA:1054,0
DA:1057,0
DA:1060,1
DA:1071,1
DA:1075,1
DA:1077,1
DA:1078,1
DA:1081,1
DA:1082,0
DA:1085,1
DA:1086,0
DA:1087,0
DA:1091,1
DA:1092,1
DA:1093,1
DA:1103,1
DA:1106,1
DA:1108,0
DA:1109,0
DA:1110,0
DA:1111,0
DA:1114,0
DA:1117,1
DA:1118,1
DA:1120,1
DA:1121,0
DA:1123,1
DA:1125,1
DA:1127,0
DA:1129,0
DA:1135,0
DA:1138,1
DA:1139,0
DA:1140,0
DA:1141,0
DA:1143,0
DA:1144,0
DA:1145,0
DA:1147,0
DA:1150,1
DA:1151,0
DA:1152,0
DA:1153,0
DA:1155,0
DA:1156,0
DA:1158,0
DA:1161,1
DA:1162,0
DA:1163,0
DA:1166,0
DA:1167,0
DA:1170,0
DA:1171,0
DA:1174,0
DA:1175,0
DA:1176,0
DA:1179,0
DA:1180,0
DA:1181,0
DA:1184,0
DA:1185,0
DA:1186,0
DA:1189,0
DA:1192,1
DA:1193,1
DA:1194,1
DA:1206,1
DA:1209,1
DA:1210,0
DA:1212,0
DA:1214,0
DA:1223,0
DA:1226,1
DA:1227,0
DA:1228,0
DA:1234,1
DA:1235,0
DA:1236,0
DA:1237,0
DA:1239,0
DA:1241,0
DA:1249,1
DA:1250,0
DA:1251,0
DA:1252,0
DA:1254,0
DA:1255,0
DA:1263,1
DA:1264,1
DA:1265,1
DA:1266,1
DA:1276,1
DA:1279,1
DA:1280,0
DA:1281,0
DA:1284,0
DA:1285,0
DA:1286,0
DA:1289,0
DA:1290,0
DA:1291,0
DA:1293,0
DA:1294,0
DA:1295,0
DA:1296,0
DA:1299,0
DA:1300,0
DA:1301,0
DA:1302,0
DA:1305,0
DA:1307,0
DA:1310,1
DA:1311,0
DA:1316,1
DA:1317,0
DA:1322,1
DA:1323,0
DA:1326,1
DA:1327,1
DA:1328,1
DA:1329,1
DA:1332,1
DA:1338,1
DA:1342,1
DA:1343,1
DA:1344,1
DA:1348,0
DA:1350,1
DA:1363,1
DA:1364,1
DA:1365,1
DA:1367,0
DA:1370,1
DA:1371,1
DA:1372,1
DA:1374,0
DA:1377,1
DA:1378,1
DA:1379,1
DA:1380,1
DA:1381,1
DA:1382,1
DA:1383,1
DA:1385,1
DA:1387,1
DA:1390,1
DA:1391,0
DA:1395,1
DA:1413,1
DA:1414,0
DA:1415,0
DA:1420,0
DA:1421,0
DA:1424,0
DA:1425,0
DA:1428,1
DA:1429,0
DA:1432,1
DA:1433,0
DA:1436,1
DA:1437,0
DA:1440,1
DA:1441,0
DA:1449,1
DA:1450,0
DA:1451,0
DA:1452,0
DA:1459,1
DA:1460,0
DA:1461,0
DA:1462,0
DA:1469,1
DA:1470,0
DA:1471,0
DA:1472,0
DA:1478,1
DA:1482,1
DA:1485,1
DA:1486,1
DA:1511,1
DA:1514,1
DA:1520,1
DA:1521,0
DA:1522,0
DA:1523,0
DA:1526,1
DA:1527,0
DA:1530,1
DA:1531,0
DA:1534,1
DA:1535,0
DA:1538,1
DA:1539,0
DA:1542,1
DA:1543,0
DA:1546,1
DA:1547,0
DA:1550,1
DA:1551,0
DA:1554,1
DA:1555,0
DA:1558,1
DA:1559,0
DA:1562,1
DA:1563,0
DA:1566,1
DA:1567,0
DA:1570,1
DA:1571,0
DA:1573,0
DA:1576,0
DA:1580,1
DA:1582,0
DA:1585,0
DA:1588,0
DA:1615,1
DA:1618,1
DA:1619,0
DA:1622,0
DA:1623,0
DA:1624,0
DA:1628,0
DA:1629,0
DA:1631,0
DA:1632,0
DA:1634,0
DA:1635,0
DA:1638,0
DA:1643,1
DA:1644,0
DA:1645,0
DA:1646,0
DA:1652,1
DA:1653,0
DA:1655,0
DA:1656,0
DA:1657,0
DA:1658,0
DA:1662,1
DA:1663,0
DA:1669,1
DA:1670,0
DA:1673,1
DA:1674,0
DA:1679,1
DA:1680,0
DA:1688,1
DA:1689,0
DA:1690,0
DA:1691,0
DA:1694,1
DA:1695,0
DA:1696,0
DA:1702,1
DA:1704,0
DA:1706,0
DA:1719,1
DA:1720,0
DA:1722,0
DA:1723,0
DA:1734,1
DA:1735,0
DA:1737,0
DA:1738,0
DA:1745,1
DA:1746,0
DA:1752,1
DA:1753,0
DA:1754,0
DA:1755,0
DA:1756,0
DA:1772,1
DA:1773,0
DA:1775,0
DA:1776,0
DA:1780,0
DA:1781,0
DA:1783,0
DA:1789,1
DA:1790,0
DA:1792,0
DA:1793,0
DA:1796,0
DA:1797,0
DA:1803,1
DA:1804,0
DA:1806,0
DA:1807,0
DA:1810,0
DA:1811,0
DA:1814,1
DA:1815,0
DA:1823,0
DA:1824,0
DA:1827,0
DA:1830,1
DA:1831,0
DA:1833,0
DA:1834,0
DA:1837,0
DA:1838,0
DA:1841,0
DA:1843,0
DA:1847,1
DA:1851,1
DA:1854,1
DA:1855,0
DA:1857,0
DA:1858,0
DA:1860,0
DA:1861,0
DA:1862,0
DA:1864,0
DA:1871,0
DA:1874,1
DA:1875,0
DA:1876,0
DA:1879,0
DA:1880,0
DA:1881,0
DA:1883,0
DA:1884,0
DA:1887,0
DA:1888,0
DA:1889,0
DA:1890,0
DA:1892,0
DA:1893,0
DA:1897,0
DA:1898,0
DA:1901,0
DA:1903,0
DA:1905,0
DA:1906,0
DA:1908,0
DA:1913,0
DA:1916,0
DA:1919,1
DA:1920,0
DA:1927,1
DA:1928,0
DA:1929,0
DA:1930,0
DA:1932,0
DA:1933,0
DA:1934,0
DA:1941,1
DA:1942,0
DA:1950,1
DA:1951,0
DA:1954,1
DA:1955,0
DA:1957,0
DA:1958,0
DA:1961,0
DA:1962,0
DA:1965,0
DA:1967,0
DA:1974,1
DA:1978,1
DA:1979,0
DA:1980,0
DA:1985,1
DA:1986,1
DA:1987,1
DA:1989,1
DA:1998,1
DA:1999,1
DA:2000,1
DA:2001,0
DA:2005,1
DA:2006,0
DA:2008,0
DA:2014,0
DA:2016,0
DA:2017,0
DA:2018,0
DA:2019,0
DA:2021,0
DA:2022,0
DA:2025,0
DA:2026,0
DA:2028,0
DA:2029,0
DA:2032,0
DA:2033,0
DA:2034,0
DA:2035,0
DA:2037,0
DA:2040,0
DA:2041,0
DA:2042,0
DA:2044,0
DA:2047,0
DA:2053,0
DA:2054,0
DA:2060,0
DA:2061,0
DA:2062,0
DA:2063,0
DA:2065,0
DA:2069,1
DA:2070,0
DA:2073,1
DA:2076,1
DA:2077,0
DA:2084,1
DA:2087,1
DA:2093,1
DA:2094,0
DA:2095,0
DA:2096,0
DA:2100,0
DA:2103,1
DA:2104,0
DA:2105,0
DA:2112,1
DA:2113,0
DA:2114,0
DA:2115,0
DA:2116,0
DA:2118,0
DA:2119,0
DA:2120,0
DA:2121,0
DA:2124,0
DA:2125,0
DA:2126,0
DA:2127,0
DA:2128,0
DA:2131,0
DA:2133,0
DA:2135,0
DA:2137,0
DA:2139,0
DA:2140,0
DA:2141,0
DA:2144,0
DA:2145,0
DA:2148,0
DA:2149,0
DA:2150,0
DA:2153,0
DA:2156,0
DA:2157,0
DA:2158,0
DA:2161,0
DA:2162,0
DA:2165,0
DA:2166,0
DA:2169,0
DA:2170,0
DA:2173,0
DA:2174,0
DA:2177,0
DA:2178,0
DA:2179,0
DA:2181,0
DA:2182,0
DA:2183,0
DA:2194,1
DA:2195,0
DA:2196,0
DA:2199,0
DA:2200,0
DA:2203,1
DA:2204,0
DA:2206,0
DA:2209,1
DA:2210,0
DA:2211,0
DA:2213,0
DA:2214,0
DA:2215,0
DA:2218,0
DA:2219,0
DA:2221,0
DA:2222,0
DA:2224,0
DA:2225,0
DA:2230,1
DA:2231,0
DA:2233,0
DA:2234,0
DA:2237,0
DA:2238,0
DA:2241,0
DA:2243,0
DA:2248,1
DA:2265,1
DA:2266,0
DA:2267,0
DA:2269,0
DA:2270,0
DA:2273,0
DA:2275,0
DA:2276,0
DA:2277,0
DA:2279,0
DA:2280,0
DA:2282,0
DA:2283,0
DA:2286,0
DA:2287,0
DA:2296,1
DA:2304,1
DA:2305,0
DA:2312,1
DA:2316,1
DA:2317,1
DA:2318,1
DA:2319,0
DA:2320,0
DA:2321,0
DA:2322,0
DA:2323,0
DA:2324,0
DA:2325,0
DA:2326,0
DA:2329,0
DA:2331,1
DA:2334,3
DA:2335,3
DA:2339,0
DA:2340,0
DA:2341,0
DA:2347,1
DA:2348,3
DA:2349,3
DA:2350,3
DA:2351,3
DA:2352,0
DA:2353,0
DA:2354,0
DA:2355,0
DA:2357,0
DA:2358,0
DA:2360,0
DA:2364,1
DA:2366,1
DA:2369,1
DA:2372,1
DA:2373,1
DA:2374,1
DA:2377,0
DA:2378,0
DA:2379,0
DA:2380,0
DA:2384,0
DA:2389,1
DA:2390,0
DA:2391,0
DA:2392,0
DA:2395,0
DA:2398,0
DA:2399,0
DA:2402,1
DA:2406,1
DA:2408,1
DA:2413,1
DA:2414,0
DA:2415,0
DA:2424,0
DA:2427,1
DA:2430,0
DA:2435,1
DA:2436,1
DA:2439,1
DA:2440,0
DA:2441,0
DA:2443,0
DA:2444,0
DA:2447,1
DA:2448,1
LF:1015
LH:313
BRDA:5,1,0,0
BRDA:5,1,1,1
BRDA:5,2,0,0
BRDA:5,2,1,1
BRDA:5,3,0,1
BRDA:5,3,1,0
BRDA:5,4,0,1
BRDA:5,4,1,0
BRDA:5,5,0,0
BRDA:5,5,1,0
BRDA:5,6,0,0
BRDA:5,6,1,0
BRDA:5,7,0,13
BRDA:5,7,1,6
BRDA:5,8,0,0
BRDA:5,8,1,13
BRDA:5,9,0,0
BRDA:5,9,1,0
BRDA:5,10,0,0
BRDA:5,10,1,0
BRDA:5,11,0,0
BRDA:5,11,1,0
BRDA:5,12,0,0
BRDA:5,12,1,0
BRDA:5,13,0,17
BRDA:5,13,1,0
BRDA:5,14,0,1
BRDA:5,14,1,0
BRDA:54,15,0,0
BRDA:54,15,1,0
BRDA:66,16,0,0
BRDA:66,16,1,0
BRDA:70,17,0,0
BRDA:70,17,1,0
BRDA:72,18,0,0
BRDA:72,18,1,0
BRDA:96,19,0,0
BRDA:96,19,1,0
BRDA:122,20,0,0
BRDA:122,20,1,0
BRDA:127,21,0,0
BRDA:127,21,1,0
BRDA:131,22,0,0
BRDA:131,22,1,0
BRDA:134,23,0,0
BRDA:134,23,1,0
BRDA:134,24,0,0
BRDA:134,24,1,0
BRDA:139,25,0,0
BRDA:139,25,1,0
BRDA:165,26,0,0
BRDA:165,26,1,0
BRDA:166,27,0,0
BRDA:166,27,1,0
BRDA:166,28,0,0
BRDA:166,28,1,0
BRDA:166,28,2,0
BRDA:166,28,3,0
BRDA:174,29,0,0
BRDA:174,29,1,0
BRDA:191,30,0,0
BRDA:191,30,1,0
BRDA:192,31,0,0
BRDA:192,31,1,0
BRDA:222,32,0,0
BRDA:222,32,1,0
BRDA:225,33,0,0
BRDA:225,33,1,0
BRDA:231,34,0,0
BRDA:231,34,1,0
BRDA:234,35,0,0
BRDA:234,35,1,0
BRDA:257,36,0,0
BRDA:257,36,1,0
BRDA:283,37,0,0
BRDA:283,37,1,0
BRDA:286,38,0,0
BRDA:286,38,1,0
BRDA:288,39,0,0
BRDA:288,39,1,0
BRDA:291,40,0,0
BRDA:291,40,1,0
BRDA:293,41,0,0
BRDA:293,41,1,0
BRDA:300,42,0,0
BRDA:300,42,1,0
BRDA:310,43,0,0
BRDA:310,43,1,0
BRDA:322,44,0,0
BRDA:322,44,1,0
BRDA:323,45,0,0
BRDA:323,45,1,0
BRDA:334,46,0,0
BRDA:334,46,1,0
BRDA:338,47,0,0
BRDA:338,47,1,0
BRDA:342,48,0,0
BRDA:342,48,1,0
BRDA:367,49,0,0
BRDA:367,49,1,0
BRDA:367,50,0,0
BRDA:367,50,1,0
BRDA:368,51,0,0
BRDA:368,51,1,0
BRDA:395,52,0,0
BRDA:395,52,1,0
BRDA:502,53,0,0
BRDA:502,53,1,0
BRDA:508,54,0,0
BRDA:508,54,1,0
BRDA:511,55,0,0
BRDA:511,55,1,0
BRDA:518,56,0,0
BRDA:518,56,1,0
BRDA:588,57,0,0
BRDA:588,57,1,0
BRDA:595,58,0,0
BRDA:595,58,1,0
BRDA:600,59,0,0
BRDA:600,59,1,0
BRDA:606,60,0,0
BRDA:606,60,1,0
BRDA:622,61,0,0
BRDA:622,61,1,0
BRDA:622,61,2,0
BRDA:645,62,0,0
BRDA:645,62,1,0
BRDA:649,63,0,0
BRDA:649,63,1,0
BRDA:653,64,0,0
BRDA:653,64,1,0
BRDA:653,65,0,0
BRDA:653,65,1,0
BRDA:660,66,0,0
BRDA:660,66,1,0
BRDA:670,67,0,0
BRDA:670,67,1,0
BRDA:724,68,0,0
BRDA:724,68,1,0
BRDA:729,69,0,0
BRDA:729,69,1,0
BRDA:768,70,0,0
BRDA:768,70,1,0
BRDA:768,71,0,0
BRDA:768,71,1,0
BRDA:774,72,0,0
BRDA:774,72,1,0
BRDA:797,73,0,0
BRDA:797,73,1,0
BRDA:833,74,0,0
BRDA:833,74,1,0
BRDA:833,75,0,0
BRDA:833,75,1,0
BRDA:839,76,0,0
BRDA:839,76,1,0
BRDA:855,77,0,0
BRDA:855,77,1,0
BRDA:871,78,0,0
BRDA:871,78,1,0
BRDA:871,78,2,0
BRDA:885,79,0,1
BRDA:885,79,1,1
BRDA:890,80,0,1
BRDA:890,80,1,0
BRDA:906,81,0,0
BRDA:906,81,1,0
BRDA:911,82,0,0
BRDA:911,82,1,0
BRDA:918,83,0,0
BRDA:918,83,1,0
BRDA:928,84,0,0
BRDA:928,84,1,1
BRDA:928,85,0,1
BRDA:928,85,1,0
BRDA:941,86,0,0
BRDA:941,86,1,1
BRDA:957,87,0,0
BRDA:957,87,1,0
BRDA:957,88,0,0
BRDA:957,88,1,0
BRDA:957,88,2,0
BRDA:964,89,0,0
BRDA:964,89,1,0
BRDA:969,90,0,0
BRDA:969,90,1,0
BRDA:971,91,0,0
BRDA:971,91,1,0
BRDA:987,92,0,1
BRDA:987,92,1,0
BRDA:995,93,0,0
BRDA:995,93,1,0
BRDA:1020,94,0,0
BRDA:1020,94,1,7
BRDA:1048,95,0,0
BRDA:1048,95,1,0
BRDA:1053,96,0,0
BRDA:1053,96,1,0
BRDA:1075,97,0,1
BRDA:1075,97,1,1
BRDA:1075,97,2,1
BRDA:1075,97,3,1
BRDA:1082,98,0,0
BRDA:1082,98,1,0
BRDA:1086,99,0,0
BRDA:1086,99,1,0
BRDA:1108,100,0,0
BRDA:1108,100,1,0
BRDA:1110,101,0,0
BRDA:1110,101,1,0
BRDA:1120,102,0,0
BRDA:1120,102,1,1
BRDA:1123,103,0,1
BRDA:1123,103,1,0
BRDA:1127,104,0,0
BRDA:1127,104,1,0
BRDA:1140,105,0,0
BRDA:1140,105,1,0
BRDA:1144,106,0,0
BRDA:1144,106,1,0
BRDA:1144,107,0,0
BRDA:1144,107,1,0
BRDA:1152,108,0,0
BRDA:1152,108,1,0
BRDA:1155,109,0,0
BRDA:1155,109,1,0
BRDA:1162,110,0,0
BRDA:1162,110,1,0
BRDA:1166,111,0,0
BRDA:1166,111,1,0
BRDA:1166,112,0,0
BRDA:1166,112,1,0
BRDA:1170,113,0,0
BRDA:1170,113,1,0
BRDA:1175,114,0,0
BRDA:1175,114,1,0
BRDA:1180,115,0,0
BRDA:1180,115,1,0
BRDA:1185,116,0,0
BRDA:1185,116,1,0
BRDA:1185,117,0,0
BRDA:1185,117,1,0
BRDA:1212,118,0,0
BRDA:1212,118,1,0
BRDA:1212,119,0,0
BRDA:1212,119,1,0
BRDA:1229,120,0,0
BRDA:1229,120,1,0
BRDA:1230,121,0,0
BRDA:1230,121,1,0
BRDA:1236,122,0,0
BRDA:1236,122,1,0
BRDA:1236,123,0,0
BRDA:1236,123,1,0
BRDA:1236,123,2,0
BRDA:1241,124,0,0
BRDA:1241,124,1,0
BRDA:1241,124,2,0
BRDA:1241,124,3,0
BRDA:1241,124,4,0
BRDA:1251,125,0,0
BRDA:1251,125,1,0
BRDA:1251,126,0,0
BRDA:1251,126,1,0
BRDA:1251,126,2,0
BRDA:1255,127,0,0
BRDA:1255,127,1,0
BRDA:1255,127,2,0
BRDA:1255,127,3,0
BRDA:1255,127,4,0
BRDA:1280,128,0,0
BRDA:1280,128,1,0
BRDA:1280,129,0,0
BRDA:1280,129,1,0
BRDA:1280,129,2,0
BRDA:1285,130,0,0
BRDA:1285,130,1,0
BRDA:1285,131,0,0
BRDA:1285,131,1,0
BRDA:1285,131,2,0
BRDA:1293,132,0,0
BRDA:1293,132,1,0
BRDA:1295,133,0,0
BRDA:1295,133,1,0
BRDA:1295,134,0,0
BRDA:1295,134,1,0
BRDA:1299,135,0,0
BRDA:1299,135,1,0
BRDA:1301,136,0,0
BRDA:1301,136,1,0
BRDA:1301,137,0,0
BRDA:1301,137,1,0
BRDA:1311,138,0,0
BRDA:1311,138,1,0
BRDA:1311,138,2,0
BRDA:1317,139,0,0
BRDA:1317,139,1,0
BRDA:1317,139,2,0
BRDA:1350,140,0,0
BRDA:1350,140,1,1
BRDA:1385,141,0,1
BRDA:1385,141,1,1
BRDA:1385,141,2,1
BRDA:1414,142,0,0
BRDA:1414,142,1,0
BRDA:1420,143,0,0
BRDA:1420,143,1,0
BRDA:1420,144,0,0
BRDA:1420,144,1,0
BRDA:1425,145,0,0
BRDA:1425,145,1,0
BRDA:1527,146,0,0
BRDA:1527,146,1,0
BRDA:1543,147,0,0
BRDA:1543,147,1,0
BRDA:1547,148,0,0
BRDA:1547,148,1,0
BRDA:1551,149,0,0
BRDA:1551,149,1,0
BRDA:1555,150,0,0
BRDA:1555,150,1,0
BRDA:1563,151,0,0
BRDA:1563,151,1,0
BRDA:1571,152,0,0
BRDA:1571,152,1,0
BRDA:1582,153,0,0
BRDA:1582,153,1,0
BRDA:1585,154,0,0
BRDA:1585,154,1,0
BRDA:1588,155,0,0
BRDA:1588,155,1,0
BRDA:1622,156,0,0
BRDA:1622,156,1,0
BRDA:1622,157,0,0
BRDA:1622,157,1,0
BRDA:1623,158,0,0
BRDA:1623,158,1,0
BRDA:1628,159,0,0
BRDA:1628,159,1,0
BRDA:1631,160,0,0
BRDA:1631,160,1,0
BRDA:1634,161,0,0
BRDA:1634,161,1,0
BRDA:1645,162,0,0
BRDA:1645,162,1,0
BRDA:1646,163,0,0
BRDA:1646,163,1,0
BRDA:1756,164,0,0
BRDA:1756,164,1,0
BRDA:1781,165,0,0
BRDA:1781,165,1,0
BRDA:1823,166,0,0
BRDA:1823,166,1,0
BRDA:1831,167,0,0
BRDA:1831,167,1,0
BRDA:1833,168,0,0
BRDA:1833,168,1,0
BRDA:1837,169,0,0
BRDA:1837,169,1,0
BRDA:1847,170,0,0
BRDA:1847,170,1,0
BRDA:1847,171,0,0
BRDA:1847,171,1,0
BRDA:1847,172,0,0
BRDA:1847,172,1,0
BRDA:1847,173,0,0
BRDA:1847,173,1,0
BRDA:1847,174,0,0
BRDA:1847,174,1,0
BRDA:1847,175,0,1
BRDA:1847,175,1,0
BRDA:1847,176,0,0
BRDA:1847,176,1,0
BRDA:1847,177,0,0
BRDA:1847,177,1,0
BRDA:1847,178,0,0
BRDA:1847,178,1,0
BRDA:1847,179,0,0
BRDA:1847,179,1,0
BRDA:1847,180,0,0
BRDA:1847,180,1,0
BRDA:1858,181,0,0
BRDA:1858,181,1,0
BRDA:1875,182,0,0
BRDA:1875,182,1,0
BRDA:1880,183,0,0
BRDA:1880,183,1,0
BRDA:1881,184,0,0
BRDA:1881,184,1,0
BRDA:1892,185,0,0
BRDA:1892,185,1,0
BRDA:1892,186,0,0
BRDA:1892,186,1,0
BRDA:1893,187,0,0
BRDA:1893,187,1,0
BRDA:1928,188,0,0
BRDA:1928,188,1,0
BRDA:1955,189,0,0
BRDA:1955,189,1,0
BRDA:1957,190,0,0
BRDA:1957,190,1,0
BRDA:1961,191,0,0
BRDA:1961,191,1,0
BRDA:1978,192,0,0
BRDA:1978,192,1,1
BRDA:1986,193,0,1
BRDA:1986,193,1,0
BRDA:1987,194,0,1
BRDA:1987,194,1,1
BRDA:1989,195,0,1
BRDA:1989,195,1,1
BRDA:1989,195,2,1
BRDA:1989,195,3,1
BRDA:1989,195,4,1
BRDA:1989,195,5,1
BRDA:2001,196,0,0
BRDA:2001,196,1,0
BRDA:2018,197,0,0
BRDA:2018,197,1,0
BRDA:2034,198,0,0
BRDA:2034,198,1,0
BRDA:2041,199,0,0
BRDA:2041,199,1,0
BRDA:2044,200,0,0
BRDA:2044,200,1,0
BRDA:2054,201,0,0
BRDA:2054,201,1,0
BRDA:2062,202,0,0
BRDA:2062,202,1,0
BRDA:2094,203,0,0
BRDA:2094,203,1,0
BRDA:2095,204,0,0
BRDA:2095,204,1,0
BRDA:2095,205,0,0
BRDA:2095,205,1,0
BRDA:2104,206,0,0
BRDA:2104,206,1,0
BRDA:2140,207,0,0
BRDA:2140,207,1,0
BRDA:2149,208,0,0
BRDA:2149,208,1,0
BRDA:2149,209,0,0
BRDA:2149,209,1,0
BRDA:2157,210,0,0
BRDA:2157,210,1,0
BRDA:2157,211,0,0
BRDA:2157,211,1,0
BRDA:2195,212,0,0
BRDA:2195,212,1,0
BRDA:2195,213,0,0
BRDA:2195,213,1,0
BRDA:2231,214,0,0
BRDA:2231,214,1,0
BRDA:2233,215,0,0
BRDA:2233,215,1,0
BRDA:2237,216,0,0
BRDA:2237,216,1,0
BRDA:2273,217,0,0
BRDA:2273,217,1,0
BRDA:2276,218,0,0
BRDA:2276,218,1,0
BRDA:2279,219,0,0
BRDA:2279,219,1,0
BRDA:2282,220,0,0
BRDA:2282,220,1,0
BRDA:2320,221,0,0
BRDA:2320,221,1,0
BRDA:2320,222,0,0
BRDA:2320,222,1,0
BRDA:2320,222,2,0
BRDA:2321,223,0,0
BRDA:2321,223,1,0
BRDA:2323,224,0,0
BRDA:2323,224,1,0
BRDA:2348,225,0,0
BRDA:2348,225,1,3
BRDA:2349,226,0,3
BRDA:2349,226,1,0
BRDA:2352,227,0,0
BRDA:2352,227,1,0
BRDA:2378,228,0,0
BRDA:2378,228,1,0
BRDA:2390,229,0,0
BRDA:2390,229,1,0
BRDA:2391,230,0,0
BRDA:2391,230,1,0
BRDA:2416,231,0,0
BRDA:2416,231,1,0
BRDA:2417,232,0,0
BRDA:2417,232,1,0
BRDA:2436,233,0,1
BRDA:2436,233,1,1
BRDA:2440,234,0,0
BRDA:2440,234,1,0
BRF:493
BRH:42
end_of_record
