{"dist/vissense.client.js":{"path":"dist/vissense.client.js","s":{"1":1,"2":1,"3":1,"4":3,"5":1,"6":3,"7":3,"8":0,"9":0,"10":0,"11":0,"12":0,"13":0,"14":0,"15":0,"16":0,"17":0,"18":0,"19":0,"20":1,"21":0,"22":1,"23":1,"24":0,"25":1,"26":0,"27":1,"28":1,"29":1,"30":1,"31":1,"32":19,"33":13,"34":0,"35":0,"36":0,"37":0,"38":0,"39":0,"40":13,"41":13,"42":17,"43":17,"44":19,"45":1,"46":1,"47":1,"48":1,"49":1,"50":1,"51":1,"52":1,"53":1,"54":1,"55":1,"56":1,"57":0,"58":0,"59":1,"60":0,"61":0,"62":0,"63":0,"64":0,"65":0,"66":0,"67":0,"68":0,"69":0,"70":0,"71":0,"72":0,"73":0,"74":0,"75":0,"76":0,"77":0,"78":0,"79":0,"80":0,"81":0,"82":0,"83":0,"84":0,"85":0,"86":0,"87":0,"88":0,"89":0,"90":0,"91":0,"92":0,"93":0,"94":0,"95":0,"96":0,"97":0,"98":0,"99":0,"100":0,"101":0,"102":0,"103":0,"104":0,"105":0,"106":0,"107":0,"108":0,"109":1,"110":1,"111":0,"112":0,"113":0,"114":0,"115":0,"116":0,"117":0,"118":1,"119":0,"120":0,"121":0,"122":0,"123":0,"124":0,"125":0,"126":0,"127":0,"128":1,"129":1,"130":0,"131":0,"132":1,"133":0,"134":0,"135":0,"136":0,"137":0,"138":1,"139":0,"140":0,"141":0,"142":0,"143":0,"144":1,"145":0,"146":1,"147":0,"148":1,"149":1,"150":1,"151":0,"152":0,"153":0,"154":0,"155":0,"156":0,"157":0,"158":0,"159":1,"160":0,"161":0,"162":0,"163":0,"164":0,"165":0,"166":0,"167":1,"168":0,"169":0,"170":0,"171":0,"172":0,"173":0,"174":0,"175":0,"176":0,"177":0,"178":1,"179":0,"180":0,"181":0,"182":0,"183":0,"184":1,"185":0,"186":0,"187":0,"188":0,"189":0,"190":0,"191":0,"192":0,"193":0,"194":0,"195":0,"196":0,"197":0,"198":0,"199":0,"200":0,"201":1,"202":0,"203":1,"204":0,"205":1,"206":0,"207":1,"208":0,"209":1,"210":0,"211":0,"212":1,"213":0,"214":1,"215":0,"216":1,"217":1,"218":1,"219":1,"220":1,"221":1,"222":1,"223":0,"224":0,"225":0,"226":0,"227":0,"228":0,"229":1,"230":0,"231":0,"232":0,"233":0,"234":0,"235":0,"236":1,"237":0,"238":1,"239":0,"240":1,"241":0,"242":1,"243":0,"244":1,"245":0,"246":1,"247":0,"248":1,"249":0,"250":0,"251":0,"252":1,"253":1,"254":1,"255":1,"256":0,"257":0,"258":0,"259":0,"260":1,"261":0,"262":0,"263":1,"264":0,"265":1,"266":0,"267":1,"268":0,"269":1,"270":0,"271":1,"272":0,"273":1,"274":0,"275":1,"276":0,"277":1,"278":0,"279":1,"280":0,"281":1,"282":0,"283":1,"284":0,"285":1,"286":0,"287":1,"288":0,"289":1,"290":0,"291":1,"292":0,"293":0,"294":1,"295":0,"296":1,"297":0,"298":0,"299":0,"300":0,"301":0,"302":1,"303":0,"304":0,"305":0,"306":0,"307":1,"308":0,"309":0,"310":0,"311":0,"312":0,"313":0,"314":1,"315":1,"316":1,"317":0,"318":0,"319":0,"320":1,"321":1,"322":0,"323":0,"324":0,"325":0,"326":1,"327":0,"328":1,"329":0,"330":0,"331":1,"332":0,"333":1,"334":0,"335":1,"336":0,"337":0,"338":0,"339":0,"340":1,"341":0,"342":0,"343":0,"344":0,"345":0,"346":0,"347":0,"348":0,"349":0,"350":0,"351":0,"352":0,"353":0,"354":1,"355":0,"356":1,"357":0,"358":0,"359":0,"360":0,"361":0,"362":0,"363":1,"364":1,"365":1,"366":1,"367":0,"368":0,"369":0,"370":0,"371":0,"372":0,"373":0,"374":0,"375":0,"376":0,"377":0,"378":1,"379":0,"380":1,"381":0,"382":0,"383":0,"384":0,"385":0,"386":0,"387":1,"388":0,"389":1,"390":0,"391":1,"392":0,"393":1,"394":0,"395":1,"396":0,"397":1,"398":0,"399":0,"400":1,"401":1,"402":0,"403":1,"404":0,"405":1,"406":0,"407":0,"408":1,"409":0,"410":1,"411":0,"412":1,"413":0,"414":1,"415":1,"416":1,"417":0,"418":0,"419":0,"420":1,"421":1,"422":0,"423":0,"424":0,"425":0,"426":0,"427":0,"428":1,"429":1,"430":1,"431":0,"432":1,"433":1,"434":0,"435":1,"436":0,"437":1,"438":0,"439":0,"440":0,"441":0,"442":0,"443":0,"444":1,"445":0,"446":1,"447":0,"448":0,"449":1,"450":0,"451":0,"452":0,"453":0,"454":0,"455":0,"456":0,"457":0,"458":0,"459":0,"460":0,"461":0,"462":1,"463":1,"464":1,"465":1,"466":0,"467":0,"468":0,"469":0,"470":0,"471":0,"472":0,"473":0,"474":0,"475":0,"476":0,"477":0,"478":0,"479":0,"480":0,"481":0,"482":0,"483":0,"484":0,"485":0,"486":0,"487":0,"488":0,"489":0,"490":0,"491":0,"492":0,"493":0,"494":0,"495":1,"496":0,"497":0,"498":0,"499":0,"500":0,"501":0,"502":0,"503":0,"504":0,"505":0,"506":0,"507":0,"508":0,"509":0,"510":1,"511":0,"512":1,"513":1,"514":1,"515":0,"516":0,"517":0,"518":0,"519":0,"520":0,"521":0,"522":0,"523":0,"524":0,"525":0,"526":0,"527":0,"528":0,"529":1,"530":1,"531":34,"532":34,"533":1,"534":20,"535":20030,"536":1,"537":1,"538":1,"539":1,"540":1,"541":7,"542":7,"543":1,"544":1,"545":1,"546":0,"547":1,"548":1,"549":1,"550":6,"551":4,"552":1,"553":0,"554":1,"555":0,"556":0,"557":0,"558":0,"559":0,"560":0,"561":1,"562":1,"563":1,"564":1,"565":1,"566":1,"567":13,"568":1,"569":4,"570":0,"571":1,"572":1,"573":1,"574":1,"575":1,"576":4,"577":4,"578":4,"579":0,"580":4,"581":1,"582":25,"583":25,"584":0,"585":25,"586":25,"587":0,"588":0,"589":0,"590":1,"591":24,"592":24,"593":0,"594":24,"595":24,"596":0,"597":24,"598":1,"599":12,"600":12,"601":0,"602":12,"603":8,"604":4,"605":1,"606":4,"607":0,"608":4,"609":0,"610":4,"611":0,"612":4,"613":4,"614":0,"615":4,"616":4,"617":0,"618":4,"619":4,"620":0,"621":4,"622":1,"623":1,"624":1,"625":1,"626":1,"627":10024,"628":10024,"629":0,"630":10024,"631":1,"632":5,"633":5,"634":1,"635":2,"636":2,"637":1,"638":1,"639":1,"640":1,"641":10021,"642":10021,"643":10018,"644":3,"645":3,"646":1,"647":1,"648":1,"649":1,"650":1,"651":1,"652":10011,"653":10010,"654":1,"655":1,"656":0,"657":1,"658":1,"659":1,"660":1,"661":1,"662":0,"663":0,"664":1,"665":1,"666":0,"667":0,"668":1,"669":1,"670":1,"671":2,"672":1,"673":10,"674":1,"675":8,"676":1,"677":1,"678":1,"679":1,"680":1,"681":1,"682":1,"683":1,"684":1,"685":0,"686":1,"687":1,"688":1,"689":1,"690":0,"691":1,"692":1,"693":1,"694":0,"695":1,"696":1,"697":1,"698":1,"699":1,"700":1,"701":1,"702":1,"703":1,"704":1,"705":0,"706":1,"707":1,"708":12,"709":1,"710":11,"711":0,"712":11,"713":11,"714":1,"715":10011,"716":1,"717":2,"718":1,"719":2,"720":1,"721":8,"722":1,"723":0,"724":0,"725":0,"726":1,"727":0,"728":0,"729":0,"730":1,"731":0,"732":0,"733":0,"734":1,"735":1,"736":1,"737":1,"738":1,"739":1,"740":1,"741":9,"742":9,"743":9,"744":1,"745":4,"746":1,"747":4,"748":1,"749":10,"750":1,"751":0,"752":1,"753":0,"754":1,"755":0,"756":1,"757":6,"758":1,"759":20018,"760":1,"761":10,"762":1,"763":10005,"764":1,"765":10005,"766":1,"767":9,"768":2,"769":9,"770":1,"771":7,"772":1,"773":1,"774":1,"775":1,"776":10009,"777":10009,"778":10005,"779":10003,"780":6,"781":6,"782":0,"783":0,"784":0,"785":0,"786":0,"787":1,"788":10009,"789":20018,"790":20018,"791":1,"792":5,"793":5,"794":5,"795":5,"796":5,"797":1,"798":0,"799":1,"800":20048,"801":1,"802":0,"803":1,"804":0,"805":1,"806":8,"807":8,"808":8,"809":1,"810":0,"811":0,"812":1,"813":10009,"814":10009,"815":1,"816":8,"817":8,"818":20018,"819":1,"820":0,"821":0,"822":0,"823":1,"824":0,"825":1,"826":0,"827":0,"828":0,"829":0,"830":1,"831":4,"832":4,"833":4,"834":4,"835":4,"836":4,"837":1,"838":0,"839":0,"840":0,"841":0,"842":0,"843":1,"844":4,"845":4,"846":4,"847":4,"848":4,"849":1,"850":0,"851":0,"852":0,"853":0,"854":1,"855":5,"856":5,"857":0,"858":5,"859":0,"860":5,"861":5,"862":1,"863":1,"864":6,"865":1,"866":10,"867":110004,"868":10,"869":4,"870":4,"871":0,"872":2,"873":6,"874":1,"875":8,"876":1,"877":1,"878":0,"879":0,"880":6,"881":7,"882":7,"883":7,"884":2,"885":0,"886":0,"887":0,"888":11,"889":11,"890":6,"891":6,"892":4,"893":1,"894":1,"895":4,"896":4,"897":4,"898":4,"899":4,"900":4,"901":4,"902":4,"903":1,"904":4,"905":0,"906":4,"907":4,"908":4,"909":4,"910":10009,"911":4,"912":6,"913":6,"914":6,"915":6,"916":6,"917":4,"918":4,"919":4,"920":4,"921":4,"922":2,"923":2,"924":4,"925":4,"926":1,"927":0,"928":1,"929":7,"930":1,"931":1,"932":7,"933":7,"934":110004,"935":1,"936":2,"937":1,"938":0,"939":1,"940":4,"941":4,"942":0,"943":4,"944":0,"945":4,"946":4,"947":1,"948":1,"949":1,"950":0,"951":0,"952":0,"953":0,"954":1,"955":0,"956":0,"957":1,"958":0,"959":0,"960":0,"961":0,"962":0,"963":0,"964":0,"965":0,"966":0,"967":0,"968":0,"969":0,"970":0,"971":0,"972":0,"973":0,"974":0,"975":0,"976":0,"977":0,"978":0,"979":0,"980":0,"981":0,"982":0,"983":0,"984":0,"985":0,"986":0,"987":0,"988":0,"989":0,"990":0,"991":0,"992":0,"993":0,"994":0,"995":0,"996":0,"997":0,"998":0,"999":0,"1000":0,"1001":1,"1002":0,"1003":0,"1004":0,"1005":0,"1006":1,"1007":0,"1008":0,"1009":1,"1010":0,"1011":0,"1012":0,"1013":0,"1014":0,"1015":0,"1016":0,"1017":0,"1018":0,"1019":0,"1020":0,"1021":0,"1022":0,"1023":1,"1024":0,"1025":0,"1026":0,"1027":0,"1028":0,"1029":0,"1030":0,"1031":1,"1032":1,"1033":0,"1034":0,"1035":0,"1036":0,"1037":0,"1038":0,"1039":0,"1040":0,"1041":0,"1042":0,"1043":0,"1044":0,"1045":0,"1046":0,"1047":1,"1048":1,"1049":0,"1050":1,"1051":1,"1052":1,"1053":1,"1054":0,"1055":0,"1056":0,"1057":0,"1058":0,"1059":1,"1060":0,"1061":0,"1062":0,"1063":0,"1064":0,"1065":0,"1066":0,"1067":1,"1068":1,"1069":1,"1070":1,"1071":0,"1072":0,"1073":0,"1074":1,"1075":0,"1076":1,"1077":1,"1078":1,"1079":0,"1080":0,"1081":0,"1082":0,"1083":1,"1084":1},"b":{"1":[3,0],"2":[0,0],"3":[0,0],"4":[0,0,0,0,0],"5":[0,0],"6":[0,0],"7":[0,0],"8":[0,0],"9":[0,1],"10":[0,1],"11":[1,0],"12":[1,0],"13":[0,0],"14":[0,0],"15":[13,6],"16":[0,13],"17":[0,0],"18":[0,0],"19":[0,0],"20":[0,0],"21":[17,0],"22":[1,0],"23":[0,0],"24":[0,0],"25":[0,0],"26":[0,0],"27":[0,0],"28":[0,0],"29":[0,0],"30":[0,0],"31":[0,0],"32":[0,0],"33":[0,0],"34":[0,0],"35":[0,0],"36":[0,0,0,0],"37":[0,0],"38":[0,0],"39":[0,0],"40":[0,0],"41":[0,0],"42":[0,0],"43":[0,0],"44":[0,0],"45":[0,0],"46":[0,0],"47":[0,0],"48":[0,0],"49":[0,0],"50":[0,0],"51":[0,0],"52":[0,0],"53":[0,0],"54":[0,0],"55":[0,0],"56":[0,0],"57":[0,0],"58":[0,0],"59":[0,0],"60":[0,0],"61":[0,0],"62":[0,0],"63":[0,0],"64":[0,0],"65":[0,0],"66":[0,0],"67":[0,0],"68":[0,0],"69":[0,0,0],"70":[0,0],"71":[0,0],"72":[0,0],"73":[0,0],"74":[0,0],"75":[0,0],"76":[0,0],"77":[0,0],"78":[1,0],"79":[1,1],"80":[1,1],"81":[1,1,1,1,1,1],"82":[0,0],"83":[0,0,0],"84":[0,0],"85":[0,0],"86":[0,0],"87":[0,0],"88":[0,0],"89":[0,0],"90":[0,0],"91":[0,0],"92":[0,0,0],"93":[0,0],"94":[0,0],"95":[0,0],"96":[0,0],"97":[0,0],"98":[0,0],"99":[0,0],"100":[0,0],"101":[0,0],"102":[0,0],"103":[0,0],"104":[0,0,0],"105":[1,1],"106":[1,0],"107":[0,0],"108":[0,0],"109":[0,0],"110":[0,1],"111":[1,0],"112":[0,1],"113":[0,0],"114":[0,0,0],"115":[0,0],"116":[0,0],"117":[0,0],"118":[34,0],"119":[16,20014],"120":[0,7],"121":[0,0],"122":[0,0],"123":[1,1,1,1],"124":[0,13],"125":[0,4],"126":[4,0],"127":[0,4],"128":[0,25],"129":[25,0],"130":[0,0],"131":[0,24],"132":[0,24],"133":[24,0],"134":[0,12],"135":[8,4],"136":[0,4],"137":[0,4],"138":[4,4],"139":[0,4],"140":[0,4],"141":[0,4],"142":[0,4],"143":[4,4],"144":[0,10024],"145":[10024,10024],"146":[5,0],"147":[5,0],"148":[1,1],"149":[2,2,1],"150":[1,1,1,1,1],"151":[10018,3],"152":[10021,10021,3],"153":[3,3,3,3,3],"154":[10010,1],"155":[10011,1,1],"156":[0,1],"157":[1,1,1],"158":[1,0],"159":[0,0],"160":[0,0],"161":[1,0],"162":[0,0],"163":[0,0],"164":[2,2,1],"165":[10,10,2],"166":[0,1],"167":[1,1,1],"168":[1,11],"169":[0,11],"170":[11,11],"171":[11,11],"172":[4,4],"173":[0,0],"174":[0,0],"175":[6,0],"176":[20018,20010],"177":[10005,10003],"178":[2,7],"179":[7,5],"180":[1,1],"181":[1,1],"182":[10005,4],"183":[10009,10005],"184":[10003,2],"185":[6,0],"186":[0,0],"187":[0,0],"188":[20018,0],"189":[20018,0],"190":[0,0],"191":[4,0],"192":[0,0],"193":[5,5],"194":[0,5],"195":[0,5],"196":[4,6],"197":[10,6],"198":[0,4],"199":[4,4],"200":[4,0],"201":[4,0],"202":[1,0],"203":[7,0],"204":[2,0],"205":[0,0],"206":[11,1],"207":[11,10],"208":[4,4],"209":[4,0],"210":[0,4],"211":[4,0],"212":[4,0],"213":[6,0],"214":[6,0],"215":[6,0],"216":[1,6],"217":[4,4],"218":[0,4],"219":[0,4],"220":[0,0],"221":[0,0],"222":[0,0],"223":[0,0],"224":[0,0],"225":[0,0],"226":[0,0],"227":[0,0],"228":[0,0],"229":[0,0],"230":[0,0],"231":[0,0],"232":[0,0],"233":[0,0],"234":[0,0],"235":[0,0],"236":[0,0],"237":[0,0],"238":[0,0],"239":[0,0],"240":[0,0],"241":[0,0],"242":[0,0],"243":[0,0],"244":[0,0],"245":[0,0],"246":[1,1],"247":[0,0]},"f":{"1":1,"2":1,"3":3,"4":3,"5":0,"6":0,"7":0,"8":0,"9":0,"10":0,"11":1,"12":1,"13":1,"14":19,"15":17,"16":1,"17":1,"18":0,"19":0,"20":0,"21":0,"22":0,"23":0,"24":0,"25":0,"26":0,"27":1,"28":1,"29":0,"30":0,"31":1,"32":0,"33":0,"34":0,"35":0,"36":0,"37":1,"38":0,"39":0,"40":0,"41":0,"42":0,"43":0,"44":0,"45":0,"46":0,"47":0,"48":0,"49":0,"50":0,"51":0,"52":1,"53":1,"54":0,"55":0,"56":0,"57":0,"58":0,"59":0,"60":0,"61":0,"62":0,"63":1,"64":0,"65":0,"66":0,"67":0,"68":0,"69":0,"70":0,"71":0,"72":0,"73":0,"74":0,"75":0,"76":0,"77":0,"78":0,"79":0,"80":1,"81":0,"82":0,"83":0,"84":0,"85":0,"86":1,"87":0,"88":0,"89":0,"90":0,"91":0,"92":0,"93":0,"94":0,"95":0,"96":0,"97":0,"98":1,"99":0,"100":0,"101":0,"102":0,"103":0,"104":0,"105":0,"106":0,"107":0,"108":1,"109":0,"110":2,"111":0,"112":0,"113":0,"114":0,"115":0,"116":0,"117":1,"118":0,"119":0,"120":1,"121":1,"122":0,"123":1,"124":0,"125":0,"126":0,"127":0,"128":0,"129":0,"130":0,"131":1,"132":0,"133":0,"134":0,"135":0,"136":0,"137":0,"138":0,"139":0,"140":0,"141":0,"142":0,"143":0,"144":0,"145":0,"146":1,"147":0,"148":0,"149":0,"150":0,"151":0,"152":0,"153":0,"154":0,"155":1,"156":0,"157":0,"158":0,"159":1,"160":0,"161":0,"162":1,"163":34,"164":20,"165":20030,"166":1,"167":1,"168":0,"169":0,"170":1,"171":6,"172":4,"173":0,"174":0,"175":1,"176":1,"177":13,"178":4,"179":1,"180":4,"181":25,"182":24,"183":12,"184":4,"185":1,"186":10024,"187":5,"188":2,"189":10021,"190":1,"191":10011,"192":2,"193":10,"194":8,"195":1,"196":1,"197":1,"198":1,"199":1,"200":0,"201":1,"202":12,"203":10011,"204":2,"205":2,"206":8,"207":0,"208":0,"209":0,"210":0,"211":0,"212":0,"213":1,"214":9,"215":4,"216":4,"217":10,"218":0,"219":0,"220":0,"221":6,"222":20018,"223":10,"224":10005,"225":10005,"226":9,"227":7,"228":1,"229":1,"230":1,"231":10009,"232":10009,"233":5,"234":0,"235":20048,"236":0,"237":0,"238":8,"239":0,"240":10009,"241":8,"242":20018,"243":0,"244":0,"245":0,"246":0,"247":0,"248":4,"249":4,"250":4,"251":0,"252":0,"253":4,"254":4,"255":0,"256":5,"257":1,"258":6,"259":10,"260":110004,"261":0,"262":2,"263":8,"264":0,"265":0,"266":6,"267":7,"268":2,"269":0,"270":11,"271":6,"272":1,"273":4,"274":4,"275":4,"276":10009,"277":6,"278":2,"279":0,"280":7,"281":110004,"282":2,"283":0,"284":4,"285":1,"286":0,"287":0,"288":0,"289":0,"290":0,"291":0,"292":0,"293":0,"294":0,"295":0,"296":0,"297":0,"298":0,"299":0,"300":0,"301":0,"302":0,"303":0,"304":1,"305":0,"306":0,"307":0,"308":1,"309":0,"310":1,"311":1,"312":0,"313":0,"314":0,"315":1,"316":0,"317":0,"318":1,"319":0},"fnMap":{"1":{"name":"(anonymous_1)","line":3,"loc":{"start":{"line":3,"column":1},"end":{"line":3,"column":26}}},"2":{"name":"(anonymous_2)","line":3,"loc":{"start":{"line":3,"column":50},"end":{"line":3,"column":60}}},"3":{"name":"(anonymous_3)","line":3,"loc":{"start":{"line":3,"column":81},"end":{"line":3,"column":91}}},"4":{"name":"(anonymous_4)","line":3,"loc":{"start":{"line":3,"column":150},"end":{"line":3,"column":179}}},"5":{"name":"(anonymous_5)","line":3,"loc":{"start":{"line":3,"column":386},"end":{"line":3,"column":396}}},"6":{"name":"(anonymous_6)","line":3,"loc":{"start":{"line":3,"column":458},"end":{"line":3,"column":469}}},"7":{"name":"(anonymous_7)","line":3,"loc":{"start":{"line":3,"column":707},"end":{"line":3,"column":717}}},"8":{"name":"(anonymous_8)","line":3,"loc":{"start":{"line":3,"column":785},"end":{"line":3,"column":804}}},"9":{"name":"(anonymous_9)","line":3,"loc":{"start":{"line":3,"column":1029},"end":{"line":3,"column":1052}}},"10":{"name":"(anonymous_10)","line":3,"loc":{"start":{"line":3,"column":1183},"end":{"line":3,"column":1193}}},"11":{"name":"(anonymous_11)","line":5,"loc":{"start":{"line":5,"column":1},"end":{"line":5,"column":12}}},"12":{"name":"(anonymous_12)","line":5,"loc":{"start":{"line":5,"column":257},"end":{"line":5,"column":267}}},"13":{"name":"e","line":5,"loc":{"start":{"line":5,"column":302},"end":{"line":5,"column":319}}},"14":{"name":"s","line":5,"loc":{"start":{"line":5,"column":320},"end":{"line":5,"column":335}}},"15":{"name":"(anonymous_15)","line":5,"loc":{"start":{"line":5,"column":535},"end":{"line":5,"column":546}}},"16":{"name":"(anonymous_16)","line":5,"loc":{"start":{"line":5,"column":714},"end":{"line":5,"column":746}}},"17":{"name":"(anonymous_17)","line":15,"loc":{"start":{"line":15,"column":87},"end":{"line":15,"column":119}}},"18":{"name":"BinaryHeap","line":22,"loc":{"start":{"line":22,"column":34},"end":{"line":22,"column":68}}},"19":{"name":"(anonymous_19)","line":29,"loc":{"start":{"line":29,"column":9},"end":{"line":29,"column":20}}},"20":{"name":"(anonymous_20)","line":36,"loc":{"start":{"line":36,"column":8},"end":{"line":36,"column":26}}},"21":{"name":"(anonymous_21)","line":43,"loc":{"start":{"line":43,"column":8},"end":{"line":43,"column":19}}},"22":{"name":"(anonymous_22)","line":47,"loc":{"start":{"line":47,"column":7},"end":{"line":47,"column":18}}},"23":{"name":"(anonymous_23)","line":61,"loc":{"start":{"line":61,"column":10},"end":{"line":61,"column":25}}},"24":{"name":"(anonymous_24)","line":83,"loc":{"start":{"line":83,"column":8},"end":{"line":83,"column":19}}},"25":{"name":"(anonymous_25)","line":87,"loc":{"start":{"line":87,"column":12},"end":{"line":87,"column":24}}},"26":{"name":"(anonymous_26)","line":109,"loc":{"start":{"line":109,"column":12},"end":{"line":109,"column":24}}},"27":{"name":"(anonymous_27)","line":153,"loc":{"start":{"line":153,"column":20},"end":{"line":153,"column":52}}},"28":{"name":"(anonymous_28)","line":161,"loc":{"start":{"line":161,"column":17},"end":{"line":161,"column":29}}},"29":{"name":"(anonymous_29)","line":162,"loc":{"start":{"line":162,"column":13},"end":{"line":162,"column":41}}},"30":{"name":"(anonymous_30)","line":187,"loc":{"start":{"line":187,"column":9},"end":{"line":187,"column":21}}},"31":{"name":"(anonymous_31)","line":206,"loc":{"start":{"line":206,"column":9},"end":{"line":206,"column":41}}},"32":{"name":"Counter","line":216,"loc":{"start":{"line":216,"column":31},"end":{"line":216,"column":50}}},"33":{"name":"(anonymous_33)","line":221,"loc":{"start":{"line":221,"column":24},"end":{"line":221,"column":38}}},"34":{"name":"(anonymous_34)","line":230,"loc":{"start":{"line":230,"column":24},"end":{"line":230,"column":38}}},"35":{"name":"(anonymous_35)","line":239,"loc":{"start":{"line":239,"column":26},"end":{"line":239,"column":37}}},"36":{"name":"(anonymous_36)","line":243,"loc":{"start":{"line":243,"column":29},"end":{"line":243,"column":40}}},"37":{"name":"(anonymous_37)","line":247,"loc":{"start":{"line":247,"column":9},"end":{"line":247,"column":41}}},"38":{"name":"Histogram","line":256,"loc":{"start":{"line":256,"column":33},"end":{"line":256,"column":60}}},"39":{"name":"(anonymous_39)","line":269,"loc":{"start":{"line":269,"column":28},"end":{"line":269,"column":39}}},"40":{"name":"(anonymous_40)","line":280,"loc":{"start":{"line":280,"column":29},"end":{"line":280,"column":54}}},"41":{"name":"(anonymous_41)","line":297,"loc":{"start":{"line":297,"column":37},"end":{"line":297,"column":51}}},"42":{"name":"(anonymous_42)","line":309,"loc":{"start":{"line":309,"column":34},"end":{"line":309,"column":56}}},"43":{"name":"(anonymous_43)","line":313,"loc":{"start":{"line":313,"column":43},"end":{"line":313,"column":54}}},"44":{"name":"(anonymous_44)","line":313,"loc":{"start":{"line":313,"column":85},"end":{"line":313,"column":98}}},"45":{"name":"(anonymous_45)","line":333,"loc":{"start":{"line":333,"column":31},"end":{"line":333,"column":42}}},"46":{"name":"(anonymous_46)","line":337,"loc":{"start":{"line":337,"column":27},"end":{"line":337,"column":38}}},"47":{"name":"(anonymous_47)","line":341,"loc":{"start":{"line":341,"column":29},"end":{"line":341,"column":40}}},"48":{"name":"(anonymous_48)","line":345,"loc":{"start":{"line":345,"column":29},"end":{"line":345,"column":40}}},"49":{"name":"(anonymous_49)","line":349,"loc":{"start":{"line":349,"column":31},"end":{"line":349,"column":42}}},"50":{"name":"(anonymous_50)","line":367,"loc":{"start":{"line":367,"column":49},"end":{"line":367,"column":71}}},"51":{"name":"(anonymous_51)","line":368,"loc":{"start":{"line":368,"column":40},"end":{"line":368,"column":55}}},"52":{"name":"(anonymous_52)","line":371,"loc":{"start":{"line":371,"column":81},"end":{"line":371,"column":113}}},"53":{"name":"(anonymous_53)","line":379,"loc":{"start":{"line":379,"column":62},"end":{"line":379,"column":94}}},"54":{"name":"Meter","line":384,"loc":{"start":{"line":384,"column":29},"end":{"line":384,"column":46}}},"55":{"name":"(anonymous_55)","line":394,"loc":{"start":{"line":394,"column":23},"end":{"line":394,"column":35}}},"56":{"name":"(anonymous_56)","line":402,"loc":{"start":{"line":402,"column":24},"end":{"line":402,"column":35}}},"57":{"name":"(anonymous_57)","line":410,"loc":{"start":{"line":410,"column":36},"end":{"line":410,"column":47}}},"58":{"name":"(anonymous_58)","line":414,"loc":{"start":{"line":414,"column":33},"end":{"line":414,"column":44}}},"59":{"name":"(anonymous_59)","line":418,"loc":{"start":{"line":418,"column":32},"end":{"line":418,"column":43}}},"60":{"name":"(anonymous_60)","line":422,"loc":{"start":{"line":422,"column":27},"end":{"line":422,"column":38}}},"61":{"name":"(anonymous_61)","line":426,"loc":{"start":{"line":426,"column":27},"end":{"line":426,"column":38}}},"62":{"name":"(anonymous_62)","line":436,"loc":{"start":{"line":436,"column":23},"end":{"line":436,"column":33}}},"63":{"name":"(anonymous_63)","line":442,"loc":{"start":{"line":442,"column":63},"end":{"line":442,"column":95}}},"64":{"name":"Timer","line":449,"loc":{"start":{"line":449,"column":29},"end":{"line":449,"column":46}}},"65":{"name":"(anonymous_65)","line":456,"loc":{"start":{"line":456,"column":25},"end":{"line":456,"column":44}}},"66":{"name":"(anonymous_66)","line":462,"loc":{"start":{"line":462,"column":24},"end":{"line":462,"column":35}}},"67":{"name":"(anonymous_67)","line":463,"loc":{"start":{"line":463,"column":24},"end":{"line":463,"column":35}}},"68":{"name":"(anonymous_68)","line":464,"loc":{"start":{"line":464,"column":22},"end":{"line":464,"column":33}}},"69":{"name":"(anonymous_69)","line":465,"loc":{"start":{"line":465,"column":22},"end":{"line":465,"column":33}}},"70":{"name":"(anonymous_70)","line":466,"loc":{"start":{"line":466,"column":23},"end":{"line":466,"column":34}}},"71":{"name":"(anonymous_71)","line":467,"loc":{"start":{"line":467,"column":25},"end":{"line":467,"column":36}}},"72":{"name":"(anonymous_72)","line":468,"loc":{"start":{"line":468,"column":30},"end":{"line":468,"column":52}}},"73":{"name":"(anonymous_73)","line":469,"loc":{"start":{"line":469,"column":25},"end":{"line":469,"column":36}}},"74":{"name":"(anonymous_74)","line":472,"loc":{"start":{"line":472,"column":32},"end":{"line":472,"column":43}}},"75":{"name":"(anonymous_75)","line":473,"loc":{"start":{"line":473,"column":33},"end":{"line":473,"column":44}}},"76":{"name":"(anonymous_76)","line":474,"loc":{"start":{"line":474,"column":36},"end":{"line":474,"column":47}}},"77":{"name":"(anonymous_77)","line":475,"loc":{"start":{"line":475,"column":27},"end":{"line":475,"column":38}}},"78":{"name":"(anonymous_78)","line":476,"loc":{"start":{"line":476,"column":23},"end":{"line":476,"column":34}}},"79":{"name":"(anonymous_79)","line":478,"loc":{"start":{"line":478,"column":27},"end":{"line":478,"column":38}}},"80":{"name":"(anonymous_80)","line":485,"loc":{"start":{"line":485,"column":80},"end":{"line":485,"column":112}}},"81":{"name":"(anonymous_81)","line":490,"loc":{"start":{"line":490,"column":16},"end":{"line":490,"column":36}}},"82":{"name":"(anonymous_82)","line":501,"loc":{"start":{"line":501,"column":30},"end":{"line":501,"column":55}}},"83":{"name":"(anonymous_83)","line":505,"loc":{"start":{"line":505,"column":29},"end":{"line":505,"column":57}}},"84":{"name":"(anonymous_84)","line":516,"loc":{"start":{"line":516,"column":29},"end":{"line":516,"column":49}}},"85":{"name":"(anonymous_85)","line":522,"loc":{"start":{"line":522,"column":27},"end":{"line":522,"column":38}}},"86":{"name":"(anonymous_86)","line":533,"loc":{"start":{"line":533,"column":10},"end":{"line":533,"column":42}}},"87":{"name":"ExponentiallyDecayingSample","line":542,"loc":{"start":{"line":542,"column":51},"end":{"line":542,"column":101}}},"88":{"name":"(anonymous_88)","line":551,"loc":{"start":{"line":551,"column":50},"end":{"line":551,"column":61}}},"89":{"name":"(anonymous_89)","line":560,"loc":{"start":{"line":560,"column":45},"end":{"line":560,"column":56}}},"90":{"name":"(anonymous_90)","line":564,"loc":{"start":{"line":564,"column":48},"end":{"line":564,"column":59}}},"91":{"name":"(anonymous_91)","line":565,"loc":{"start":{"line":565,"column":24},"end":{"line":565,"column":37}}},"92":{"name":"(anonymous_92)","line":568,"loc":{"start":{"line":568,"column":44},"end":{"line":568,"column":55}}},"93":{"name":"(anonymous_93)","line":572,"loc":{"start":{"line":572,"column":45},"end":{"line":572,"column":56}}},"94":{"name":"(anonymous_94)","line":576,"loc":{"start":{"line":576,"column":46},"end":{"line":576,"column":57}}},"95":{"name":"(anonymous_95)","line":586,"loc":{"start":{"line":586,"column":47},"end":{"line":586,"column":72}}},"96":{"name":"(anonymous_96)","line":611,"loc":{"start":{"line":611,"column":47},"end":{"line":611,"column":62}}},"97":{"name":"(anonymous_97)","line":616,"loc":{"start":{"line":616,"column":48},"end":{"line":616,"column":62}}},"98":{"name":"(anonymous_98)","line":630,"loc":{"start":{"line":630,"column":46},"end":{"line":630,"column":78}}},"99":{"name":"ExponentiallyWeightedMovingAverage","line":642,"loc":{"start":{"line":642,"column":65},"end":{"line":642,"column":126}}},"100":{"name":"(anonymous_100)","line":650,"loc":{"start":{"line":650,"column":36},"end":{"line":650,"column":46}}},"101":{"name":"(anonymous_101)","line":659,"loc":{"start":{"line":659,"column":54},"end":{"line":659,"column":66}}},"102":{"name":"(anonymous_102)","line":666,"loc":{"start":{"line":666,"column":52},"end":{"line":666,"column":63}}},"103":{"name":"(anonymous_103)","line":681,"loc":{"start":{"line":681,"column":52},"end":{"line":681,"column":63}}},"104":{"name":"(anonymous_104)","line":685,"loc":{"start":{"line":685,"column":52},"end":{"line":685,"column":63}}},"105":{"name":"(anonymous_105)","line":689,"loc":{"start":{"line":689,"column":30},"end":{"line":689,"column":40}}},"106":{"name":"(anonymous_106)","line":690,"loc":{"start":{"line":690,"column":30},"end":{"line":690,"column":40}}},"107":{"name":"(anonymous_107)","line":691,"loc":{"start":{"line":691,"column":31},"end":{"line":691,"column":41}}},"108":{"name":"(anonymous_108)","line":693,"loc":{"start":{"line":693,"column":10},"end":{"line":693,"column":42}}},"109":{"name":"Sample","line":694,"loc":{"start":{"line":694,"column":30},"end":{"line":694,"column":48}}},"110":{"name":"Sample","line":698,"loc":{"start":{"line":698,"column":30},"end":{"line":698,"column":48}}},"111":{"name":"(anonymous_111)","line":699,"loc":{"start":{"line":699,"column":24},"end":{"line":699,"column":34}}},"112":{"name":"(anonymous_112)","line":700,"loc":{"start":{"line":700,"column":26},"end":{"line":700,"column":39}}},"113":{"name":"(anonymous_113)","line":701,"loc":{"start":{"line":701,"column":25},"end":{"line":701,"column":35}}},"114":{"name":"(anonymous_114)","line":702,"loc":{"start":{"line":702,"column":24},"end":{"line":702,"column":34}}},"115":{"name":"(anonymous_115)","line":703,"loc":{"start":{"line":703,"column":25},"end":{"line":703,"column":35}}},"116":{"name":"(anonymous_116)","line":704,"loc":{"start":{"line":704,"column":29},"end":{"line":704,"column":39}}},"117":{"name":"(anonymous_117)","line":707,"loc":{"start":{"line":707,"column":10},"end":{"line":707,"column":42}}},"118":{"name":"UniformSample","line":714,"loc":{"start":{"line":714,"column":37},"end":{"line":714,"column":66}}},"119":{"name":"(anonymous_119)","line":722,"loc":{"start":{"line":722,"column":33},"end":{"line":722,"column":47}}},"120":{"name":"(anonymous_120)","line":738,"loc":{"start":{"line":738,"column":1},"end":{"line":738,"column":17}}},"121":{"name":"(anonymous_121)","line":738,"loc":{"start":{"line":738,"column":32},"end":{"line":738,"column":48}}},"122":{"name":"(anonymous_122)","line":738,"loc":{"start":{"line":738,"column":69},"end":{"line":738,"column":79}}},"123":{"name":"(anonymous_123)","line":738,"loc":{"start":{"line":738,"column":358},"end":{"line":738,"column":368}}},"124":{"name":"Counter","line":738,"loc":{"start":{"line":738,"column":369},"end":{"line":738,"column":390}}},"125":{"name":"(anonymous_125)","line":738,"loc":{"start":{"line":738,"column":527},"end":{"line":738,"column":540}}},"126":{"name":"(anonymous_126)","line":738,"loc":{"start":{"line":738,"column":623},"end":{"line":738,"column":636}}},"127":{"name":"(anonymous_127)","line":738,"loc":{"start":{"line":738,"column":710},"end":{"line":738,"column":723}}},"128":{"name":"(anonymous_128)","line":738,"loc":{"start":{"line":738,"column":780},"end":{"line":738,"column":790}}},"129":{"name":"(anonymous_129)","line":738,"loc":{"start":{"line":738,"column":855},"end":{"line":738,"column":865}}},"130":{"name":"(anonymous_130)","line":738,"loc":{"start":{"line":738,"column":906},"end":{"line":738,"column":919}}},"131":{"name":"(anonymous_131)","line":738,"loc":{"start":{"line":738,"column":1049},"end":{"line":738,"column":1059}}},"132":{"name":"StopWatch","line":738,"loc":{"start":{"line":738,"column":1060},"end":{"line":738,"column":1086}}},"133":{"name":"(anonymous_133)","line":738,"loc":{"start":{"line":738,"column":1262},"end":{"line":738,"column":1283}}},"134":{"name":"(anonymous_134)","line":738,"loc":{"start":{"line":738,"column":1351},"end":{"line":738,"column":1379}}},"135":{"name":"(anonymous_135)","line":738,"loc":{"start":{"line":738,"column":1464},"end":{"line":738,"column":1480}}},"136":{"name":"(anonymous_136)","line":738,"loc":{"start":{"line":738,"column":1566},"end":{"line":738,"column":1592}}},"137":{"name":"(anonymous_137)","line":738,"loc":{"start":{"line":738,"column":1705},"end":{"line":738,"column":1721}}},"138":{"name":"(anonymous_138)","line":738,"loc":{"start":{"line":738,"column":1793},"end":{"line":738,"column":1809}}},"139":{"name":"(anonymous_139)","line":738,"loc":{"start":{"line":738,"column":1870},"end":{"line":738,"column":1886}}},"140":{"name":"(anonymous_140)","line":738,"loc":{"start":{"line":738,"column":1944},"end":{"line":738,"column":1960}}},"141":{"name":"(anonymous_141)","line":738,"loc":{"start":{"line":738,"column":2019},"end":{"line":738,"column":2045}}},"142":{"name":"(anonymous_142)","line":738,"loc":{"start":{"line":738,"column":2155},"end":{"line":738,"column":2171}}},"143":{"name":"(anonymous_143)","line":738,"loc":{"start":{"line":738,"column":2300},"end":{"line":738,"column":2316}}},"144":{"name":"(anonymous_144)","line":738,"loc":{"start":{"line":738,"column":2404},"end":{"line":738,"column":2414}}},"145":{"name":"(anonymous_145)","line":738,"loc":{"start":{"line":738,"column":2469},"end":{"line":738,"column":2495}}},"146":{"name":"(anonymous_146)","line":742,"loc":{"start":{"line":742,"column":2},"end":{"line":742,"column":20}}},"147":{"name":"(anonymous_147)","line":764,"loc":{"start":{"line":764,"column":19},"end":{"line":764,"column":39}}},"148":{"name":"(anonymous_148)","line":771,"loc":{"start":{"line":771,"column":39},"end":{"line":771,"column":59}}},"149":{"name":"(anonymous_149)","line":794,"loc":{"start":{"line":794,"column":16},"end":{"line":794,"column":36}}},"150":{"name":"(anonymous_150)","line":811,"loc":{"start":{"line":811,"column":16},"end":{"line":811,"column":30}}},"151":{"name":"(anonymous_151)","line":827,"loc":{"start":{"line":827,"column":27},"end":{"line":827,"column":47}}},"152":{"name":"(anonymous_152)","line":836,"loc":{"start":{"line":836,"column":39},"end":{"line":836,"column":59}}},"153":{"name":"(anonymous_153)","line":852,"loc":{"start":{"line":852,"column":16},"end":{"line":852,"column":28}}},"154":{"name":"(anonymous_154)","line":868,"loc":{"start":{"line":868,"column":15},"end":{"line":868,"column":27}}},"155":{"name":"(anonymous_155)","line":882,"loc":{"start":{"line":882,"column":21},"end":{"line":882,"column":33}}},"156":{"name":"(anonymous_156)","line":894,"loc":{"start":{"line":894,"column":17},"end":{"line":894,"column":33}}},"157":{"name":"(anonymous_157)","line":903,"loc":{"start":{"line":903,"column":17},"end":{"line":903,"column":29}}},"158":{"name":"(anonymous_158)","line":913,"loc":{"start":{"line":913,"column":27},"end":{"line":913,"column":39}}},"159":{"name":"(anonymous_159)","line":934,"loc":{"start":{"line":934,"column":2},"end":{"line":934,"column":23}}},"160":{"name":"(anonymous_160)","line":940,"loc":{"start":{"line":940,"column":21},"end":{"line":940,"column":33}}},"161":{"name":"(anonymous_161)","line":954,"loc":{"start":{"line":954,"column":15},"end":{"line":954,"column":30}}},"162":{"name":"(anonymous_162)","line":980,"loc":{"start":{"line":980,"column":2},"end":{"line":980,"column":30}}},"163":{"name":"_window","line":983,"loc":{"start":{"line":983,"column":4},"end":{"line":983,"column":30}}},"164":{"name":"fireIf","line":991,"loc":{"start":{"line":991,"column":4},"end":{"line":991,"column":36}}},"165":{"name":"(anonymous_165)","line":992,"loc":{"start":{"line":992,"column":13},"end":{"line":992,"column":24}}},"166":{"name":"(anonymous_166)","line":1006,"loc":{"start":{"line":1006,"column":3},"end":{"line":1006,"column":46}}},"167":{"name":"extend","line":1011,"loc":{"start":{"line":1011,"column":2},"end":{"line":1011,"column":44}}},"168":{"name":"noop","line":1024,"loc":{"start":{"line":1024,"column":2},"end":{"line":1024,"column":18}}},"169":{"name":"identity","line":1027,"loc":{"start":{"line":1027,"column":2},"end":{"line":1027,"column":23}}},"170":{"name":"now","line":1031,"loc":{"start":{"line":1031,"column":2},"end":{"line":1031,"column":17}}},"171":{"name":"defer","line":1035,"loc":{"start":{"line":1035,"column":2},"end":{"line":1035,"column":27}}},"172":{"name":"(anonymous_172)","line":1036,"loc":{"start":{"line":1036,"column":31},"end":{"line":1036,"column":42}}},"173":{"name":"isObject","line":1041,"loc":{"start":{"line":1041,"column":2},"end":{"line":1041,"column":25}}},"174":{"name":"defaults","line":1045,"loc":{"start":{"line":1045,"column":2},"end":{"line":1045,"column":33}}},"175":{"name":"(anonymous_175)","line":1069,"loc":{"start":{"line":1069,"column":2},"end":{"line":1069,"column":46}}},"176":{"name":"isPageVisibilityAPIAvailable","line":1075,"loc":{"start":{"line":1075,"column":4},"end":{"line":1075,"column":44}}},"177":{"name":"isPageVisible","line":1079,"loc":{"start":{"line":1079,"column":4},"end":{"line":1079,"column":29}}},"178":{"name":"onPageVisibilityChange","line":1083,"loc":{"start":{"line":1083,"column":4},"end":{"line":1083,"column":46}}},"179":{"name":"(anonymous_179)","line":1101,"loc":{"start":{"line":1101,"column":2},"end":{"line":1101,"column":45}}},"180":{"name":"_isVisibleByOffsetParentCheck","line":1104,"loc":{"start":{"line":1104,"column":4},"end":{"line":1104,"column":52}}},"181":{"name":"_findEffectiveStyle","line":1115,"loc":{"start":{"line":1115,"column":1},"end":{"line":1115,"column":39}}},"182":{"name":"_findEffectiveStyleProperty","line":1136,"loc":{"start":{"line":1136,"column":1},"end":{"line":1136,"column":57}}},"183":{"name":"_isDisplayed","line":1148,"loc":{"start":{"line":1148,"column":1},"end":{"line":1148,"column":32}}},"184":{"name":"isVisibleByStyling","line":1159,"loc":{"start":{"line":1159,"column":4},"end":{"line":1159,"column":41}}},"185":{"name":"(anonymous_185)","line":1204,"loc":{"start":{"line":1204,"column":2},"end":{"line":1204,"column":34}}},"186":{"name":"_getBoundingClientRect","line":1207,"loc":{"start":{"line":1207,"column":1},"end":{"line":1207,"column":42}}},"187":{"name":"viewport","line":1224,"loc":{"start":{"line":1224,"column":4},"end":{"line":1224,"column":31}}},"188":{"name":"isFullyInViewport","line":1232,"loc":{"start":{"line":1232,"column":1},"end":{"line":1232,"column":37}}},"189":{"name":"isInViewport","line":1247,"loc":{"start":{"line":1247,"column":1},"end":{"line":1247,"column":32}}},"190":{"name":"(anonymous_190)","line":1274,"loc":{"start":{"line":1274,"column":2},"end":{"line":1274,"column":51}}},"191":{"name":"percentage","line":1277,"loc":{"start":{"line":1277,"column":1},"end":{"line":1277,"column":30}}},"192":{"name":"isFullyVisible","line":1308,"loc":{"start":{"line":1308,"column":1},"end":{"line":1308,"column":34}}},"193":{"name":"isVisible","line":1314,"loc":{"start":{"line":1314,"column":4},"end":{"line":1314,"column":32}}},"194":{"name":"isHidden","line":1320,"loc":{"start":{"line":1320,"column":4},"end":{"line":1320,"column":31}}},"195":{"name":"(anonymous_195)","line":1330,"loc":{"start":{"line":1330,"column":2},"end":{"line":1330,"column":45}}},"196":{"name":"(anonymous_196)","line":1336,"loc":{"start":{"line":1336,"column":19},"end":{"line":1336,"column":46}}},"197":{"name":"getIEVersion","line":1340,"loc":{"start":{"line":1340,"column":8},"end":{"line":1340,"column":32}}},"198":{"name":"isDomPresent","line":1361,"loc":{"start":{"line":1361,"column":8},"end":{"line":1361,"column":32}}},"199":{"name":"canReadStyle","line":1368,"loc":{"start":{"line":1368,"column":8},"end":{"line":1368,"column":32}}},"200":{"name":"(anonymous_200)","line":1388,"loc":{"start":{"line":1388,"column":28},"end":{"line":1388,"column":39}}},"201":{"name":"(anonymous_201)","line":1393,"loc":{"start":{"line":1393,"column":2},"end":{"line":1393,"column":51}}},"202":{"name":"VisSense","line":1411,"loc":{"start":{"line":1411,"column":4},"end":{"line":1411,"column":39}}},"203":{"name":"(anonymous_203)","line":1426,"loc":{"start":{"line":1426,"column":36},"end":{"line":1426,"column":47}}},"204":{"name":"(anonymous_204)","line":1430,"loc":{"start":{"line":1430,"column":40},"end":{"line":1430,"column":51}}},"205":{"name":"(anonymous_205)","line":1434,"loc":{"start":{"line":1434,"column":35},"end":{"line":1434,"column":46}}},"206":{"name":"(anonymous_206)","line":1438,"loc":{"start":{"line":1438,"column":34},"end":{"line":1438,"column":45}}},"207":{"name":"(anonymous_207)","line":1447,"loc":{"start":{"line":1447,"column":44},"end":{"line":1447,"column":63}}},"208":{"name":"(anonymous_208)","line":1449,"loc":{"start":{"line":1449,"column":36},"end":{"line":1449,"column":47}}},"209":{"name":"(anonymous_209)","line":1457,"loc":{"start":{"line":1457,"column":39},"end":{"line":1457,"column":58}}},"210":{"name":"(anonymous_210)","line":1459,"loc":{"start":{"line":1459,"column":36},"end":{"line":1459,"column":47}}},"211":{"name":"(anonymous_211)","line":1467,"loc":{"start":{"line":1467,"column":38},"end":{"line":1467,"column":58}}},"212":{"name":"(anonymous_212)","line":1469,"loc":{"start":{"line":1469,"column":36},"end":{"line":1469,"column":47}}},"213":{"name":"(anonymous_213)","line":1509,"loc":{"start":{"line":1509,"column":2},"end":{"line":1509,"column":55}}},"214":{"name":"VisState","line":1518,"loc":{"start":{"line":1518,"column":4},"end":{"line":1518,"column":47}}},"215":{"name":"(anonymous_215)","line":1524,"loc":{"start":{"line":1524,"column":35},"end":{"line":1524,"column":46}}},"216":{"name":"(anonymous_216)","line":1528,"loc":{"start":{"line":1528,"column":40},"end":{"line":1528,"column":51}}},"217":{"name":"(anonymous_217)","line":1532,"loc":{"start":{"line":1532,"column":34},"end":{"line":1532,"column":45}}},"218":{"name":"(anonymous_218)","line":1536,"loc":{"start":{"line":1536,"column":31},"end":{"line":1536,"column":42}}},"219":{"name":"(anonymous_219)","line":1540,"loc":{"start":{"line":1540,"column":36},"end":{"line":1540,"column":47}}},"220":{"name":"(anonymous_220)","line":1544,"loc":{"start":{"line":1544,"column":41},"end":{"line":1544,"column":52}}},"221":{"name":"(anonymous_221)","line":1548,"loc":{"start":{"line":1548,"column":35},"end":{"line":1548,"column":46}}},"222":{"name":"(anonymous_222)","line":1552,"loc":{"start":{"line":1552,"column":46},"end":{"line":1552,"column":57}}},"223":{"name":"(anonymous_223)","line":1556,"loc":{"start":{"line":1556,"column":30},"end":{"line":1556,"column":41}}},"224":{"name":"(anonymous_224)","line":1560,"loc":{"start":{"line":1560,"column":46},"end":{"line":1560,"column":57}}},"225":{"name":"(anonymous_225)","line":1564,"loc":{"start":{"line":1564,"column":36},"end":{"line":1564,"column":47}}},"226":{"name":"state","line":1568,"loc":{"start":{"line":1568,"column":4},"end":{"line":1568,"column":45}}},"227":{"name":"(anonymous_227)","line":1579,"loc":{"start":{"line":1579,"column":16},"end":{"line":1579,"column":43}}},"228":{"name":"(anonymous_228)","line":1582,"loc":{"start":{"line":1582,"column":16},"end":{"line":1582,"column":43}}},"229":{"name":"(anonymous_229)","line":1585,"loc":{"start":{"line":1585,"column":22},"end":{"line":1585,"column":49}}},"230":{"name":"(anonymous_230)","line":1613,"loc":{"start":{"line":1613,"column":2},"end":{"line":1613,"column":55}}},"231":{"name":"nextState","line":1616,"loc":{"start":{"line":1616,"column":4},"end":{"line":1616,"column":46}}},"232":{"name":"fireListeners","line":1641,"loc":{"start":{"line":1641,"column":4},"end":{"line":1641,"column":47}}},"233":{"name":"VisMon","line":1650,"loc":{"start":{"line":1650,"column":4},"end":{"line":1650,"column":28}}},"234":{"name":"(anonymous_234)","line":1660,"loc":{"start":{"line":1660,"column":30},"end":{"line":1660,"column":41}}},"235":{"name":"(anonymous_235)","line":1667,"loc":{"start":{"line":1667,"column":30},"end":{"line":1667,"column":41}}},"236":{"name":"(anonymous_236)","line":1671,"loc":{"start":{"line":1671,"column":34},"end":{"line":1671,"column":45}}},"237":{"name":"(anonymous_237)","line":1677,"loc":{"start":{"line":1677,"column":28},"end":{"line":1677,"column":39}}},"238":{"name":"(anonymous_238)","line":1686,"loc":{"start":{"line":1686,"column":29},"end":{"line":1686,"column":48}}},"239":{"name":"(anonymous_239)","line":1692,"loc":{"start":{"line":1692,"column":27},"end":{"line":1692,"column":48}}},"240":{"name":"(anonymous_240)","line":1700,"loc":{"start":{"line":1700,"column":30},"end":{"line":1700,"column":41}}},"241":{"name":"(anonymous_241)","line":1717,"loc":{"start":{"line":1717,"column":47},"end":{"line":1717,"column":66}}},"242":{"name":"(anonymous_242)","line":1720,"loc":{"start":{"line":1720,"column":36},"end":{"line":1720,"column":47}}},"243":{"name":"(anonymous_243)","line":1732,"loc":{"start":{"line":1732,"column":47},"end":{"line":1732,"column":66}}},"244":{"name":"(anonymous_244)","line":1735,"loc":{"start":{"line":1735,"column":36},"end":{"line":1735,"column":47}}},"245":{"name":"(anonymous_245)","line":1743,"loc":{"start":{"line":1743,"column":42},"end":{"line":1743,"column":62}}},"246":{"name":"(anonymous_246)","line":1750,"loc":{"start":{"line":1750,"column":42},"end":{"line":1750,"column":62}}},"247":{"name":"(anonymous_247)","line":1752,"loc":{"start":{"line":1752,"column":55},"end":{"line":1752,"column":66}}},"248":{"name":"(anonymous_248)","line":1770,"loc":{"start":{"line":1770,"column":33},"end":{"line":1770,"column":53}}},"249":{"name":"(anonymous_249)","line":1773,"loc":{"start":{"line":1773,"column":50},"end":{"line":1773,"column":61}}},"250":{"name":"(anonymous_250)","line":1778,"loc":{"start":{"line":1778,"column":70},"end":{"line":1778,"column":81}}},"251":{"name":"(anonymous_251)","line":1787,"loc":{"start":{"line":1787,"column":38},"end":{"line":1787,"column":58}}},"252":{"name":"(anonymous_252)","line":1790,"loc":{"start":{"line":1790,"column":55},"end":{"line":1790,"column":66}}},"253":{"name":"(anonymous_253)","line":1801,"loc":{"start":{"line":1801,"column":32},"end":{"line":1801,"column":52}}},"254":{"name":"(anonymous_254)","line":1804,"loc":{"start":{"line":1804,"column":49},"end":{"line":1804,"column":60}}},"255":{"name":"(anonymous_255)","line":1812,"loc":{"start":{"line":1812,"column":26},"end":{"line":1812,"column":55}}},"256":{"name":"(anonymous_256)","line":1828,"loc":{"start":{"line":1828,"column":26},"end":{"line":1828,"column":51}}},"257":{"name":"(anonymous_257)","line":1845,"loc":{"start":{"line":1845,"column":1},"end":{"line":1845,"column":17}}},"258":{"name":"cancel","line":1845,"loc":{"start":{"line":1845,"column":31},"end":{"line":1845,"column":53}}},"259":{"name":"run","line":1845,"loc":{"start":{"line":1845,"column":139},"end":{"line":1845,"column":180}}},"260":{"name":"(anonymous_260)","line":1845,"loc":{"start":{"line":1845,"column":192},"end":{"line":1845,"column":202}}},"261":{"name":"(anonymous_261)","line":1845,"loc":{"start":{"line":1845,"column":370},"end":{"line":1845,"column":380}}},"262":{"name":"(anonymous_262)","line":1845,"loc":{"start":{"line":1845,"column":456},"end":{"line":1845,"column":466}}},"263":{"name":"Again","line":1845,"loc":{"start":{"line":1845,"column":562},"end":{"line":1845,"column":584}}},"264":{"name":"(anonymous_264)","line":1845,"loc":{"start":{"line":1845,"column":854},"end":{"line":1845,"column":864}}},"265":{"name":"(anonymous_265)","line":1845,"loc":{"start":{"line":1845,"column":916},"end":{"line":1845,"column":926}}},"266":{"name":"(anonymous_266)","line":1845,"loc":{"start":{"line":1845,"column":972},"end":{"line":1845,"column":987}}},"267":{"name":"(anonymous_267)","line":1845,"loc":{"start":{"line":1845,"column":1061},"end":{"line":1845,"column":1101}}},"268":{"name":"(anonymous_268)","line":1845,"loc":{"start":{"line":1845,"column":1381},"end":{"line":1845,"column":1393}}},"269":{"name":"(anonymous_269)","line":1845,"loc":{"start":{"line":1845,"column":1506},"end":{"line":1845,"column":1516}}},"270":{"name":"(anonymous_270)","line":1845,"loc":{"start":{"line":1845,"column":1648},"end":{"line":1845,"column":1667}}},"271":{"name":"(anonymous_271)","line":1845,"loc":{"start":{"line":1845,"column":1856},"end":{"line":1845,"column":1866}}},"272":{"name":"(anonymous_272)","line":1849,"loc":{"start":{"line":1849,"column":2},"end":{"line":1849,"column":62}}},"273":{"name":"VisTimer","line":1852,"loc":{"start":{"line":1852,"column":4},"end":{"line":1852,"column":38}}},"274":{"name":"(anonymous_274)","line":1872,"loc":{"start":{"line":1872,"column":31},"end":{"line":1872,"column":83}}},"275":{"name":"init","line":1877,"loc":{"start":{"line":1877,"column":9},"end":{"line":1877,"column":27}}},"276":{"name":"(anonymous_276)","line":1881,"loc":{"start":{"line":1881,"column":38},"end":{"line":1881,"column":49}}},"277":{"name":"(anonymous_277)","line":1885,"loc":{"start":{"line":1885,"column":36},"end":{"line":1885,"column":47}}},"278":{"name":"(anonymous_278)","line":1903,"loc":{"start":{"line":1903,"column":32},"end":{"line":1903,"column":43}}},"279":{"name":"(anonymous_279)","line":1917,"loc":{"start":{"line":1917,"column":32},"end":{"line":1917,"column":43}}},"280":{"name":"(anonymous_280)","line":1925,"loc":{"start":{"line":1925,"column":31},"end":{"line":1925,"column":85}}},"281":{"name":"(anonymous_281)","line":1931,"loc":{"start":{"line":1931,"column":33},"end":{"line":1931,"column":44}}},"282":{"name":"(anonymous_282)","line":1939,"loc":{"start":{"line":1939,"column":30},"end":{"line":1939,"column":43}}},"283":{"name":"(anonymous_283)","line":1948,"loc":{"start":{"line":1948,"column":33},"end":{"line":1948,"column":44}}},"284":{"name":"(anonymous_284)","line":1952,"loc":{"start":{"line":1952,"column":24},"end":{"line":1952,"column":49}}},"285":{"name":"(anonymous_285)","line":1973,"loc":{"start":{"line":1973,"column":3},"end":{"line":1973,"column":83}}},"286":{"name":"(anonymous_286)","line":1982,"loc":{"start":{"line":1982,"column":22},"end":{"line":1982,"column":39}}},"287":{"name":"fireIfPositive","line":1992,"loc":{"start":{"line":1992,"column":4},"end":{"line":1992,"column":45}}},"288":{"name":"VisMetrics","line":2001,"loc":{"start":{"line":2001,"column":4},"end":{"line":2001,"column":44}}},"289":{"name":"(anonymous_289)","line":2028,"loc":{"start":{"line":2028,"column":45},"end":{"line":2028,"column":56}}},"290":{"name":"(anonymous_290)","line":2037,"loc":{"start":{"line":2037,"column":45},"end":{"line":2037,"column":56}}},"291":{"name":"(anonymous_291)","line":2045,"loc":{"start":{"line":2045,"column":82},"end":{"line":2045,"column":93}}},"292":{"name":"(anonymous_292)","line":2054,"loc":{"start":{"line":2054,"column":23},"end":{"line":2054,"column":38}}},"293":{"name":"(anonymous_293)","line":2058,"loc":{"start":{"line":2058,"column":21},"end":{"line":2058,"column":32}}},"294":{"name":"(anonymous_294)","line":2062,"loc":{"start":{"line":2062,"column":21},"end":{"line":2062,"column":32}}},"295":{"name":"(anonymous_295)","line":2066,"loc":{"start":{"line":2066,"column":18},"end":{"line":2066,"column":29}}},"296":{"name":"updatePercentage","line":2083,"loc":{"start":{"line":2083,"column":8},"end":{"line":2083,"column":36}}},"297":{"name":"updateVisibilityChanges","line":2092,"loc":{"start":{"line":2092,"column":8},"end":{"line":2092,"column":43}}},"298":{"name":"stopAndUpdateTimers","line":2098,"loc":{"start":{"line":2098,"column":8},"end":{"line":2098,"column":45}}},"299":{"name":"(anonymous_299)","line":2101,"loc":{"start":{"line":2101,"column":48},"end":{"line":2101,"column":64}}},"300":{"name":"(anonymous_300)","line":2105,"loc":{"start":{"line":2105,"column":82},"end":{"line":2105,"column":98}}},"301":{"name":"(anonymous_301)","line":2108,"loc":{"start":{"line":2108,"column":84},"end":{"line":2108,"column":100}}},"302":{"name":"(anonymous_302)","line":2112,"loc":{"start":{"line":2112,"column":94},"end":{"line":2112,"column":110}}},"303":{"name":"(anonymous_303)","line":2122,"loc":{"start":{"line":2122,"column":26},"end":{"line":2122,"column":51}}},"304":{"name":"(anonymous_304)","line":2142,"loc":{"start":{"line":2142,"column":3},"end":{"line":2142,"column":45}}},"305":{"name":"(anonymous_305)","line":2159,"loc":{"start":{"line":2159,"column":45},"end":{"line":2159,"column":92}}},"306":{"name":"(anonymous_306)","line":2169,"loc":{"start":{"line":2169,"column":64},"end":{"line":2169,"column":82}}},"307":{"name":"(anonymous_307)","line":2180,"loc":{"start":{"line":2180,"column":40},"end":{"line":2180,"column":51}}},"308":{"name":"(anonymous_308)","line":2190,"loc":{"start":{"line":2190,"column":3},"end":{"line":2190,"column":30}}},"309":{"name":"(anonymous_309)","line":2198,"loc":{"start":{"line":2198,"column":35},"end":{"line":2198,"column":54}}},"310":{"name":"(anonymous_310)","line":2203,"loc":{"start":{"line":2203,"column":2},"end":{"line":2203,"column":67}}},"311":{"name":"(anonymous_311)","line":2206,"loc":{"start":{"line":2206,"column":24},"end":{"line":2206,"column":41}}},"312":{"name":"(anonymous_312)","line":2209,"loc":{"start":{"line":2209,"column":12},"end":{"line":2209,"column":35}}},"313":{"name":"(anonymous_313)","line":2218,"loc":{"start":{"line":2218,"column":22},"end":{"line":2218,"column":34}}},"314":{"name":"successHandler","line":2223,"loc":{"start":{"line":2223,"column":8},"end":{"line":2223,"column":34}}},"315":{"name":"VisClient","line":2240,"loc":{"start":{"line":2240,"column":2},"end":{"line":2240,"column":37}}},"316":{"name":"(anonymous_316)","line":2247,"loc":{"start":{"line":2247,"column":40},"end":{"line":2247,"column":75}}},"317":{"name":"(anonymous_317)","line":2261,"loc":{"start":{"line":2261,"column":48},"end":{"line":2261,"column":83}}},"318":{"name":"newVisClient","line":2269,"loc":{"start":{"line":2269,"column":4},"end":{"line":2269,"column":42}}},"319":{"name":"(anonymous_319)","line":2273,"loc":{"start":{"line":2273,"column":25},"end":{"line":2273,"column":42}}}},"statementMap":{"1":{"start":{"line":3,"column":0},"end":{"line":3,"column":1372}},"2":{"start":{"line":3,"column":40},"end":{"line":3,"column":1157}},"3":{"start":{"line":3,"column":61},"end":{"line":3,"column":139}},"4":{"start":{"line":3,"column":92},"end":{"line":3,"column":137}},"5":{"start":{"line":3,"column":139},"end":{"line":3,"column":769}},"6":{"start":{"line":3,"column":180},"end":{"line":3,"column":280}},"7":{"start":{"line":3,"column":204},"end":{"line":3,"column":280}},"8":{"start":{"line":3,"column":280},"end":{"line":3,"column":441}},"9":{"start":{"line":3,"column":300},"end":{"line":3,"column":356}},"10":{"start":{"line":3,"column":356},"end":{"line":3,"column":440}},"11":{"start":{"line":3,"column":397},"end":{"line":3,"column":422}},"12":{"start":{"line":3,"column":441},"end":{"line":3,"column":449}},"13":{"start":{"line":3,"column":470},"end":{"line":3,"column":489}},"14":{"start":{"line":3,"column":489},"end":{"line":3,"column":694}},"15":{"start":{"line":3,"column":718},"end":{"line":3,"column":767}},"16":{"start":{"line":3,"column":753},"end":{"line":3,"column":767}},"17":{"start":{"line":3,"column":805},"end":{"line":3,"column":815}},"18":{"start":{"line":3,"column":815},"end":{"line":3,"column":1013}},"19":{"start":{"line":3,"column":1053},"end":{"line":3,"column":1155}},"20":{"start":{"line":3,"column":1157},"end":{"line":3,"column":1346}},"21":{"start":{"line":3,"column":1194},"end":{"line":3,"column":1212}},"22":{"start":{"line":5,"column":0},"end":{"line":737,"column":3}},"23":{"start":{"line":5,"column":13},"end":{"line":5,"column":255}},"24":{"start":{"line":5,"column":41},"end":{"line":5,"column":60}},"25":{"start":{"line":5,"column":65},"end":{"line":5,"column":255}},"26":{"start":{"line":5,"column":106},"end":{"line":5,"column":116}},"27":{"start":{"line":5,"column":121},"end":{"line":5,"column":127}},"28":{"start":{"line":5,"column":127},"end":{"line":5,"column":254}},"29":{"start":{"line":5,"column":268},"end":{"line":5,"column":294}},"30":{"start":{"line":5,"column":294},"end":{"line":737,"column":0}},"31":{"start":{"line":5,"column":320},"end":{"line":5,"column":622}},"32":{"start":{"line":5,"column":336},"end":{"line":5,"column":602}},"33":{"start":{"line":5,"column":346},"end":{"line":5,"column":488}},"34":{"start":{"line":5,"column":356},"end":{"line":5,"column":398}},"35":{"start":{"line":5,"column":398},"end":{"line":5,"column":422}},"36":{"start":{"line":5,"column":407},"end":{"line":5,"column":422}},"37":{"start":{"line":5,"column":422},"end":{"line":5,"column":442}},"38":{"start":{"line":5,"column":427},"end":{"line":5,"column":442}},"39":{"start":{"line":5,"column":442},"end":{"line":5,"column":487}},"40":{"start":{"line":5,"column":488},"end":{"line":5,"column":512}},"41":{"start":{"line":5,"column":512},"end":{"line":5,"column":601}},"42":{"start":{"line":5,"column":547},"end":{"line":5,"column":564}},"43":{"start":{"line":5,"column":564},"end":{"line":5,"column":579}},"44":{"start":{"line":5,"column":602},"end":{"line":5,"column":621}},"45":{"start":{"line":5,"column":622},"end":{"line":5,"column":664}},"46":{"start":{"line":5,"column":664},"end":{"line":5,"column":699}},"47":{"start":{"line":5,"column":691},"end":{"line":5,"column":699}},"48":{"start":{"line":5,"column":699},"end":{"line":5,"column":707}},"49":{"start":{"line":6,"column":0},"end":{"line":7,"column":60}},"50":{"start":{"line":9,"column":0},"end":{"line":9,"column":38}},"51":{"start":{"line":10,"column":0},"end":{"line":10,"column":30}},"52":{"start":{"line":11,"column":0},"end":{"line":11,"column":34}},"53":{"start":{"line":12,"column":0},"end":{"line":12,"column":30}},"54":{"start":{"line":13,"column":0},"end":{"line":13,"column":24}},"55":{"start":{"line":19,"column":0},"end":{"line":22,"column":0}},"56":{"start":{"line":22,"column":0},"end":{"line":27,"column":0}},"57":{"start":{"line":23,"column":2},"end":{"line":23,"column":20}},"58":{"start":{"line":24,"column":2},"end":{"line":24,"column":37}},"59":{"start":{"line":27,"column":0},"end":{"line":150,"column":2}},"60":{"start":{"line":30,"column":4},"end":{"line":30,"column":50}},"61":{"start":{"line":32,"column":4},"end":{"line":32,"column":60}},"62":{"start":{"line":33,"column":4},"end":{"line":33,"column":16}},"63":{"start":{"line":38,"column":4},"end":{"line":38,"column":31}},"64":{"start":{"line":40,"column":4},"end":{"line":40,"column":43}},"65":{"start":{"line":44,"column":4},"end":{"line":44,"column":27}},"66":{"start":{"line":49,"column":4},"end":{"line":49,"column":33}},"67":{"start":{"line":51,"column":4},"end":{"line":51,"column":33}},"68":{"start":{"line":54,"column":4},"end":{"line":57,"column":5}},"69":{"start":{"line":55,"column":6},"end":{"line":55,"column":28}},"70":{"start":{"line":56,"column":6},"end":{"line":56,"column":23}},"71":{"start":{"line":58,"column":4},"end":{"line":58,"column":18}},"72":{"start":{"line":62,"column":4},"end":{"line":62,"column":34}},"73":{"start":{"line":65,"column":4},"end":{"line":79,"column":5}},"74":{"start":{"line":66,"column":6},"end":{"line":78,"column":7}},"75":{"start":{"line":69,"column":8},"end":{"line":69,"column":37}},"76":{"start":{"line":70,"column":8},"end":{"line":76,"column":9}},"77":{"start":{"line":71,"column":10},"end":{"line":71,"column":32}},"78":{"start":{"line":72,"column":10},"end":{"line":75,"column":29}},"79":{"start":{"line":73,"column":12},"end":{"line":73,"column":29}},"80":{"start":{"line":75,"column":12},"end":{"line":75,"column":29}},"81":{"start":{"line":77,"column":8},"end":{"line":77,"column":20}},"82":{"start":{"line":80,"column":4},"end":{"line":80,"column":39}},"83":{"start":{"line":84,"column":4},"end":{"line":84,"column":31}},"84":{"start":{"line":89,"column":4},"end":{"line":89,"column":34}},"85":{"start":{"line":91,"column":4},"end":{"line":106,"column":5}},"86":{"start":{"line":93,"column":6},"end":{"line":94,"column":41}},"87":{"start":{"line":96,"column":6},"end":{"line":105,"column":7}},"88":{"start":{"line":97,"column":8},"end":{"line":97,"column":40}},"89":{"start":{"line":98,"column":8},"end":{"line":98,"column":33}},"90":{"start":{"line":100,"column":8},"end":{"line":100,"column":20}},"91":{"start":{"line":104,"column":8},"end":{"line":104,"column":14}},"92":{"start":{"line":111,"column":4},"end":{"line":113,"column":48}},"93":{"start":{"line":115,"column":4},"end":{"line":148,"column":5}},"94":{"start":{"line":117,"column":6},"end":{"line":117,"column":55}},"95":{"start":{"line":120,"column":6},"end":{"line":120,"column":22}},"96":{"start":{"line":122,"column":6},"end":{"line":129,"column":7}},"97":{"start":{"line":124,"column":8},"end":{"line":125,"column":53}},"98":{"start":{"line":127,"column":8},"end":{"line":128,"column":25}},"99":{"start":{"line":128,"column":10},"end":{"line":128,"column":25}},"100":{"start":{"line":131,"column":6},"end":{"line":136,"column":7}},"101":{"start":{"line":132,"column":8},"end":{"line":133,"column":53}},"102":{"start":{"line":134,"column":8},"end":{"line":135,"column":25}},"103":{"start":{"line":135,"column":10},"end":{"line":135,"column":25}},"104":{"start":{"line":139,"column":6},"end":{"line":147,"column":7}},"105":{"start":{"line":140,"column":8},"end":{"line":140,"column":45}},"106":{"start":{"line":141,"column":8},"end":{"line":141,"column":37}},"107":{"start":{"line":142,"column":8},"end":{"line":142,"column":17}},"108":{"start":{"line":146,"column":8},"end":{"line":146,"column":14}},"109":{"start":{"line":161,"column":0},"end":{"line":203,"column":5}},"110":{"start":{"line":162,"column":2},"end":{"line":185,"column":4}},"111":{"start":{"line":163,"column":4},"end":{"line":184,"column":5}},"112":{"start":{"line":165,"column":6},"end":{"line":183,"column":7}},"113":{"start":{"line":166,"column":8},"end":{"line":182,"column":9}},"114":{"start":{"line":174,"column":10},"end":{"line":176,"column":11}},"115":{"start":{"line":175,"column":12},"end":{"line":175,"column":25}},"116":{"start":{"line":177,"column":10},"end":{"line":177,"column":39}},"117":{"start":{"line":181,"column":10},"end":{"line":181,"column":27}},"118":{"start":{"line":187,"column":2},"end":{"line":202,"column":4}},"119":{"start":{"line":188,"column":4},"end":{"line":190,"column":22}},"120":{"start":{"line":191,"column":4},"end":{"line":195,"column":5}},"121":{"start":{"line":192,"column":6},"end":{"line":194,"column":7}},"122":{"start":{"line":193,"column":8},"end":{"line":193,"column":27}},"123":{"start":{"line":196,"column":4},"end":{"line":196,"column":24}},"124":{"start":{"line":197,"column":4},"end":{"line":197,"column":19}},"125":{"start":{"line":198,"column":4},"end":{"line":200,"column":5}},"126":{"start":{"line":199,"column":6},"end":{"line":199,"column":36}},"127":{"start":{"line":201,"column":4},"end":{"line":201,"column":16}},"128":{"start":{"line":214,"column":0},"end":{"line":214,"column":40}},"129":{"start":{"line":216,"column":0},"end":{"line":221,"column":0}},"130":{"start":{"line":217,"column":2},"end":{"line":217,"column":17}},"131":{"start":{"line":218,"column":2},"end":{"line":218,"column":24}},"132":{"start":{"line":221,"column":0},"end":{"line":230,"column":0}},"133":{"start":{"line":222,"column":2},"end":{"line":222,"column":24}},"134":{"start":{"line":222,"column":14},"end":{"line":222,"column":22}},"135":{"start":{"line":223,"column":2},"end":{"line":223,"column":20}},"136":{"start":{"line":225,"column":2},"end":{"line":227,"column":3}},"137":{"start":{"line":226,"column":4},"end":{"line":226,"column":42}},"138":{"start":{"line":230,"column":0},"end":{"line":239,"column":0}},"139":{"start":{"line":231,"column":2},"end":{"line":231,"column":24}},"140":{"start":{"line":231,"column":14},"end":{"line":231,"column":22}},"141":{"start":{"line":232,"column":2},"end":{"line":232,"column":20}},"142":{"start":{"line":234,"column":2},"end":{"line":236,"column":3}},"143":{"start":{"line":235,"column":4},"end":{"line":235,"column":19}},"144":{"start":{"line":239,"column":0},"end":{"line":243,"column":0}},"145":{"start":{"line":240,"column":2},"end":{"line":240,"column":17}},"146":{"start":{"line":243,"column":0},"end":{"line":247,"column":0}},"147":{"start":{"line":244,"column":2},"end":{"line":244,"column":46}},"148":{"start":{"line":248,"column":0},"end":{"line":249,"column":55}},"149":{"start":{"line":251,"column":0},"end":{"line":251,"column":98}},"150":{"start":{"line":256,"column":0},"end":{"line":269,"column":0}},"151":{"start":{"line":257,"column":2},"end":{"line":257,"column":47}},"152":{"start":{"line":258,"column":2},"end":{"line":258,"column":18}},"153":{"start":{"line":259,"column":2},"end":{"line":259,"column":18}},"154":{"start":{"line":260,"column":2},"end":{"line":260,"column":18}},"155":{"start":{"line":263,"column":2},"end":{"line":263,"column":24}},"156":{"start":{"line":264,"column":2},"end":{"line":264,"column":24}},"157":{"start":{"line":265,"column":2},"end":{"line":265,"column":17}},"158":{"start":{"line":266,"column":2},"end":{"line":266,"column":26}},"159":{"start":{"line":269,"column":0},"end":{"line":280,"column":0}},"160":{"start":{"line":270,"column":2},"end":{"line":270,"column":22}},"161":{"start":{"line":271,"column":2},"end":{"line":271,"column":18}},"162":{"start":{"line":272,"column":2},"end":{"line":272,"column":18}},"163":{"start":{"line":273,"column":2},"end":{"line":273,"column":18}},"164":{"start":{"line":274,"column":2},"end":{"line":274,"column":24}},"165":{"start":{"line":275,"column":2},"end":{"line":275,"column":24}},"166":{"start":{"line":276,"column":2},"end":{"line":276,"column":17}},"167":{"start":{"line":280,"column":0},"end":{"line":297,"column":0}},"168":{"start":{"line":281,"column":2},"end":{"line":281,"column":15}},"169":{"start":{"line":282,"column":2},"end":{"line":282,"column":37}},"170":{"start":{"line":283,"column":2},"end":{"line":287,"column":3}},"171":{"start":{"line":284,"column":4},"end":{"line":284,"column":19}},"172":{"start":{"line":286,"column":4},"end":{"line":286,"column":47}},"173":{"start":{"line":288,"column":2},"end":{"line":292,"column":3}},"174":{"start":{"line":289,"column":4},"end":{"line":289,"column":19}},"175":{"start":{"line":291,"column":4},"end":{"line":291,"column":47}},"176":{"start":{"line":293,"column":2},"end":{"line":293,"column":56}},"177":{"start":{"line":294,"column":2},"end":{"line":294,"column":27}},"178":{"start":{"line":297,"column":0},"end":{"line":309,"column":0}},"179":{"start":{"line":298,"column":2},"end":{"line":299,"column":29}},"180":{"start":{"line":300,"column":2},"end":{"line":305,"column":3}},"181":{"start":{"line":301,"column":4},"end":{"line":301,"column":25}},"182":{"start":{"line":303,"column":4},"end":{"line":303,"column":56}},"183":{"start":{"line":304,"column":4},"end":{"line":304,"column":68}},"184":{"start":{"line":309,"column":0},"end":{"line":333,"column":0}},"185":{"start":{"line":310,"column":2},"end":{"line":312,"column":3}},"186":{"start":{"line":311,"column":4},"end":{"line":311,"column":38}},"187":{"start":{"line":313,"column":2},"end":{"line":318,"column":12}},"188":{"start":{"line":313,"column":56},"end":{"line":313,"column":77}},"189":{"start":{"line":313,"column":100},"end":{"line":313,"column":111}},"190":{"start":{"line":319,"column":2},"end":{"line":329,"column":3}},"191":{"start":{"line":320,"column":4},"end":{"line":320,"column":47}},"192":{"start":{"line":321,"column":4},"end":{"line":321,"column":32}},"193":{"start":{"line":322,"column":4},"end":{"line":328,"column":5}},"194":{"start":{"line":322,"column":19},"end":{"line":322,"column":50}},"195":{"start":{"line":323,"column":9},"end":{"line":328,"column":5}},"196":{"start":{"line":323,"column":37},"end":{"line":323,"column":84}},"197":{"start":{"line":325,"column":6},"end":{"line":325,"column":42}},"198":{"start":{"line":326,"column":6},"end":{"line":326,"column":41}},"199":{"start":{"line":327,"column":6},"end":{"line":327,"column":77}},"200":{"start":{"line":330,"column":2},"end":{"line":330,"column":16}},"201":{"start":{"line":333,"column":0},"end":{"line":337,"column":0}},"202":{"start":{"line":334,"column":2},"end":{"line":334,"column":67}},"203":{"start":{"line":337,"column":0},"end":{"line":341,"column":0}},"204":{"start":{"line":338,"column":2},"end":{"line":338,"column":49}},"205":{"start":{"line":341,"column":0},"end":{"line":345,"column":0}},"206":{"start":{"line":342,"column":2},"end":{"line":342,"column":60}},"207":{"start":{"line":345,"column":0},"end":{"line":349,"column":0}},"208":{"start":{"line":346,"column":2},"end":{"line":346,"column":33}},"209":{"start":{"line":349,"column":0},"end":{"line":367,"column":0}},"210":{"start":{"line":350,"column":2},"end":{"line":350,"column":39}},"211":{"start":{"line":351,"column":2},"end":{"line":364,"column":32}},"212":{"start":{"line":367,"column":0},"end":{"line":367,"column":140}},"213":{"start":{"line":367,"column":73},"end":{"line":367,"column":137}},"214":{"start":{"line":368,"column":0},"end":{"line":368,"column":116}},"215":{"start":{"line":368,"column":57},"end":{"line":368,"column":113}},"216":{"start":{"line":369,"column":0},"end":{"line":369,"column":57}},"217":{"start":{"line":373,"column":0},"end":{"line":373,"column":39}},"218":{"start":{"line":374,"column":0},"end":{"line":374,"column":43}},"219":{"start":{"line":375,"column":0},"end":{"line":375,"column":35}},"220":{"start":{"line":376,"column":0},"end":{"line":376,"column":35}},"221":{"start":{"line":380,"column":0},"end":{"line":380,"column":72}},"222":{"start":{"line":384,"column":0},"end":{"line":394,"column":0}},"223":{"start":{"line":385,"column":2},"end":{"line":385,"column":36}},"224":{"start":{"line":386,"column":2},"end":{"line":386,"column":36}},"225":{"start":{"line":387,"column":2},"end":{"line":387,"column":38}},"226":{"start":{"line":388,"column":2},"end":{"line":388,"column":17}},"227":{"start":{"line":389,"column":2},"end":{"line":389,"column":40}},"228":{"start":{"line":390,"column":2},"end":{"line":390,"column":22}},"229":{"start":{"line":394,"column":0},"end":{"line":402,"column":0}},"230":{"start":{"line":395,"column":2},"end":{"line":395,"column":20}},"231":{"start":{"line":395,"column":12},"end":{"line":395,"column":18}},"232":{"start":{"line":396,"column":2},"end":{"line":396,"column":18}},"233":{"start":{"line":397,"column":2},"end":{"line":397,"column":24}},"234":{"start":{"line":398,"column":2},"end":{"line":398,"column":24}},"235":{"start":{"line":399,"column":2},"end":{"line":399,"column":25}},"236":{"start":{"line":402,"column":0},"end":{"line":410,"column":0}},"237":{"start":{"line":403,"column":2},"end":{"line":406,"column":31}},"238":{"start":{"line":410,"column":0},"end":{"line":414,"column":0}},"239":{"start":{"line":411,"column":2},"end":{"line":411,"column":29}},"240":{"start":{"line":414,"column":0},"end":{"line":418,"column":0}},"241":{"start":{"line":415,"column":2},"end":{"line":415,"column":28}},"242":{"start":{"line":418,"column":0},"end":{"line":422,"column":0}},"243":{"start":{"line":419,"column":2},"end":{"line":419,"column":28}},"244":{"start":{"line":422,"column":0},"end":{"line":426,"column":0}},"245":{"start":{"line":423,"column":2},"end":{"line":423,"column":69}},"246":{"start":{"line":426,"column":0},"end":{"line":436,"column":0}},"247":{"start":{"line":427,"column":2},"end":{"line":433,"column":25}},"248":{"start":{"line":436,"column":0},"end":{"line":442,"column":0}},"249":{"start":{"line":437,"column":2},"end":{"line":437,"column":21}},"250":{"start":{"line":438,"column":2},"end":{"line":438,"column":21}},"251":{"start":{"line":439,"column":2},"end":{"line":439,"column":22}},"252":{"start":{"line":443,"column":0},"end":{"line":443,"column":31}},"253":{"start":{"line":444,"column":0},"end":{"line":445,"column":0}},"254":{"start":{"line":445,"column":0},"end":{"line":445,"column":80}},"255":{"start":{"line":449,"column":0},"end":{"line":456,"column":0}},"256":{"start":{"line":450,"column":2},"end":{"line":450,"column":27}},"257":{"start":{"line":451,"column":2},"end":{"line":451,"column":79}},"258":{"start":{"line":452,"column":2},"end":{"line":452,"column":15}},"259":{"start":{"line":453,"column":2},"end":{"line":453,"column":22}},"260":{"start":{"line":456,"column":0},"end":{"line":462,"column":0}},"261":{"start":{"line":457,"column":2},"end":{"line":457,"column":34}},"262":{"start":{"line":458,"column":2},"end":{"line":458,"column":20}},"263":{"start":{"line":462,"column":0},"end":{"line":463,"column":0}},"264":{"start":{"line":462,"column":37},"end":{"line":462,"column":67}},"265":{"start":{"line":463,"column":0},"end":{"line":464,"column":0}},"266":{"start":{"line":463,"column":37},"end":{"line":463,"column":65}},"267":{"start":{"line":464,"column":0},"end":{"line":465,"column":0}},"268":{"start":{"line":464,"column":35},"end":{"line":464,"column":61}},"269":{"start":{"line":465,"column":0},"end":{"line":466,"column":0}},"270":{"start":{"line":465,"column":35},"end":{"line":465,"column":61}},"271":{"start":{"line":466,"column":0},"end":{"line":467,"column":0}},"272":{"start":{"line":466,"column":36},"end":{"line":466,"column":65}},"273":{"start":{"line":467,"column":0},"end":{"line":468,"column":0}},"274":{"start":{"line":467,"column":38},"end":{"line":467,"column":69}},"275":{"start":{"line":468,"column":0},"end":{"line":469,"column":0}},"276":{"start":{"line":468,"column":54},"end":{"line":468,"column":101}},"277":{"start":{"line":469,"column":0},"end":{"line":472,"column":0}},"278":{"start":{"line":469,"column":38},"end":{"line":469,"column":69}},"279":{"start":{"line":472,"column":0},"end":{"line":473,"column":0}},"280":{"start":{"line":472,"column":45},"end":{"line":472,"column":79}},"281":{"start":{"line":473,"column":0},"end":{"line":474,"column":0}},"282":{"start":{"line":473,"column":46},"end":{"line":473,"column":81}},"283":{"start":{"line":474,"column":0},"end":{"line":475,"column":0}},"284":{"start":{"line":474,"column":49},"end":{"line":474,"column":87}},"285":{"start":{"line":475,"column":0},"end":{"line":476,"column":0}},"286":{"start":{"line":475,"column":40},"end":{"line":475,"column":69}},"287":{"start":{"line":476,"column":0},"end":{"line":478,"column":0}},"288":{"start":{"line":476,"column":36},"end":{"line":476,"column":54}},"289":{"start":{"line":478,"column":0},"end":{"line":485,"column":0}},"290":{"start":{"line":479,"column":2},"end":{"line":481,"column":37}},"291":{"start":{"line":490,"column":0},"end":{"line":501,"column":0}},"292":{"start":{"line":491,"column":2},"end":{"line":493,"column":39}},"293":{"start":{"line":495,"column":2},"end":{"line":499,"column":0}},"294":{"start":{"line":501,"column":0},"end":{"line":505,"column":0}},"295":{"start":{"line":502,"column":2},"end":{"line":502,"column":45}},"296":{"start":{"line":505,"column":0},"end":{"line":516,"column":0}},"297":{"start":{"line":506,"column":2},"end":{"line":506,"column":35}},"298":{"start":{"line":508,"column":2},"end":{"line":510,"column":3}},"299":{"start":{"line":509,"column":4},"end":{"line":509,"column":39}},"300":{"start":{"line":511,"column":2},"end":{"line":513,"column":3}},"301":{"start":{"line":512,"column":4},"end":{"line":512,"column":55}},"302":{"start":{"line":516,"column":0},"end":{"line":522,"column":0}},"303":{"start":{"line":517,"column":2},"end":{"line":517,"column":35}},"304":{"start":{"line":518,"column":2},"end":{"line":518,"column":48}},"305":{"start":{"line":518,"column":39},"end":{"line":518,"column":46}},"306":{"start":{"line":519,"column":2},"end":{"line":519,"column":51}},"307":{"start":{"line":522,"column":0},"end":{"line":533,"column":0}},"308":{"start":{"line":523,"column":2},"end":{"line":523,"column":22}},"309":{"start":{"line":524,"column":2},"end":{"line":529,"column":3}},"310":{"start":{"line":525,"column":4},"end":{"line":525,"column":31}},"311":{"start":{"line":526,"column":4},"end":{"line":528,"column":5}},"312":{"start":{"line":527,"column":6},"end":{"line":527,"column":84}},"313":{"start":{"line":530,"column":2},"end":{"line":530,"column":20}},"314":{"start":{"line":534,"column":0},"end":{"line":535,"column":47}},"315":{"start":{"line":540,"column":0},"end":{"line":540,"column":39}},"316":{"start":{"line":542,"column":0},"end":{"line":548,"column":0}},"317":{"start":{"line":543,"column":2},"end":{"line":543,"column":20}},"318":{"start":{"line":544,"column":2},"end":{"line":544,"column":21}},"319":{"start":{"line":545,"column":2},"end":{"line":545,"column":15}},"320":{"start":{"line":548,"column":0},"end":{"line":548,"column":53}},"321":{"start":{"line":551,"column":0},"end":{"line":560,"column":0}},"322":{"start":{"line":552,"column":2},"end":{"line":553,"column":33}},"323":{"start":{"line":554,"column":2},"end":{"line":556,"column":3}},"324":{"start":{"line":555,"column":4},"end":{"line":555,"column":25}},"325":{"start":{"line":557,"column":2},"end":{"line":557,"column":16}},"326":{"start":{"line":560,"column":0},"end":{"line":564,"column":0}},"327":{"start":{"line":561,"column":2},"end":{"line":561,"column":28}},"328":{"start":{"line":564,"column":0},"end":{"line":568,"column":0}},"329":{"start":{"line":565,"column":2},"end":{"line":565,"column":61}},"330":{"start":{"line":565,"column":38},"end":{"line":565,"column":58}},"331":{"start":{"line":568,"column":0},"end":{"line":572,"column":0}},"332":{"start":{"line":569,"column":2},"end":{"line":569,"column":32}},"333":{"start":{"line":572,"column":0},"end":{"line":576,"column":0}},"334":{"start":{"line":573,"column":2},"end":{"line":573,"column":27}},"335":{"start":{"line":576,"column":0},"end":{"line":586,"column":0}},"336":{"start":{"line":577,"column":2},"end":{"line":577,"column":31}},"337":{"start":{"line":578,"column":2},"end":{"line":578,"column":17}},"338":{"start":{"line":579,"column":2},"end":{"line":579,"column":31}},"339":{"start":{"line":580,"column":2},"end":{"line":580,"column":54}},"340":{"start":{"line":586,"column":0},"end":{"line":611,"column":0}},"341":{"start":{"line":588,"column":2},"end":{"line":592,"column":3}},"342":{"start":{"line":589,"column":4},"end":{"line":589,"column":28}},"343":{"start":{"line":591,"column":4},"end":{"line":591,"column":33}},"344":{"start":{"line":593,"column":2},"end":{"line":594,"column":45}},"345":{"start":{"line":595,"column":2},"end":{"line":604,"column":3}},"346":{"start":{"line":596,"column":4},"end":{"line":596,"column":20}},"347":{"start":{"line":597,"column":4},"end":{"line":597,"column":28}},"348":{"start":{"line":599,"column":4},"end":{"line":599,"column":35}},"349":{"start":{"line":600,"column":4},"end":{"line":603,"column":5}},"350":{"start":{"line":601,"column":6},"end":{"line":601,"column":30}},"351":{"start":{"line":602,"column":6},"end":{"line":602,"column":24}},"352":{"start":{"line":606,"column":2},"end":{"line":608,"column":3}},"353":{"start":{"line":607,"column":4},"end":{"line":607,"column":49}},"354":{"start":{"line":611,"column":0},"end":{"line":616,"column":0}},"355":{"start":{"line":612,"column":2},"end":{"line":612,"column":37}},"356":{"start":{"line":616,"column":0},"end":{"line":630,"column":0}},"357":{"start":{"line":617,"column":2},"end":{"line":617,"column":54}},"358":{"start":{"line":618,"column":2},"end":{"line":621,"column":36}},"359":{"start":{"line":622,"column":2},"end":{"line":622,"column":54}},"360":{"start":{"line":624,"column":2},"end":{"line":626,"column":3}},"361":{"start":{"line":625,"column":4},"end":{"line":625,"column":138}},"362":{"start":{"line":627,"column":2},"end":{"line":627,"column":35}},"363":{"start":{"line":638,"column":0},"end":{"line":638,"column":35}},"364":{"start":{"line":639,"column":0},"end":{"line":639,"column":37}},"365":{"start":{"line":640,"column":0},"end":{"line":640,"column":39}},"366":{"start":{"line":642,"column":0},"end":{"line":659,"column":0}},"367":{"start":{"line":643,"column":2},"end":{"line":643,"column":18}},"368":{"start":{"line":644,"column":2},"end":{"line":644,"column":21}},"369":{"start":{"line":645,"column":2},"end":{"line":645,"column":35}},"370":{"start":{"line":646,"column":2},"end":{"line":646,"column":27}},"371":{"start":{"line":647,"column":2},"end":{"line":647,"column":25}},"372":{"start":{"line":648,"column":2},"end":{"line":648,"column":21}},"373":{"start":{"line":649,"column":2},"end":{"line":656,"column":3}},"374":{"start":{"line":650,"column":4},"end":{"line":650,"column":74}},"375":{"start":{"line":650,"column":48},"end":{"line":650,"column":60}},"376":{"start":{"line":653,"column":4},"end":{"line":655,"column":5}},"377":{"start":{"line":654,"column":6},"end":{"line":654,"column":32}},"378":{"start":{"line":659,"column":0},"end":{"line":666,"column":0}},"379":{"start":{"line":660,"column":2},"end":{"line":660,"column":29}},"380":{"start":{"line":666,"column":0},"end":{"line":681,"column":0}},"381":{"start":{"line":667,"column":2},"end":{"line":667,"column":52}},"382":{"start":{"line":668,"column":2},"end":{"line":668,"column":21}},"383":{"start":{"line":670,"column":2},"end":{"line":675,"column":3}},"384":{"start":{"line":671,"column":4},"end":{"line":671,"column":70}},"385":{"start":{"line":673,"column":4},"end":{"line":673,"column":35}},"386":{"start":{"line":674,"column":4},"end":{"line":674,"column":28}},"387":{"start":{"line":681,"column":0},"end":{"line":685,"column":0}},"388":{"start":{"line":682,"column":2},"end":{"line":682,"column":33}},"389":{"start":{"line":685,"column":0},"end":{"line":689,"column":0}},"390":{"start":{"line":686,"column":2},"end":{"line":686,"column":35}},"391":{"start":{"line":689,"column":0},"end":{"line":690,"column":0}},"392":{"start":{"line":689,"column":42},"end":{"line":689,"column":74}},"393":{"start":{"line":690,"column":0},"end":{"line":691,"column":0}},"394":{"start":{"line":690,"column":42},"end":{"line":690,"column":74}},"395":{"start":{"line":691,"column":0},"end":{"line":693,"column":0}},"396":{"start":{"line":691,"column":43},"end":{"line":691,"column":76}},"397":{"start":{"line":694,"column":0},"end":{"line":698,"column":0}},"398":{"start":{"line":695,"column":2},"end":{"line":695,"column":19}},"399":{"start":{"line":696,"column":2},"end":{"line":696,"column":17}},"400":{"start":{"line":698,"column":0},"end":{"line":699,"column":0}},"401":{"start":{"line":699,"column":0},"end":{"line":700,"column":0}},"402":{"start":{"line":699,"column":36},"end":{"line":699,"column":49}},"403":{"start":{"line":700,"column":0},"end":{"line":700,"column":66}},"404":{"start":{"line":700,"column":41},"end":{"line":700,"column":63}},"405":{"start":{"line":701,"column":0},"end":{"line":701,"column":73}},"406":{"start":{"line":701,"column":37},"end":{"line":701,"column":54}},"407":{"start":{"line":701,"column":55},"end":{"line":70
[...]
210,"column":40},"end":{"line":1210,"column":70}}]},"146":{"line":1227,"type":"binary-expr","locations":[{"start":{"line":1227,"column":14},"end":{"line":1227,"column":27}},{"start":{"line":1227,"column":31},"end":{"line":1227,"column":70}}]},"147":{"line":1228,"type":"binary-expr","locations":[{"start":{"line":1228,"column":13},"end":{"line":1228,"column":25}},{"start":{"line":1228,"column":29},"end":{"line":1228,"column":67}}]},"148":{"line":1234,"type":"if","locations":[{"start":{"line":1234,"column":2},"end":{"line":1234,"column":2}},{"start":{"line":1234,"column":2},"end":{"line":1234,"column":2}}]},"149":{"line":1234,"type":"binary-expr","locations":[{"start":{"line":1234,"column":5},"end":{"line":1234,"column":6}},{"start":{"line":1234,"column":11},"end":{"line":1234,"column":23}},{"start":{"line":1234,"column":27},"end":{"line":1234,"column":40}}]},"150":{"line":1239,"type":"binary-expr","locations":[{"start":{"line":1239,"column":10},"end":{"line":1239,"column":13}},{"start":{"line":1240,"column":3},"end":{"line":1240,"column":13}},{"start":{"line":1241,"column":3},"end":{"line":1241,"column":14}},{"start":{"line":1242,"column":3},"end":{"line":1242,"column":25}},{"start":{"line":1243,"column":3},"end":{"line":1243,"column":23}}]},"151":{"line":1249,"type":"if","locations":[{"start":{"line":1249,"column":2},"end":{"line":1249,"column":2}},{"start":{"line":1249,"column":2},"end":{"line":1249,"column":2}}]},"152":{"line":1249,"type":"binary-expr","locations":[{"start":{"line":1249,"column":5},"end":{"line":1249,"column":6}},{"start":{"line":1249,"column":11},"end":{"line":1249,"column":23}},{"start":{"line":1249,"column":27},"end":{"line":1249,"column":40}}]},"153":{"line":1253,"type":"binary-expr","locations":[{"start":{"line":1253,"column":11},"end":{"line":1253,"column":14}},{"start":{"line":1254,"column":3},"end":{"line":1254,"column":15}},{"start":{"line":1255,"column":3},"end":{"line":1255,"column":14}},{"start":{"line":1256,"column":3},"end":{"line":1256,"column":22}},{"start":{"line":1257,"column":3},"end":{"line":1257,"column":22}}]},"154":{"line":1278,"type":"if","locations":[{"start":{"line":1278,"column":2},"end":{"line":1278,"column":2}},{"start":{"line":1278,"column":2},"end":{"line":1278,"column":2}}]},"155":{"line":1278,"type":"binary-expr","locations":[{"start":{"line":1278,"column":5},"end":{"line":1278,"column":41}},{"start":{"line":1278,"column":45},"end":{"line":1278,"column":87}},{"start":{"line":1278,"column":91},"end":{"line":1278,"column":121}}]},"156":{"line":1283,"type":"if","locations":[{"start":{"line":1283,"column":2},"end":{"line":1283,"column":2}},{"start":{"line":1283,"column":2},"end":{"line":1283,"column":2}}]},"157":{"line":1283,"type":"binary-expr","locations":[{"start":{"line":1283,"column":5},"end":{"line":1283,"column":7}},{"start":{"line":1283,"column":11},"end":{"line":1283,"column":24}},{"start":{"line":1283,"column":28},"end":{"line":1283,"column":40}}]},"158":{"line":1291,"type":"if","locations":[{"start":{"line":1291,"column":2},"end":{"line":1291,"column":2}},{"start":{"line":1291,"column":2},"end":{"line":1291,"column":2}}]},"159":{"line":1293,"type":"if","locations":[{"start":{"line":1293,"column":9},"end":{"line":1293,"column":9}},{"start":{"line":1293,"column":9},"end":{"line":1293,"column":9}}]},"160":{"line":1293,"type":"binary-expr","locations":[{"start":{"line":1293,"column":12},"end":{"line":1293,"column":21}},{"start":{"line":1293,"column":25},"end":{"line":1293,"column":37}}]},"161":{"line":1297,"type":"if","locations":[{"start":{"line":1297,"column":2},"end":{"line":1297,"column":2}},{"start":{"line":1297,"column":2},"end":{"line":1297,"column":2}}]},"162":{"line":1299,"type":"if","locations":[{"start":{"line":1299,"column":9},"end":{"line":1299,"column":9}},{"start":{"line":1299,"column":9},"end":{"line":1299,"column":9}}]},"163":{"line":1299,"type":"binary-expr","locations":[{"start":{"line":1299,"column":12},"end":{"line":1299,"column":22}},{"start":{"line":1299,"column":26},"end":{"line":1299,"column":37}}]},"164":{"line":1309,"type":"binary-expr","locations":[{"start":{"line":1309,"column":9},"end":{"line":1309,"column":38}},{"start":{"line":1310,"column":2},"end":{"line":1310,"column":42}},{"start":{"line":1311,"column":2},"end":{"line":1311,"column":43}}]},"165":{"line":1315,"type":"binary-expr","locations":[{"start":{"line":1315,"column":15},"end":{"line":1315,"column":44}},{"start":{"line":1316,"column":8},"end":{"line":1316,"column":43}},{"start":{"line":1317,"column":8},"end":{"line":1317,"column":49}}]},"166":{"line":1348,"type":"cond-expr","locations":[{"start":{"line":1348,"column":25},"end":{"line":1348,"column":26}},{"start":{"line":1348,"column":29},"end":{"line":1348,"column":38}}]},"167":{"line":1383,"type":"binary-expr","locations":[{"start":{"line":1383,"column":29},"end":{"line":1383,"column":47}},{"start":{"line":1383,"column":51},"end":{"line":1383,"column":71}},{"start":{"line":1383,"column":75},"end":{"line":1383,"column":99}}]},"168":{"line":1412,"type":"if","locations":[{"start":{"line":1412,"column":8},"end":{"line":1412,"column":8}},{"start":{"line":1412,"column":8},"end":{"line":1412,"column":8}}]},"169":{"line":1418,"type":"if","locations":[{"start":{"line":1418,"column":8},"end":{"line":1418,"column":8}},{"start":{"line":1418,"column":8},"end":{"line":1418,"column":8}}]},"170":{"line":1418,"type":"binary-expr","locations":[{"start":{"line":1418,"column":13},"end":{"line":1418,"column":21}},{"start":{"line":1418,"column":25},"end":{"line":1418,"column":47}}]},"171":{"line":1423,"type":"binary-expr","locations":[{"start":{"line":1423,"column":23},"end":{"line":1423,"column":29}},{"start":{"line":1423,"column":33},"end":{"line":1423,"column":35}}]},"172":{"line":1525,"type":"binary-expr","locations":[{"start":{"line":1525,"column":15},"end":{"line":1525,"column":46}},{"start":{"line":1525,"column":50},"end":{"line":1525,"column":71}}]},"173":{"line":1541,"type":"binary-expr","locations":[{"start":{"line":1541,"column":15},"end":{"line":1541,"column":27}},{"start":{"line":1541,"column":31},"end":{"line":1541,"column":53}}]},"174":{"line":1545,"type":"binary-expr","locations":[{"start":{"line":1545,"column":15},"end":{"line":1545,"column":27}},{"start":{"line":1545,"column":31},"end":{"line":1545,"column":58}}]},"175":{"line":1549,"type":"binary-expr","locations":[{"start":{"line":1549,"column":15},"end":{"line":1549,"column":27}},{"start":{"line":1549,"column":31},"end":{"line":1549,"column":52}}]},"176":{"line":1553,"type":"binary-expr","locations":[{"start":{"line":1553,"column":15},"end":{"line":1553,"column":26}},{"start":{"line":1553,"column":30},"end":{"line":1553,"column":63}}]},"177":{"line":1561,"type":"binary-expr","locations":[{"start":{"line":1561,"column":15},"end":{"line":1561,"column":26}},{"start":{"line":1561,"column":30},"end":{"line":1561,"column":73}}]},"178":{"line":1569,"type":"if","locations":[{"start":{"line":1569,"column":8},"end":{"line":1569,"column":8}},{"start":{"line":1569,"column":8},"end":{"line":1569,"column":8}}]},"179":{"line":1580,"type":"binary-expr","locations":[{"start":{"line":1580,"column":52},"end":{"line":1580,"column":56}},{"start":{"line":1580,"column":60},"end":{"line":1580,"column":64}}]},"180":{"line":1583,"type":"binary-expr","locations":[{"start":{"line":1583,"column":53},"end":{"line":1583,"column":57}},{"start":{"line":1583,"column":61},"end":{"line":1583,"column":65}}]},"181":{"line":1586,"type":"binary-expr","locations":[{"start":{"line":1586,"column":59},"end":{"line":1586,"column":63}},{"start":{"line":1586,"column":67},"end":{"line":1586,"column":71}}]},"182":{"line":1620,"type":"if","locations":[{"start":{"line":1620,"column":8},"end":{"line":1620,"column":8}},{"start":{"line":1620,"column":8},"end":{"line":1620,"column":8}}]},"183":{"line":1620,"type":"binary-expr","locations":[{"start":{"line":1620,"column":11},"end":{"line":1620,"column":26}},{"start":{"line":1620,"column":30},"end":{"line":1620,"column":71}}]},"184":{"line":1621,"type":"if","locations":[{"start":{"line":1621,"column":10},"end":{"line":1621,"column":10}},{"start":{"line":1621,"column":10},"end":{"line":1621,"column":10}}]},"185":{"line":1626,"type":"if","locations":[{"start":{"line":1626,"column":8},"end":{"line":1626,"column":8}},{"start":{"line":1626,"column":8},"end":{"line":1626,"column":8}}]},"186":{"line":1629,"type":"if","locations":[{"start":{"line":1629,"column":13},"end":{"line":1629,"column":13}},{"start":{"line":1629,"column":13},"end":{"line":1629,"column":13}}]},"187":{"line":1632,"type":"if","locations":[{"start":{"line":1632,"column":13},"end":{"line":1632,"column":13}},{"start":{"line":1632,"column":13},"end":{"line":1632,"column":13}}]},"188":{"line":1643,"type":"if","locations":[{"start":{"line":1643,"column":12},"end":{"line":1643,"column":12}},{"start":{"line":1643,"column":12},"end":{"line":1643,"column":12}}]},"189":{"line":1644,"type":"binary-expr","locations":[{"start":{"line":1644,"column":34},"end":{"line":1644,"column":41}},{"start":{"line":1644,"column":45},"end":{"line":1644,"column":51}}]},"190":{"line":1754,"type":"binary-expr","locations":[{"start":{"line":1754,"column":38},"end":{"line":1754,"column":42}},{"start":{"line":1754,"column":46},"end":{"line":1754,"column":63}}]},"191":{"line":1779,"type":"binary-expr","locations":[{"start":{"line":1779,"column":19},"end":{"line":1779,"column":38}},{"start":{"line":1779,"column":42},"end":{"line":1779,"column":65}}]},"192":{"line":1821,"type":"if","locations":[{"start":{"line":1821,"column":8},"end":{"line":1821,"column":8}},{"start":{"line":1821,"column":8},"end":{"line":1821,"column":8}}]},"193":{"line":1829,"type":"binary-expr","locations":[{"start":{"line":1829,"column":21},"end":{"line":1829,"column":35}},{"start":{"line":1829,"column":39},"end":{"line":1829,"column":41}}]},"194":{"line":1831,"type":"if","locations":[{"start":{"line":1831,"column":8},"end":{"line":1831,"column":8}},{"start":{"line":1831,"column":8},"end":{"line":1831,"column":8}}]},"195":{"line":1835,"type":"if","locations":[{"start":{"line":1835,"column":8},"end":{"line":1835,"column":8}},{"start":{"line":1835,"column":8},"end":{"line":1835,"column":8}}]},"196":{"line":1845,"type":"if","locations":[{"start":{"line":1845,"column":250},"end":{"line":1845,"column":250}},{"start":{"line":1845,"column":250},"end":{"line":1845,"column":250}}]},"197":{"line":1845,"type":"binary-expr","locations":[{"start":{"line":1845,"column":264},"end":{"line":1845,"column":274}},{"start":{"line":1845,"column":276},"end":{"line":1845,"column":278}}]},"198":{"line":1845,"type":"cond-expr","locations":[{"start":{"line":1845,"column":347},"end":{"line":1845,"column":443}},{"start":{"line":1845,"column":445},"end":{"line":1845,"column":517}}]},"199":{"line":1845,"type":"cond-expr","locations":[{"start":{"line":1845,"column":615},"end":{"line":1845,"column":793}},{"start":{"line":1845,"column":795},"end":{"line":1845,"column":812}}]},"200":{"line":1845,"type":"binary-expr","locations":[{"start":{"line":1845,"column":713},"end":{"line":1845,"column":719}},{"start":{"line":1845,"column":721},"end":{"line":1845,"column":723}}]},"201":{"line":1845,"type":"binary-expr","locations":[{"start":{"line":1845,"column":759},"end":{"line":1845,"column":788}},{"start":{"line":1845,"column":790},"end":{"line":1845,"column":792}}]},"202":{"line":1845,"type":"binary-expr","locations":[{"start":{"line":1845,"column":834},"end":{"line":1845,"column":842}},{"start":{"line":1845,"column":845},"end":{"line":1845,"column":892}}]},"203":{"line":1845,"type":"binary-expr","locations":[{"start":{"line":1845,"column":1184},"end":{"line":1845,"column":1227}},{"start":{"line":1845,"column":1230},"end":{"line":1845,"column":1272}}]},"204":{"line":1845,"type":"cond-expr","locations":[{"start":{"line":1845,"column":1421},"end":{"line":1845,"column":1476}},{"start":{"line":1845,"column":1478},"end":{"line":1845,"column":1480}}]},"205":{"line":1845,"type":"binary-expr","locations":[{"start":{"line":1845,"column":1546},"end":{"line":1845,"column":1579}},{"start":{"line":1845,"column":1581},"end":{"line":1845,"column":1607}}]},"206":{"line":1845,"type":"binary-expr","locations":[{"start":{"line":1845,"column":1706},"end":{"line":1845,"column":1737}},{"start":{"line":1845,"column":1739},"end":{"line":1845,"column":1760}}]},"207":{"line":1845,"type":"binary-expr","locations":[{"start":{"line":1845,"column":1761},"end":{"line":1845,"column":1771}},{"start":{"line":1845,"column":1773},"end":{"line":1845,"column":1815}}]},"208":{"line":1845,"type":"binary-expr","locations":[{"start":{"line":1845,"column":1954},"end":{"line":1845,"column":1987}},{"start":{"line":1845,"column":1990},"end":{"line":1845,"column":2037}}]},"209":{"line":1856,"type":"binary-expr","locations":[{"start":{"line":1856,"column":21},"end":{"line":1856,"column":27}},{"start":{"line":1856,"column":31},"end":{"line":1856,"column":33}}]},"210":{"line":1873,"type":"if","locations":[{"start":{"line":1873,"column":8},"end":{"line":1873,"column":8}},{"start":{"line":1873,"column":8},"end":{"line":1873,"column":8}}]},"211":{"line":1878,"type":"binary-expr","locations":[{"start":{"line":1878,"column":46},"end":{"line":1878,"column":66}},{"start":{"line":1878,"column":70},"end":{"line":1878,"column":101}}]},"212":{"line":1879,"type":"binary-expr","locations":[{"start":{"line":1879,"column":45},"end":{"line":1879,"column":64}},{"start":{"line":1879,"column":68},"end":{"line":1879,"column":98}}]},"213":{"line":1890,"type":"if","locations":[{"start":{"line":1890,"column":16},"end":{"line":1890,"column":16}},{"start":{"line":1890,"column":16},"end":{"line":1890,"column":16}}]},"214":{"line":1890,"type":"binary-expr","locations":[{"start":{"line":1890,"column":20},"end":{"line":1890,"column":42}},{"start":{"line":1890,"column":46},"end":{"line":1890,"column":54}}]},"215":{"line":1891,"type":"cond-expr","locations":[{"start":{"line":1891,"column":50},"end":{"line":1891,"column":58}},{"start":{"line":1891,"column":61},"end":{"line":1891,"column":70}}]},"216":{"line":1926,"type":"if","locations":[{"start":{"line":1926,"column":8},"end":{"line":1926,"column":8}},{"start":{"line":1926,"column":8},"end":{"line":1926,"column":8}}]},"217":{"line":1953,"type":"binary-expr","locations":[{"start":{"line":1953,"column":21},"end":{"line":1953,"column":35}},{"start":{"line":1953,"column":39},"end":{"line":1953,"column":41}}]},"218":{"line":1955,"type":"if","locations":[{"start":{"line":1955,"column":8},"end":{"line":1955,"column":8}},{"start":{"line":1955,"column":8},"end":{"line":1955,"column":8}}]},"219":{"line":1959,"type":"if","locations":[{"start":{"line":1959,"column":8},"end":{"line":1959,"column":8}},{"start":{"line":1959,"column":8},"end":{"line":1959,"column":8}}]},"220":{"line":1983,"type":"if","locations":[{"start":{"line":1983,"column":8},"end":{"line":1983,"column":8}},{"start":{"line":1983,"column":8},"end":{"line":1983,"column":8}}]},"221":{"line":1984,"type":"if","locations":[{"start":{"line":1984,"column":12},"end":{"line":1984,"column":12}},{"start":{"line":1984,"column":12},"end":{"line":1984,"column":12}}]},"222":{"line":1984,"type":"binary-expr","locations":[{"start":{"line":1984,"column":15},"end":{"line":1984,"column":47}},{"start":{"line":1984,"column":51},"end":{"line":1984,"column":82}}]},"223":{"line":1993,"type":"if","locations":[{"start":{"line":1993,"column":8},"end":{"line":1993,"column":8}},{"start":{"line":1993,"column":8},"end":{"line":1993,"column":8}}]},"224":{"line":2029,"type":"if","locations":[{"start":{"line":2029,"column":12},"end":{"line":2029,"column":12}},{"start":{"line":2029,"column":12},"end":{"line":2029,"column":12}}]},"225":{"line":2038,"type":"if","locations":[{"start":{"line":2038,"column":12},"end":{"line":2038,"column":12}},{"start":{"line":2038,"column":12},"end":{"line":2038,"column":12}}]},"226":{"line":2038,"type":"binary-expr","locations":[{"start":{"line":2038,"column":15},"end":{"line":2038,"column":22}},{"start":{"line":2038,"column":26},"end":{"line":2038,"column":56}}]},"227":{"line":2046,"type":"if","locations":[{"start":{"line":2046,"column":12},"end":{"line":2046,"column":12}},{"start":{"line":2046,"column":12},"end":{"line":2046,"column":12}}]},"228":{"line":2046,"type":"binary-expr","locations":[{"start":{"line":2046,"column":15},"end":{"line":2046,"column":22}},{"start":{"line":2046,"column":26},"end":{"line":2046,"column":56}}]},"229":{"line":2084,"type":"if","locations":[{"start":{"line":2084,"column":12},"end":{"line":2084,"column":12}},{"start":{"line":2084,"column":12},"end":{"line":2084,"column":12}}]},"230":{"line":2084,"type":"binary-expr","locations":[{"start":{"line":2084,"column":15},"end":{"line":2084,"column":51}},{"start":{"line":2084,"column":55},"end":{"line":2084,"column":85}}]},"231":{"line":2105,"type":"cond-expr","locations":[{"start":{"line":2105,"column":51},"end":{"line":2105,"column":75}},{"start":{"line":2105,"column":78},"end":{"line":2105,"column":80}}]},"232":{"line":2108,"type":"cond-expr","locations":[{"start":{"line":2108,"column":52},"end":{"line":2108,"column":77}},{"start":{"line":2108,"column":80},"end":{"line":2108,"column":82}}]},"233":{"line":2112,"type":"cond-expr","locations":[{"start":{"line":2112,"column":57},"end":{"line":2112,"column":87}},{"start":{"line":2112,"column":90},"end":{"line":2112,"column":92}}]},"234":{"line":2123,"type":"binary-expr","locations":[{"start":{"line":2123,"column":21},"end":{"line":2123,"column":35}},{"start":{"line":2123,"column":39},"end":{"line":2123,"column":41}}]},"235":{"line":2125,"type":"if","locations":[{"start":{"line":2125,"column":8},"end":{"line":2125,"column":8}},{"start":{"line":2125,"column":8},"end":{"line":2125,"column":8}}]},"236":{"line":2129,"type":"if","locations":[{"start":{"line":2129,"column":8},"end":{"line":2129,"column":8}},{"start":{"line":2129,"column":8},"end":{"line":2129,"column":8}}]},"237":{"line":2167,"type":"cond-expr","locations":[{"start":{"line":2167,"column":46},"end":{"line":2167,"column":49}},{"start":{"line":2167,"column":52},"end":{"line":2167,"column":61}}]},"238":{"line":2170,"type":"if","locations":[{"start":{"line":2170,"column":12},"end":{"line":2170,"column":12}},{"start":{"line":2170,"column":12},"end":{"line":2170,"column":12}}]},"239":{"line":2173,"type":"binary-expr","locations":[{"start":{"line":2173,"column":30},"end":{"line":2173,"column":41}},{"start":{"line":2173,"column":45},"end":{"line":2173,"column":64}}]},"240":{"line":2176,"type":"if","locations":[{"start":{"line":2176,"column":16},"end":{"line":2176,"column":16}},{"start":{"line":2176,"column":16},"end":{"line":2176,"column":16}}]},"241":{"line":2212,"type":"binary-expr","locations":[{"start":{"line":2212,"column":17},"end":{"line":2212,"column":23}},{"start":{"line":2212,"column":27},"end":{"line":2212,"column":33}}]},"242":{"line":2224,"type":"if","locations":[{"start":{"line":2224,"column":10},"end":{"line":2224,"column":10}},{"start":{"line":2224,"column":10},"end":{"line":2224,"column":10}}]},"243":{"line":2225,"type":"if","locations":[{"start":{"line":2225,"column":10},"end":{"line":2225,"column":10}},{"start":{"line":2225,"column":10},"end":{"line":2225,"column":10}}]},"244":{"line":2250,"type":"cond-expr","locations":[{"start":{"line":2250,"column":63},"end":{"line":2250,"column":84}},{"start":{"line":2251,"column":22},"end":{"line":2251,"column":105}}]},"245":{"line":2251,"type":"binary-expr","locations":[{"start":{"line":2251,"column":22},"end":{"line":2251,"column":92}},{"start":{"line":2251,"column":96},"end":{"line":2251,"column":105}}]},"246":{"line":2270,"type":"binary-expr","locations":[{"start":{"line":2270,"column":56},"end":{"line":2270,"column":62}},{"start":{"line":2270,"column":66},"end":{"line":2270,"column":68}}]},"247":{"line":2274,"type":"if","locations":[{"start":{"line":2274,"column":8},"end":{"line":2274,"column":8}},{"start":{"line":2274,"column":8},"end":{"line":2274,"column":8}}]}}}}