{"dist/vissense.js":{"path":"dist/vissense.js","s":{"1":1,"2":1,"3":0,"4":1,"5":0,"6":1,"7":1,"8":1,"9":1,"10":1,"11":19,"12":13,"13":0,"14":0,"15":0,"16":0,"17":0,"18":0,"19":13,"20":13,"21":17,"22":17,"23":19,"24":1,"25":1,"26":1,"27":1,"28":1,"29":1,"30":1,"31":1,"32":1,"33":1,"34":1,"35":1,"36":0,"37":0,"38":1,"39":0,"40":0,"41":0,"42":0,"43":0,"44":0,"45":0,"46":0,"47":0,"48":0,"49":0,"50":0,"51":0,"52":0,"53":0,"54":0,"55":0,"56":0,"57":0,"58":0,"59":0,"60":0,"61":0,"62":0,"63":0,"64":0,"65":0,"66":0,"67":0,"68":0,"69":0,"70":0,"71":0,"72":0,"73":0,"74":0,"75":0,"76":0,"77":0,"78":0,"79":0,"80":0,"81":0,"82":0,"83":0,"84":0,"85":0,"86":0,"87":0,"88":1,"89":1,"90":0,"91":0,"92":0,"93":0,"94":0,"95":0,"96":0,"97":1,"98":0,"99":0,"100":0,"101":0,"102":0,"103":0,"104":0,"105":0,"106":0,"107":1,"108":1,"109":0,"110":0,"111":1,"112":0,"113":0,"114":0,"115":0,"116":0,"117":1,"118":0,"119":0,"120":0,"121":0,"122":0,"123":1,"124":0,"125":1,"126":0,"127":1,"128":1,"129":1,"130":0,"131":0,"132":0,"133":0,"134":0,"135":0,"136":0,"137":0,"138":1,"139":0,"140":0,"141":0,"142":0,"143":0,"144":0,"145":0,"146":1,"147":0,"148":0,"149":0,"150":0,"151":0,"152":0,"153":0,"154":0,"155":0,"156":0,"157":1,"158":0,"159":0,"160":0,"161":0,"162":0,"163":1,"164":0,"165":0,"166":0,"167":0,"168":0,"169":0,"170":0,"171":0,"172":0,"173":0,"174":0,"175":0,"176":0,"177":0,"178":0,"179":0,"180":1,"181":0,"182":1,"183":0,"184":1,"185":0,"186":1,"187":0,"188":1,"189":0,"190":0,"191":1,"192":0,"193":1,"194":0,"195":1,"196":1,"197":1,"198":1,"199":1,"200":1,"201":1,"202":0,"203":0,"204":0,"205":0,"206":0,"207":0,"208":1,"209":0,"210":0,"211":0,"212":0,"213":0,"214":0,"215":1,"216":0,"217":1,"218":0,"219":1,"220":0,"221":1,"222":0,"223":1,"224":0,"225":1,"226":0,"227":1,"228":0,"229":0,"230":0,"231":1,"232":1,"233":1,"234":1,"235":0,"236":0,"237":0,"238":0,"239":1,"240":0,"241":0,"242":1,"243":0,"244":1,"245":0,"246":1,"247":0,"248":1,"249":0,"250":1,"251":0,"252":1,"253":0,"254":1,"255":0,"256":1,"257":0,"258":1,"259":0,"260":1,"261":0,"262":1,"263":0,"264":1,"265":0,"266":1,"267":0,"268":1,"269":0,"270":1,"271":0,"272":0,"273":1,"274":0,"275":1,"276":0,"277":0,"278":0,"279":0,"280":0,"281":1,"282":0,"283":0,"284":0,"285":0,"286":1,"287":0,"288":0,"289":0,"290":0,"291":0,"292":0,"293":1,"294":1,"295":1,"296":0,"297":0,"298":0,"299":1,"300":1,"301":0,"302":0,"303":0,"304":0,"305":1,"306":0,"307":1,"308":0,"309":0,"310":1,"311":0,"312":1,"313":0,"314":1,"315":0,"316":0,"317":0,"318":0,"319":1,"320":0,"321":0,"322":0,"323":0,"324":0,"325":0,"326":0,"327":0,"328":0,"329":0,"330":0,"331":0,"332":0,"333":1,"334":0,"335":1,"336":0,"337":0,"338":0,"339":0,"340":0,"341":0,"342":1,"343":1,"344":1,"345":1,"346":0,"347":0,"348":0,"349":0,"350":0,"351":0,"352":0,"353":0,"354":0,"355":0,"356":0,"357":1,"358":0,"359":1,"360":0,"361":0,"362":0,"363":0,"364":0,"365":0,"366":1,"367":0,"368":1,"369":0,"370":1,"371":0,"372":1,"373":0,"374":1,"375":0,"376":1,"377":0,"378":0,"379":1,"380":1,"381":0,"382":1,"383":0,"384":1,"385":0,"386":0,"387":1,"388":0,"389":1,"390":0,"391":1,"392":0,"393":1,"394":1,"395":1,"396":0,"397":0,"398":0,"399":1,"400":1,"401":0,"402":0,"403":0,"404":0,"405":0,"406":0,"407":1,"408":1,"409":1,"410":0,"411":0,"412":0,"413":0,"414":0,"415":0,"416":0,"417":0,"418":0,"419":0,"420":0,"421":0,"422":0,"423":0,"424":0,"425":0,"426":0,"427":0,"428":0,"429":0,"430":0,"431":0,"432":0,"433":0,"434":0,"435":0,"436":0,"437":0,"438":0,"439":1,"440":0,"441":0,"442":0,"443":0,"444":0,"445":0,"446":0,"447":0,"448":0,"449":0,"450":0,"451":0,"452":0,"453":0,"454":1,"455":0,"456":1,"457":1,"458":1,"459":0,"460":0,"461":0,"462":0,"463":0,"464":0,"465":0,"466":0,"467":0,"468":0,"469":0,"470":0,"471":0,"472":0,"473":1,"474":1,"475":34,"476":34,"477":1,"478":20,"479":20030,"480":1,"481":1,"482":1,"483":1,"484":1,"485":7,"486":7,"487":1,"488":1,"489":1,"490":0,"491":1,"492":1,"493":1,"494":6,"495":4,"496":1,"497":0,"498":1,"499":0,"500":0,"501":0,"502":0,"503":0,"504":0,"505":1,"506":1,"507":1,"508":1,"509":1,"510":1,"511":13,"512":1,"513":4,"514":0,"515":1,"516":1,"517":1,"518":1,"519":1,"520":4,"521":4,"522":4,"523":0,"524":4,"525":1,"526":25,"527":25,"528":0,"529":25,"530":25,"531":0,"532":0,"533":0,"534":1,"535":24,"536":24,"537":0,"538":24,"539":24,"540":0,"541":24,"542":1,"543":12,"544":12,"545":0,"546":12,"547":8,"548":4,"549":1,"550":4,"551":0,"552":4,"553":0,"554":4,"555":0,"556":4,"557":4,"558":0,"559":4,"560":4,"561":0,"562":4,"563":4,"564":0,"565":4,"566":1,"567":1,"568":1,"569":1,"570":1,"571":10024,"572":10024,"573":0,"574":10024,"575":1,"576":5,"577":5,"578":1,"579":2,"580":2,"581":1,"582":1,"583":1,"584":1,"585":10021,"586":10021,"587":10018,"588":3,"589":3,"590":1,"591":1,"592":1,"593":1,"594":1,"595":1,"596":10011,"597":10010,"598":1,"599":1,"600":0,"601":1,"602":1,"603":1,"604":1,"605":1,"606":0,"607":0,"608":1,"609":1,"610":0,"611":0,"612":1,"613":1,"614":1,"615":2,"616":1,"617":10,"618":1,"619":8,"620":1,"621":1,"622":1,"623":1,"624":1,"625":1,"626":1,"627":1,"628":1,"629":0,"630":1,"631":1,"632":1,"633":1,"634":0,"635":1,"636":1,"637":1,"638":0,"639":1,"640":1,"641":1,"642":1,"643":1,"644":1,"645":1,"646":1,"647":1,"648":1,"649":0,"650":1,"651":1,"652":12,"653":1,"654":11,"655":0,"656":11,"657":11,"658":1,"659":10011,"660":1,"661":2,"662":1,"663":2,"664":1,"665":8,"666":1,"667":0,"668":0,"669":0,"670":1,"671":0,"672":0,"673":0,"674":1,"675":0,"676":0,"677":0,"678":1,"679":1,"680":1,"681":1,"682":1,"683":1,"684":1,"685":9,"686":9,"687":9,"688":1,"689":4,"690":1,"691":4,"692":1,"693":10,"694":1,"695":0,"696":1,"697":0,"698":1,"699":0,"700":1,"701":6,"702":1,"703":20018,"704":1,"705":10,"706":1,"707":10005,"708":1,"709":10005,"710":1,"711":9,"712":2,"713":9,"714":1,"715":7,"716":1,"717":1,"718":1,"719":1,"720":10009,"721":10009,"722":10005,"723":10003,"724":6,"725":6,"726":0,"727":0,"728":0,"729":0,"730":0,"731":1,"732":10009,"733":20018,"734":20018,"735":1,"736":5,"737":5,"738":5,"739":5,"740":5,"741":1,"742":0,"743":1,"744":20048,"745":1,"746":0,"747":1,"748":0,"749":1,"750":8,"751":8,"752":8,"753":1,"754":0,"755":0,"756":1,"757":10009,"758":10009,"759":1,"760":8,"761":8,"762":20018,"763":1,"764":0,"765":0,"766":0,"767":1,"768":0,"769":1,"770":0,"771":0,"772":0,"773":0,"774":1,"775":4,"776":4,"777":4,"778":4,"779":4,"780":4,"781":1,"782":0,"783":0,"784":0,"785":0,"786":0,"787":1,"788":4,"789":4,"790":4,"791":4,"792":4,"793":1,"794":0,"795":0,"796":0,"797":0,"798":1,"799":5,"800":5,"801":0,"802":5,"803":0,"804":5,"805":5,"806":1,"807":1,"808":6,"809":1,"810":10,"811":110004,"812":10,"813":4,"814":4,"815":0,"816":2,"817":6,"818":1,"819":8,"820":1,"821":1,"822":0,"823":0,"824":6,"825":7,"826":7,"827":7,"828":2,"829":0,"830":0,"831":0,"832":11,"833":11,"834":6,"835":6,"836":4,"837":1,"838":1,"839":4,"840":4,"841":4,"842":4,"843":4,"844":4,"845":4,"846":4,"847":1,"848":4,"849":0,"850":4,"851":4,"852":4,"853":4,"854":10009,"855":4,"856":6,"857":6,"858":6,"859":6,"860":6,"861":4,"862":4,"863":4,"864":4,"865":4,"866":2,"867":2,"868":4,"869":4,"870":1,"871":0,"872":1,"873":7,"874":1,"875":1,"876":7,"877":7,"878":110004,"879":1,"880":2,"881":1,"882":0,"883":1,"884":4,"885":4,"886":0,"887":4,"888":0,"889":4,"890":4,"891":1,"892":1,"893":0,"894":0,"895":1,"896":1,"897":1,"898":1,"899":1,"900":1,"901":1,"902":0,"903":1,"904":0,"905":0,"906":0,"907":0,"908":0,"909":0,"910":0,"911":0,"912":0,"913":0,"914":0,"915":0,"916":0,"917":0,"918":0,"919":0,"920":0,"921":0,"922":0,"923":0,"924":0,"925":0,"926":0,"927":0,"928":0,"929":0,"930":0,"931":0,"932":0,"933":0,"934":1,"935":0,"936":1,"937":1,"938":0,"939":1,"940":1,"941":1,"942":0,"943":0,"944":0,"945":0,"946":1,"947":0,"948":0,"949":1,"950":0,"951":0,"952":0,"953":0,"954":0,"955":0,"956":0,"957":0,"958":0,"959":0,"960":0,"961":0,"962":0,"963":0,"964":0,"965":0,"966":0,"967":0,"968":0,"969":0,"970":0,"971":0,"972":0,"973":0,"974":0,"975":0,"976":0,"977":0,"978":0,"979":0,"980":0,"981":0,"982":0,"983":0,"984":0,"985":0,"986":0,"987":0,"988":0,"989":0,"990":0,"991":0,"992":0,"993":1,"994":0,"995":0,"996":0,"997":0,"998":1,"999":0,"1000":0,"1001":1,"1002":0,"1003":0,"1004":0,"1005":0,"1006":0,"1007":0,"1008":0,"1009":0,"1010":0,"1011":0,"1012":0,"1013":1,"1014":0,"1015":0,"1016":0,"1017":0,"1018":0,"1019":0,"1020":0,"1021":1,"1022":1,"1023":0,"1024":0,"1025":0,"1026":0,"1027":0,"1028":0,"1029":0,"1030":0,"1031":0,"1032":0,"1033":0,"1034":0,"1035":0,"1036":0,"1037":1,"1038":1,"1039":0,"1040":1,"1041":1,"1042":1,"1043":1,"1044":0,"1045":0,"1046":0,"1047":0,"1048":0,"1049":0,"1050":0,"1051":0,"1052":0,"1053":1,"1054":3,"1055":3,"1056":0,"1057":0,"1058":0,"1059":1,"1060":3,"1061":3,"1062":3,"1063":3,"1064":0,"1065":0,"1066":0,"1067":0,"1068":0,"1069":0,"1070":0,"1071":1,"1072":1,"1073":1,"1074":1,"1075":1,"1076":1,"1077":0,"1078":0,"1079":0,"1080":0,"1081":0,"1082":1,"1083":0,"1084":0,"1085":0,"1086":0,"1087":0,"1088":0,"1089":0,"1090":1,"1091":1,"1092":1,"1093":1,"1094":0,"1095":0,"1096":0,"1097":1,"1098":0,"1099":1,"1100":1,"1101":1,"1102":0,"1103":0,"1104":0,"1105":0,"1106":1,"1107":1},"b":{"1":[0,1],"2":[0,1],"3":[1,0],"4":[1,0],"5":[0,0],"6":[0,0],"7":[13,6],"8":[0,13],"9":[0,0],"10":[0,0],"11":[0,0],"12":[0,0],"13":[17,0],"14":[1,0],"15":[0,0],"16":[0,0],"17":[0,0],"18":[0,0],"19":[0,0],"20":[0,0],"21":[0,0],"22":[0,0],"23":[0,0],"24":[0,0],"25":[0,0],"26":[0,0],"27":[0,0],"28":[0,0,0,0],"29":[0,0],"30":[0,0],"31":[0,0],"32":[0,0],"33":[0,0],"34":[0,0],"35":[0,0],"36":[0,0],"37":[0,0],"38":[0,0],"39":[0,0],"40":[0,0],"41":[0,0],"42":[0,0],"43":[0,0],"44":[0,0],"45":[0,0],"46":[0,0],"47":[0,0],"48":[0,0],"49":[0,0],"50":[0,0],"51":[0,0],"52":[0,0],"53":[0,0],"54":[0,0],"55":[0,0],"56":[0,0],"57":[0,0],"58":[0,0],"59":[0,0],"60":[0,0],"61":[0,0,0],"62":[0,0],"63":[0,0],"64":[0,0],"65":[0,0],"66":[0,0],"67":[0,0],"68":[0,0],"69":[0,0],"70":[0,0],"71":[0,0],"72":[0,0],"73":[0,0],"74":[0,0],"75":[0,0],"76":[0,0],"77":[0,0],"78":[0,0,0],"79":[1,1],"80":[1,0],"81":[0,0],"82":[0,0],"83":[0,0],"84":[0,1],"85":[1,0],"86":[0,1],"87":[0,0],"88":[0,0,0],"89":[0,0],"90":[0,0],"91":[0,0],"92":[34,0],"93":[16,20014],"94":[0,7],"95":[0,0],"96":[0,0],"97":[1,1,1,1],"98":[0,13],"99":[0,4],"100":[4,0],"101":[0,4],"102":[0,25],"103":[25,0],"104":[0,0],"105":[0,24],"106":[0,24],"107":[24,0],"108":[0,12],"109":[8,4],"110":[0,4],"111":[0,4],"112":[4,4],"113":[0,4],"114":[0,4],"115":[0,4],"116":[0,4],"117":[4,4],"118":[0,10024],"119":[10024,10024],"120":[5,0],"121":[5,0],"122":[1,1],"123":[2,2,1],"124":[1,1,1,1,1],"125":[10018,3],"126":[10021,10021,3],"127":[3,3,3,3,3],"128":[10010,1],"129":[10011,1,1],"130":[0,1],"131":[1,1,1],"132":[1,0],"133":[0,0],"134":[0,0],"135":[1,0],"136":[0,0],"137":[0,0],"138":[2,2,1],"139":[10,10,2],"140":[0,1],"141":[1,1,1],"142":[1,11],"143":[0,11],"144":[11,11],"145":[11,11],"146":[4,4],"147":[0,0],"148":[0,0],"149":[6,0],"150":[20018,20010],"151":[10005,10003],"152":[2,7],"153":[7,5],"154":[1,1],"155":[1,1],"156":[10005,4],"157":[10009,10005],"158":[10003,2],"159":[6,0],"160":[0,0],"161":[0,0],"162":[20018,0],"163":[20018,0],"164":[0,0],"165":[4,0],"166":[0,0],"167":[5,5],"168":[0,5],"169":[0,5],"170":[4,6],"171":[10,6],"172":[0,4],"173":[4,4],"174":[4,0],"175":[4,0],"176":[1,0],"177":[7,0],"178":[2,0],"179":[0,0],"180":[11,1],"181":[11,10],"182":[4,4],"183":[4,0],"184":[0,4],"185":[4,0],"186":[4,0],"187":[6,0],"188":[6,0],"189":[6,0],"190":[1,6],"191":[4,4],"192":[0,4],"193":[0,4],"194":[0,1],"195":[1,0],"196":[1,1],"197":[1,1,1,1,1,1],"198":[0,0],"199":[0,0],"200":[0,0],"201":[0,0],"202":[0,0],"203":[0,0],"204":[0,0],"205":[0,0],"206":[0,0],"207":[0,0],"208":[0,0],"209":[0,0],"210":[0,0],"211":[0,0],"212":[0,0],"213":[0,0],"214":[0,0],"215":[0,0],"216":[0,0],"217":[0,0],"218":[0,0],"219":[0,0],"220":[0,0],"221":[0,0],"222":[0,0],"223":[0,0],"224":[0,0,0],"225":[0,0],"226":[0,0],"227":[0,3],"228":[3,0],"229":[0,0],"230":[0,0],"231":[0,0],"232":[0,0],"233":[0,0],"234":[0,0],"235":[1,1],"236":[0,0]},"f":{"1":1,"2":1,"3":1,"4":19,"5":17,"6":1,"7":1,"8":0,"9":0,"10":0,"11":0,"12":0,"13":0,"14":0,"15":0,"16":0,"17":1,"18":1,"19":0,"20":0,"21":1,"22":0,"23":0,"24":0,"25":0,"26":0,"27":1,"28":0,"29":0,"30":0,"31":0,"32":0,"33":0,"34":0,"35":0,"36":0,"37":0,"38":0,"39":0,"40":0,"41":0,"42":1,"43":1,"44":0,"45":0,"46":0,"47":0,"48":0,"49":0,"50":0,"51":0,"52":0,"53":1,"54":0,"55":0,"56":0,"57":0,"58":0,"59":0,"60":0,"61":0,"62":0,"63":0,"64":0,"65":0,"66":0,"67":0,"68":0,"69":0,"70":1,"71":0,"72":0,"73":0,"74":0,"75":0,"76":1,"77":0,"78":0,"79":0,"80":0,"81":0,"82":0,"83":0,"84":0,"85":0,"86":0,"87":0,"88":1,"89":0,"90":0,"91":0,"92":0,"93":0,"94":0,"95":0,"96":0,"97":0,"98":1,"99":0,"100":2,"101":0,"102":0,"103":0,"104":0,"105":0,"106":0,"107":1,"108":0,"109":0,"110":1,"111":0,"112":0,"113":0,"114":0,"115":0,"116":0,"117":0,"118":0,"119":1,"120":0,"121":0,"122":0,"123":1,"124":0,"125":0,"126":1,"127":34,"128":20,"129":20030,"130":1,"131":1,"132":0,"133":0,"134":1,"135":6,"136":4,"137":0,"138":0,"139":1,"140":1,"141":13,"142":4,"143":1,"144":4,"145":25,"146":24,"147":12,"148":4,"149":1,"150":10024,"151":5,"152":2,"153":10021,"154":1,"155":10011,"156":2,"157":10,"158":8,"159":1,"160":1,"161":1,"162":1,"163":1,"164":0,"165":1,"166":12,"167":10011,"168":2,"169":2,"170":8,"171":0,"172":0,"173":0,"174":0,"175":0,"176":0,"177":1,"178":9,"179":4,"180":4,"181":10,"182":0,"183":0,"184":0,"185":6,"186":20018,"187":10,"188":10005,"189":10005,"190":9,"191":7,"192":1,"193":1,"194":1,"195":10009,"196":10009,"197":5,"198":0,"199":20048,"200":0,"201":0,"202":8,"203":0,"204":10009,"205":8,"206":20018,"207":0,"208":0,"209":0,"210":0,"211":0,"212":4,"213":4,"214":4,"215":0,"216":0,"217":4,"218":4,"219":0,"220":5,"221":1,"222":6,"223":10,"224":110004,"225":0,"226":2,"227":8,"228":0,"229":0,"230":6,"231":7,"232":2,"233":0,"234":11,"235":6,"236":1,"237":4,"238":4,"239":4,"240":10009,"241":6,"242":2,"243":0,"244":7,"245":110004,"246":2,"247":0,"248":4,"249":1,"250":0,"251":1,"252":1,"253":1,"254":0,"255":0,"256":0,"257":0,"258":0,"259":0,"260":0,"261":0,"262":0,"263":0,"264":0,"265":0,"266":1,"267":0,"268":0,"269":0,"270":0,"271":0,"272":0,"273":0,"274":0,"275":0,"276":0,"277":0,"278":0,"279":0,"280":0,"281":0,"282":0,"283":0,"284":0,"285":1,"286":0,"287":0,"288":0,"289":1,"290":0,"291":1,"292":1,"293":0,"294":3,"295":0,"296":3,"297":0,"298":1,"299":1,"300":0,"301":0,"302":0,"303":1,"304":0,"305":0,"306":1,"307":0},"fnMap":{"1":{"name":"(anonymous_1)","line":5,"loc":{"start":{"line":5,"column":1},"end":{"line":5,"column":12}}},"2":{"name":"(anonymous_2)","line":5,"loc":{"start":{"line":5,"column":257},"end":{"line":5,"column":267}}},"3":{"name":"e","line":5,"loc":{"start":{"line":5,"column":302},"end":{"line":5,"column":319}}},"4":{"name":"s","line":5,"loc":{"start":{"line":5,"column":320},"end":{"line":5,"column":335}}},"5":{"name":"(anonymous_5)","line":5,"loc":{"start":{"line":5,"column":535},"end":{"line":5,"column":546}}},"6":{"name":"(anonymous_6)","line":5,"loc":{"start":{"line":5,"column":714},"end":{"line":5,"column":746}}},"7":{"name":"(anonymous_7)","line":15,"loc":{"start":{"line":15,"column":87},"end":{"line":15,"column":119}}},"8":{"name":"BinaryHeap","line":22,"loc":{"start":{"line":22,"column":34},"end":{"line":22,"column":68}}},"9":{"name":"(anonymous_9)","line":29,"loc":{"start":{"line":29,"column":9},"end":{"line":29,"column":20}}},"10":{"name":"(anonymous_10)","line":36,"loc":{"start":{"line":36,"column":8},"end":{"line":36,"column":26}}},"11":{"name":"(anonymous_11)","line":43,"loc":{"start":{"line":43,"column":8},"end":{"line":43,"column":19}}},"12":{"name":"(anonymous_12)","line":47,"loc":{"start":{"line":47,"column":7},"end":{"line":47,"column":18}}},"13":{"name":"(anonymous_13)","line":61,"loc":{"start":{"line":61,"column":10},"end":{"line":61,"column":25}}},"14":{"name":"(anonymous_14)","line":83,"loc":{"start":{"line":83,"column":8},"end":{"line":83,"column":19}}},"15":{"name":"(anonymous_15)","line":87,"loc":{"start":{"line":87,"column":12},"end":{"line":87,"column":24}}},"16":{"name":"(anonymous_16)","line":109,"loc":{"start":{"line":109,"column":12},"end":{"line":109,"column":24}}},"17":{"name":"(anonymous_17)","line":153,"loc":{"start":{"line":153,"column":20},"end":{"line":153,"column":52}}},"18":{"name":"(anonymous_18)","line":161,"loc":{"start":{"line":161,"column":17},"end":{"line":161,"column":29}}},"19":{"name":"(anonymous_19)","line":162,"loc":{"start":{"line":162,"column":13},"end":{"line":162,"column":41}}},"20":{"name":"(anonymous_20)","line":187,"loc":{"start":{"line":187,"column":9},"end":{"line":187,"column":21}}},"21":{"name":"(anonymous_21)","line":206,"loc":{"start":{"line":206,"column":9},"end":{"line":206,"column":41}}},"22":{"name":"Counter","line":216,"loc":{"start":{"line":216,"column":31},"end":{"line":216,"column":50}}},"23":{"name":"(anonymous_23)","line":221,"loc":{"start":{"line":221,"column":24},"end":{"line":221,"column":38}}},"24":{"name":"(anonymous_24)","line":230,"loc":{"start":{"line":230,"column":24},"end":{"line":230,"column":38}}},"25":{"name":"(anonymous_25)","line":239,"loc":{"start":{"line":239,"column":26},"end":{"line":239,"column":37}}},"26":{"name":"(anonymous_26)","line":243,"loc":{"start":{"line":243,"column":29},"end":{"line":243,"column":40}}},"27":{"name":"(anonymous_27)","line":247,"loc":{"start":{"line":247,"column":9},"end":{"line":247,"column":41}}},"28":{"name":"Histogram","line":256,"loc":{"start":{"line":256,"column":33},"end":{"line":256,"column":60}}},"29":{"name":"(anonymous_29)","line":269,"loc":{"start":{"line":269,"column":28},"end":{"line":269,"column":39}}},"30":{"name":"(anonymous_30)","line":280,"loc":{"start":{"line":280,"column":29},"end":{"line":280,"column":54}}},"31":{"name":"(anonymous_31)","line":297,"loc":{"start":{"line":297,"column":37},"end":{"line":297,"column":51}}},"32":{"name":"(anonymous_32)","line":309,"loc":{"start":{"line":309,"column":34},"end":{"line":309,"column":56}}},"33":{"name":"(anonymous_33)","line":313,"loc":{"start":{"line":313,"column":43},"end":{"line":313,"column":54}}},"34":{"name":"(anonymous_34)","line":313,"loc":{"start":{"line":313,"column":85},"end":{"line":313,"column":98}}},"35":{"name":"(anonymous_35)","line":333,"loc":{"start":{"line":333,"column":31},"end":{"line":333,"column":42}}},"36":{"name":"(anonymous_36)","line":337,"loc":{"start":{"line":337,"column":27},"end":{"line":337,"column":38}}},"37":{"name":"(anonymous_37)","line":341,"loc":{"start":{"line":341,"column":29},"end":{"line":341,"column":40}}},"38":{"name":"(anonymous_38)","line":345,"loc":{"start":{"line":345,"column":29},"end":{"line":345,"column":40}}},"39":{"name":"(anonymous_39)","line":349,"loc":{"start":{"line":349,"column":31},"end":{"line":349,"column":42}}},"40":{"name":"(anonymous_40)","line":367,"loc":{"start":{"line":367,"column":49},"end":{"line":367,"column":71}}},"41":{"name":"(anonymous_41)","line":368,"loc":{"start":{"line":368,"column":40},"end":{"line":368,"column":55}}},"42":{"name":"(anonymous_42)","line":371,"loc":{"start":{"line":371,"column":81},"end":{"line":371,"column":113}}},"43":{"name":"(anonymous_43)","line":379,"loc":{"start":{"line":379,"column":62},"end":{"line":379,"column":94}}},"44":{"name":"Meter","line":384,"loc":{"start":{"line":384,"column":29},"end":{"line":384,"column":46}}},"45":{"name":"(anonymous_45)","line":394,"loc":{"start":{"line":394,"column":23},"end":{"line":394,"column":35}}},"46":{"name":"(anonymous_46)","line":402,"loc":{"start":{"line":402,"column":24},"end":{"line":402,"column":35}}},"47":{"name":"(anonymous_47)","line":410,"loc":{"start":{"line":410,"column":36},"end":{"line":410,"column":47}}},"48":{"name":"(anonymous_48)","line":414,"loc":{"start":{"line":414,"column":33},"end":{"line":414,"column":44}}},"49":{"name":"(anonymous_49)","line":418,"loc":{"start":{"line":418,"column":32},"end":{"line":418,"column":43}}},"50":{"name":"(anonymous_50)","line":422,"loc":{"start":{"line":422,"column":27},"end":{"line":422,"column":38}}},"51":{"name":"(anonymous_51)","line":426,"loc":{"start":{"line":426,"column":27},"end":{"line":426,"column":38}}},"52":{"name":"(anonymous_52)","line":436,"loc":{"start":{"line":436,"column":23},"end":{"line":436,"column":33}}},"53":{"name":"(anonymous_53)","line":442,"loc":{"start":{"line":442,"column":63},"end":{"line":442,"column":95}}},"54":{"name":"Timer","line":449,"loc":{"start":{"line":449,"column":29},"end":{"line":449,"column":46}}},"55":{"name":"(anonymous_55)","line":456,"loc":{"start":{"line":456,"column":25},"end":{"line":456,"column":44}}},"56":{"name":"(anonymous_56)","line":462,"loc":{"start":{"line":462,"column":24},"end":{"line":462,"column":35}}},"57":{"name":"(anonymous_57)","line":463,"loc":{"start":{"line":463,"column":24},"end":{"line":463,"column":35}}},"58":{"name":"(anonymous_58)","line":464,"loc":{"start":{"line":464,"column":22},"end":{"line":464,"column":33}}},"59":{"name":"(anonymous_59)","line":465,"loc":{"start":{"line":465,"column":22},"end":{"line":465,"column":33}}},"60":{"name":"(anonymous_60)","line":466,"loc":{"start":{"line":466,"column":23},"end":{"line":466,"column":34}}},"61":{"name":"(anonymous_61)","line":467,"loc":{"start":{"line":467,"column":25},"end":{"line":467,"column":36}}},"62":{"name":"(anonymous_62)","line":468,"loc":{"start":{"line":468,"column":30},"end":{"line":468,"column":52}}},"63":{"name":"(anonymous_63)","line":469,"loc":{"start":{"line":469,"column":25},"end":{"line":469,"column":36}}},"64":{"name":"(anonymous_64)","line":472,"loc":{"start":{"line":472,"column":32},"end":{"line":472,"column":43}}},"65":{"name":"(anonymous_65)","line":473,"loc":{"start":{"line":473,"column":33},"end":{"line":473,"column":44}}},"66":{"name":"(anonymous_66)","line":474,"loc":{"start":{"line":474,"column":36},"end":{"line":474,"column":47}}},"67":{"name":"(anonymous_67)","line":475,"loc":{"start":{"line":475,"column":27},"end":{"line":475,"column":38}}},"68":{"name":"(anonymous_68)","line":476,"loc":{"start":{"line":476,"column":23},"end":{"line":476,"column":34}}},"69":{"name":"(anonymous_69)","line":478,"loc":{"start":{"line":478,"column":27},"end":{"line":478,"column":38}}},"70":{"name":"(anonymous_70)","line":485,"loc":{"start":{"line":485,"column":80},"end":{"line":485,"column":112}}},"71":{"name":"(anonymous_71)","line":490,"loc":{"start":{"line":490,"column":16},"end":{"line":490,"column":36}}},"72":{"name":"(anonymous_72)","line":501,"loc":{"start":{"line":501,"column":30},"end":{"line":501,"column":55}}},"73":{"name":"(anonymous_73)","line":505,"loc":{"start":{"line":505,"column":29},"end":{"line":505,"column":57}}},"74":{"name":"(anonymous_74)","line":516,"loc":{"start":{"line":516,"column":29},"end":{"line":516,"column":49}}},"75":{"name":"(anonymous_75)","line":522,"loc":{"start":{"line":522,"column":27},"end":{"line":522,"column":38}}},"76":{"name":"(anonymous_76)","line":533,"loc":{"start":{"line":533,"column":10},"end":{"line":533,"column":42}}},"77":{"name":"ExponentiallyDecayingSample","line":542,"loc":{"start":{"line":542,"column":51},"end":{"line":542,"column":101}}},"78":{"name":"(anonymous_78)","line":551,"loc":{"start":{"line":551,"column":50},"end":{"line":551,"column":61}}},"79":{"name":"(anonymous_79)","line":560,"loc":{"start":{"line":560,"column":45},"end":{"line":560,"column":56}}},"80":{"name":"(anonymous_80)","line":564,"loc":{"start":{"line":564,"column":48},"end":{"line":564,"column":59}}},"81":{"name":"(anonymous_81)","line":565,"loc":{"start":{"line":565,"column":24},"end":{"line":565,"column":37}}},"82":{"name":"(anonymous_82)","line":568,"loc":{"start":{"line":568,"column":44},"end":{"line":568,"column":55}}},"83":{"name":"(anonymous_83)","line":572,"loc":{"start":{"line":572,"column":45},"end":{"line":572,"column":56}}},"84":{"name":"(anonymous_84)","line":576,"loc":{"start":{"line":576,"column":46},"end":{"line":576,"column":57}}},"85":{"name":"(anonymous_85)","line":586,"loc":{"start":{"line":586,"column":47},"end":{"line":586,"column":72}}},"86":{"name":"(anonymous_86)","line":611,"loc":{"start":{"line":611,"column":47},"end":{"line":611,"column":62}}},"87":{"name":"(anonymous_87)","line":616,"loc":{"start":{"line":616,"column":48},"end":{"line":616,"column":62}}},"88":{"name":"(anonymous_88)","line":630,"loc":{"start":{"line":630,"column":46},"end":{"line":630,"column":78}}},"89":{"name":"ExponentiallyWeightedMovingAverage","line":642,"loc":{"start":{"line":642,"column":65},"end":{"line":642,"column":126}}},"90":{"name":"(anonymous_90)","line":650,"loc":{"start":{"line":650,"column":36},"end":{"line":650,"column":46}}},"91":{"name":"(anonymous_91)","line":659,"loc":{"start":{"line":659,"column":54},"end":{"line":659,"column":66}}},"92":{"name":"(anonymous_92)","line":666,"loc":{"start":{"line":666,"column":52},"end":{"line":666,"column":63}}},"93":{"name":"(anonymous_93)","line":681,"loc":{"start":{"line":681,"column":52},"end":{"line":681,"column":63}}},"94":{"name":"(anonymous_94)","line":685,"loc":{"start":{"line":685,"column":52},"end":{"line":685,"column":63}}},"95":{"name":"(anonymous_95)","line":689,"loc":{"start":{"line":689,"column":30},"end":{"line":689,"column":40}}},"96":{"name":"(anonymous_96)","line":690,"loc":{"start":{"line":690,"column":30},"end":{"line":690,"column":40}}},"97":{"name":"(anonymous_97)","line":691,"loc":{"start":{"line":691,"column":31},"end":{"line":691,"column":41}}},"98":{"name":"(anonymous_98)","line":693,"loc":{"start":{"line":693,"column":10},"end":{"line":693,"column":42}}},"99":{"name":"Sample","line":694,"loc":{"start":{"line":694,"column":30},"end":{"line":694,"column":48}}},"100":{"name":"Sample","line":698,"loc":{"start":{"line":698,"column":30},"end":{"line":698,"column":48}}},"101":{"name":"(anonymous_101)","line":699,"loc":{"start":{"line":699,"column":24},"end":{"line":699,"column":34}}},"102":{"name":"(anonymous_102)","line":700,"loc":{"start":{"line":700,"column":26},"end":{"line":700,"column":39}}},"103":{"name":"(anonymous_103)","line":701,"loc":{"start":{"line":701,"column":25},"end":{"line":701,"column":35}}},"104":{"name":"(anonymous_104)","line":702,"loc":{"start":{"line":702,"column":24},"end":{"line":702,"column":34}}},"105":{"name":"(anonymous_105)","line":703,"loc":{"start":{"line":703,"column":25},"end":{"line":703,"column":35}}},"106":{"name":"(anonymous_106)","line":704,"loc":{"start":{"line":704,"column":29},"end":{"line":704,"column":39}}},"107":{"name":"(anonymous_107)","line":707,"loc":{"start":{"line":707,"column":10},"end":{"line":707,"column":42}}},"108":{"name":"UniformSample","line":714,"loc":{"start":{"line":714,"column":37},"end":{"line":714,"column":66}}},"109":{"name":"(anonymous_109)","line":722,"loc":{"start":{"line":722,"column":33},"end":{"line":722,"column":47}}},"110":{"name":"(anonymous_110)","line":744,"loc":{"start":{"line":744,"column":2},"end":{"line":744,"column":20}}},"111":{"name":"(anonymous_111)","line":766,"loc":{"start":{"line":766,"column":19},"end":{"line":766,"column":39}}},"112":{"name":"(anonymous_112)","line":773,"loc":{"start":{"line":773,"column":39},"end":{"line":773,"column":59}}},"113":{"name":"(anonymous_113)","line":796,"loc":{"start":{"line":796,"column":16},"end":{"line":796,"column":36}}},"114":{"name":"(anonymous_114)","line":813,"loc":{"start":{"line":813,"column":16},"end":{"line":813,"column":30}}},"115":{"name":"(anonymous_115)","line":829,"loc":{"start":{"line":829,"column":27},"end":{"line":829,"column":47}}},"116":{"name":"(anonymous_116)","line":838,"loc":{"start":{"line":838,"column":39},"end":{"line":838,"column":59}}},"117":{"name":"(anonymous_117)","line":854,"loc":{"start":{"line":854,"column":16},"end":{"line":854,"column":28}}},"118":{"name":"(anonymous_118)","line":870,"loc":{"start":{"line":870,"column":15},"end":{"line":870,"column":27}}},"119":{"name":"(anonymous_119)","line":884,"loc":{"start":{"line":884,"column":21},"end":{"line":884,"column":33}}},"120":{"name":"(anonymous_120)","line":896,"loc":{"start":{"line":896,"column":17},"end":{"line":896,"column":33}}},"121":{"name":"(anonymous_121)","line":905,"loc":{"start":{"line":905,"column":17},"end":{"line":905,"column":29}}},"122":{"name":"(anonymous_122)","line":915,"loc":{"start":{"line":915,"column":27},"end":{"line":915,"column":39}}},"123":{"name":"(anonymous_123)","line":936,"loc":{"start":{"line":936,"column":2},"end":{"line":936,"column":23}}},"124":{"name":"(anonymous_124)","line":942,"loc":{"start":{"line":942,"column":21},"end":{"line":942,"column":33}}},"125":{"name":"(anonymous_125)","line":956,"loc":{"start":{"line":956,"column":15},"end":{"line":956,"column":30}}},"126":{"name":"(anonymous_126)","line":982,"loc":{"start":{"line":982,"column":2},"end":{"line":982,"column":30}}},"127":{"name":"_window","line":985,"loc":{"start":{"line":985,"column":4},"end":{"line":985,"column":30}}},"128":{"name":"fireIf","line":993,"loc":{"start":{"line":993,"column":4},"end":{"line":993,"column":36}}},"129":{"name":"(anonymous_129)","line":994,"loc":{"start":{"line":994,"column":13},"end":{"line":994,"column":24}}},"130":{"name":"(anonymous_130)","line":1008,"loc":{"start":{"line":1008,"column":3},"end":{"line":1008,"column":46}}},"131":{"name":"extend","line":1013,"loc":{"start":{"line":1013,"column":2},"end":{"line":1013,"column":44}}},"132":{"name":"noop","line":1026,"loc":{"start":{"line":1026,"column":2},"end":{"line":1026,"column":18}}},"133":{"name":"identity","line":1029,"loc":{"start":{"line":1029,"column":2},"end":{"line":1029,"column":23}}},"134":{"name":"now","line":1033,"loc":{"start":{"line":1033,"column":2},"end":{"line":1033,"column":17}}},"135":{"name":"defer","line":1037,"loc":{"start":{"line":1037,"column":2},"end":{"line":1037,"column":27}}},"136":{"name":"(anonymous_136)","line":1038,"loc":{"start":{"line":1038,"column":31},"end":{"line":1038,"column":42}}},"137":{"name":"isObject","line":1043,"loc":{"start":{"line":1043,"column":2},"end":{"line":1043,"column":25}}},"138":{"name":"defaults","line":1047,"loc":{"start":{"line":1047,"column":2},"end":{"line":1047,"column":33}}},"139":{"name":"(anonymous_139)","line":1071,"loc":{"start":{"line":1071,"column":2},"end":{"line":1071,"column":46}}},"140":{"name":"isPageVisibilityAPIAvailable","line":1077,"loc":{"start":{"line":1077,"column":4},"end":{"line":1077,"column":44}}},"141":{"name":"isPageVisible","line":1081,"loc":{"start":{"line":1081,"column":4},"end":{"line":1081,"column":29}}},"142":{"name":"onPageVisibilityChange","line":1085,"loc":{"start":{"line":1085,"column":4},"end":{"line":1085,"column":46}}},"143":{"name":"(anonymous_143)","line":1103,"loc":{"start":{"line":1103,"column":2},"end":{"line":1103,"column":45}}},"144":{"name":"_isVisibleByOffsetParentCheck","line":1106,"loc":{"start":{"line":1106,"column":4},"end":{"line":1106,"column":52}}},"145":{"name":"_findEffectiveStyle","line":1117,"loc":{"start":{"line":1117,"column":1},"end":{"line":1117,"column":39}}},"146":{"name":"_findEffectiveStyleProperty","line":1138,"loc":{"start":{"line":1138,"column":1},"end":{"line":1138,"column":57}}},"147":{"name":"_isDisplayed","line":1150,"loc":{"start":{"line":1150,"column":1},"end":{"line":1150,"column":32}}},"148":{"name":"isVisibleByStyling","line":1161,"loc":{"start":{"line":1161,"column":4},"end":{"line":1161,"column":41}}},"149":{"name":"(anonymous_149)","line":1206,"loc":{"start":{"line":1206,"column":2},"end":{"line":1206,"column":34}}},"150":{"name":"_getBoundingClientRect","line":1209,"loc":{"start":{"line":1209,"column":1},"end":{"line":1209,"column":42}}},"151":{"name":"viewport","line":1226,"loc":{"start":{"line":1226,"column":4},"end":{"line":1226,"column":31}}},"152":{"name":"isFullyInViewport","line":1234,"loc":{"start":{"line":1234,"column":1},"end":{"line":1234,"column":37}}},"153":{"name":"isInViewport","line":1249,"loc":{"start":{"line":1249,"column":1},"end":{"line":1249,"column":32}}},"154":{"name":"(anonymous_154)","line":1276,"loc":{"start":{"line":1276,"column":2},"end":{"line":1276,"column":51}}},"155":{"name":"percentage","line":1279,"loc":{"start":{"line":1279,"column":1},"end":{"line":1279,"column":30}}},"156":{"name":"isFullyVisible","line":1310,"loc":{"start":{"line":1310,"column":1},"end":{"line":1310,"column":34}}},"157":{"name":"isVisible","line":1316,"loc":{"start":{"line":1316,"column":4},"end":{"line":1316,"column":32}}},"158":{"name":"isHidden","line":1322,"loc":{"start":{"line":1322,"column":4},"end":{"line":1322,"column":31}}},"159":{"name":"(anonymous_159)","line":1332,"loc":{"start":{"line":1332,"column":2},"end":{"line":1332,"column":45}}},"160":{"name":"(anonymous_160)","line":1338,"loc":{"start":{"line":1338,"column":19},"end":{"line":1338,"column":46}}},"161":{"name":"getIEVersion","line":1342,"loc":{"start":{"line":1342,"column":8},"end":{"line":1342,"column":32}}},"162":{"name":"isDomPresent","line":1363,"loc":{"start":{"line":1363,"column":8},"end":{"line":1363,"column":32}}},"163":{"name":"canReadStyle","line":1370,"loc":{"start":{"line":1370,"column":8},"end":{"line":1370,"column":32}}},"164":{"name":"(anonymous_164)","line":1390,"loc":{"start":{"line":1390,"column":28},"end":{"line":1390,"column":39}}},"165":{"name":"(anonymous_165)","line":1395,"loc":{"start":{"line":1395,"column":2},"end":{"line":1395,"column":51}}},"166":{"name":"VisSense","line":1413,"loc":{"start":{"line":1413,"column":4},"end":{"line":1413,"column":39}}},"167":{"name":"(anonymous_167)","line":1428,"loc":{"start":{"line":1428,"column":36},"end":{"line":1428,"column":47}}},"168":{"name":"(anonymous_168)","line":1432,"loc":{"start":{"line":1432,"column":40},"end":{"line":1432,"column":51}}},"169":{"name":"(anonymous_169)","line":1436,"loc":{"start":{"line":1436,"column":35},"end":{"line":1436,"column":46}}},"170":{"name":"(anonymous_170)","line":1440,"loc":{"start":{"line":1440,"column":34},"end":{"line":1440,"column":45}}},"171":{"name":"(anonymous_171)","line":1449,"loc":{"start":{"line":1449,"column":44},"end":{"line":1449,"column":63}}},"172":{"name":"(anonymous_172)","line":1451,"loc":{"start":{"line":1451,"column":36},"end":{"line":1451,"column":47}}},"173":{"name":"(anonymous_173)","line":1459,"loc":{"start":{"line":1459,"column":39},"end":{"line":1459,"column":58}}},"174":{"name":"(anonymous_174)","line":1461,"loc":{"start":{"line":1461,"column":36},"end":{"line":1461,"column":47}}},"175":{"name":"(anonymous_175)","line":1469,"loc":{"start":{"line":1469,"column":38},"end":{"line":1469,"column":58}}},"176":{"name":"(anonymous_176)","line":1471,"loc":{"start":{"line":1471,"column":36},"end":{"line":1471,"column":47}}},"177":{"name":"(anonymous_177)","line":1511,"loc":{"start":{"line":1511,"column":2},"end":{"line":1511,"column":55}}},"178":{"name":"VisState","line":1520,"loc":{"start":{"line":1520,"column":4},"end":{"line":1520,"column":47}}},"179":{"name":"(anonymous_179)","line":1526,"loc":{"start":{"line":1526,"column":35},"end":{"line":1526,"column":46}}},"180":{"name":"(anonymous_180)","line":1530,"loc":{"start":{"line":1530,"column":40},"end":{"line":1530,"column":51}}},"181":{"name":"(anonymous_181)","line":1534,"loc":{"start":{"line":1534,"column":34},"end":{"line":1534,"column":45}}},"182":{"name":"(anonymous_182)","line":1538,"loc":{"start":{"line":1538,"column":31},"end":{"line":1538,"column":42}}},"183":{"name":"(anonymous_183)","line":1542,"loc":{"start":{"line":1542,"column":36},"end":{"line":1542,"column":47}}},"184":{"name":"(anonymous_184)","line":1546,"loc":{"start":{"line":1546,"column":41},"end":{"line":1546,"column":52}}},"185":{"name":"(anonymous_185)","line":1550,"loc":{"start":{"line":1550,"column":35},"end":{"line":1550,"column":46}}},"186":{"name":"(anonymous_186)","line":1554,"loc":{"start":{"line":1554,"column":46},"end":{"line":1554,"column":57}}},"187":{"name":"(anonymous_187)","line":1558,"loc":{"start":{"line":1558,"column":30},"end":{"line":1558,"column":41}}},"188":{"name":"(anonymous_188)","line":1562,"loc":{"start":{"line":1562,"column":46},"end":{"line":1562,"column":57}}},"189":{"name":"(anonymous_189)","line":1566,"loc":{"start":{"line":1566,"column":36},"end":{"line":1566,"column":47}}},"190":{"name":"state","line":1570,"loc":{"start":{"line":1570,"column":4},"end":{"line":1570,"column":45}}},"191":{"name":"(anonymous_191)","line":1581,"loc":{"start":{"line":1581,"column":16},"end":{"line":1581,"column":43}}},"192":{"name":"(anonymous_192)","line":1584,"loc":{"start":{"line":1584,"column":16},"end":{"line":1584,"column":43}}},"193":{"name":"(anonymous_193)","line":1587,"loc":{"start":{"line":1587,"column":22},"end":{"line":1587,"column":49}}},"194":{"name":"(anonymous_194)","line":1615,"loc":{"start":{"line":1615,"column":2},"end":{"line":1615,"column":55}}},"195":{"name":"nextState","line":1618,"loc":{"start":{"line":1618,"column":4},"end":{"line":1618,"column":46}}},"196":{"name":"fireListeners","line":1643,"loc":{"start":{"line":1643,"column":4},"end":{"line":1643,"column":47}}},"197":{"name":"VisMon","line":1652,"loc":{"start":{"line":1652,"column":4},"end":{"line":1652,"column":28}}},"198":{"name":"(anonymous_198)","line":1662,"loc":{"start":{"line":1662,"column":30},"end":{"line":1662,"column":41}}},"199":{"name":"(anonymous_199)","line":1669,"loc":{"start":{"line":1669,"column":30},"end":{"line":1669,"column":41}}},"200":{"name":"(anonymous_200)","line":1673,"loc":{"start":{"line":1673,"column":34},"end":{"line":1673,"column":45}}},"201":{"name":"(anonymous_201)","line":1679,"loc":{"start":{"line":1679,"column":28},"end":{"line":1679,"column":39}}},"202":{"name":"(anonymous_202)","line":1688,"loc":{"start":{"line":1688,"column":29},"end":{"line":1688,"column":48}}},"203":{"name":"(anonymous_203)","line":1694,"loc":{"start":{"line":1694,"column":27},"end":{"line":1694,"column":48}}},"204":{"name":"(anonymous_204)","line":1702,"loc":{"start":{"line":1702,"column":30},"end":{"line":1702,"column":41}}},"205":{"name":"(anonymous_205)","line":1719,"loc":{"start":{"line":1719,"column":47},"end":{"line":1719,"column":66}}},"206":{"name":"(anonymous_206)","line":1722,"loc":{"start":{"line":1722,"column":36},"end":{"line":1722,"column":47}}},"207":{"name":"(anonymous_207)","line":1734,"loc":{"start":{"line":1734,"column":47},"end":{"line":1734,"column":66}}},"208":{"name":"(anonymous_208)","line":1737,"loc":{"start":{"line":1737,"column":36},"end":{"line":1737,"column":47}}},"209":{"name":"(anonymous_209)","line":1745,"loc":{"start":{"line":1745,"column":42},"end":{"line":1745,"column":62}}},"210":{"name":"(anonymous_210)","line":1752,"loc":{"start":{"line":1752,"column":42},"end":{"line":1752,"column":62}}},"211":{"name":"(anonymous_211)","line":1754,"loc":{"start":{"line":1754,"column":55},"end":{"line":1754,"column":66}}},"212":{"name":"(anonymous_212)","line":1772,"loc":{"start":{"line":1772,"column":33},"end":{"line":1772,"column":53}}},"213":{"name":"(anonymous_213)","line":1775,"loc":{"start":{"line":1775,"column":50},"end":{"line":1775,"column":61}}},"214":{"name":"(anonymous_214)","line":1780,"loc":{"start":{"line":1780,"column":70},"end":{"line":1780,"column":81}}},"215":{"name":"(anonymous_215)","line":1789,"loc":{"start":{"line":1789,"column":38},"end":{"line":1789,"column":58}}},"216":{"name":"(anonymous_216)","line":1792,"loc":{"start":{"line":1792,"column":55},"end":{"line":1792,"column":66}}},"217":{"name":"(anonymous_217)","line":1803,"loc":{"start":{"line":1803,"column":32},"end":{"line":1803,"column":52}}},"218":{"name":"(anonymous_218)","line":1806,"loc":{"start":{"line":1806,"column":49},"end":{"line":1806,"column":60}}},"219":{"name":"(anonymous_219)","line":1814,"loc":{"start":{"line":1814,"column":26},"end":{"line":1814,"column":55}}},"220":{"name":"(anonymous_220)","line":1830,"loc":{"start":{"line":1830,"column":26},"end":{"line":1830,"column":51}}},"221":{"name":"(anonymous_221)","line":1847,"loc":{"start":{"line":1847,"column":1},"end":{"line":1847,"column":17}}},"222":{"name":"cancel","line":1847,"loc":{"start":{"line":1847,"column":31},"end":{"line":1847,"column":53}}},"223":{"name":"run","line":1847,"loc":{"start":{"line":1847,"column":139},"end":{"line":1847,"column":180}}},"224":{"name":"(anonymous_224)","line":1847,"loc":{"start":{"line":1847,"column":192},"end":{"line":1847,"column":202}}},"225":{"name":"(anonymous_225)","line":1847,"loc":{"start":{"line":1847,"column":370},"end":{"line":1847,"column":380}}},"226":{"name":"(anonymous_226)","line":1847,"loc":{"start":{"line":1847,"column":456},"end":{"line":1847,"column":466}}},"227":{"name":"Again","line":1847,"loc":{"start":{"line":1847,"column":562},"end":{"line":1847,"column":584}}},"228":{"name":"(anonymous_228)","line":1847,"loc":{"start":{"line":1847,"column":854},"end":{"line":1847,"column":864}}},"229":{"name":"(anonymous_229)","line":1847,"loc":{"start":{"line":1847,"column":916},"end":{"line":1847,"column":926}}},"230":{"name":"(anonymous_230)","line":1847,"loc":{"start":{"line":1847,"column":972},"end":{"line":1847,"column":987}}},"231":{"name":"(anonymous_231)","line":1847,"loc":{"start":{"line":1847,"column":1061},"end":{"line":1847,"column":1101}}},"232":{"name":"(anonymous_232)","line":1847,"loc":{"start":{"line":1847,"column":1381},"end":{"line":1847,"column":1393}}},"233":{"name":"(anonymous_233)","line":1847,"loc":{"start":{"line":1847,"column":1506},"end":{"line":1847,"column":1516}}},"234":{"name":"(anonymous_234)","line":1847,"loc":{"start":{"line":1847,"column":1648},"end":{"line":1847,"column":1667}}},"235":{"name":"(anonymous_235)","line":1847,"loc":{"start":{"line":1847,"column":1856},"end":{"line":1847,"column":1866}}},"236":{"name":"(anonymous_236)","line":1851,"loc":{"start":{"line":1851,"column":2},"end":{"line":1851,"column":62}}},"237":{"name":"VisTimer","line":1854,"loc":{"start":{"line":1854,"column":4},"end":{"line":1854,"column":38}}},"238":{"name":"(anonymous_238)","line":1874,"loc":{"start":{"line":1874,"column":31},"end":{"line":1874,"column":83}}},"239":{"name":"init","line":1879,"loc":{"start":{"line":1879,"column":9},"end":{"line":1879,"column":27}}},"240":{"name":"(anonymous_240)","line":1883,"loc":{"start":{"line":1883,"column":38},"end":{"line":1883,"column":49}}},"241":{"name":"(anonymous_241)","line":1887,"loc":{"start":{"line":1887,"column":36},"end":{"line":1887,"column":47}}},"242":{"name":"(anonymous_242)","line":1905,"loc":{"start":{"line":1905,"column":32},"end":{"line":1905,"column":43}}},"243":{"name":"(anonymous_243)","line":1919,"loc":{"start":{"line":1919,"column":32},"end":{"line":1919,"column":43}}},"244":{"name":"(anonymous_244)","line":1927,"loc":{"start":{"line":1927,"column":31},"end":{"line":1927,"column":85}}},"245":{"name":"(anonymous_245)","line":1933,"loc":{"start":{"line":1933,"column":33},"end":{"line":1933,"column":44}}},"246":{"name":"(anonymous_246)","line":1941,"loc":{"start":{"line":1941,"column":30},"end":{"line":1941,"column":43}}},"247":{"name":"(anonymous_247)","line":1950,"loc":{"start":{"line":1950,"column":33},"end":{"line":1950,"column":44}}},"248":{"name":"(anonymous_248)","line":1954,"loc":{"start":{"line":1954,"column":24},"end":{"line":1954,"column":49}}},"249":{"name":"(anonymous_249)","line":1974,"loc":{"start":{"line":1974,"column":3},"end":{"line":1974,"column":35}}},"250":{"name":"now","line":1979,"loc":{"start":{"line":1979,"column":18},"end":{"line":1979,"column":33}}},"251":{"name":"(anonymous_251)","line":1985,"loc":{"start":{"line":1985,"column":5},"end":{"line":1985,"column":23}}},"252":{"name":"(anonymous_252)","line":1998,"loc":{"start":{"line":1998,"column":21},"end":{"line":1998,"column":38}}},"253":{"name":"(anonymous_253)","line":1999,"loc":{"start":{"line":1999,"column":22},"end":{"line":1999,"column":39}}},"254":{"name":"(anonymous_254)","line":2000,"loc":{"start":{"line":2000,"column":19},"end":{"line":2000,"column":41}}},"255":{"name":"StopWatch","line":2005,"loc":{"start":{"line":2005,"column":8},"end":{"line":2005,"column":40}}},"256":{"name":"(anonymous_256)","line":2016,"loc":{"start":{"line":2016,"column":23},"end":{"line":2016,"column":40}}},"257":{"name":"(anonymous_257)","line":2021,"loc":{"start":{"line":2021,"column":25},"end":{"line":2021,"column":42}}},"258":{"name":"(anonymous_258)","line":2025,"loc":{"start":{"line":2025,"column":22},"end":{"line":2025,"column":40}}},"259":{"name":"(anonymous_259)","line":2028,"loc":{"start":{"line":2028,"column":25},"end":{"line":2028,"column":37}}},"260":{"name":"(anonymous_260)","line":2032,"loc":{"start":{"line":2032,"column":24},"end":{"line":2032,"column":53}}},"261":{"name":"(anonymous_261)","line":2040,"loc":{"start":{"line":2040,"column":22},"end":{"line":2040,"column":40}}},"262":{"name":"(anonymous_262)","line":2053,"loc":{"start":{"line":2053,"column":34},"end":{"line":2053,"column":62}}},"263":{"name":"(anonymous_263)","line":2060,"loc":{"start":{"line":2060,"column":38},"end":{"line":2060,"column":66}}},"264":{"name":"(anonymous_264)","line":2069,"loc":{"start":{"line":2069,"column":24},"end":{"line":2069,"column":46}}},"265":{"name":"(anonymous_265)","line":2076,"loc":{"start":{"line":2076,"column":33},"end":{"line":2076,"column":44}}},"266":{"name":"(anonymous_266)","line":2084,"loc":{"start":{"line":2084,"column":3},"end":{"line":2084,"column":72}}},"267":{"name":"(anonymous_267)","line":2093,"loc":{"start":{"line":2093,"column":22},"end":{"line":2093,"column":39}}},"268":{"name":"fireIfPositive","line":2103,"loc":{"start":{"line":2103,"column":4},"end":{"line":2103,"column":45}}},"269":{"name":"VisMetrics","line":2112,"loc":{"start":{"line":2112,"column":4},"end":{"line":2112,"column":44}}},"270":{"name":"(anonymous_270)","line":2139,"loc":{"start":{"line":2139,"column":45},"end":{"line":2139,"column":56}}},"271":{"name":"(anonymous_271)","line":2148,"loc":{"start":{"line":2148,"column":45},"end":{"line":2148,"column":56}}},"272":{"name":"(anonymous_272)","line":2156,"loc":{"start":{"line":2156,"column":82},"end":{"line":2156,"column":93}}},"273":{"name":"(anonymous_273)","line":2165,"loc":{"start":{"line":2165,"column":23},"end":{"line":2165,"column":38}}},"274":{"name":"(anonymous_274)","line":2169,"loc":{"start":{"line":2169,"column":21},"end":{"line":2169,"column":32}}},"275":{"name":"(anonymous_275)","line":2173,"loc":{"start":{"line":2173,"column":21},"end":{"line":2173,"column":32}}},"276":{"name":"(anonymous_276)","line":2177,"loc":{"start":{"line":2177,"column":18},"end":{"line":2177,"column":29}}},"277":{"name":"updatePercentage","line":2194,"loc":{"start":{"line":2194,"column":8},"end":{"line":2194,"column":36}}},"278":{"name":"updateVisibilityChanges","line":2203,"loc":{"start":{"line":2203,"column":8},"end":{"line":2203,"column":43}}},"279":{"name":"stopAndUpdateTimers","line":2209,"loc":{"start":{"line":2209,"column":8},"end":{"line":2209,"column":45}}},"280":{"name":"(anonymous_280)","line":2213,"loc":{"start":{"line":2213,"column":40},"end":{"line":2213,"column":56}}},"281":{"name":"(anonymous_281)","line":2218,"loc":{"start":{"line":2218,"column":92},"end":{"line":2218,"column":108}}},"282":{"name":"(anonymous_282)","line":2221,"loc":{"start":{"line":2221,"column":80},"end":{"line":2221,"column":96}}},"283":{"name":"(anonymous_283)","line":2224,"loc":{"start":{"line":2224,"column":52},"end":{"line":2224,"column":68}}},"284":{"name":"(anonymous_284)","line":2230,"loc":{"start":{"line":2230,"column":26},"end":{"line":2230,"column":51}}},"285":{"name":"(anonymous_285)","line":2248,"loc":{"start":{"line":2248,"column":3},"end":{"line":2248,"column":45}}},"286":{"name":"(anonymous_286)","line":2265,"loc":{"start":{"line":2265,"column":45},"end":{"line":2265,"column":92}}},"287":{"name":"(anonymous_287)","line":2275,"loc":{"start":{"line":2275,"column":64},"end":{"line":2275,"column":82}}},"288":{"name":"(anonymous_288)","line":2286,"loc":{"start":{"line":2286,"column":40},"end":{"line":2286,"column":51}}},"289":{"name":"(anonymous_289)","line":2296,"loc":{"start":{"line":2296,"column":3},"end":{"line":2296,"column":30}}},"290":{"name":"(anonymous_290)","line":2304,"loc":{"start":{"line":2304,"column":35},"end":{"line":2304,"column":54}}},"291":{"name":"(anonymous_291)","line":2312,"loc":{"start":{"line":2312,"column":3},"end":{"line":2312,"column":35}}},"292":{"name":"(anonymous_292)","line":2316,"loc":{"start":{"line":2316,"column":22},"end":{"line":2316,"column":34}}},"293":{"name":"(anonymous_293)","line":2318,"loc":{"start":{"line":2318,"column":21},"end":{"line":2318,"column":33}}},"294":{"name":"(anonymous_294)","line":2333,"loc":{"start":{"line":2333,"column":17},"end":{"line":2333,"column":58}}},"295":{"name":"(anonymous_295)","line":2338,"loc":{"start":{"line":2338,"column":19},"end":{"line":2338,"column":30}}},"296":{"name":"addEvent","line":2347,"loc":{"start":{"line":2347,"column":4},"end":{"line":2347,"column":37}}},"297":{"name":"(anonymous_297)","line":2354,"loc":{"start":{"line":2354,"column":26},"end":{"line":2354,"column":38}}},"298":{"name":"(anonymous_298)","line":2369,"loc":{"start":{"line":2369,"column":2},"end":{"line":2369,"column":55}}},"299":{"name":"(anonymous_299)","line":2372,"loc":{"start":{"line":2372,"column":24},"end":{"line":2372,"column":41}}},"300":{"name":"(anonymous_300)","line":2375,"loc":{"start":{"line":2375,"column":12},"end":{"line":2375,"column":35}}},"301":{"name":"(anonymous_301)","line":2384,"loc":{"start":{"line":2384,"column":22},"end":{"line":2384,"column":34}}},"302":{"name":"successHandler","line":2389,"loc":{"start":{"line":2389,"column":8},"end":{"line":2389,"column":34}}},"303":{"name":"VisClient","line":2406,"loc":{"start":{"line":2406,"column":2},"end":{"line":2406,"column":37}}},"304":{"name":"(anonymous_304)","line":2413,"loc":{"start":{"line":2413,"column":43},"end":{"line":2413,"column":78}}},"305":{"name":"(anonymous_305)","line":2427,"loc":{"start":{"line":2427,"column":51},"end":{"line":2427,"column":86}}},"306":{"name":"newVisClient","line":2435,"loc":{"start":{"line":2435,"column":4},"end":{"line":2435,"column":42}}},"307":{"name":"(anonymous_307)","line":2439,"loc":{"start":{"line":2439,"column":25},"end":{"line":2439,"column":42}}}},"statementMap":{"1":{"start":{"line":5,"column":0},"end":{"line":737,"column":3}},"2":{"start":{"line":5,"column":13},"end":{"line":5,"column":255}},"3":{"start":{"line":5,"column":41},"end":{"line":5,"column":60}},"4":{"start":{"line":5,"column":65},"end":{"line":5,"column":255}},"5":{"start":{"line":5,"column":106},"end":{"line":5,"column":116}},"6":{"start":{"line":5,"column":121},"end":{"line":5,"column":127}},"7":{"start":{"line":5,"column":127},"end":{"line":5,"column":254}},"8":{"start":{"line":5,"column":268},"end":{"line":5,"column":294}},"9":{"start":{"line":5,"column":294},"end":{"line":737,"column":0}},"10":{"start":{"line":5,"column":320},"end":{"line":5,"column":622}},"11":{"start":{"line":5,"column":336},"end":{"line":5,"column":602}},"12":{"start":{"line":5,"column":346},"end":{"line":5,"column":488}},"13":{"start":{"line":5,"column":356},"end":{"line":5,"column":398}},"14":{"start":{"line":5,"column":398},"end":{"line":5,"column":422}},"15":{"start":{"line":5,"column":407},"end":{"line":5,"column":422}},"16":{"start":{"line":5,"column":422},"end":{"line":5,"column":442}},"17":{"start":{"line":5,"column":427},"end":{"line":5,"column":442}},"18":{"start":{"line":5,"column":442},"end":{"line":5,"column":487}},"19":{"start":{"line":5,"column":488},"end":{"line":5,"column":512}},"20":{"start":{"line":5,"column":512},"end":{"line":5,"column":601}},"21":{"start":{"line":5,"column":547},"end":{"line":5,"column":564}},"22":{"start":{"line":5,"column":564},"end":{"line":5,"column":579}},"23":{"start":{"line":5,"column":602},"end":{"line":5,"column":621}},"24":{"start":{"line":5,"column":622},"end":{"line":5,"column":664}},"25":{"start":{"line":5,"column":664},"end":{"line":5,"column":699}},"26":{"start":{"line":5,"column":691},"end":{"line":5,"column":699}},"27":{"start":{"line":5,"column":699},"end":{"line":5,"column":707}},"28":{"start":{"line":6,"column":0},"end":{"line":7,"column":60}},"29":{"start":{"line":9,"column":0},"end":{"line":9,"column":38}},"30":{"start":{"line":10,"column":0},"end":{"line":10,"column":30}},"31":{"start":{"line":11,"column":0},"end":{"line":11,"column":34}},"32":{"start":{"line":12,"column":0},"end":{"line":12,"column":30}},"33":{"start":{"line":13,"column":0},"end":{"line":13,"column":24}},"34":{"start":{"line":19,"column":0},"end":{"line":22,"column":0}},"35":{"start":{"line":22,"column":0},"end":{"line":27,"column":0}},"36":{"start":{"line":23,"column":2},"end":{"line":23,"column":20}},"37":{"start":{"line":24,"column":2},"end":{"line":24,"column":37}},"38":{"start":{"line":27,"column":0},"end":{"line":150,"column":2}},"39":{"start":{"line":30,"column":4},"end":{"line":30,"column":50}},"40":{"start":{"line":32,"column":4},"end":{"line":32,"column":60}},"41":{"start":{"line":33,"column":4},"end":{"line":33,"column":16}},"42":{"start":{"line":38,"column":4},"end":{"line":38,"column":31}},"43":{"start":{"line":40,"column":4},"end":{"line":40,"column":43}},"44":{"start":{"line":44,"column":4},"end":{"line":44,"column":27}},"45":{"start":{"line":49,"column":4},"end":{"line":49,"column":33}},"46":{"start":{"line":51,"column":4},"end":{"line":51,"column":33}},"47":{"start":{"line":54,"column":4},"end":{"line":57,"column":5}},"48":{"start":{"line":55,"column":6},"end":{"line":55,"column":28}},"49":{"start":{"line":56,"column":6},"end":{"line":56,"column":23}},"50":{"start":{"line":58,"column":4},"end":{"line":58,"column":18}},"51":{"start":{"line":62,"column":4},"end":{"line":62,"column":34}},"52":{"start":{"line":65,"column":4},"end":{"line":79,"column":5}},"53":{"start":{"line":66,"column":6},"end":{"line":78,"column":7}},"54":{"start":{"line":69,"column":8},"end":{"line":69,"column":37}},"55":{"start":{"line":70,"column":8},"end":{"line":76,"column":9}},"56":{"start":{"line":71,"column":10},"end":{"line":71,"column":32}},"57":{"start":{"line":72,"column":10},"end":{"line":75,"column":29}},"58":{"start":{"line":73,"column":12},"end":{"line":73,"column":29}},"59":{"start":{"line":75,"column":12},"end":{"line":75,"column":29}},"60":{"start":{"line":77,"column":8},"end":{"line":77,"column":20}},"61":{"start":{"line":80,"column":4},"end":{"line":80,"column":39}},"62":{"start":{"line":84,"column":4},"end":{"line":84,"column":31}},"63":{"start":{"line":89,"column":4},"end":{"line":89,"column":34}},"64":{"start":{"line":91,"column":4},"end":{"line":106,"column":5}},"65":{"start":{"line":93,"column":6},"end":{"line":94,"column":41}},"66":{"start":{"line":96,"column":6},"end":{"line":105,"column":7}},"67":{"start":{"line":97,"column":8},"end":{"line":97,"column":40}},"68":{"start":{"line":98,"column":8},"end":{"line":98,"column":33}},"69":{"start":{"line":100,"column":8},"end":{"line":100,"column":20}},"70":{"start":{"line":104,"column":8},"end":{"line":104,"column":14}},"71":{"start":{"line":111,"column":4},"end":{"line":113,"column":48}},"72":{"start":{"line":115,"column":4},"end":{"line":148,"column":5}},"73":{"start":{"line":117,"column":6},"end":{"line":117,"column":55}},"74":{"start":{"line":120,"column":6},"end":{"line":120,"column":22}},"75":{"start":{"line":122,"column":6},"end":{"line":129,"column":7}},"76":{"start":{"line":124,"column":8},"end":{"line":125,"column":53}},"77":{"start":{"line":127,"column":8},"end":{"line":128,"column":25}},"78":{"start":{"line":128,"column":10},"end":{"line":128,"column":25}},"79":{"start":{"line":131,"column":6},"end":{"line":136,"column":7}},"80":{"start":{"line":132,"column":8},"end":{"line":133,"column":53}},"81":{"start":{"line":134,"column":8},"end":{"line":135,"column":25}},"82":{"start":{"line":135,"column":10},"end":{"line":135,"column":25}},"83":{"start":{"line":139,"column":6},"end":{"line":147,"column":7}},"84":{"start":{"line":140,"column":8},"end":{"line":140,"column":45}},"85":{"start":{"line":141,"column":8},"end":{"line":141,"column":37}},"86":{"start":{"line":142,"column":8},"end":{"line":142,"column":17}},"87":{"start":{"line":146,"column":8},"end":{"line":146,"column":14}},"88":{"start":{"line":161,"column":0},"end":{"line":203,"column":5}},"89":{"start":{"line":162,"column":2},"end":{"line":185,"column":4}},"90":{"start":{"line":163,"column":4},"end":{"line":184,"column":5}},"91":{"start":{"line":165,"column":6},"end":{"line":183,"column":7}},"92":{"start":{"line":166,"column":8},"end":{"line":182,"column":9}},"93":{"start":{"line":174,"column":10},"end":{"line":176,"column":11}},"94":{"start":{"line":175,"column":12},"end":{"line":175,"column":25}},"95":{"start":{"line":177,"column":10},"end":{"line":177,"column":39}},"96":{"start":{"line":181,"column":10},"end":{"line":181,"column":27}},"97":{"start":{"line":187,"column":2},"end":{"line":202,"column":4}},"98":{"start":{"line":188,"column":4},"end":{"line":190,"column":22}},"99":{"start":{"line":191,"column":4},"end":{"line":195,"column":5}},"100":{"start":{"line":192,"column":6},"end":{"line":194,"column":7}},"101":{"start":{"line":193,"column":8},"end":{"line":193,"column":27}},"102":{"start":{"line":196,"column":4},"end":{"line":196,"column":24}},"103":{"start":{"line":197,"column":4},"end":{"line":197,"column":19}},"104":{"start":{"line":198,"column":4},"end":{"line":200,"column":5}},"105":{"start":{"line":199,"column":6},"end":{"line":199,"column":36}},"106":{"start":{"line":201,"column":4},"end":{"line":201,"column":16}},"107":{"start":{"line":214,"column":0},"end":{"line":214,"column":40}},"108":{"start":{"line":216,"column":0},"end":{"line":221,"column":0}},"109":{"start":{"line":217,"column":2},"end":{"line":217,"column":17}},"110":{"start":{"line":218,"column":2},"end":{"line":218,"column":24}},"111":{"start":{"line":221,"column":0},"end":{"line":230,"column":0}},"112":{"start":{"line":222,"column":2},"end":{"line":222,"column":24}},"113":{"start":{"line":222,"column":14},"end":{"line":222,"column":22}},"114":{"start":{"line":223,"column":2},"end":{"line":223,"column":20}},"115":{"start":{"line":225,"column":2},"end":{"line":227,"column":3}},"116":{"start":{"line":226,"column":4},"end":{"line":226,"column":42}},"117":{"start":{"line":230,"column":0},"end":{"line":239,"column":0}},"118":{"start":{"line":231,"column":2},"end":{"line":231,"column":24}},"119":{"start":{"line":231,"column":14},"end":{"line":231,"column":22}},"120":{"start":{"line":232,"column":2},"end":{"line":232,"column":20}},"121":{"start":{"line":234,"column":2},"end":{"line":236,"column":3}},"122":{"start":{"line":235,"column":4},"end":{"line":235,"column":19}},"123":{"start":{"line":239,"column":0},"end":{"line":243,"column":0}},"124":{"start":{"line":240,"column":2},"end":{"line":240,"column":17}},"125":{"start":{"line":243,"column":0},"end":{"line":247,"column":0}},"126":{"start":{"line":244,"column":2},"end":{"line":244,"column":46}},"127":{"start":{"line":248,"column":0},"end":{"line":249,"column":55}},"128":{"start":{"line":251,"column":0},"end":{"line":251,"column":98}},"129":{"start":{"line":256,"column":0},"end":{"line":269,"column":0}},"130":{"start":{"line":257,"column":2},"end":{"line":257,"column":47}},"131":{"start":{"line":258,"column":2},"end":{"line":258,"column":18}},"132":{"start":{"line":259,"column":2},"end":{"line":259,"column":18}},"133":{"start":{"line":260,"column":2},"end":{"line":260,"column":18}},"134":{"start":{"line":263,"column":2},"end":{"line":263,"column":24}},"135":{"start":{"line":264,"column":2},"end":{"line":264,"column":24}},"136":{"start":{"line":265,"column":2},"end":{"line":265,"column":17}},"137":{"start":{"line":266,"column":2},"end":{"line":266,"column":26}},"138":{"start":{"line":269,"column":0},"end":{"line":280,"column":0}},"139":{"start":{"line":270,"column":2},"end":{"line":270,"column":22}},"140":{"start":{"line":271,"column":2},"end":{"line":271,"column":18}},"141":{"start":{"line":272,"column":2},"end":{"line":272,"column":18}},"142":{"start":{"line":273,"column":2},"end":{"line":273,"column":18}},"143":{"start":{"line":274,"column":2},"end":{"line":274,"column":24}},"144":{"start":{"line":275,"column":2},"end":{"line":275,"column":24}},"145":{"start":{"line":276,"column":2},"end":{"line":276,"column":17}},"146":{"start":{"line":280,"column":0},"end":{"line":297,"column":0}},"147":{"start":{"line":281,"column":2},"end":{"line":281,"column":15}},"148":{"start":{"line":282,"column":2},"end":{"line":282,"column":37}},"149":{"start":{"line":283,"column":2},"end":{"line":287,"column":3}},"150":{"start":{"line":284,"column":4},"end":{"line":284,"column":19}},"151":{"start":{"line":286,"column":4},"end":{"line":286,"column":47}},"152":{"start":{"line":288,"column":2},"end":{"line":292,"column":3}},"153":{"start":{"line":289,"column":4},"end":{"line":289,"column":19}},"154":{"start":{"line":291,"column":4},"end":{"line":291,"column":47}},"155":{"start":{"line":293,"column":2},"end":{"line":293,"column":56}},"156":{"start":{"line":294,"column":2},"end":{"line":294,"column":27}},"157":{"start":{"line":297,"column":0},"end":{"line":309,"column":0}},"158":{"start":{"line":298,"column":2},"end":{"line":299,"column":29}},"159":{"start":{"line":300,"column":2},"end":{"line":305,"column":3}},"160":{"start":{"line":301,"column":4},"end":{"line":301,"column":25}},"161":{"start":{"line":303,"column":4},"end":{"line":303,"column":56}},"162":{"start":{"line":304,"column":4},"end":{"line":304,"column":68}},"163":{"start":{"line":309,"column":0},"end":{"line":333,"column":0}},"164":{"start":{"line":310,"column":2},"end":{"line":312,"column":3}},"165":{"start":{"line":311,"column":4},"end":{"line":311,"column":38}},"166":{"start":{"line":313,"column":2},"end":{"line":318,"column":12}},"167":{"start":{"line":313,"column":56},"end":{"line":313,"column":77}},"168":{"start":{"line":313,"column":100},"end":{"line":313,"column":111}},"169":{"start":{"line":319,"column":2},"end":{"line":329,"column":3}},"170":{"start":{"line":320,"column":4},"end":{"line":320,"column":47}},"171":{"start":{"line":321,"column":4},"end":{"line":321,"column":32}},"172":{"start":{"line":322,"column":4},"end":{"line":328,"column":5}},"173":{"start":{"line":322,"column":19},"end":{"line":322,"column":50}},"174":{"start":{"line":323,"column":9},"end":{"line":328,"column":5}},"175":{"start":{"line":323,"column":37},"end":{"line":323,"column":84}},"176":{"start":{"line":325,"column":6},"end":{"line":325,"column":42}},"177":{"start":{"line":326,"column":6},"end":{"line":326,"column":41}},"178":{"start":{"line":327,"column":6},"end":{"line":327,"column":77}},"179":{"start":{"line":330,"column":2},"end":{"line":330,"column":16}},"180":{"start":{"line":333,"column":0},"end":{"line":337,"column":0}},"181":{"start":{"line":334,"column":2},"end":{"line":334,"column":67}},"182":{"start":{"line":337,"column":0},"end":{"line":341,"column":0}},"183":{"start":{"line":338,"column":2},"end":{"line":338,"column":49}},"184":{"start":{"line":341,"column":0},"end":{"line":345,"column":0}},"185":{"start":{"line":342,"column":2},"end":{"line":342,"column":60}},"186":{"start":{"line":345,"column":0},"end":{"line":349,"column":0}},"187":{"start":{"line":346,"column":2},"end":{"line":346,"column":33}},"188":{"start":{"line":349,"column":0},"end":{"line":367,"column":0}},"189":{"start":{"line":350,"column":2},"end":{"line":350,"column":39}},"190":{"start":{"line":351,"column":2},"end":{"line":364,"column":32}},"191":{"start":{"line":367,"column":0},"end":{"line":367,"column":140}},"192":{"start":{"line":367,"column":73},"end":{"line":367,"column":137}},"193":{"start":{"line":368,"column":0},"end":{"line":368,"column":116}},"194":{"start":{"line":368,"column":57},"end":{"line":368,"column":113}},"195":{"start":{"line":369,"column":0},"end":{"line":369,"column":57}},"196":{"start":{"line":373,"column":0},"end":{"line":373,"column":39}},"197":{"start":{"line":374,"column":0},"end":{"line":374,"column":43}},"198":{"start":{"line":375,"column":0},"end":{"line":375,"column":35}},"199":{"start":{"line":376,"column":0},"end":{"line":376,"column":35}},"200":{"start":{"line":380,"column":0},"end":{"line":380,"column":72}},"201":{"start":{"line":384,"column":0},"end":{"line":394,"column":0}},"202":{"start":{"line":385,"column":2},"end":{"line":385,"column":36}},"203":{"start":{"line":386,"column":2},"end":{"line":386,"column":36}},"204":{"start":{"line":387,"column":2},"end":{"line":387,"column":38}},"205":{"start":{"line":388,"column":2},"end":{"line":388,"column":17}},"206":{"start":{"line":389,"column":2},"end":{"line":389,"column":40}},"207":{"start":{"line":390,"column":2},"end":{"line":390,"column":22}},"208":{"start":{"line":394,"column":0},"end":{"line":402,"column":0}},"209":{"start":{"line":395,"column":2},"end":{"line":395,"column":20}},"210":{"start":{"line":395,"column":12},"end":{"line":395,"column":18}},"211":{"start":{"line":396,"column":2},"end":{"line":396,"column":18}},"212":{"start":{"line":397,"column":2},"end":{"line":397,"column":24}},"213":{"start":{"line":398,"column":2},"end":{"line":398,"column":24}},"214":{"start":{"line":399,"column":2},"end":{"line":399,"column":25}},"215":{"start":{"line":402,"column":0},"end":{"line":410,"column":0}},"216":{"start":{"line":403,"column":2},"end":{"line":406,"column":31}},"217":{"start":{"line":410,"column":0},"end":{"line":414,"column":0}},"218":{"start":{"line":411,"column":2},"end":{"line":411,"column":29}},"219":{"start":{"line":414,"column":0},"end":{"line":418,"column":0}},"220":{"start":{"line":415,"column":2},"end":{"line":415,"column":28}},"221":{"start":{"line":418,"column":0},"end":{"line":422,"column":0}},"222":{"start":{"line":419,"column":2},"end":{"line":419,"column":28}},"223":{"start":{"line":422,"column":0},"end":{"line":426,"column":0}},"224":{"start":{"line":423,"column":2},"end":{"line":423,"column":69}},"225":{"start":{"line":426,"column":0},"end":{"line":436,"column":0}},"226":{"start":{"line":427,"column":2},"end":{"line":433,"column":25}},"227":{"start":{"line":436,"column":0},"end":{"line":442,"column":0}},"228":{"start":{"line":437,"column":2},"end":{"line":437,"column":21}},"229":{"start":{"line":438,"column":2},"end":{"line":438,"column":21}},"230":{"start":{"line":439,"column":2},"end":{"line":439,"column":22}},"231":{"start":{"line":443,"column":0},"end":{"line":443,"column":31}},"232":{"start":{"line":444,"column":0},"end":{"line":445,"column":0}},"233":{"start":{"line":445,"column":0},"end":{"line":445,"column":80}},"234":{"start":{"line":449,"column":0},"end":{"line":456,"column":0}},"235":{"start":{"line":450,"column":2},"end":{"line":450,"column":27}},"236":{"start":{"line":451,"column":2},"end":{"line":451,"column":79}},"237":{"start":{"line":452,"column":2},"end":{"line":452,"column":15}},"238":{"start":{"line":453,"column":2},"end":{"line":453,"column":22}},"239":{"start":{"line":456,"column":0},"end":{"line":462,"column":0}},"240":{"start":{"line":457,"column":2},"end":{"line":457,"column":34}},"241":{"start":{"line":458,"column":2},"end":{"line":458,"column":20}},"242":{"start":{"line":462,"column":0},"end":{"line":463,"column":0}},"243":{"start":{"line":462,"column":37},"end":{"line":462,"column":67}},"244":{"start":{"line":463,"column":0},"end":{"line":464,"column":0}},"245":{"start":{"line":463,"column":37},"end":{"line":463,"column":65}},"246":{"start":{"line":464,"column":0},"end":{"line":465,"column":0}},"247":{"start":{"line":464,"column":35},"end":{"line":464,"column":61}},"248":{"start":{"line":465,"column":0},"end":{"line":466,"column":0}},"249":{"start":{"line":465,"column":35},"end":{"line":465,"column":61}},"250":{"start":{"line":466,"column":0},"end":{"line":467,"column":0}},"251":{"start":{"line":466,"column":36},"end":{"line":466,"column":65}},"252":{"start":{"line":467,"column":0},"end":{"line":468,"column":0}},"253":{"start":{"line":467,"column":38},"end":{"line":467,"column":69}},"254":{"start":{"line":468,"column":0},"end":{"line":469,"column":0}},"255":{"start":{"line":468,"column":54},"end":{"line":468,"column":101}},"256":{"start":{"line":469,"column":0},"end":{"line":472,"column":0}},"257":{"start":{"line":469,"column":38},"end":{"line":469,"column":69}},"258":{"start":{"line":472,"column":0},"end":{"line":473,"column":0}},"259":{"start":{"line":472,"column":45},"end":{"line":472,"column":79}},"260":{"start":{"line":473,"column":0},"end":{"line":474,"column":0}},"261":{"start":{"line":473,"column":46},"end":{"line":473,"column":81}},"262":{"start":{"line":474,"column":0},"end":{"line":475,"column":0}},"263":{"start":{"line":474,"column":49},"end":{"line":474,"column":87}},"264":{"start":{"line":475,"column":0},"end":{"line":476,"column":0}},"265":{"start":{"line":475,"column":40},"end":{"line":475,"column":69}},"266":{"start":{"line":476,"column":0},"end":{"line":478,"column":0}},"267":{"start":{"line":476,"column":36},"end":{"line":476,"column":54}},"268":{"start":{"line":478,"column":0},"end":{"line":485,"column":0}},"269":{"start":{"line":479,"column":2},"end":{"line":481,"column":37}},"270":{"start":{"line":490,"column":0},"end":{"line":501,"column":0}},"271":{"start":{"line":491,"column":2},"end":{"line":493,"column":39}},"272":{"start":{"line":495,"column":2},"end":{"line":499,"column":0}},"273":{"start":{"line":501,"column":0},"end":{"line":505,"column":0}},"274":{"start":{"line":502,"column":2},"end":{"line":502,"column":45}},"275":{"start":{"line":505,"column":0},"end":{"line":516,"column":0}},"276":{"start":{"line":506,"column":2},"end":{"line":506,"column":35}},"277":{"start":{"line":508,"column":2},"end":{"line":510,"column":3}},"278":{"start":{"line":509,"column":4},"end":{"line":509,"column":39}},"279":{"start":{"line":511,"column":2},"end":{"line":513,"column":3}},"280":{"start":{"line":512,"column":4},"end":{"line":512,"column":55}},"281":{"start":{"line":516,"column":0},"end":{"line":522,"column":0}},"282":{"start":{"line":517,"column":2},"end":{"line":517,"column":35}},"283":{"start":{"line":518,"column":2},"end":{"line":518,"column":48}},"284":{"start":{"line":518,"column":39},"end":{"line":518,"column":46}},"285":{"start":{"line":519,"column":2},"end":{"line":519,"column":51}},"286":{"start":{"line":522,"column":0},"end":{"line":533,"column":0}},"287":{"start":{"line":523,"column":2},"end":{"line":523,"column":22}},"288":{"start":{"line":524,"column":2},"end":{"line":529,"column":3}},"289":{"start":{"line":525,"column":4},"end":{"line":525,"column":31}},"290":{"start":{"line":526,"column":4},"end":{"line":528,"column":5}},"291":{"start":{"line":527,"column":6},"end":{"line":527,"column":84}},"292":{"start":{"line":530,"column":2},"end":{"line":530,"column":20}},"293":{"start":{"line":534,"column":0},"end":{"line":535,"column":47}},"294":{"start":{"line":540,"column":0},"end":{"line":540,"column":39}},"295":{"start":{"line":542,"column":0},"end":{"line":548,"column":0}},"296":{"start":{"line":543,"column":2},"end":{"line":543,"column":20}},"297":{"start":{"line":544,"column":2},"end":{"line":544,"column":21}},"298":{"start":{"line":545,"column":2},"end":{"line":545,"column":15}},"299":{"start":{"line":548,"column":0},"end":{"line":548,"column":53}},"300":{"start":{"line":551,"column":0},"end":{"line":560,"column":0}},"301":{"start":{"line":552,"column":2},"end":{"line":553,"column":33}},"302":{"start":{"line":554,"column":2},"end":{"line":556,"column":3}},"303":{"start":{"line":555,"column":4},"end":{"line":555,"column":25}},"304":{"start":{"line":557,"column":2},"end":{"line":557,"column":16}},"305":{"start":{"line":560,"column":0},"end":{"line":564,"column":0}},"306":{"start":{"line":561,"column":2},"end":{"line":561,"column":28}},"307":{"start":{"line":564,"column":0},"end":{"line":568,"column":0}},"308":{"start":{"line":565,"column":2},"end":{"line":565,"column":61}},"309":{"start":{"line":565,"column":38},"end":{"line":565,"column":58}},"310":{"start":{"line":568,"column":0},"end":{"line":572,"column":0}},"311":{"start":{"line":569,"column":2},"end":{"line":569,"column":32}},"312":{"start":{"line":572,"column":0},"end":{"line":576,"column":0}},"313":{"start":{"line":573,"column":2},"end":{"line":573,"column":27}},"314":{"start":{"line":576,"column":0},"end":{"line":586,"column":0}},"315":{"start":{"line":577,"column":2},"end":{"line":577,"column":31}},"316":{"start":{"line":578,"column":2},"end":{"line":578,"column":17}},"317":{"start":{"line":579,"column":2},"end":{"line":579,"column":31}},"318":{"start":{"line":580,"column":2},"end":{"line":580,"column":54}},"319":{"start":{"line":586,"column":0},"end":{"line":611,"column":0}},"320":{"start":{"line":588,"column":2},"end":{"line":592,"column":3}},"321":{"start":{"line":589,"column":4},"end":{"line":589,"column":28}},"322":{"start":{"line":591,"column":4},"end":{"line":591,"column":33}},"323":{"start":{"line":593,"column":2},"end":{"line":594,"column":45}},"324":{"start":{"line":595,"column":2},"end":{"line":604,"column":3}},"325":{"start":{"line":596,"column":4},"end":{"line":596,"column":20}},"326":{"start":{"line":597,"column":4},"end":{"line":597,"column":28}},"327":{"start":{"line":599,"column":4},"end":{"line":599,"column":35}},"328":{"start":{"line":600,"column":4},"end":{"line":603,"column":5}},"329":{"start":{"line":601,"column":6},"end":{"line":601,"column":30}},"330":{"start":{"line":602,"column":6},"end":{"line":602,"column":24}},"331":{"start":{"line":606,"column":2},"end":{"line":608,"column":3}},"332":{"start":{"line":607,"column":4},"end":{"line":607,"column":49}},"333":{"start":{"line":611,"column":0},"end":{"line":616,"column":0}},"334":{"start":{"line":612,"column":2},"end":{"line":612,"column":37}},"335":{"start":{"line":616,"column":0},"end":{"line":630,"column":0}},"336":{"start":{"line":617,"column":2},"end":{"line":617,"column":54}},"337":{"start":{"line":618,"column":2},"end":{"line":621,"column":36}},"338":{"start":{"line":622,"column":2},"end":{"line":622,"column":54}},"339":{"start":{"line":624,"column":2},"end":{"line":626,"column":3}},"340":{"start":{"line":625,"column":4},"end":{"line":625,"column":138}},"341":{"start":{"line":627,"column":2},"end":{"line":627,"column":35}},"342":{"start":{"line":638,"column":0},"end":{"line":638,"column":35}},"343":{"start":{"line":639,"column":0},"end":{"line":639,"column":37}},"344":{"start":{"line":640,"column":0},"end":{"line":640,"column":39}},"345":{"start":{"line":642,"column":0},"end":{"line":659,"column":0}},"346":{"start":{"line":643,"column":2},"end":{"line":643,"column":18}},"347":{"start":{"line":644,"column":2},"end":{"line":644,"column":21}},"348":{"start":{"line":645,"column":2},"end":{"line":645,"column":35}},"349":{"start":{"line":646,"column":2},"end":{"line":646,"column":27}},"350":{"start":{"line":647,"column":2},"end":{"line":647,"column":25}},"351":{"start":{"line":648,"column":2},"end":{"line":648,"column":21}},"352":{"start":{"line":649,"column":2},"end":{"line":656,"column":3}},"353":{"start":{"line":650,"column":4},"end":{"line":650,"column":74}},"354":{"start":{"line":650,"column":48},"end":{"line":650,"column":60}},"355":{"start":{"line":653,"column":4},"end":{"line":655,"column":5}},"356":{"start":{"line":654,"column":6},"end":{"line":654,"column":32}},"357":{"start":{"line":659,"column":0},"end":{"line":666,"column":0}},"358":{"start":{"line":660,"column":2},"end":{"line":660,"column":29}},"359":{"start":{"line":666,"column":0},"end":{"line":681,"column":0}},"360":{"start":{"line":667,"column":2},"end":{"line":667,"column":52}},"361":{"start":{"line":668,"column":2},"end":{"line":668,"column":21}},"362":{"start":{"line":670,"column":2},"end":{"line":675,"column":3}},"363":{"start":{"line":671,"column":4},"end":{"line":671,"column":70}},"364":{"start":{"line":673,"column":4},"end":{"line":673,"column":35}},"365":{"start":{"line":674,"column":4},"end":{"line":674,"column":28}},"366":{"start":{"line":681,"column":0},"end":{"line":685,"column":0}},"367":{"start":{"line":682,"column":2},"end":{"line":682,"column":33}},"368":{"start":{"line":685,"column":0},"end":{"line":689,"column":0}},"369":{"start":{"line":686,"column":2},"end":{"line":686,"column":35}},"370":{"start":{"line":689,"column":0},"end":{"line":690,"column":0}},"371":{"start":{"line":689,"column":42},"end":{"line":689,"column":74}},"372":{"start":{"line":690,"column":0},"end":{"line":691,"column":0}},"373":{"start":{"line":690,"column":42},"end":{"line":690,"column":74}},"374":{"start":{"line":691,"column":0},"end":{"line":693,"column":0}},"375":{"start":{"line":691,"column":43},"end":{"line":691,"column":76}},"376":{"start":{"line":694,"column":0},"end":{"line":698,"column":0}},"377":{"start":{"line":695,"column":2},"end":{"line":695,"column":19}},"378":{"start":{"line":696,"column":2},"end":{"line":696,"column":17}},"379":{"start":{"line":698,"column":0},"end":{"line":699,"column":0}},"380":{"start":{"line":699,"column":0},"end":{"line":700,"column":0}},"381":{"start":{"line":699,"column":36},"end":{"line":699,"column":49}},"382":{"start":{"line":700,"column":0},"end":{"line":700,"column":66}},"383":{"start":{"line":700,"column":41},"end":{"line":700,"column":63}},"384":{"start":{"line":701,"column":0},"end":{"line":701,"column":73}},"385":{"start":{"line":701,"column":37},"end":{"line":701,"column":54}},"386":{"start":{"line":701,"column":55},"end":{"line":701,"column":70}},"387":{"start":{"line":702,"column":0},"end":{"line":702,"column":64}},"388":{"start":{"line":702,"column":36},"end":{"line":702,"column":62}},"389":{"start":{"line":703,"column":0},"end":{"line":704,"column":0}},"390":{"start":{"line":703,"column":36},"end":{"line":703,"column":61}},"391":{"start":{"line":704,"column":0},"end":{"line":707,"column":0}},"392":{"start":{"line":704,"column":41},"end":{"line":704,"column":60}},"393":{"start":{"line":708,"column":0},"end":{"line":708,"column":36}},"394":{"start":{"line":709,"column":0},"end":{"line":709,"column":33}},"395":{"start":{"line":714,"column":0},"end":{"line":720,"column":0}},"396":{"start":{"line":715,"column":2},"end":{"line":715,"column":20}},"397":{"start":{"line":716,"column":2},"end":{"line":716,"column":17}},"398":{"start":{"line":717,"column":2},"end":{"line":717,"column":14}},"399":{"start":{"line":720,"column":0},"end":{"line":720,"column":39}},"400":{"start":{"line":722,"column":0},"end":{"line":735,"column":0}},"401":{"start":{"line":723,"column":2},"end":{"line":723,"column":15}},"402":{"start":{"line":724,"column":2},"end":{"line":732,"column":3}},"403":{"start":{"line":726,"column":4},"end":{"line":726,"column":26}},"404":{"start":{"line":728,"column":4},"end":{"line":728,"column":52}},"405":{"start":{"line":729,"column":4},"end":{"line":731,"column":5}},"406":{"start":{"line":730,"column":6},"end":{"line":730,"column":30}},"407":{"start":{"line":744,"column":1},"end":{"line":934,"column":9}},"408":{"start":{"line":747,"column":4},"end":{"line":747,"column":20}},"409":{"start":{"line":753,"column":4},"end":{"line":926,"column":6}},"410":{"start":{"line":767,"column":12},"end":{"line":767,"column":45}},"411":{"start":{"line":768,"column":12},"end":{"line":771,"column":13}},"412":{"start":{"line":769,"column":16},"end":{"line":769,"column":27}},"413":{"start":{"line":770,"column":16},"end":{"line":770,"column":31}},"414":{"start":{"line":773,"column":12},"end":{"line":778,"column":15}},"415":{"start":{"line":774,"column":16},"end":{"line":777,"column":17}},"416":{"start":{"line":775,"column":20},"end":{"line":775,"column":42}},"417":{"start":{"line":776,"column":20},"end":{"line":776,"column":31}},"418":{"start":{"line":779,"column":12},"end":{"line":779,"column":28}},"419":{"start":{"line":797,"column":12},"end":{"line":799,"column":13}},"420":{"start":{"line":798,"column":16},"end":{"line":798,"column":29}},"421":{"start":{"line":800,"column":12},"end":{"line":800,"column":24}},"422":{"start":{"line":801,"column":12},"end":{"line":801,"column":32}},"423":{"start":{"line":802,"column":12},"end":{"line":802,"column":47}},"424":{"start":{"line":803,"column":12},"end":{"line":803,"column":27}},"425":{"start":{"line":804,"column":12},"end":{"line":804,"column":26}},"426":{"start":{"line":814,"column":12},"end":{"line":814,"column":39}},"427":{"start"
[...]
end":{"line":1293,"column":2}}]},"133":{"line":1295,"type":"if","locations":[{"start":{"line":1295,"column":9},"end":{"line":1295,"column":9}},{"start":{"line":1295,"column":9},"end":{"line":1295,"column":9}}]},"134":{"line":1295,"type":"binary-expr","locations":[{"start":{"line":1295,"column":12},"end":{"line":1295,"column":21}},{"start":{"line":1295,"column":25},"end":{"line":1295,"column":37}}]},"135":{"line":1299,"type":"if","locations":[{"start":{"line":1299,"column":2},"end":{"line":1299,"column":2}},{"start":{"line":1299,"column":2},"end":{"line":1299,"column":2}}]},"136":{"line":1301,"type":"if","locations":[{"start":{"line":1301,"column":9},"end":{"line":1301,"column":9}},{"start":{"line":1301,"column":9},"end":{"line":1301,"column":9}}]},"137":{"line":1301,"type":"binary-expr","locations":[{"start":{"line":1301,"column":12},"end":{"line":1301,"column":22}},{"start":{"line":1301,"column":26},"end":{"line":1301,"column":37}}]},"138":{"line":1311,"type":"binary-expr","locations":[{"start":{"line":1311,"column":9},"end":{"line":1311,"column":38}},{"start":{"line":1312,"column":2},"end":{"line":1312,"column":42}},{"start":{"line":1313,"column":2},"end":{"line":1313,"column":43}}]},"139":{"line":1317,"type":"binary-expr","locations":[{"start":{"line":1317,"column":15},"end":{"line":1317,"column":44}},{"start":{"line":1318,"column":8},"end":{"line":1318,"column":43}},{"start":{"line":1319,"column":8},"end":{"line":1319,"column":49}}]},"140":{"line":1350,"type":"cond-expr","locations":[{"start":{"line":1350,"column":25},"end":{"line":1350,"column":26}},{"start":{"line":1350,"column":29},"end":{"line":1350,"column":38}}]},"141":{"line":1385,"type":"binary-expr","locations":[{"start":{"line":1385,"column":29},"end":{"line":1385,"column":47}},{"start":{"line":1385,"column":51},"end":{"line":1385,"column":71}},{"start":{"line":1385,"column":75},"end":{"line":1385,"column":99}}]},"142":{"line":1414,"type":"if","locations":[{"start":{"line":1414,"column":8},"end":{"line":1414,"column":8}},{"start":{"line":1414,"column":8},"end":{"line":1414,"column":8}}]},"143":{"line":1420,"type":"if","locations":[{"start":{"line":1420,"column":8},"end":{"line":1420,"column":8}},{"start":{"line":1420,"column":8},"end":{"line":1420,"column":8}}]},"144":{"line":1420,"type":"binary-expr","locations":[{"start":{"line":1420,"column":13},"end":{"line":1420,"column":21}},{"start":{"line":1420,"column":25},"end":{"line":1420,"column":47}}]},"145":{"line":1425,"type":"binary-expr","locations":[{"start":{"line":1425,"column":23},"end":{"line":1425,"column":29}},{"start":{"line":1425,"column":33},"end":{"line":1425,"column":35}}]},"146":{"line":1527,"type":"binary-expr","locations":[{"start":{"line":1527,"column":15},"end":{"line":1527,"column":46}},{"start":{"line":1527,"column":50},"end":{"line":1527,"column":71}}]},"147":{"line":1543,"type":"binary-expr","locations":[{"start":{"line":1543,"column":15},"end":{"line":1543,"column":27}},{"start":{"line":1543,"column":31},"end":{"line":1543,"column":53}}]},"148":{"line":1547,"type":"binary-expr","locations":[{"start":{"line":1547,"column":15},"end":{"line":1547,"column":27}},{"start":{"line":1547,"column":31},"end":{"line":1547,"column":58}}]},"149":{"line":1551,"type":"binary-expr","locations":[{"start":{"line":1551,"column":15},"end":{"line":1551,"column":27}},{"start":{"line":1551,"column":31},"end":{"line":1551,"column":52}}]},"150":{"line":1555,"type":"binary-expr","locations":[{"start":{"line":1555,"column":15},"end":{"line":1555,"column":26}},{"start":{"line":1555,"column":30},"end":{"line":1555,"column":63}}]},"151":{"line":1563,"type":"binary-expr","locations":[{"start":{"line":1563,"column":15},"end":{"line":1563,"column":26}},{"start":{"line":1563,"column":30},"end":{"line":1563,"column":73}}]},"152":{"line":1571,"type":"if","locations":[{"start":{"line":1571,"column":8},"end":{"line":1571,"column":8}},{"start":{"line":1571,"column":8},"end":{"line":1571,"column":8}}]},"153":{"line":1582,"type":"binary-expr","locations":[{"start":{"line":1582,"column":52},"end":{"line":1582,"column":56}},{"start":{"line":1582,"column":60},"end":{"line":1582,"column":64}}]},"154":{"line":1585,"type":"binary-expr","locations":[{"start":{"line":1585,"column":53},"end":{"line":1585,"column":57}},{"start":{"line":1585,"column":61},"end":{"line":1585,"column":65}}]},"155":{"line":1588,"type":"binary-expr","locations":[{"start":{"line":1588,"column":59},"end":{"line":1588,"column":63}},{"start":{"line":1588,"column":67},"end":{"line":1588,"column":71}}]},"156":{"line":1622,"type":"if","locations":[{"start":{"line":1622,"column":8},"end":{"line":1622,"column":8}},{"start":{"line":1622,"column":8},"end":{"line":1622,"column":8}}]},"157":{"line":1622,"type":"binary-expr","locations":[{"start":{"line":1622,"column":11},"end":{"line":1622,"column":26}},{"start":{"line":1622,"column":30},"end":{"line":1622,"column":71}}]},"158":{"line":1623,"type":"if","locations":[{"start":{"line":1623,"column":10},"end":{"line":1623,"column":10}},{"start":{"line":1623,"column":10},"end":{"line":1623,"column":10}}]},"159":{"line":1628,"type":"if","locations":[{"start":{"line":1628,"column":8},"end":{"line":1628,"column":8}},{"start":{"line":1628,"column":8},"end":{"line":1628,"column":8}}]},"160":{"line":1631,"type":"if","locations":[{"start":{"line":1631,"column":13},"end":{"line":1631,"column":13}},{"start":{"line":1631,"column":13},"end":{"line":1631,"column":13}}]},"161":{"line":1634,"type":"if","locations":[{"start":{"line":1634,"column":13},"end":{"line":1634,"column":13}},{"start":{"line":1634,"column":13},"end":{"line":1634,"column":13}}]},"162":{"line":1645,"type":"if","locations":[{"start":{"line":1645,"column":12},"end":{"line":1645,"column":12}},{"start":{"line":1645,"column":12},"end":{"line":1645,"column":12}}]},"163":{"line":1646,"type":"binary-expr","locations":[{"start":{"line":1646,"column":34},"end":{"line":1646,"column":41}},{"start":{"line":1646,"column":45},"end":{"line":1646,"column":51}}]},"164":{"line":1756,"type":"binary-expr","locations":[{"start":{"line":1756,"column":38},"end":{"line":1756,"column":42}},{"start":{"line":1756,"column":46},"end":{"line":1756,"column":63}}]},"165":{"line":1781,"type":"binary-expr","locations":[{"start":{"line":1781,"column":19},"end":{"line":1781,"column":38}},{"start":{"line":1781,"column":42},"end":{"line":1781,"column":65}}]},"166":{"line":1823,"type":"if","locations":[{"start":{"line":1823,"column":8},"end":{"line":1823,"column":8}},{"start":{"line":1823,"column":8},"end":{"line":1823,"column":8}}]},"167":{"line":1831,"type":"binary-expr","locations":[{"start":{"line":1831,"column":21},"end":{"line":1831,"column":35}},{"start":{"line":1831,"column":39},"end":{"line":1831,"column":41}}]},"168":{"line":1833,"type":"if","locations":[{"start":{"line":1833,"column":8},"end":{"line":1833,"column":8}},{"start":{"line":1833,"column":8},"end":{"line":1833,"column":8}}]},"169":{"line":1837,"type":"if","locations":[{"start":{"line":1837,"column":8},"end":{"line":1837,"column":8}},{"start":{"line":1837,"column":8},"end":{"line":1837,"column":8}}]},"170":{"line":1847,"type":"if","locations":[{"start":{"line":1847,"column":250},"end":{"line":1847,"column":250}},{"start":{"line":1847,"column":250},"end":{"line":1847,"column":250}}]},"171":{"line":1847,"type":"binary-expr","locations":[{"start":{"line":1847,"column":264},"end":{"line":1847,"column":274}},{"start":{"line":1847,"column":276},"end":{"line":1847,"column":278}}]},"172":{"line":1847,"type":"cond-expr","locations":[{"start":{"line":1847,"column":347},"end":{"line":1847,"column":443}},{"start":{"line":1847,"column":445},"end":{"line":1847,"column":517}}]},"173":{"line":1847,"type":"cond-expr","locations":[{"start":{"line":1847,"column":615},"end":{"line":1847,"column":793}},{"start":{"line":1847,"column":795},"end":{"line":1847,"column":812}}]},"174":{"line":1847,"type":"binary-expr","locations":[{"start":{"line":1847,"column":713},"end":{"line":1847,"column":719}},{"start":{"line":1847,"column":721},"end":{"line":1847,"column":723}}]},"175":{"line":1847,"type":"binary-expr","locations":[{"start":{"line":1847,"column":759},"end":{"line":1847,"column":788}},{"start":{"line":1847,"column":790},"end":{"line":1847,"column":792}}]},"176":{"line":1847,"type":"binary-expr","locations":[{"start":{"line":1847,"column":834},"end":{"line":1847,"column":842}},{"start":{"line":1847,"column":845},"end":{"line":1847,"column":892}}]},"177":{"line":1847,"type":"binary-expr","locations":[{"start":{"line":1847,"column":1184},"end":{"line":1847,"column":1227}},{"start":{"line":1847,"column":1230},"end":{"line":1847,"column":1272}}]},"178":{"line":1847,"type":"cond-expr","locations":[{"start":{"line":1847,"column":1421},"end":{"line":1847,"column":1476}},{"start":{"line":1847,"column":1478},"end":{"line":1847,"column":1480}}]},"179":{"line":1847,"type":"binary-expr","locations":[{"start":{"line":1847,"column":1546},"end":{"line":1847,"column":1579}},{"start":{"line":1847,"column":1581},"end":{"line":1847,"column":1607}}]},"180":{"line":1847,"type":"binary-expr","locations":[{"start":{"line":1847,"column":1706},"end":{"line":1847,"column":1737}},{"start":{"line":1847,"column":1739},"end":{"line":1847,"column":1760}}]},"181":{"line":1847,"type":"binary-expr","locations":[{"start":{"line":1847,"column":1761},"end":{"line":1847,"column":1771}},{"start":{"line":1847,"column":1773},"end":{"line":1847,"column":1815}}]},"182":{"line":1847,"type":"binary-expr","locations":[{"start":{"line":1847,"column":1954},"end":{"line":1847,"column":1987}},{"start":{"line":1847,"column":1990},"end":{"line":1847,"column":2037}}]},"183":{"line":1858,"type":"binary-expr","locations":[{"start":{"line":1858,"column":21},"end":{"line":1858,"column":27}},{"start":{"line":1858,"column":31},"end":{"line":1858,"column":33}}]},"184":{"line":1875,"type":"if","locations":[{"start":{"line":1875,"column":8},"end":{"line":1875,"column":8}},{"start":{"line":1875,"column":8},"end":{"line":1875,"column":8}}]},"185":{"line":1880,"type":"binary-expr","locations":[{"start":{"line":1880,"column":46},"end":{"line":1880,"column":66}},{"start":{"line":1880,"column":70},"end":{"line":1880,"column":101}}]},"186":{"line":1881,"type":"binary-expr","locations":[{"start":{"line":1881,"column":45},"end":{"line":1881,"column":64}},{"start":{"line":1881,"column":68},"end":{"line":1881,"column":98}}]},"187":{"line":1892,"type":"if","locations":[{"start":{"line":1892,"column":16},"end":{"line":1892,"column":16}},{"start":{"line":1892,"column":16},"end":{"line":1892,"column":16}}]},"188":{"line":1892,"type":"binary-expr","locations":[{"start":{"line":1892,"column":20},"end":{"line":1892,"column":42}},{"start":{"line":1892,"column":46},"end":{"line":1892,"column":54}}]},"189":{"line":1893,"type":"cond-expr","locations":[{"start":{"line":1893,"column":50},"end":{"line":1893,"column":58}},{"start":{"line":1893,"column":61},"end":{"line":1893,"column":70}}]},"190":{"line":1928,"type":"if","locations":[{"start":{"line":1928,"column":8},"end":{"line":1928,"column":8}},{"start":{"line":1928,"column":8},"end":{"line":1928,"column":8}}]},"191":{"line":1955,"type":"binary-expr","locations":[{"start":{"line":1955,"column":21},"end":{"line":1955,"column":35}},{"start":{"line":1955,"column":39},"end":{"line":1955,"column":41}}]},"192":{"line":1957,"type":"if","locations":[{"start":{"line":1957,"column":8},"end":{"line":1957,"column":8}},{"start":{"line":1957,"column":8},"end":{"line":1957,"column":8}}]},"193":{"line":1961,"type":"if","locations":[{"start":{"line":1961,"column":8},"end":{"line":1961,"column":8}},{"start":{"line":1961,"column":8},"end":{"line":1961,"column":8}}]},"194":{"line":1978,"type":"if","locations":[{"start":{"line":1978,"column":4},"end":{"line":1978,"column":4}},{"start":{"line":1978,"column":4},"end":{"line":1978,"column":4}}]},"195":{"line":1986,"type":"if","locations":[{"start":{"line":1986,"column":8},"end":{"line":1986,"column":8}},{"start":{"line":1986,"column":8},"end":{"line":1986,"column":8}}]},"196":{"line":1987,"type":"binary-expr","locations":[{"start":{"line":1987,"column":33},"end":{"line":1987,"column":51}},{"start":{"line":1987,"column":55},"end":{"line":1987,"column":57}}]},"197":{"line":1989,"type":"binary-expr","locations":[{"start":{"line":1989,"column":37},"end":{"line":1989,"column":59}},{"start":{"line":1990,"column":12},"end":{"line":1990,"column":37}},{"start":{"line":1991,"column":12},"end":{"line":1991,"column":36}},{"start":{"line":1992,"column":12},"end":{"line":1992,"column":35}},{"start":{"line":1993,"column":12},"end":{"line":1993,"column":40}},{"start":{"line":1994,"column":12},"end":{"line":1994,"column":20}}]},"198":{"line":2001,"type":"cond-expr","locations":[{"start":{"line":2001,"column":39},"end":{"line":2001,"column":61}},{"start":{"line":2001,"column":64},"end":{"line":2001,"column":72}}]},"199":{"line":2018,"type":"binary-expr","locations":[{"start":{"line":2018,"column":23},"end":{"line":2018,"column":30}},{"start":{"line":2018,"column":34},"end":{"line":2018,"column":39}}]},"200":{"line":2034,"type":"if","locations":[{"start":{"line":2034,"column":16},"end":{"line":2034,"column":16}},{"start":{"line":2034,"column":16},"end":{"line":2034,"column":16}}]},"201":{"line":2041,"type":"if","locations":[{"start":{"line":2041,"column":16},"end":{"line":2041,"column":16}},{"start":{"line":2041,"column":16},"end":{"line":2041,"column":16}}]},"202":{"line":2044,"type":"binary-expr","locations":[{"start":{"line":2044,"column":27},"end":{"line":2044,"column":34}},{"start":{"line":2044,"column":38},"end":{"line":2044,"column":43}}]},"203":{"line":2054,"type":"cond-expr","locations":[{"start":{"line":2054,"column":36},"end":{"line":2054,"column":37}},{"start":{"line":2054,"column":40},"end":{"line":2054,"column":77}}]},"204":{"line":2062,"type":"if","locations":[{"start":{"line":2062,"column":16},"end":{"line":2062,"column":16}},{"start":{"line":2062,"column":16},"end":{"line":2062,"column":16}}]},"205":{"line":2094,"type":"if","locations":[{"start":{"line":2094,"column":8},"end":{"line":2094,"column":8}},{"start":{"line":2094,"column":8},"end":{"line":2094,"column":8}}]},"206":{"line":2095,"type":"if","locations":[{"start":{"line":2095,"column":12},"end":{"line":2095,"column":12}},{"start":{"line":2095,"column":12},"end":{"line":2095,"column":12}}]},"207":{"line":2095,"type":"binary-expr","locations":[{"start":{"line":2095,"column":15},"end":{"line":2095,"column":47}},{"start":{"line":2095,"column":51},"end":{"line":2095,"column":82}}]},"208":{"line":2104,"type":"if","locations":[{"start":{"line":2104,"column":8},"end":{"line":2104,"column":8}},{"start":{"line":2104,"column":8},"end":{"line":2104,"column":8}}]},"209":{"line":2140,"type":"if","locations":[{"start":{"line":2140,"column":12},"end":{"line":2140,"column":12}},{"start":{"line":2140,"column":12},"end":{"line":2140,"column":12}}]},"210":{"line":2149,"type":"if","locations":[{"start":{"line":2149,"column":12},"end":{"line":2149,"column":12}},{"start":{"line":2149,"column":12},"end":{"line":2149,"column":12}}]},"211":{"line":2149,"type":"binary-expr","locations":[{"start":{"line":2149,"column":15},"end":{"line":2149,"column":22}},{"start":{"line":2149,"column":26},"end":{"line":2149,"column":56}}]},"212":{"line":2157,"type":"if","locations":[{"start":{"line":2157,"column":12},"end":{"line":2157,"column":12}},{"start":{"line":2157,"column":12},"end":{"line":2157,"column":12}}]},"213":{"line":2157,"type":"binary-expr","locations":[{"start":{"line":2157,"column":15},"end":{"line":2157,"column":22}},{"start":{"line":2157,"column":26},"end":{"line":2157,"column":56}}]},"214":{"line":2195,"type":"if","locations":[{"start":{"line":2195,"column":12},"end":{"line":2195,"column":12}},{"start":{"line":2195,"column":12},"end":{"line":2195,"column":12}}]},"215":{"line":2195,"type":"binary-expr","locations":[{"start":{"line":2195,"column":15},"end":{"line":2195,"column":51}},{"start":{"line":2195,"column":55},"end":{"line":2195,"column":85}}]},"216":{"line":2231,"type":"binary-expr","locations":[{"start":{"line":2231,"column":21},"end":{"line":2231,"column":35}},{"start":{"line":2231,"column":39},"end":{"line":2231,"column":41}}]},"217":{"line":2233,"type":"if","locations":[{"start":{"line":2233,"column":8},"end":{"line":2233,"column":8}},{"start":{"line":2233,"column":8},"end":{"line":2233,"column":8}}]},"218":{"line":2237,"type":"if","locations":[{"start":{"line":2237,"column":8},"end":{"line":2237,"column":8}},{"start":{"line":2237,"column":8},"end":{"line":2237,"column":8}}]},"219":{"line":2273,"type":"cond-expr","locations":[{"start":{"line":2273,"column":46},"end":{"line":2273,"column":49}},{"start":{"line":2273,"column":52},"end":{"line":2273,"column":61}}]},"220":{"line":2276,"type":"if","locations":[{"start":{"line":2276,"column":12},"end":{"line":2276,"column":12}},{"start":{"line":2276,"column":12},"end":{"line":2276,"column":12}}]},"221":{"line":2279,"type":"binary-expr","locations":[{"start":{"line":2279,"column":30},"end":{"line":2279,"column":41}},{"start":{"line":2279,"column":45},"end":{"line":2279,"column":64}}]},"222":{"line":2282,"type":"if","locations":[{"start":{"line":2282,"column":16},"end":{"line":2282,"column":16}},{"start":{"line":2282,"column":16},"end":{"line":2282,"column":16}}]},"223":{"line":2320,"type":"if","locations":[{"start":{"line":2320,"column":12},"end":{"line":2320,"column":12}},{"start":{"line":2320,"column":12},"end":{"line":2320,"column":12}}]},"224":{"line":2320,"type":"binary-expr","locations":[{"start":{"line":2320,"column":15},"end":{"line":2320,"column":24}},{"start":{"line":2320,"column":28},"end":{"line":2320,"column":37}},{"start":{"line":2320,"column":41},"end":{"line":2320,"column":50}}]},"225":{"line":2321,"type":"if","locations":[{"start":{"line":2321,"column":16},"end":{"line":2321,"column":16}},{"start":{"line":2321,"column":16},"end":{"line":2321,"column":16}}]},"226":{"line":2323,"type":"if","locations":[{"start":{"line":2323,"column":23},"end":{"line":2323,"column":23}},{"start":{"line":2323,"column":23},"end":{"line":2323,"column":23}}]},"227":{"line":2348,"type":"cond-expr","locations":[{"start":{"line":2348,"column":48},"end":{"line":2348,"column":66}},{"start":{"line":2348,"column":69},"end":{"line":2348,"column":73}}]},"228":{"line":2349,"type":"if","locations":[{"start":{"line":2349,"column":8},"end":{"line":2349,"column":8}},{"start":{"line":2349,"column":8},"end":{"line":2349,"column":8}}]},"229":{"line":2352,"type":"if","locations":[{"start":{"line":2352,"column":15},"end":{"line":2352,"column":15}},{"start":{"line":2352,"column":15},"end":{"line":2352,"column":15}}]},"230":{"line":2378,"type":"binary-expr","locations":[{"start":{"line":2378,"column":17},"end":{"line":2378,"column":23}},{"start":{"line":2378,"column":27},"end":{"line":2378,"column":33}}]},"231":{"line":2390,"type":"if","locations":[{"start":{"line":2390,"column":10},"end":{"line":2390,"column":10}},{"start":{"line":2390,"column":10},"end":{"line":2390,"column":10}}]},"232":{"line":2391,"type":"if","locations":[{"start":{"line":2391,"column":10},"end":{"line":2391,"column":10}},{"start":{"line":2391,"column":10},"end":{"line":2391,"column":10}}]},"233":{"line":2416,"type":"cond-expr","locations":[{"start":{"line":2416,"column":63},"end":{"line":2416,"column":84}},{"start":{"line":2417,"column":22},"end":{"line":2417,"column":105}}]},"234":{"line":2417,"type":"binary-expr","locations":[{"start":{"line":2417,"column":22},"end":{"line":2417,"column":92}},{"start":{"line":2417,"column":96},"end":{"line":2417,"column":105}}]},"235":{"line":2436,"type":"binary-expr","locations":[{"start":{"line":2436,"column":56},"end":{"line":2436,"column":62}},{"start":{"line":2436,"column":66},"end":{"line":2436,"column":68}}]},"236":{"line":2440,"type":"if","locations":[{"start":{"line":2440,"column":8},"end":{"line":2440,"column":8}},{"start":{"line":2440,"column":8},"end":{"line":2440,"column":8}}]}}}}